[2.166s] Invoking command in '/home/pederba/sesasr_project_ws/src/project_pkg': PYTHONPATH=/home/pederba/sesasr_project_ws/build/project_pkg/prefix_override:/home/pederba/sesasr_project_ws/install/project_pkg/lib/python3.10/site-packages:${PYTHONPATH} /usr/bin/python3 setup.py egg_info --egg-base ../../build/project_pkg build --build-base /home/pederba/sesasr_project_ws/build/project_pkg/build install --record /home/pederba/sesasr_project_ws/build/project_pkg/install.log --single-version-externally-managed
[2.826s] running egg_info
[2.856s] writing ../../build/project_pkg/project_pkg.egg-info/PKG-INFO
[2.863s] writing dependency_links to ../../build/project_pkg/project_pkg.egg-info/dependency_links.txt
[2.864s] writing entry points to ../../build/project_pkg/project_pkg.egg-info/entry_points.txt
[2.864s] writing requirements to ../../build/project_pkg/project_pkg.egg-info/requires.txt
[2.864s] writing top-level names to ../../build/project_pkg/project_pkg.egg-info/top_level.txt
[2.926s] reading manifest file '../../build/project_pkg/project_pkg.egg-info/SOURCES.txt'
[2.927s] writing manifest file '../../build/project_pkg/project_pkg.egg-info/SOURCES.txt'
[2.928s] running build
[2.928s] running build_py
[2.930s] copying project_pkg/recorder.py -> /home/pederba/sesasr_project_ws/build/project_pkg/build/lib/project_pkg
[2.931s] running install
[2.931s] /home/pederba/.local/lib/python3.10/site-packages/setuptools/command/install.py:34: SetuptoolsDeprecationWarning: setup.py install is deprecated. Use build and pip and other standards-based tools.
[2.931s]   warnings.warn(
[2.939s] running install_lib
[2.974s] copying /home/pederba/sesasr_project_ws/build/project_pkg/build/lib/project_pkg/recorder.py -> /home/pederba/sesasr_project_ws/install/project_pkg/lib/python3.10/site-packages/project_pkg
[2.975s] byte-compiling /home/pederba/sesasr_project_ws/install/project_pkg/lib/python3.10/site-packages/project_pkg/recorder.py to recorder.cpython-310.pyc
[2.976s] running install_data
[3.004s] running install_egg_info
[3.036s] removing '/home/pederba/sesasr_project_ws/install/project_pkg/lib/python3.10/site-packages/project_pkg-0.0.0-py3.10.egg-info' (and everything under it)
[3.037s] Copying ../../build/project_pkg/project_pkg.egg-info to /home/pederba/sesasr_project_ws/install/project_pkg/lib/python3.10/site-packages/project_pkg-0.0.0-py3.10.egg-info
[3.039s] running install_scripts
[3.150s] Installing localization_node script to /home/pederba/sesasr_project_ws/install/project_pkg/lib/project_pkg
[3.150s] Installing recorder script to /home/pederba/sesasr_project_ws/install/project_pkg/lib/project_pkg
[3.150s] writing list of installed files to '/home/pederba/sesasr_project_ws/build/project_pkg/install.log'
[3.224s] Invoked command in '/home/pederba/sesasr_project_ws/src/project_pkg' returned '0': PYTHONPATH=/home/pederba/sesasr_project_ws/build/project_pkg/prefix_override:/home/pederba/sesasr_project_ws/install/project_pkg/lib/python3.10/site-packages:${PYTHONPATH} /usr/bin/python3 setup.py egg_info --egg-base ../../build/project_pkg build --build-base /home/pederba/sesasr_project_ws/build/project_pkg/build install --record /home/pederba/sesasr_project_ws/build/project_pkg/install.log --single-version-externally-managed
