[0.125s] Invoking command in '/home/pederba/sesasr_project_ws/build/turtlebot3_simulations': AMENT_PREFIX_PATH=/home/pederba/sesasr_project_ws/install/turtlebot3_fake_node:/home/pederba/sesasr_project_ws/install/turtlebot3_msgs:/home/pederba/sesasr_project_ws/install/turtlebot3_gazebo:${AMENT_PREFIX_PATH} CMAKE_PREFIX_PATH=/home/pederba/sesasr_project_ws/install/turtlebot3_fake_node:/home/pederba/sesasr_project_ws/install/turtlebot3_msgs:/home/pederba/sesasr_project_ws/install/turtlebot3_gazebo:/opt/ros/humble LD_LIBRARY_PATH=/home/pederba/sesasr_project_ws/install/turtlebot3_msgs/lib:${LD_LIBRARY_PATH} PYTHONPATH=/home/pederba/sesasr_project_ws/install/turtlebot3_msgs/local/lib/python3.10/dist-packages:${PYTHONPATH} /usr/bin/cmake --build /home/pederba/sesasr_project_ws/build/turtlebot3_simulations -- -j8 -l8
[0.204s] Invoked command in '/home/pederba/sesasr_project_ws/build/turtlebot3_simulations' returned '0': AMENT_PREFIX_PATH=/home/pederba/sesasr_project_ws/install/turtlebot3_fake_node:/home/pederba/sesasr_project_ws/install/turtlebot3_msgs:/home/pederba/sesasr_project_ws/install/turtlebot3_gazebo:${AMENT_PREFIX_PATH} CMAKE_PREFIX_PATH=/home/pederba/sesasr_project_ws/install/turtlebot3_fake_node:/home/pederba/sesasr_project_ws/install/turtlebot3_msgs:/home/pederba/sesasr_project_ws/install/turtlebot3_gazebo:/opt/ros/humble LD_LIBRARY_PATH=/home/pederba/sesasr_project_ws/install/turtlebot3_msgs/lib:${LD_LIBRARY_PATH} PYTHONPATH=/home/pederba/sesasr_project_ws/install/turtlebot3_msgs/local/lib/python3.10/dist-packages:${PYTHONPATH} /usr/bin/cmake --build /home/pederba/sesasr_project_ws/build/turtlebot3_simulations -- -j8 -l8
[0.267s] Invoking command in '/home/pederba/sesasr_project_ws/build/turtlebot3_simulations': AMENT_PREFIX_PATH=/home/pederba/sesasr_project_ws/install/turtlebot3_fake_node:/home/pederba/sesasr_project_ws/install/turtlebot3_msgs:/home/pederba/sesasr_project_ws/install/turtlebot3_gazebo:${AMENT_PREFIX_PATH} CMAKE_PREFIX_PATH=/home/pederba/sesasr_project_ws/install/turtlebot3_fake_node:/home/pederba/sesasr_project_ws/install/turtlebot3_msgs:/home/pederba/sesasr_project_ws/install/turtlebot3_gazebo:/opt/ros/humble LD_LIBRARY_PATH=/home/pederba/sesasr_project_ws/install/turtlebot3_msgs/lib:${LD_LIBRARY_PATH} PYTHONPATH=/home/pederba/sesasr_project_ws/install/turtlebot3_msgs/local/lib/python3.10/dist-packages:${PYTHONPATH} /usr/bin/cmake --install /home/pederba/sesasr_project_ws/build/turtlebot3_simulations
[0.280s] -- Install configuration: ""
[0.281s] -- Execute custom install script
[0.281s] -- Up-to-date symlink: /home/pederba/sesasr_project_ws/install/turtlebot3_simulations/share/ament_index/resource_index/package_run_dependencies/turtlebot3_simulations
[0.281s] -- Up-to-date symlink: /home/pederba/sesasr_project_ws/install/turtlebot3_simulations/share/ament_index/resource_index/parent_prefix_path/turtlebot3_simulations
[0.282s] -- Up-to-date symlink: /home/pederba/sesasr_project_ws/install/turtlebot3_simulations/share/turtlebot3_simulations/environment/ament_prefix_path.sh
[0.282s] -- Up-to-date symlink: /home/pederba/sesasr_project_ws/install/turtlebot3_simulations/share/turtlebot3_simulations/environment/ament_prefix_path.dsv
[0.282s] -- Up-to-date symlink: /home/pederba/sesasr_project_ws/install/turtlebot3_simulations/share/turtlebot3_simulations/environment/path.sh
[0.282s] -- Up-to-date symlink: /home/pederba/sesasr_project_ws/install/turtlebot3_simulations/share/turtlebot3_simulations/environment/path.dsv
[0.283s] -- Up-to-date symlink: /home/pederba/sesasr_project_ws/install/turtlebot3_simulations/share/turtlebot3_simulations/local_setup.bash
[0.283s] -- Up-to-date symlink: /home/pederba/sesasr_project_ws/install/turtlebot3_simulations/share/turtlebot3_simulations/local_setup.sh
[0.283s] -- Up-to-date symlink: /home/pederba/sesasr_project_ws/install/turtlebot3_simulations/share/turtlebot3_simulations/local_setup.zsh
[0.283s] -- Up-to-date symlink: /home/pederba/sesasr_project_ws/install/turtlebot3_simulations/share/turtlebot3_simulations/local_setup.dsv
[0.283s] -- Symlinking: /home/pederba/sesasr_project_ws/install/turtlebot3_simulations/share/turtlebot3_simulations/package.dsv
[0.299s] -- Up-to-date symlink: /home/pederba/sesasr_project_ws/install/turtlebot3_simulations/share/ament_index/resource_index/packages/turtlebot3_simulations
[0.299s] -- Up-to-date symlink: /home/pederba/sesasr_project_ws/install/turtlebot3_simulations/share/turtlebot3_simulations/cmake/turtlebot3_simulationsConfig.cmake
[0.300s] -- Up-to-date symlink: /home/pederba/sesasr_project_ws/install/turtlebot3_simulations/share/turtlebot3_simulations/cmake/turtlebot3_simulationsConfig-version.cmake
[0.300s] -- Up-to-date symlink: /home/pederba/sesasr_project_ws/install/turtlebot3_simulations/share/turtlebot3_simulations/package.xml
[0.304s] Invoked command in '/home/pederba/sesasr_project_ws/build/turtlebot3_simulations' returned '0': AMENT_PREFIX_PATH=/home/pederba/sesasr_project_ws/install/turtlebot3_fake_node:/home/pederba/sesasr_project_ws/install/turtlebot3_msgs:/home/pederba/sesasr_project_ws/install/turtlebot3_gazebo:${AMENT_PREFIX_PATH} CMAKE_PREFIX_PATH=/home/pederba/sesasr_project_ws/install/turtlebot3_fake_node:/home/pederba/sesasr_project_ws/install/turtlebot3_msgs:/home/pederba/sesasr_project_ws/install/turtlebot3_gazebo:/opt/ros/humble LD_LIBRARY_PATH=/home/pederba/sesasr_project_ws/install/turtlebot3_msgs/lib:${LD_LIBRARY_PATH} PYTHONPATH=/home/pederba/sesasr_project_ws/install/turtlebot3_msgs/local/lib/python3.10/dist-packages:${PYTHONPATH} /usr/bin/cmake --install /home/pederba/sesasr_project_ws/build/turtlebot3_simulations
