[5.735s] Invoking command in '/home/pederba/sesasr_project_ws/src/project_pkg': PYTHONPATH=/home/pederba/sesasr_project_ws/build/project_pkg/prefix_override:/home/pederba/sesasr_project_ws/install/project_pkg/lib/python3.10/site-packages:${PYTHONPATH} /usr/bin/python3 setup.py egg_info --egg-base ../../build/project_pkg build --build-base /home/pederba/sesasr_project_ws/build/project_pkg/build install --record /home/pederba/sesasr_project_ws/build/project_pkg/install.log --single-version-externally-managed
[6.665s] running egg_info
[6.714s] writing ../../build/project_pkg/project_pkg.egg-info/PKG-INFO
[6.715s] writing dependency_links to ../../build/project_pkg/project_pkg.egg-info/dependency_links.txt
[6.716s] writing entry points to ../../build/project_pkg/project_pkg.egg-info/entry_points.txt
[6.716s] writing requirements to ../../build/project_pkg/project_pkg.egg-info/requires.txt
[6.717s] writing top-level names to ../../build/project_pkg/project_pkg.egg-info/top_level.txt
[6.802s] reading manifest file '../../build/project_pkg/project_pkg.egg-info/SOURCES.txt'
[6.804s] writing manifest file '../../build/project_pkg/project_pkg.egg-info/SOURCES.txt'
[6.806s] running build
[6.807s] running build_py
[6.807s] /home/pederba/.local/lib/python3.10/site-packages/setuptools/command/install.py:34: SetuptoolsDeprecationWarning: setup.py install is deprecated. Use build and pip and other standards-based tools.
[6.808s]   warnings.warn(
[6.808s] running install
[6.818s] running install_lib
[6.858s] running install_data
[6.898s] running install_egg_info
[6.945s] removing '/home/pederba/sesasr_project_ws/install/project_pkg/lib/python3.10/site-packages/project_pkg-0.0.0-py3.10.egg-info' (and everything under it)
[6.946s] Copying ../../build/project_pkg/project_pkg.egg-info to /home/pederba/sesasr_project_ws/install/project_pkg/lib/python3.10/site-packages/project_pkg-0.0.0-py3.10.egg-info
[6.948s] running install_scripts
[7.093s] Installing localization_node script to /home/pederba/sesasr_project_ws/install/project_pkg/lib/project_pkg
[7.094s] Installing recorder script to /home/pederba/sesasr_project_ws/install/project_pkg/lib/project_pkg
[7.094s] writing list of installed files to '/home/pederba/sesasr_project_ws/build/project_pkg/install.log'
[7.368s] Invoked command in '/home/pederba/sesasr_project_ws/src/project_pkg' returned '0': PYTHONPATH=/home/pederba/sesasr_project_ws/build/project_pkg/prefix_override:/home/pederba/sesasr_project_ws/install/project_pkg/lib/python3.10/site-packages:${PYTHONPATH} /usr/bin/python3 setup.py egg_info --egg-base ../../build/project_pkg build --build-base /home/pederba/sesasr_project_ws/build/project_pkg/build install --record /home/pederba/sesasr_project_ws/build/project_pkg/install.log --single-version-externally-managed
