[2.068s] Invoking command in '/home/pederba/sesasr_project_ws/src/project_pkg': PYTHONPATH=/home/pederba/sesasr_project_ws/build/project_pkg/prefix_override:/home/pederba/sesasr_project_ws/install/project_pkg/lib/python3.10/site-packages:${PYTHONPATH} /usr/bin/python3 setup.py egg_info --egg-base ../../build/project_pkg build --build-base /home/pederba/sesasr_project_ws/build/project_pkg/build install --record /home/pederba/sesasr_project_ws/build/project_pkg/install.log --single-version-externally-managed
[2.701s] running egg_info
[2.733s] writing ../../build/project_pkg/project_pkg.egg-info/PKG-INFO
[2.733s] writing dependency_links to ../../build/project_pkg/project_pkg.egg-info/dependency_links.txt
[2.734s] writing entry points to ../../build/project_pkg/project_pkg.egg-info/entry_points.txt
[2.734s] writing requirements to ../../build/project_pkg/project_pkg.egg-info/requires.txt
[2.734s] writing top-level names to ../../build/project_pkg/project_pkg.egg-info/top_level.txt
[2.795s] reading manifest file '../../build/project_pkg/project_pkg.egg-info/SOURCES.txt'
[2.796s] writing manifest file '../../build/project_pkg/project_pkg.egg-info/SOURCES.txt'
[2.796s] running build
[2.796s] running build_py
[2.797s] copying project_pkg/ekf.py -> /home/pederba/sesasr_project_ws/build/project_pkg/build/lib/project_pkg
[2.797s] running install
[2.797s] /home/pederba/.local/lib/python3.10/site-packages/setuptools/command/install.py:34: SetuptoolsDeprecationWarning: setup.py install is deprecated. Use build and pip and other standards-based tools.
[2.798s]   warnings.warn(
[2.805s] running install_lib
[2.836s] copying /home/pederba/sesasr_project_ws/build/project_pkg/build/lib/project_pkg/ekf.py -> /home/pederba/sesasr_project_ws/install/project_pkg/lib/python3.10/site-packages/project_pkg
[2.837s] byte-compiling /home/pederba/sesasr_project_ws/install/project_pkg/lib/python3.10/site-packages/project_pkg/ekf.py to ekf.cpython-310.pyc
[2.838s] running install_data
[2.868s] running install_egg_info
[2.898s] removing '/home/pederba/sesasr_project_ws/install/project_pkg/lib/python3.10/site-packages/project_pkg-0.0.0-py3.10.egg-info' (and everything under it)
[2.899s] Copying ../../build/project_pkg/project_pkg.egg-info to /home/pederba/sesasr_project_ws/install/project_pkg/lib/python3.10/site-packages/project_pkg-0.0.0-py3.10.egg-info
[2.900s] running install_scripts
[3.012s] Installing localization_node script to /home/pederba/sesasr_project_ws/install/project_pkg/lib/project_pkg
[3.013s] writing list of installed files to '/home/pederba/sesasr_project_ws/build/project_pkg/install.log'
[3.095s] Invoked command in '/home/pederba/sesasr_project_ws/src/project_pkg' returned '0': PYTHONPATH=/home/pederba/sesasr_project_ws/build/project_pkg/prefix_override:/home/pederba/sesasr_project_ws/install/project_pkg/lib/python3.10/site-packages:${PYTHONPATH} /usr/bin/python3 setup.py egg_info --egg-base ../../build/project_pkg build --build-base /home/pederba/sesasr_project_ws/build/project_pkg/build install --record /home/pederba/sesasr_project_ws/build/project_pkg/install.log --single-version-externally-managed
