[5.586s] Invoking command in '/home/pederba/sesasr_project_ws/src/turtlebot3/turtlebot3_teleop': PYTHONPATH=/home/pederba/sesasr_project_ws/build/turtlebot3_teleop/prefix_override:/home/pederba/sesasr_project_ws/install/turtlebot3_teleop/lib/python3.10/site-packages:${PYTHONPATH} /usr/bin/python3 setup.py egg_info --egg-base ../../../build/turtlebot3_teleop build --build-base /home/pederba/sesasr_project_ws/build/turtlebot3_teleop/build install --record /home/pederba/sesasr_project_ws/build/turtlebot3_teleop/install.log --single-version-externally-managed
[6.839s] running egg_info
[6.908s] writing ../../../build/turtlebot3_teleop/turtlebot3_teleop.egg-info/PKG-INFO
[6.912s] writing dependency_links to ../../../build/turtlebot3_teleop/turtlebot3_teleop.egg-info/dependency_links.txt
[6.916s] writing entry points to ../../../build/turtlebot3_teleop/turtlebot3_teleop.egg-info/entry_points.txt
[6.916s] writing requirements to ../../../build/turtlebot3_teleop/turtlebot3_teleop.egg-info/requires.txt
[6.916s] writing top-level names to ../../../build/turtlebot3_teleop/turtlebot3_teleop.egg-info/top_level.txt
[7.068s] reading manifest file '../../../build/turtlebot3_teleop/turtlebot3_teleop.egg-info/SOURCES.txt'
[7.073s] writing manifest file '../../../build/turtlebot3_teleop/turtlebot3_teleop.egg-info/SOURCES.txt'
[7.073s] running build
[7.073s] running build_py
[7.075s] running install
[7.075s] /home/pederba/.local/lib/python3.10/site-packages/setuptools/command/install.py:34: SetuptoolsDeprecationWarning: setup.py install is deprecated. Use build and pip and other standards-based tools.
[7.075s]   warnings.warn(
[7.092s] running install_lib
[7.155s] running install_data
[7.224s] running install_egg_info
[7.301s] removing '/home/pederba/sesasr_project_ws/install/turtlebot3_teleop/lib/python3.10/site-packages/turtlebot3_teleop-2.1.5-py3.10.egg-info' (and everything under it)
[7.302s] Copying ../../../build/turtlebot3_teleop/turtlebot3_teleop.egg-info to /home/pederba/sesasr_project_ws/install/turtlebot3_teleop/lib/python3.10/site-packages/turtlebot3_teleop-2.1.5-py3.10.egg-info
[7.309s] running install_scripts
[7.653s] Installing teleop_keyboard script to /home/pederba/sesasr_project_ws/install/turtlebot3_teleop/lib/turtlebot3_teleop
[7.656s] writing list of installed files to '/home/pederba/sesasr_project_ws/build/turtlebot3_teleop/install.log'
[8.539s] Invoked command in '/home/pederba/sesasr_project_ws/src/turtlebot3/turtlebot3_teleop' returned '0': PYTHONPATH=/home/pederba/sesasr_project_ws/build/turtlebot3_teleop/prefix_override:/home/pederba/sesasr_project_ws/install/turtlebot3_teleop/lib/python3.10/site-packages:${PYTHONPATH} /usr/bin/python3 setup.py egg_info --egg-base ../../../build/turtlebot3_teleop build --build-base /home/pederba/sesasr_project_ws/build/turtlebot3_teleop/build install --record /home/pederba/sesasr_project_ws/build/turtlebot3_teleop/install.log --single-version-externally-managed
