[1.147s] Invoking command in '/home/pederba/sesasr_project_ws/build/turtlebot3_fake_node': AMENT_PREFIX_PATH=/home/pederba/sesasr_project_ws/install/turtlebot3_msgs:${AMENT_PREFIX_PATH} CMAKE_PREFIX_PATH=/home/pederba/sesasr_project_ws/install/turtlebot3_msgs:/opt/ros/humble LD_LIBRARY_PATH=/home/pederba/sesasr_project_ws/install/turtlebot3_msgs/lib:${LD_LIBRARY_PATH} PYTHONPATH=/home/pederba/sesasr_project_ws/install/turtlebot3_msgs/local/lib/python3.10/dist-packages:${PYTHONPATH} /usr/bin/cmake --build /home/pederba/sesasr_project_ws/build/turtlebot3_fake_node -- -j8 -l8
[1.275s] [100%] Built target turtlebot3_fake_node
[1.502s] Invoked command in '/home/pederba/sesasr_project_ws/build/turtlebot3_fake_node' returned '0': AMENT_PREFIX_PATH=/home/pederba/sesasr_project_ws/install/turtlebot3_msgs:${AMENT_PREFIX_PATH} CMAKE_PREFIX_PATH=/home/pederba/sesasr_project_ws/install/turtlebot3_msgs:/opt/ros/humble LD_LIBRARY_PATH=/home/pederba/sesasr_project_ws/install/turtlebot3_msgs/lib:${LD_LIBRARY_PATH} PYTHONPATH=/home/pederba/sesasr_project_ws/install/turtlebot3_msgs/local/lib/python3.10/dist-packages:${PYTHONPATH} /usr/bin/cmake --build /home/pederba/sesasr_project_ws/build/turtlebot3_fake_node -- -j8 -l8
[1.696s] Invoking command in '/home/pederba/sesasr_project_ws/build/turtlebot3_fake_node': AMENT_PREFIX_PATH=/home/pederba/sesasr_project_ws/install/turtlebot3_msgs:${AMENT_PREFIX_PATH} CMAKE_PREFIX_PATH=/home/pederba/sesasr_project_ws/install/turtlebot3_msgs:/opt/ros/humble LD_LIBRARY_PATH=/home/pederba/sesasr_project_ws/install/turtlebot3_msgs/lib:${LD_LIBRARY_PATH} PYTHONPATH=/home/pederba/sesasr_project_ws/install/turtlebot3_msgs/local/lib/python3.10/dist-packages:${PYTHONPATH} /usr/bin/cmake --install /home/pederba/sesasr_project_ws/build/turtlebot3_fake_node
[1.711s] -- Install configuration: ""
[1.712s] -- Execute custom install script
[1.713s] -- Up-to-date symlink: /home/pederba/sesasr_project_ws/install/turtlebot3_fake_node/lib/turtlebot3_fake_node/turtlebot3_fake_node
[1.714s] -- Up-to-date symlink: /home/pederba/sesasr_project_ws/install/turtlebot3_fake_node/share/turtlebot3_fake_node/launch/rviz2.launch.py
[1.715s] -- Up-to-date symlink: /home/pederba/sesasr_project_ws/install/turtlebot3_fake_node/share/turtlebot3_fake_node/launch/turtlebot3_fake_node.launch.py
[1.716s] -- Up-to-date symlink: /home/pederba/sesasr_project_ws/install/turtlebot3_fake_node/share/turtlebot3_fake_node/param/burger.yaml
[1.717s] -- Up-to-date symlink: /home/pederba/sesasr_project_ws/install/turtlebot3_fake_node/share/turtlebot3_fake_node/param/waffle.yaml
[1.719s] -- Up-to-date symlink: /home/pederba/sesasr_project_ws/install/turtlebot3_fake_node/share/turtlebot3_fake_node/param/waffle_pi.yaml
[1.721s] -- Up-to-date symlink: /home/pederba/sesasr_project_ws/install/turtlebot3_fake_node/include//turtlebot3_fake_node/turtlebot3_fake_node.hpp
[1.721s] -- Up-to-date symlink: /home/pederba/sesasr_project_ws/install/turtlebot3_fake_node/share/ament_index/resource_index/package_run_dependencies/turtlebot3_fake_node
[1.722s] -- Up-to-date symlink: /home/pederba/sesasr_project_ws/install/turtlebot3_fake_node/share/ament_index/resource_index/parent_prefix_path/turtlebot3_fake_node
[1.722s] -- Up-to-date symlink: /home/pederba/sesasr_project_ws/install/turtlebot3_fake_node/share/turtlebot3_fake_node/environment/ament_prefix_path.sh
[1.722s] -- Up-to-date symlink: /home/pederba/sesasr_project_ws/install/turtlebot3_fake_node/share/turtlebot3_fake_node/environment/ament_prefix_path.dsv
[1.722s] -- Up-to-date symlink: /home/pederba/sesasr_project_ws/install/turtlebot3_fake_node/share/turtlebot3_fake_node/environment/path.sh
[1.722s] -- Up-to-date symlink: /home/pederba/sesasr_project_ws/install/turtlebot3_fake_node/share/turtlebot3_fake_node/environment/path.dsv
[1.722s] -- Up-to-date symlink: /home/pederba/sesasr_project_ws/install/turtlebot3_fake_node/share/turtlebot3_fake_node/local_setup.bash
[1.723s] -- Up-to-date symlink: /home/pederba/sesasr_project_ws/install/turtlebot3_fake_node/share/turtlebot3_fake_node/local_setup.sh
[1.724s] -- Up-to-date symlink: /home/pederba/sesasr_project_ws/install/turtlebot3_fake_node/share/turtlebot3_fake_node/local_setup.zsh
[1.724s] -- Up-to-date symlink: /home/pederba/sesasr_project_ws/install/turtlebot3_fake_node/share/turtlebot3_fake_node/local_setup.dsv
[1.727s] -- Symlinking: /home/pederba/sesasr_project_ws/install/turtlebot3_fake_node/share/turtlebot3_fake_node/package.dsv
[1.755s] -- Up-to-date symlink: /home/pederba/sesasr_project_ws/install/turtlebot3_fake_node/share/ament_index/resource_index/packages/turtlebot3_fake_node
[1.755s] -- Up-to-date symlink: /home/pederba/sesasr_project_ws/install/turtlebot3_fake_node/share/turtlebot3_fake_node/cmake/ament_cmake_export_include_directories-extras.cmake
[1.756s] -- Up-to-date symlink: /home/pederba/sesasr_project_ws/install/turtlebot3_fake_node/share/turtlebot3_fake_node/cmake/ament_cmake_export_dependencies-extras.cmake
[1.757s] -- Up-to-date symlink: /home/pederba/sesasr_project_ws/install/turtlebot3_fake_node/share/turtlebot3_fake_node/cmake/turtlebot3_fake_nodeConfig.cmake
[1.758s] -- Up-to-date symlink: /home/pederba/sesasr_project_ws/install/turtlebot3_fake_node/share/turtlebot3_fake_node/cmake/turtlebot3_fake_nodeConfig-version.cmake
[1.764s] -- Up-to-date symlink: /home/pederba/sesasr_project_ws/install/turtlebot3_fake_node/share/turtlebot3_fake_node/package.xml
[1.874s] Invoked command in '/home/pederba/sesasr_project_ws/build/turtlebot3_fake_node' returned '0': AMENT_PREFIX_PATH=/home/pederba/sesasr_project_ws/install/turtlebot3_msgs:${AMENT_PREFIX_PATH} CMAKE_PREFIX_PATH=/home/pederba/sesasr_project_ws/install/turtlebot3_msgs:/opt/ros/humble LD_LIBRARY_PATH=/home/pederba/sesasr_project_ws/install/turtlebot3_msgs/lib:${LD_LIBRARY_PATH} PYTHONPATH=/home/pederba/sesasr_project_ws/install/turtlebot3_msgs/local/lib/python3.10/dist-packages:${PYTHONPATH} /usr/bin/cmake --install /home/pederba/sesasr_project_ws/build/turtlebot3_fake_node
