[0.508s] Invoking command in '/home/pederba/sesasr_project_ws/build/turtlebot3_gazebo': CMAKE_PREFIX_PATH=${CMAKE_PREFIX_PATH}:/home/pederba/sesasr_project_ws/install/turtlebot3_teleop:/home/pederba/sesasr_project_ws/install/turtlebot3_example:/home/pederba/sesasr_project_ws/install/project_pkg:/opt/ros/humble /usr/bin/cmake --build /home/pederba/sesasr_project_ws/build/turtlebot3_gazebo -- -j8 -l8
[0.683s] [ 25%] Built target turtlebot3_drive
[0.767s] [ 50%] Built target obstacle1
[0.785s] [100%] Built target obstacle2
[0.785s] [100%] Built target obstacles
[1.612s] Invoked command in '/home/pederba/sesasr_project_ws/build/turtlebot3_gazebo' returned '0': CMAKE_PREFIX_PATH=${CMAKE_PREFIX_PATH}:/home/pederba/sesasr_project_ws/install/turtlebot3_teleop:/home/pederba/sesasr_project_ws/install/turtlebot3_example:/home/pederba/sesasr_project_ws/install/project_pkg:/opt/ros/humble /usr/bin/cmake --build /home/pederba/sesasr_project_ws/build/turtlebot3_gazebo -- -j8 -l8
[1.742s] Invoking command in '/home/pederba/sesasr_project_ws/build/turtlebot3_gazebo': CMAKE_PREFIX_PATH=${CMAKE_PREFIX_PATH}:/home/pederba/sesasr_project_ws/install/turtlebot3_teleop:/home/pederba/sesasr_project_ws/install/turtlebot3_example:/home/pederba/sesasr_project_ws/install/project_pkg:/opt/ros/humble /usr/bin/cmake --install /home/pederba/sesasr_project_ws/build/turtlebot3_gazebo
[1.778s] -- Install configuration: ""
[1.778s] -- Execute custom install script
[1.778s] -- Up-to-date symlink: /home/pederba/sesasr_project_ws/install/turtlebot3_gazebo/lib/turtlebot3_gazebo/turtlebot3_drive
[1.779s] -- Up-to-date symlink: /home/pederba/sesasr_project_ws/install/turtlebot3_gazebo/share/turtlebot3_gazebo//launch/empty_world.launch.py
[1.779s] -- Up-to-date symlink: /home/pederba/sesasr_project_ws/install/turtlebot3_gazebo/share/turtlebot3_gazebo//launch/robot_state_publisher.launch.py
[1.779s] -- Up-to-date symlink: /home/pederba/sesasr_project_ws/install/turtlebot3_gazebo/share/turtlebot3_gazebo//launch/spawn_turtlebot3.launch.py
[1.779s] -- Up-to-date symlink: /home/pederba/sesasr_project_ws/install/turtlebot3_gazebo/share/turtlebot3_gazebo//launch/turtlebot3_dqn_stage1.launch.py
[1.779s] -- Up-to-date symlink: /home/pederba/sesasr_project_ws/install/turtlebot3_gazebo/share/turtlebot3_gazebo//launch/turtlebot3_dqn_stage2.launch.py
[1.780s] -- Up-to-date symlink: /home/pederba/sesasr_project_ws/install/turtlebot3_gazebo/share/turtlebot3_gazebo//launch/turtlebot3_dqn_stage3.launch.py
[1.780s] -- Up-to-date symlink: /home/pederba/sesasr_project_ws/install/turtlebot3_gazebo/share/turtlebot3_gazebo//launch/turtlebot3_dqn_stage4.launch.py
[1.780s] -- Up-to-date symlink: /home/pederba/sesasr_project_ws/install/turtlebot3_gazebo/share/turtlebot3_gazebo//launch/turtlebot3_house.launch.py
[1.780s] -- Up-to-date symlink: /home/pederba/sesasr_project_ws/install/turtlebot3_gazebo/share/turtlebot3_gazebo//launch/turtlebot3_world.launch.py
[1.781s] -- Up-to-date symlink: /home/pederba/sesasr_project_ws/install/turtlebot3_gazebo/share/turtlebot3_gazebo//models/turtlebot3_burger/model-1_4.sdf
[1.781s] -- Up-to-date symlink: /home/pederba/sesasr_project_ws/install/turtlebot3_gazebo/share/turtlebot3_gazebo//models/turtlebot3_burger/model.config
[1.781s] -- Up-to-date symlink: /home/pederba/sesasr_project_ws/install/turtlebot3_gazebo/share/turtlebot3_gazebo//models/turtlebot3_burger/model.sdf
[1.781s] -- Up-to-date symlink: /home/pederba/sesasr_project_ws/install/turtlebot3_gazebo/share/turtlebot3_gazebo//models/turtlebot3_common/meshes/burger_base.dae
[1.781s] -- Up-to-date symlink: /home/pederba/sesasr_project_ws/install/turtlebot3_gazebo/share/turtlebot3_gazebo//models/turtlebot3_common/meshes/lds.dae
[1.788s] -- Up-to-date symlink: /home/pederba/sesasr_project_ws/install/turtlebot3_gazebo/share/turtlebot3_gazebo//models/turtlebot3_common/meshes/r200.dae
[1.789s] -- Up-to-date symlink: /home/pederba/sesasr_project_ws/install/turtlebot3_gazebo/share/turtlebot3_gazebo//models/turtlebot3_common/meshes/tire.dae
[1.794s] -- Up-to-date symlink: /home/pederba/sesasr_project_ws/install/turtlebot3_gazebo/share/turtlebot3_gazebo//models/turtlebot3_common/meshes/waffle_base.dae
[1.794s] -- Up-to-date symlink: /home/pederba/sesasr_project_ws/install/turtlebot3_gazebo/share/turtlebot3_gazebo//models/turtlebot3_common/meshes/waffle_pi_base.dae
[1.795s] -- Up-to-date symlink: /home/pederba/sesasr_project_ws/install/turtlebot3_gazebo/share/turtlebot3_gazebo//models/turtlebot3_common/model.config
[1.795s] -- Up-to-date symlink: /home/pederba/sesasr_project_ws/install/turtlebot3_gazebo/share/turtlebot3_gazebo//models/turtlebot3_dqn_world/goal_box/model.config
[1.795s] -- Up-to-date symlink: /home/pederba/sesasr_project_ws/install/turtlebot3_gazebo/share/turtlebot3_gazebo//models/turtlebot3_dqn_world/goal_box/model.sdf
[1.795s] -- Up-to-date symlink: /home/pederba/sesasr_project_ws/install/turtlebot3_gazebo/share/turtlebot3_gazebo//models/turtlebot3_dqn_world/inner_walls/model.config
[1.795s] -- Up-to-date symlink: /home/pederba/sesasr_project_ws/install/turtlebot3_gazebo/share/turtlebot3_gazebo//models/turtlebot3_dqn_world/inner_walls/model.sdf
[1.795s] -- Up-to-date symlink: /home/pederba/sesasr_project_ws/install/turtlebot3_gazebo/share/turtlebot3_gazebo//models/turtlebot3_dqn_world/model.config
[1.796s] -- Up-to-date symlink: /home/pederba/sesasr_project_ws/install/turtlebot3_gazebo/share/turtlebot3_gazebo//models/turtlebot3_dqn_world/model.sdf
[1.796s] -- Up-to-date symlink: /home/pederba/sesasr_project_ws/install/turtlebot3_gazebo/share/turtlebot3_gazebo//models/turtlebot3_dqn_world/obstacle1/model.config
[1.796s] -- Up-to-date symlink: /home/pederba/sesasr_project_ws/install/turtlebot3_gazebo/share/turtlebot3_gazebo//models/turtlebot3_dqn_world/obstacle1/model.sdf
[1.796s] -- Up-to-date symlink: /home/pederba/sesasr_project_ws/install/turtlebot3_gazebo/share/turtlebot3_gazebo//models/turtlebot3_dqn_world/obstacle2/model.config
[1.796s] -- Up-to-date symlink: /home/pederba/sesasr_project_ws/install/turtlebot3_gazebo/share/turtlebot3_gazebo//models/turtlebot3_dqn_world/obstacle2/model.sdf
[1.796s] -- Up-to-date symlink: /home/pederba/sesasr_project_ws/install/turtlebot3_gazebo/share/turtlebot3_gazebo//models/turtlebot3_dqn_world/obstacle_plugin/CMakeLists.txt
[1.796s] -- Up-to-date symlink: /home/pederba/sesasr_project_ws/install/turtlebot3_gazebo/share/turtlebot3_gazebo//models/turtlebot3_dqn_world/obstacle_plugin/obstacle1.cc
[1.797s] -- Up-to-date symlink: /home/pederba/sesasr_project_ws/install/turtlebot3_gazebo/share/turtlebot3_gazebo//models/turtlebot3_dqn_world/obstacle_plugin/obstacle2.cc
[1.797s] -- Up-to-date symlink: /home/pederba/sesasr_project_ws/install/turtlebot3_gazebo/share/turtlebot3_gazebo//models/turtlebot3_dqn_world/obstacle_plugin/obstacles.cc
[1.797s] -- Up-to-date symlink: /home/pederba/sesasr_project_ws/install/turtlebot3_gazebo/share/turtlebot3_gazebo//models/turtlebot3_dqn_world/obstacles/model.config
[1.797s] -- Up-to-date symlink: /home/pederba/sesasr_project_ws/install/turtlebot3_gazebo/share/turtlebot3_gazebo//models/turtlebot3_dqn_world/obstacles/model.sdf
[1.798s] -- Up-to-date symlink: /home/pederba/sesasr_project_ws/install/turtlebot3_gazebo/share/turtlebot3_gazebo//models/turtlebot3_house/model.config
[1.798s] -- Up-to-date symlink: /home/pederba/sesasr_project_ws/install/turtlebot3_gazebo/share/turtlebot3_gazebo//models/turtlebot3_house/model.sdf
[1.810s] -- Up-to-date symlink: /home/pederba/sesasr_project_ws/install/turtlebot3_gazebo/share/turtlebot3_gazebo//models/turtlebot3_waffle/model-1_4.sdf
[1.811s] -- Up-to-date symlink: /home/pederba/sesasr_project_ws/install/turtlebot3_gazebo/share/turtlebot3_gazebo//models/turtlebot3_waffle/model.config
[1.817s] -- Up-to-date symlink: /home/pederba/sesasr_project_ws/install/turtlebot3_gazebo/share/turtlebot3_gazebo//models/turtlebot3_waffle/model.sdf
[1.818s] -- Up-to-date symlink: /home/pederba/sesasr_project_ws/install/turtlebot3_gazebo/share/turtlebot3_gazebo//models/turtlebot3_waffle_pi/model-1_4_.sdf
[1.818s] -- Up-to-date symlink: /home/pederba/sesasr_project_ws/install/turtlebot3_gazebo/share/turtlebot3_gazebo//models/turtlebot3_waffle_pi/model.config
[1.819s] -- Up-to-date symlink: /home/pederba/sesasr_project_ws/install/turtlebot3_gazebo/share/turtlebot3_gazebo//models/turtlebot3_waffle_pi/model.sdf
[1.820s] -- Up-to-date symlink: /home/pederba/sesasr_project_ws/install/turtlebot3_gazebo/share/turtlebot3_gazebo//models/turtlebot3_world/meshes/hexagon.dae
[1.820s] -- Up-to-date symlink: /home/pederba/sesasr_project_ws/install/turtlebot3_gazebo/share/turtlebot3_gazebo//models/turtlebot3_world/meshes/wall.dae
[1.822s] -- Up-to-date symlink: /home/pederba/sesasr_project_ws/install/turtlebot3_gazebo/share/turtlebot3_gazebo//models/turtlebot3_world/model-1_4.sdf
[1.825s] -- Up-to-date symlink: /home/pederba/sesasr_project_ws/install/turtlebot3_gazebo/share/turtlebot3_gazebo//models/turtlebot3_world/model.config
[1.826s] -- Up-to-date symlink: /home/pederba/sesasr_project_ws/install/turtlebot3_gazebo/share/turtlebot3_gazebo//models/turtlebot3_world/model.sdf
[1.827s] -- Up-to-date symlink: /home/pederba/sesasr_project_ws/install/turtlebot3_gazebo/share/turtlebot3_gazebo//rviz/tb3_gazebo.rviz
[1.827s] -- Up-to-date symlink: /home/pederba/sesasr_project_ws/install/turtlebot3_gazebo/share/turtlebot3_gazebo//urdf/common_properties.urdf
[1.828s] -- Up-to-date symlink: /home/pederba/sesasr_project_ws/install/turtlebot3_gazebo/share/turtlebot3_gazebo//urdf/turtlebot3_burger.urdf
[1.828s] -- Up-to-date symlink: /home/pederba/sesasr_project_ws/install/turtlebot3_gazebo/share/turtlebot3_gazebo//urdf/turtlebot3_waffle.urdf
[1.829s] -- Up-to-date symlink: /home/pederba/sesasr_project_ws/install/turtlebot3_gazebo/share/turtlebot3_gazebo//urdf/turtlebot3_waffle_pi.urdf
[1.829s] -- Up-to-date symlink: /home/pederba/sesasr_project_ws/install/turtlebot3_gazebo/share/turtlebot3_gazebo//worlds/empty_world.world
[1.829s] -- Up-to-date symlink: /home/pederba/sesasr_project_ws/install/turtlebot3_gazebo/share/turtlebot3_gazebo//worlds/turtlebot3_dqn_stage1.world
[1.836s] -- Up-to-date symlink: /home/pederba/sesasr_project_ws/install/turtlebot3_gazebo/share/turtlebot3_gazebo//worlds/turtlebot3_dqn_stage2.world
[1.836s] -- Up-to-date symlink: /home/pederba/sesasr_project_ws/install/turtlebot3_gazebo/share/turtlebot3_gazebo//worlds/turtlebot3_dqn_stage3.world
[1.837s] -- Up-to-date symlink: /home/pederba/sesasr_project_ws/install/turtlebot3_gazebo/share/turtlebot3_gazebo//worlds/turtlebot3_dqn_stage4.world
[1.837s] -- Up-to-date symlink: /home/pederba/sesasr_project_ws/install/turtlebot3_gazebo/share/turtlebot3_gazebo//worlds/turtlebot3_house.world
[1.838s] -- Up-to-date symlink: /home/pederba/sesasr_project_ws/install/turtlebot3_gazebo/share/turtlebot3_gazebo//worlds/turtlebot3_world.world
[1.838s] -- Up-to-date symlink: /home/pederba/sesasr_project_ws/install/turtlebot3_gazebo/include//turtlebot3_gazebo/turtlebot3_drive.hpp
[1.838s] -- Up-to-date symlink: /home/pederba/sesasr_project_ws/install/turtlebot3_gazebo/share/ament_index/resource_index/package_run_dependencies/turtlebot3_gazebo
[1.838s] -- Up-to-date symlink: /home/pederba/sesasr_project_ws/install/turtlebot3_gazebo/share/ament_index/resource_index/parent_prefix_path/turtlebot3_gazebo
[1.838s] -- Up-to-date symlink: /home/pederba/sesasr_project_ws/install/turtlebot3_gazebo/share/turtlebot3_gazebo/environment/ament_prefix_path.sh
[1.839s] -- Up-to-date symlink: /home/pederba/sesasr_project_ws/install/turtlebot3_gazebo/share/turtlebot3_gazebo/environment/ament_prefix_path.dsv
[1.840s] -- Up-to-date symlink: /home/pederba/sesasr_project_ws/install/turtlebot3_gazebo/share/turtlebot3_gazebo/environment/path.sh
[1.841s] -- Up-to-date symlink: /home/pederba/sesasr_project_ws/install/turtlebot3_gazebo/share/turtlebot3_gazebo/environment/path.dsv
[1.845s] -- Up-to-date symlink: /home/pederba/sesasr_project_ws/install/turtlebot3_gazebo/share/turtlebot3_gazebo/local_setup.bash
[1.847s] -- Up-to-date symlink: /home/pederba/sesasr_project_ws/install/turtlebot3_gazebo/share/turtlebot3_gazebo/local_setup.sh
[1.848s] -- Up-to-date symlink: /home/pederba/sesasr_project_ws/install/turtlebot3_gazebo/share/turtlebot3_gazebo/local_setup.zsh
[1.848s] -- Up-to-date symlink: /home/pederba/sesasr_project_ws/install/turtlebot3_gazebo/share/turtlebot3_gazebo/local_setup.dsv
[1.850s] -- Symlinking: /home/pederba/sesasr_project_ws/install/turtlebot3_gazebo/share/turtlebot3_gazebo/package.dsv
[1.850s] -- Up-to-date symlink: /home/pederba/sesasr_project_ws/install/turtlebot3_gazebo/share/ament_index/resource_index/packages/turtlebot3_gazebo
[1.850s] -- Up-to-date symlink: /home/pederba/sesasr_project_ws/install/turtlebot3_gazebo/share/turtlebot3_gazebo/cmake/ament_cmake_export_include_directories-extras.cmake
[1.850s] -- Up-to-date symlink: /home/pederba/sesasr_project_ws/install/turtlebot3_gazebo/share/turtlebot3_gazebo/cmake/ament_cmake_export_dependencies-extras.cmake
[1.851s] -- Up-to-date symlink: /home/pederba/sesasr_project_ws/install/turtlebot3_gazebo/share/turtlebot3_gazebo/cmake/turtlebot3_gazeboConfig.cmake
[1.851s] -- Up-to-date symlink: /home/pederba/sesasr_project_ws/install/turtlebot3_gazebo/share/turtlebot3_gazebo/cmake/turtlebot3_gazeboConfig-version.cmake
[1.851s] -- Up-to-date symlink: /home/pederba/sesasr_project_ws/install/turtlebot3_gazebo/share/turtlebot3_gazebo/package.xml
[2.269s] Invoked command in '/home/pederba/sesasr_project_ws/build/turtlebot3_gazebo' returned '0': CMAKE_PREFIX_PATH=${CMAKE_PREFIX_PATH}:/home/pederba/sesasr_project_ws/install/turtlebot3_teleop:/home/pederba/sesasr_project_ws/install/turtlebot3_example:/home/pederba/sesasr_project_ws/install/project_pkg:/opt/ros/humble /usr/bin/cmake --install /home/pederba/sesasr_project_ws/build/turtlebot3_gazebo
