[4.710s] Invoking command in '/home/pederba/sesasr_project_ws/src/project_pkg': PYTHONPATH=/home/pederba/sesasr_project_ws/build/project_pkg/prefix_override:/home/pederba/sesasr_project_ws/install/project_pkg/lib/python3.10/site-packages:${PYTHONPATH} /usr/bin/python3 setup.py egg_info --egg-base ../../build/project_pkg build --build-base /home/pederba/sesasr_project_ws/build/project_pkg/build install --record /home/pederba/sesasr_project_ws/build/project_pkg/install.log --single-version-externally-managed
[5.643s] running egg_info
[5.692s] writing ../../build/project_pkg/project_pkg.egg-info/PKG-INFO
[5.694s] writing dependency_links to ../../build/project_pkg/project_pkg.egg-info/dependency_links.txt
[5.696s] writing entry points to ../../build/project_pkg/project_pkg.egg-info/entry_points.txt
[5.697s] writing requirements to ../../build/project_pkg/project_pkg.egg-info/requires.txt
[5.698s] writing top-level names to ../../build/project_pkg/project_pkg.egg-info/top_level.txt
[5.817s] reading manifest file '../../build/project_pkg/project_pkg.egg-info/SOURCES.txt'
[5.820s] writing manifest file '../../build/project_pkg/project_pkg.egg-info/SOURCES.txt'
[5.820s] running build
[5.821s] running build_py
[5.822s] running install
[5.822s] /home/pederba/.local/lib/python3.10/site-packages/setuptools/command/install.py:34: SetuptoolsDeprecationWarning: setup.py install is deprecated. Use build and pip and other standards-based tools.
[5.823s]   warnings.warn(
[5.835s] running install_lib
[5.888s] running install_data
[5.937s] copying launch/localization.launch.py -> /home/pederba/sesasr_project_ws/install/project_pkg/share/project_pkg/launch
[5.937s] running install_egg_info
[5.999s] removing '/home/pederba/sesasr_project_ws/install/project_pkg/lib/python3.10/site-packages/project_pkg-0.0.0-py3.10.egg-info' (and everything under it)
[6.001s] Copying ../../build/project_pkg/project_pkg.egg-info to /home/pederba/sesasr_project_ws/install/project_pkg/lib/python3.10/site-packages/project_pkg-0.0.0-py3.10.egg-info
[6.003s] running install_scripts
[6.172s] Installing localization_node script to /home/pederba/sesasr_project_ws/install/project_pkg/lib/project_pkg
[6.172s] Installing recorder script to /home/pederba/sesasr_project_ws/install/project_pkg/lib/project_pkg
[6.173s] writing list of installed files to '/home/pederba/sesasr_project_ws/build/project_pkg/install.log'
[6.282s] Invoked command in '/home/pederba/sesasr_project_ws/src/project_pkg' returned '0': PYTHONPATH=/home/pederba/sesasr_project_ws/build/project_pkg/prefix_override:/home/pederba/sesasr_project_ws/install/project_pkg/lib/python3.10/site-packages:${PYTHONPATH} /usr/bin/python3 setup.py egg_info --egg-base ../../build/project_pkg build --build-base /home/pederba/sesasr_project_ws/build/project_pkg/build install --record /home/pederba/sesasr_project_ws/build/project_pkg/install.log --single-version-externally-managed
