[0.567s] Invoking command in '/home/pederba/sesasr_project_ws/build/turtlebot3_gazebo': CMAKE_PREFIX_PATH=${CMAKE_PREFIX_PATH}:/home/pederba/install/lab02_pkg:/home/pederba/ros2_ws/install/lab02_pkg_test:/home/pederba/ros2_ws/install/turtlebot3_teleop:/home/pederba/ros2_ws/install/turtlebot3_example:/home/pederba/ros2_ws/install/py_pubsub:/home/pederba/ros2_ws/install/lab05_pkg:/home/pederba/ros2_ws/install/lab03_pkg:/home/pederba/ros2_ws/install/lab01_pkg:/opt/ros/humble /usr/bin/cmake --build /home/pederba/sesasr_project_ws/build/turtlebot3_gazebo -- -j8 -l8
[0.940s] [ 25%] Built target turtlebot3_drive
[1.014s] [ 50%] Built target obstacles
[1.018s] [ 75%] Built target obstacle2
[1.030s] [100%] Built target obstacle1
[2.130s] Invoked command in '/home/pederba/sesasr_project_ws/build/turtlebot3_gazebo' returned '0': CMAKE_PREFIX_PATH=${CMAKE_PREFIX_PATH}:/home/pederba/install/lab02_pkg:/home/pederba/ros2_ws/install/lab02_pkg_test:/home/pederba/ros2_ws/install/turtlebot3_teleop:/home/pederba/ros2_ws/install/turtlebot3_example:/home/pederba/ros2_ws/install/py_pubsub:/home/pederba/ros2_ws/install/lab05_pkg:/home/pederba/ros2_ws/install/lab03_pkg:/home/pederba/ros2_ws/install/lab01_pkg:/opt/ros/humble /usr/bin/cmake --build /home/pederba/sesasr_project_ws/build/turtlebot3_gazebo -- -j8 -l8
[2.815s] Invoking command in '/home/pederba/sesasr_project_ws/build/turtlebot3_gazebo': CMAKE_PREFIX_PATH=${CMAKE_PREFIX_PATH}:/home/pederba/install/lab02_pkg:/home/pederba/ros2_ws/install/lab02_pkg_test:/home/pederba/ros2_ws/install/turtlebot3_teleop:/home/pederba/ros2_ws/install/turtlebot3_example:/home/pederba/ros2_ws/install/py_pubsub:/home/pederba/ros2_ws/install/lab05_pkg:/home/pederba/ros2_ws/install/lab03_pkg:/home/pederba/ros2_ws/install/lab01_pkg:/opt/ros/humble /usr/bin/cmake --install /home/pederba/sesasr_project_ws/build/turtlebot3_gazebo
[3.014s] -- Install configuration: ""
[3.014s] -- Execute custom install script
[3.014s] -- Up-to-date symlink: /home/pederba/sesasr_project_ws/install/turtlebot3_gazebo/lib/turtlebot3_gazebo/turtlebot3_drive
[3.014s] -- Up-to-date symlink: /home/pederba/sesasr_project_ws/install/turtlebot3_gazebo/share/turtlebot3_gazebo//launch/empty_world.launch.py
[3.014s] -- Up-to-date symlink: /home/pederba/sesasr_project_ws/install/turtlebot3_gazebo/share/turtlebot3_gazebo//launch/robot_state_publisher.launch.py
[3.014s] -- Up-to-date symlink: /home/pederba/sesasr_project_ws/install/turtlebot3_gazebo/share/turtlebot3_gazebo//launch/spawn_turtlebot3.launch.py
[3.015s] -- Up-to-date symlink: /home/pederba/sesasr_project_ws/install/turtlebot3_gazebo/share/turtlebot3_gazebo//launch/turtlebot3_dqn_stage1.launch.py
[3.015s] -- Up-to-date symlink: /home/pederba/sesasr_project_ws/install/turtlebot3_gazebo/share/turtlebot3_gazebo//launch/turtlebot3_dqn_stage2.launch.py
[3.015s] -- Up-to-date symlink: /home/pederba/sesasr_project_ws/install/turtlebot3_gazebo/share/turtlebot3_gazebo//launch/turtlebot3_dqn_stage3.launch.py
[3.015s] -- Up-to-date symlink: /home/pederba/sesasr_project_ws/install/turtlebot3_gazebo/share/turtlebot3_gazebo//launch/turtlebot3_dqn_stage4.launch.py
[3.015s] -- Up-to-date symlink: /home/pederba/sesasr_project_ws/install/turtlebot3_gazebo/share/turtlebot3_gazebo//launch/turtlebot3_house.launch.py
[3.015s] -- Up-to-date symlink: /home/pederba/sesasr_project_ws/install/turtlebot3_gazebo/share/turtlebot3_gazebo//launch/turtlebot3_world.launch.py
[3.018s] -- Up-to-date symlink: /home/pederba/sesasr_project_ws/install/turtlebot3_gazebo/share/turtlebot3_gazebo//models/turtlebot3_burger/model-1_4.sdf
[3.018s] -- Up-to-date symlink: /home/pederba/sesasr_project_ws/install/turtlebot3_gazebo/share/turtlebot3_gazebo//models/turtlebot3_burger/model.config
[3.018s] -- Up-to-date symlink: /home/pederba/sesasr_project_ws/install/turtlebot3_gazebo/share/turtlebot3_gazebo//models/turtlebot3_burger/model.sdf
[3.018s] -- Up-to-date symlink: /home/pederba/sesasr_project_ws/install/turtlebot3_gazebo/share/turtlebot3_gazebo//models/turtlebot3_common/meshes/burger_base.dae
[3.019s] -- Up-to-date symlink: /home/pederba/sesasr_project_ws/install/turtlebot3_gazebo/share/turtlebot3_gazebo//models/turtlebot3_common/meshes/lds.dae
[3.021s] -- Up-to-date symlink: /home/pederba/sesasr_project_ws/install/turtlebot3_gazebo/share/turtlebot3_gazebo//models/turtlebot3_common/meshes/r200.dae
[3.022s] -- Up-to-date symlink: /home/pederba/sesasr_project_ws/install/turtlebot3_gazebo/share/turtlebot3_gazebo//models/turtlebot3_common/meshes/tire.dae
[3.022s] -- Up-to-date symlink: /home/pederba/sesasr_project_ws/install/turtlebot3_gazebo/share/turtlebot3_gazebo//models/turtlebot3_common/meshes/waffle_base.dae
[3.022s] -- Up-to-date symlink: /home/pederba/sesasr_project_ws/install/turtlebot3_gazebo/share/turtlebot3_gazebo//models/turtlebot3_common/meshes/waffle_pi_base.dae
[3.028s] -- Up-to-date symlink: /home/pederba/sesasr_project_ws/install/turtlebot3_gazebo/share/turtlebot3_gazebo//models/turtlebot3_common/model.config
[3.028s] -- Up-to-date symlink: /home/pederba/sesasr_project_ws/install/turtlebot3_gazebo/share/turtlebot3_gazebo//models/turtlebot3_dqn_world/goal_box/model.config
[3.029s] -- Up-to-date symlink: /home/pederba/sesasr_project_ws/install/turtlebot3_gazebo/share/turtlebot3_gazebo//models/turtlebot3_dqn_world/goal_box/model.sdf
[3.029s] -- Up-to-date symlink: /home/pederba/sesasr_project_ws/install/turtlebot3_gazebo/share/turtlebot3_gazebo//models/turtlebot3_dqn_world/inner_walls/model.config
[3.030s] -- Up-to-date symlink: /home/pederba/sesasr_project_ws/install/turtlebot3_gazebo/share/turtlebot3_gazebo//models/turtlebot3_dqn_world/inner_walls/model.sdf
[3.030s] -- Up-to-date symlink: /home/pederba/sesasr_project_ws/install/turtlebot3_gazebo/share/turtlebot3_gazebo//models/turtlebot3_dqn_world/model.config
[3.030s] -- Up-to-date symlink: /home/pederba/sesasr_project_ws/install/turtlebot3_gazebo/share/turtlebot3_gazebo//models/turtlebot3_dqn_world/model.sdf
[3.030s] -- Up-to-date symlink: /home/pederba/sesasr_project_ws/install/turtlebot3_gazebo/share/turtlebot3_gazebo//models/turtlebot3_dqn_world/obstacle1/model.config
[3.039s] -- Up-to-date symlink: /home/pederba/sesasr_project_ws/install/turtlebot3_gazebo/share/turtlebot3_gazebo//models/turtlebot3_dqn_world/obstacle1/model.sdf
[3.039s] -- Up-to-date symlink: /home/pederba/sesasr_project_ws/install/turtlebot3_gazebo/share/turtlebot3_gazebo//models/turtlebot3_dqn_world/obstacle2/model.config
[3.039s] -- Up-to-date symlink: /home/pederba/sesasr_project_ws/install/turtlebot3_gazebo/share/turtlebot3_gazebo//models/turtlebot3_dqn_world/obstacle2/model.sdf
[3.039s] -- Up-to-date symlink: /home/pederba/sesasr_project_ws/install/turtlebot3_gazebo/share/turtlebot3_gazebo//models/turtlebot3_dqn_world/obstacle_plugin/CMakeLists.txt
[3.040s] -- Up-to-date symlink: /home/pederba/sesasr_project_ws/install/turtlebot3_gazebo/share/turtlebot3_gazebo//models/turtlebot3_dqn_world/obstacle_plugin/obstacle1.cc
[3.040s] -- Up-to-date symlink: /home/pederba/sesasr_project_ws/install/turtlebot3_gazebo/share/turtlebot3_gazebo//models/turtlebot3_dqn_world/obstacle_plugin/obstacle2.cc
[3.040s] -- Up-to-date symlink: /home/pederba/sesasr_project_ws/install/turtlebot3_gazebo/share/turtlebot3_gazebo//models/turtlebot3_dqn_world/obstacle_plugin/obstacles.cc
[3.040s] -- Up-to-date symlink: /home/pederba/sesasr_project_ws/install/turtlebot3_gazebo/share/turtlebot3_gazebo//models/turtlebot3_dqn_world/obstacles/model.config
[3.040s] -- Up-to-date symlink: /home/pederba/sesasr_project_ws/install/turtlebot3_gazebo/share/turtlebot3_gazebo//models/turtlebot3_dqn_world/obstacles/model.sdf
[3.040s] -- Up-to-date symlink: /home/pederba/sesasr_project_ws/install/turtlebot3_gazebo/share/turtlebot3_gazebo//models/turtlebot3_house/model.config
[3.041s] -- Up-to-date symlink: /home/pederba/sesasr_project_ws/install/turtlebot3_gazebo/share/turtlebot3_gazebo//models/turtlebot3_house/model.sdf
[3.041s] -- Up-to-date symlink: /home/pederba/sesasr_project_ws/install/turtlebot3_gazebo/share/turtlebot3_gazebo//models/turtlebot3_waffle/model-1_4.sdf
[3.041s] -- Up-to-date symlink: /home/pederba/sesasr_project_ws/install/turtlebot3_gazebo/share/turtlebot3_gazebo//models/turtlebot3_waffle/model.config
[3.041s] -- Up-to-date symlink: /home/pederba/sesasr_project_ws/install/turtlebot3_gazebo/share/turtlebot3_gazebo//models/turtlebot3_waffle/model.sdf
[3.041s] -- Up-to-date symlink: /home/pederba/sesasr_project_ws/install/turtlebot3_gazebo/share/turtlebot3_gazebo//models/turtlebot3_waffle_pi/model-1_4_.sdf
[3.041s] -- Up-to-date symlink: /home/pederba/sesasr_project_ws/install/turtlebot3_gazebo/share/turtlebot3_gazebo//models/turtlebot3_waffle_pi/model.config
[3.042s] -- Up-to-date symlink: /home/pederba/sesasr_project_ws/install/turtlebot3_gazebo/share/turtlebot3_gazebo//models/turtlebot3_waffle_pi/model.sdf
[3.042s] -- Up-to-date symlink: /home/pederba/sesasr_project_ws/install/turtlebot3_gazebo/share/turtlebot3_gazebo//models/turtlebot3_world/meshes/hexagon.dae
[3.042s] -- Up-to-date symlink: /home/pederba/sesasr_project_ws/install/turtlebot3_gazebo/share/turtlebot3_gazebo//models/turtlebot3_world/meshes/wall.dae
[3.042s] -- Up-to-date symlink: /home/pederba/sesasr_project_ws/install/turtlebot3_gazebo/share/turtlebot3_gazebo//models/turtlebot3_world/model-1_4.sdf
[3.042s] -- Up-to-date symlink: /home/pederba/sesasr_project_ws/install/turtlebot3_gazebo/share/turtlebot3_gazebo//models/turtlebot3_world/model.config
[3.042s] -- Up-to-date symlink: /home/pederba/sesasr_project_ws/install/turtlebot3_gazebo/share/turtlebot3_gazebo//models/turtlebot3_world/model.sdf
[3.042s] -- Up-to-date symlink: /home/pederba/sesasr_project_ws/install/turtlebot3_gazebo/share/turtlebot3_gazebo//rviz/tb3_gazebo.rviz
[3.043s] -- Up-to-date symlink: /home/pederba/sesasr_project_ws/install/turtlebot3_gazebo/share/turtlebot3_gazebo//urdf/common_properties.urdf
[3.043s] -- Up-to-date symlink: /home/pederba/sesasr_project_ws/install/turtlebot3_gazebo/share/turtlebot3_gazebo//urdf/turtlebot3_burger.urdf
[3.043s] -- Up-to-date symlink: /home/pederba/sesasr_project_ws/install/turtlebot3_gazebo/share/turtlebot3_gazebo//urdf/turtlebot3_waffle.urdf
[3.043s] -- Up-to-date symlink: /home/pederba/sesasr_project_ws/install/turtlebot3_gazebo/share/turtlebot3_gazebo//urdf/turtlebot3_waffle_pi.urdf
[3.043s] -- Up-to-date symlink: /home/pederba/sesasr_project_ws/install/turtlebot3_gazebo/share/turtlebot3_gazebo//worlds/empty_world.world
[3.043s] -- Up-to-date symlink: /home/pederba/sesasr_project_ws/install/turtlebot3_gazebo/share/turtlebot3_gazebo//worlds/turtlebot3_dqn_stage1.world
[3.044s] -- Up-to-date symlink: /home/pederba/sesasr_project_ws/install/turtlebot3_gazebo/share/turtlebot3_gazebo//worlds/turtlebot3_dqn_stage2.world
[3.044s] -- Up-to-date symlink: /home/pederba/sesasr_project_ws/install/turtlebot3_gazebo/share/turtlebot3_gazebo//worlds/turtlebot3_dqn_stage3.world
[3.044s] -- Up-to-date symlink: /home/pederba/sesasr_project_ws/install/turtlebot3_gazebo/share/turtlebot3_gazebo//worlds/turtlebot3_dqn_stage4.world
[3.044s] -- Up-to-date symlink: /home/pederba/sesasr_project_ws/install/turtlebot3_gazebo/share/turtlebot3_gazebo//worlds/turtlebot3_house.world
[3.045s] -- Up-to-date symlink: /home/pederba/sesasr_project_ws/install/turtlebot3_gazebo/share/turtlebot3_gazebo//worlds/turtlebot3_world.world
[3.045s] -- Up-to-date symlink: /home/pederba/sesasr_project_ws/install/turtlebot3_gazebo/include//turtlebot3_gazebo/turtlebot3_drive.hpp
[3.045s] -- Up-to-date symlink: /home/pederba/sesasr_project_ws/install/turtlebot3_gazebo/share/ament_index/resource_index/package_run_dependencies/turtlebot3_gazebo
[3.045s] -- Up-to-date symlink: /home/pederba/sesasr_project_ws/install/turtlebot3_gazebo/share/ament_index/resource_index/parent_prefix_path/turtlebot3_gazebo
[3.045s] -- Up-to-date symlink: /home/pederba/sesasr_project_ws/install/turtlebot3_gazebo/share/turtlebot3_gazebo/environment/ament_prefix_path.sh
[3.045s] -- Up-to-date symlink: /home/pederba/sesasr_project_ws/install/turtlebot3_gazebo/share/turtlebot3_gazebo/environment/ament_prefix_path.dsv
[3.046s] -- Up-to-date symlink: /home/pederba/sesasr_project_ws/install/turtlebot3_gazebo/share/turtlebot3_gazebo/environment/path.sh
[3.046s] -- Up-to-date symlink: /home/pederba/sesasr_project_ws/install/turtlebot3_gazebo/share/turtlebot3_gazebo/environment/path.dsv
[3.046s] -- Up-to-date symlink: /home/pederba/sesasr_project_ws/install/turtlebot3_gazebo/share/turtlebot3_gazebo/local_setup.bash
[3.046s] -- Up-to-date symlink: /home/pederba/sesasr_project_ws/install/turtlebot3_gazebo/share/turtlebot3_gazebo/local_setup.sh
[3.046s] -- Up-to-date symlink: /home/pederba/sesasr_project_ws/install/turtlebot3_gazebo/share/turtlebot3_gazebo/local_setup.zsh
[3.046s] -- Up-to-date symlink: /home/pederba/sesasr_project_ws/install/turtlebot3_gazebo/share/turtlebot3_gazebo/local_setup.dsv
[3.046s] -- Symlinking: /home/pederba/sesasr_project_ws/install/turtlebot3_gazebo/share/turtlebot3_gazebo/package.dsv
[3.047s] -- Up-to-date symlink: /home/pederba/sesasr_project_ws/install/turtlebot3_gazebo/share/ament_index/resource_index/packages/turtlebot3_gazebo
[3.047s] -- Up-to-date symlink: /home/pederba/sesasr_project_ws/install/turtlebot3_gazebo/share/turtlebot3_gazebo/cmake/ament_cmake_export_include_directories-extras.cmake
[3.047s] -- Up-to-date symlink: /home/pederba/sesasr_project_ws/install/turtlebot3_gazebo/share/turtlebot3_gazebo/cmake/ament_cmake_export_dependencies-extras.cmake
[3.047s] -- Up-to-date symlink: /home/pederba/sesasr_project_ws/install/turtlebot3_gazebo/share/turtlebot3_gazebo/cmake/turtlebot3_gazeboConfig.cmake
[3.047s] -- Up-to-date symlink: /home/pederba/sesasr_project_ws/install/turtlebot3_gazebo/share/turtlebot3_gazebo/cmake/turtlebot3_gazeboConfig-version.cmake
[3.047s] -- Up-to-date symlink: /home/pederba/sesasr_project_ws/install/turtlebot3_gazebo/share/turtlebot3_gazebo/package.xml
[4.122s] Invoked command in '/home/pederba/sesasr_project_ws/build/turtlebot3_gazebo' returned '0': CMAKE_PREFIX_PATH=${CMAKE_PREFIX_PATH}:/home/pederba/install/lab02_pkg:/home/pederba/ros2_ws/install/lab02_pkg_test:/home/pederba/ros2_ws/install/turtlebot3_teleop:/home/pederba/ros2_ws/install/turtlebot3_example:/home/pederba/ros2_ws/install/py_pubsub:/home/pederba/ros2_ws/install/lab05_pkg:/home/pederba/ros2_ws/install/lab03_pkg:/home/pederba/ros2_ws/install/lab01_pkg:/opt/ros/humble /usr/bin/cmake --install /home/pederba/sesasr_project_ws/build/turtlebot3_gazebo
