[1.950s] Invoking command in '/home/pederba/sesasr_project_ws/src/project_pkg': PYTHONPATH=/home/pederba/sesasr_project_ws/build/project_pkg/prefix_override:/home/pederba/sesasr_project_ws/install/project_pkg/lib/python3.10/site-packages:${PYTHONPATH} /usr/bin/python3 setup.py egg_info --egg-base ../../build/project_pkg build --build-base /home/pederba/sesasr_project_ws/build/project_pkg/build install --record /home/pederba/sesasr_project_ws/build/project_pkg/install.log --single-version-externally-managed
[2.569s] running egg_info
[2.598s] writing ../../build/project_pkg/project_pkg.egg-info/PKG-INFO
[2.598s] writing dependency_links to ../../build/project_pkg/project_pkg.egg-info/dependency_links.txt
[2.599s] writing entry points to ../../build/project_pkg/project_pkg.egg-info/entry_points.txt
[2.599s] writing requirements to ../../build/project_pkg/project_pkg.egg-info/requires.txt
[2.599s] writing top-level names to ../../build/project_pkg/project_pkg.egg-info/top_level.txt
[2.661s] reading manifest file '../../build/project_pkg/project_pkg.egg-info/SOURCES.txt'
[2.662s] writing manifest file '../../build/project_pkg/project_pkg.egg-info/SOURCES.txt'
[2.663s] running build
[2.663s] running build_py
[2.663s] copying project_pkg/ekf.py -> /home/pederba/sesasr_project_ws/build/project_pkg/build/lib/project_pkg
[2.664s] running install
[2.664s] /home/pederba/.local/lib/python3.10/site-packages/setuptools/command/install.py:34: SetuptoolsDeprecationWarning: setup.py install is deprecated. Use build and pip and other standards-based tools.
[2.664s]   warnings.warn(
[2.671s] running install_lib
[2.700s] copying /home/pederba/sesasr_project_ws/build/project_pkg/build/lib/project_pkg/ekf.py -> /home/pederba/sesasr_project_ws/install/project_pkg/lib/python3.10/site-packages/project_pkg
[2.701s] byte-compiling /home/pederba/sesasr_project_ws/install/project_pkg/lib/python3.10/site-packages/project_pkg/ekf.py to ekf.cpython-310.pyc
[2.702s] running install_data
[2.735s] running install_egg_info
[2.764s] removing '/home/pederba/sesasr_project_ws/install/project_pkg/lib/python3.10/site-packages/project_pkg-0.0.0-py3.10.egg-info' (and everything under it)
[2.764s] Copying ../../build/project_pkg/project_pkg.egg-info to /home/pederba/sesasr_project_ws/install/project_pkg/lib/python3.10/site-packages/project_pkg-0.0.0-py3.10.egg-info
[2.766s] running install_scripts
[2.872s] Installing localization_node script to /home/pederba/sesasr_project_ws/install/project_pkg/lib/project_pkg
[2.873s] writing list of installed files to '/home/pederba/sesasr_project_ws/build/project_pkg/install.log'
[2.951s] Invoked command in '/home/pederba/sesasr_project_ws/src/project_pkg' returned '0': PYTHONPATH=/home/pederba/sesasr_project_ws/build/project_pkg/prefix_override:/home/pederba/sesasr_project_ws/install/project_pkg/lib/python3.10/site-packages:${PYTHONPATH} /usr/bin/python3 setup.py egg_info --egg-base ../../build/project_pkg build --build-base /home/pederba/sesasr_project_ws/build/project_pkg/build install --record /home/pederba/sesasr_project_ws/build/project_pkg/install.log --single-version-externally-managed
