running develop
/home/pederba/.local/lib/python3.10/site-packages/setuptools/command/easy_install.py:144: EasyInstallDeprecationWarning: easy_install command is deprecated. Use build and pip and other standards-based tools.
  warnings.warn(
/home/pederba/.local/lib/python3.10/site-packages/setuptools/command/install.py:34: SetuptoolsDeprecationWarning: setup.py install is deprecated. Use build and pip and other standards-based tools.
  warnings.warn(
running egg_info
creating turtlebot3_example.egg-info
writing turtlebot3_example.egg-info/PKG-INFO
writing dependency_links to turtlebot3_example.egg-info/dependency_links.txt
writing entry points to turtlebot3_example.egg-info/entry_points.txt
writing requirements to turtlebot3_example.egg-info/requires.txt
writing top-level names to turtlebot3_example.egg-info/top_level.txt
writing manifest file 'turtlebot3_example.egg-info/SOURCES.txt'
reading manifest file 'turtlebot3_example.egg-info/SOURCES.txt'
writing manifest file 'turtlebot3_example.egg-info/SOURCES.txt'
running build_ext
Creating /home/pederba/sesasr_project_ws/install/turtlebot3_example/lib/python3.10/site-packages/turtlebot3-example.egg-link (link to .)
Installing turtlebot3_interactive_marker script to /home/pederba/sesasr_project_ws/install/turtlebot3_example/lib/turtlebot3_example
Installing turtlebot3_obstacle_detection script to /home/pederba/sesasr_project_ws/install/turtlebot3_example/lib/turtlebot3_example
Installing turtlebot3_patrol_client script to /home/pederba/sesasr_project_ws/install/turtlebot3_example/lib/turtlebot3_example
Installing turtlebot3_patrol_server script to /home/pederba/sesasr_project_ws/install/turtlebot3_example/lib/turtlebot3_example
Installing turtlebot3_position_control_pointop_key script to /home/pederba/sesasr_project_ws/install/turtlebot3_example/lib/turtlebot3_example

Installed /home/pederba/sesasr_project_ws/build/turtlebot3_example
running install_data
creating /home/pederba/sesasr_project_ws/install/turtlebot3_example/share/ament_index
creating /home/pederba/sesasr_project_ws/install/turtlebot3_example/share/ament_index/resource_index
creating /home/pederba/sesasr_project_ws/install/turtlebot3_example/share/ament_index/resource_index/packages
copying resource/turtlebot3_example -> /home/pederba/sesasr_project_ws/install/turtlebot3_example/share/ament_index/resource_index/packages
copying package.xml -> /home/pederba/sesasr_project_ws/install/turtlebot3_example/share/turtlebot3_example
