[1.425s] Invoking command in '/home/pederba/sesasr_project_ws/build/turtlebot3_hardware': CMAKE_PREFIX_PATH=/home/pederba/sesasr_project_ws/install/dynamixel_sdk:/home/pederba/sesasr_project_ws/install/turtlebot3:/home/pederba/sesasr_project_ws/install/turtlebot3_simulations:/home/pederba/sesasr_project_ws/install/turtlebot3_navigation2:/home/pederba/sesasr_project_ws/install/turtlebot3_fake_node:/home/pederba/sesasr_project_ws/install/turtlebot3_msgs:/home/pederba/sesasr_project_ws/install/turtlebot3_hardware:/home/pederba/sesasr_project_ws/install/turtlebot3_gazebo:/home/pederba/sesasr_project_ws/install/turtlebot3_bringup:/home/pederba/sesasr_project_ws/install/turtlebot3_description:/home/pederba/sesasr_project_ws/install/turtlebot3_cartographer:/home/pederba/sesasr_project_ws/install/dynamixel_sdk_examples:/home/pederba/sesasr_project_ws/install/dynamixel_sdk_custom_interfaces:/home/pederba/sesasr_project_ws/install/turtlebot3_teleop:/home/pederba/sesasr_project_ws/install/turtlebot3_example:/home/pederba/sesasr_project_ws/install/project_pkg:/opt/ros/humble LD_LIBRARY_PATH=/home/pederba/sesasr_project_ws/install/dynamixel_sdk/lib:/home/pederba/sesasr_project_ws/install/turtlebot3_msgs/lib:/home/pederba/sesasr_project_ws/install/turtlebot3_hardware/lib:/home/pederba/sesasr_project_ws/install/dynamixel_sdk_custom_interfaces/lib:/usr/lib/x86_64-linux-gnu/gazebo-11/plugins:/opt/ros/humble/opt/rviz_ogre_vendor/lib:/opt/ros/humble/lib/x86_64-linux-gnu:/opt/ros/humble/lib /usr/bin/cmake --build /home/pederba/sesasr_project_ws/build/turtlebot3_hardware -- -j8 -l8
[1.817s] [100%] Built target turtlebot3_hardware
[2.407s] Invoked command in '/home/pederba/sesasr_project_ws/build/turtlebot3_hardware' returned '0': CMAKE_PREFIX_PATH=/home/pederba/sesasr_project_ws/install/dynamixel_sdk:/home/pederba/sesasr_project_ws/install/turtlebot3:/home/pederba/sesasr_project_ws/install/turtlebot3_simulations:/home/pederba/sesasr_project_ws/install/turtlebot3_navigation2:/home/pederba/sesasr_project_ws/install/turtlebot3_fake_node:/home/pederba/sesasr_project_ws/install/turtlebot3_msgs:/home/pederba/sesasr_project_ws/install/turtlebot3_hardware:/home/pederba/sesasr_project_ws/install/turtlebot3_gazebo:/home/pederba/sesasr_project_ws/install/turtlebot3_bringup:/home/pederba/sesasr_project_ws/install/turtlebot3_description:/home/pederba/sesasr_project_ws/install/turtlebot3_cartographer:/home/pederba/sesasr_project_ws/install/dynamixel_sdk_examples:/home/pederba/sesasr_project_ws/install/dynamixel_sdk_custom_interfaces:/home/pederba/sesasr_project_ws/install/turtlebot3_teleop:/home/pederba/sesasr_project_ws/install/turtlebot3_example:/home/pederba/sesasr_project_ws/install/project_pkg:/opt/ros/humble LD_LIBRARY_PATH=/home/pederba/sesasr_project_ws/install/dynamixel_sdk/lib:/home/pederba/sesasr_project_ws/install/turtlebot3_msgs/lib:/home/pederba/sesasr_project_ws/install/turtlebot3_hardware/lib:/home/pederba/sesasr_project_ws/install/dynamixel_sdk_custom_interfaces/lib:/usr/lib/x86_64-linux-gnu/gazebo-11/plugins:/opt/ros/humble/opt/rviz_ogre_vendor/lib:/opt/ros/humble/lib/x86_64-linux-gnu:/opt/ros/humble/lib /usr/bin/cmake --build /home/pederba/sesasr_project_ws/build/turtlebot3_hardware -- -j8 -l8
[4.155s] Invoking command in '/home/pederba/sesasr_project_ws/build/turtlebot3_hardware': CMAKE_PREFIX_PATH=/home/pederba/sesasr_project_ws/install/dynamixel_sdk:/home/pederba/sesasr_project_ws/install/turtlebot3:/home/pederba/sesasr_project_ws/install/turtlebot3_simulations:/home/pederba/sesasr_project_ws/install/turtlebot3_navigation2:/home/pederba/sesasr_project_ws/install/turtlebot3_fake_node:/home/pederba/sesasr_project_ws/install/turtlebot3_msgs:/home/pederba/sesasr_project_ws/install/turtlebot3_hardware:/home/pederba/sesasr_project_ws/install/turtlebot3_gazebo:/home/pederba/sesasr_project_ws/install/turtlebot3_bringup:/home/pederba/sesasr_project_ws/install/turtlebot3_description:/home/pederba/sesasr_project_ws/install/turtlebot3_cartographer:/home/pederba/sesasr_project_ws/install/dynamixel_sdk_examples:/home/pederba/sesasr_project_ws/install/dynamixel_sdk_custom_interfaces:/home/pederba/sesasr_project_ws/install/turtlebot3_teleop:/home/pederba/sesasr_project_ws/install/turtlebot3_example:/home/pederba/sesasr_project_ws/install/project_pkg:/opt/ros/humble LD_LIBRARY_PATH=/home/pederba/sesasr_project_ws/install/dynamixel_sdk/lib:/home/pederba/sesasr_project_ws/install/turtlebot3_msgs/lib:/home/pederba/sesasr_project_ws/install/turtlebot3_hardware/lib:/home/pederba/sesasr_project_ws/install/dynamixel_sdk_custom_interfaces/lib:/usr/lib/x86_64-linux-gnu/gazebo-11/plugins:/opt/ros/humble/opt/rviz_ogre_vendor/lib:/opt/ros/humble/lib/x86_64-linux-gnu:/opt/ros/humble/lib /usr/bin/cmake --install /home/pederba/sesasr_project_ws/build/turtlebot3_hardware
[4.175s] -- Install configuration: ""
[4.176s] -- Execute custom install script
[4.178s] -- Up-to-date symlink: /home/pederba/sesasr_project_ws/install/turtlebot3_hardware/share/turtlebot3_hardware//turtlebot3_hardware.xml
[4.179s] -- Up-to-date symlink: /home/pederba/sesasr_project_ws/install/turtlebot3_hardware/include/turtlebot3_hardware/dynamixel_sdk_wrapper.hpp
[4.179s] -- Up-to-date symlink: /home/pederba/sesasr_project_ws/install/turtlebot3_hardware/include/turtlebot3_hardware/opencr.hpp
[4.180s] -- Up-to-date symlink: /home/pederba/sesasr_project_ws/install/turtlebot3_hardware/include/turtlebot3_hardware/opencr_control_table.hpp
[4.183s] -- Up-to-date symlink: /home/pederba/sesasr_project_ws/install/turtlebot3_hardware/include/turtlebot3_hardware/opencr_definitions.hpp
[4.187s] -- Up-to-date symlink: /home/pederba/sesasr_project_ws/install/turtlebot3_hardware/include/turtlebot3_hardware/turtlebot3_system.hpp
[4.187s] -- Up-to-date symlink: /home/pederba/sesasr_project_ws/install/turtlebot3_hardware/include/turtlebot3_hardware/visibility_control.h
[4.187s] -- Up-to-date symlink: /home/pederba/sesasr_project_ws/install/turtlebot3_hardware/lib/libturtlebot3_hardware.so
[4.187s] -- Up-to-date symlink: /home/pederba/sesasr_project_ws/install/turtlebot3_hardware/share/turtlebot3_hardware/environment/library_path.sh
[4.188s] -- Up-to-date symlink: /home/pederba/sesasr_project_ws/install/turtlebot3_hardware/share/turtlebot3_hardware/environment/library_path.dsv
[4.188s] -- Up-to-date symlink: /home/pederba/sesasr_project_ws/install/turtlebot3_hardware/share/ament_index/resource_index/package_run_dependencies/turtlebot3_hardware
[4.188s] -- Up-to-date symlink: /home/pederba/sesasr_project_ws/install/turtlebot3_hardware/share/ament_index/resource_index/parent_prefix_path/turtlebot3_hardware
[4.188s] -- Up-to-date symlink: /home/pederba/sesasr_project_ws/install/turtlebot3_hardware/share/turtlebot3_hardware/environment/ament_prefix_path.sh
[4.188s] -- Up-to-date symlink: /home/pederba/sesasr_project_ws/install/turtlebot3_hardware/share/turtlebot3_hardware/environment/ament_prefix_path.dsv
[4.189s] -- Up-to-date symlink: /home/pederba/sesasr_project_ws/install/turtlebot3_hardware/share/turtlebot3_hardware/environment/path.sh
[4.189s] -- Up-to-date symlink: /home/pederba/sesasr_project_ws/install/turtlebot3_hardware/share/turtlebot3_hardware/environment/path.dsv
[4.189s] -- Up-to-date symlink: /home/pederba/sesasr_project_ws/install/turtlebot3_hardware/share/turtlebot3_hardware/local_setup.bash
[4.189s] -- Up-to-date symlink: /home/pederba/sesasr_project_ws/install/turtlebot3_hardware/share/turtlebot3_hardware/local_setup.sh
[4.190s] -- Up-to-date symlink: /home/pederba/sesasr_project_ws/install/turtlebot3_hardware/share/turtlebot3_hardware/local_setup.zsh
[4.190s] -- Up-to-date symlink: /home/pederba/sesasr_project_ws/install/turtlebot3_hardware/share/turtlebot3_hardware/local_setup.dsv
[4.190s] -- Symlinking: /home/pederba/sesasr_project_ws/install/turtlebot3_hardware/share/turtlebot3_hardware/package.dsv
[4.221s] -- Up-to-date symlink: /home/pederba/sesasr_project_ws/install/turtlebot3_hardware/share/ament_index/resource_index/packages/turtlebot3_hardware
[4.222s] -- Up-to-date symlink: /home/pederba/sesasr_project_ws/install/turtlebot3_hardware/share/ament_index/resource_index/hardware_interface__pluginlib__plugin/turtlebot3_hardware
[4.223s] -- Up-to-date symlink: /home/pederba/sesasr_project_ws/install/turtlebot3_hardware/share/turtlebot3_hardware/cmake/ament_cmake_export_include_directories-extras.cmake
[4.225s] -- Up-to-date symlink: /home/pederba/sesasr_project_ws/install/turtlebot3_hardware/share/turtlebot3_hardware/cmake/ament_cmake_export_libraries-extras.cmake
[4.226s] -- Up-to-date symlink: /home/pederba/sesasr_project_ws/install/turtlebot3_hardware/share/turtlebot3_hardware/cmake/ament_cmake_export_dependencies-extras.cmake
[4.226s] -- Up-to-date symlink: /home/pederba/sesasr_project_ws/install/turtlebot3_hardware/share/turtlebot3_hardware/cmake/turtlebot3_hardwareConfig.cmake
[4.227s] -- Up-to-date symlink: /home/pederba/sesasr_project_ws/install/turtlebot3_hardware/share/turtlebot3_hardware/cmake/turtlebot3_hardwareConfig-version.cmake
[4.227s] -- Up-to-date symlink: /home/pederba/sesasr_project_ws/install/turtlebot3_hardware/share/turtlebot3_hardware/package.xml
[4.426s] Invoked command in '/home/pederba/sesasr_project_ws/build/turtlebot3_hardware' returned '0': CMAKE_PREFIX_PATH=/home/pederba/sesasr_project_ws/install/dynamixel_sdk:/home/pederba/sesasr_project_ws/install/turtlebot3:/home/pederba/sesasr_project_ws/install/turtlebot3_simulations:/home/pederba/sesasr_project_ws/install/turtlebot3_navigation2:/home/pederba/sesasr_project_ws/install/turtlebot3_fake_node:/home/pederba/sesasr_project_ws/install/turtlebot3_msgs:/home/pederba/sesasr_project_ws/install/turtlebot3_hardware:/home/pederba/sesasr_project_ws/install/turtlebot3_gazebo:/home/pederba/sesasr_project_ws/install/turtlebot3_bringup:/home/pederba/sesasr_project_ws/install/turtlebot3_description:/home/pederba/sesasr_project_ws/install/turtlebot3_cartographer:/home/pederba/sesasr_project_ws/install/dynamixel_sdk_examples:/home/pederba/sesasr_project_ws/install/dynamixel_sdk_custom_interfaces:/home/pederba/sesasr_project_ws/install/turtlebot3_teleop:/home/pederba/sesasr_project_ws/install/turtlebot3_example:/home/pederba/sesasr_project_ws/install/project_pkg:/opt/ros/humble LD_LIBRARY_PATH=/home/pederba/sesasr_project_ws/install/dynamixel_sdk/lib:/home/pederba/sesasr_project_ws/install/turtlebot3_msgs/lib:/home/pederba/sesasr_project_ws/install/turtlebot3_hardware/lib:/home/pederba/sesasr_project_ws/install/dynamixel_sdk_custom_interfaces/lib:/usr/lib/x86_64-linux-gnu/gazebo-11/plugins:/opt/ros/humble/opt/rviz_ogre_vendor/lib:/opt/ros/humble/lib/x86_64-linux-gnu:/opt/ros/humble/lib /usr/bin/cmake --install /home/pederba/sesasr_project_ws/build/turtlebot3_hardware
