[2.841s] Invoking command in '/home/pederba/sesasr_project_ws/src/project_pkg': PYTHONPATH=/home/pederba/sesasr_project_ws/build/project_pkg/prefix_override:/home/pederba/sesasr_project_ws/install/project_pkg/lib/python3.10/site-packages:${PYTHONPATH} /usr/bin/python3 setup.py egg_info --egg-base ../../build/project_pkg build --build-base /home/pederba/sesasr_project_ws/build/project_pkg/build install --record /home/pederba/sesasr_project_ws/build/project_pkg/install.log --single-version-externally-managed
[3.877s] running egg_info
[3.924s] writing ../../build/project_pkg/project_pkg.egg-info/PKG-INFO
[3.926s] writing dependency_links to ../../build/project_pkg/project_pkg.egg-info/dependency_links.txt
[3.926s] writing entry points to ../../build/project_pkg/project_pkg.egg-info/entry_points.txt
[3.927s] writing requirements to ../../build/project_pkg/project_pkg.egg-info/requires.txt
[3.928s] writing top-level names to ../../build/project_pkg/project_pkg.egg-info/top_level.txt
[4.010s] reading manifest file '../../build/project_pkg/project_pkg.egg-info/SOURCES.txt'
[4.012s] writing manifest file '../../build/project_pkg/project_pkg.egg-info/SOURCES.txt'
[4.012s] running build
[4.012s] running build_py
[4.013s] copying project_pkg/recorder.py -> /home/pederba/sesasr_project_ws/build/project_pkg/build/lib/project_pkg
[4.013s] copying project_pkg/plotter.py -> /home/pederba/sesasr_project_ws/build/project_pkg/build/lib/project_pkg
[4.014s] running install
[4.014s] /home/pederba/.local/lib/python3.10/site-packages/setuptools/command/install.py:34: SetuptoolsDeprecationWarning: setup.py install is deprecated. Use build and pip and other standards-based tools.
[4.015s]   warnings.warn(
[4.027s] running install_lib
[4.070s] copying /home/pederba/sesasr_project_ws/build/project_pkg/build/lib/project_pkg/recorder.py -> /home/pederba/sesasr_project_ws/install/project_pkg/lib/python3.10/site-packages/project_pkg
[4.070s] copying /home/pederba/sesasr_project_ws/build/project_pkg/build/lib/project_pkg/plotter.py -> /home/pederba/sesasr_project_ws/install/project_pkg/lib/python3.10/site-packages/project_pkg
[4.071s] byte-compiling /home/pederba/sesasr_project_ws/install/project_pkg/lib/python3.10/site-packages/project_pkg/recorder.py to recorder.cpython-310.pyc
[4.073s] byte-compiling /home/pederba/sesasr_project_ws/install/project_pkg/lib/python3.10/site-packages/project_pkg/plotter.py to plotter.cpython-310.pyc
[4.075s] running install_data
[4.114s] running install_egg_info
[4.156s] removing '/home/pederba/sesasr_project_ws/install/project_pkg/lib/python3.10/site-packages/project_pkg-0.0.0-py3.10.egg-info' (and everything under it)
[4.157s] Copying ../../build/project_pkg/project_pkg.egg-info to /home/pederba/sesasr_project_ws/install/project_pkg/lib/python3.10/site-packages/project_pkg-0.0.0-py3.10.egg-info
[4.160s] running install_scripts
[4.313s] Installing localization_node script to /home/pederba/sesasr_project_ws/install/project_pkg/lib/project_pkg
[4.314s] writing list of installed files to '/home/pederba/sesasr_project_ws/build/project_pkg/install.log'
[4.452s] Invoked command in '/home/pederba/sesasr_project_ws/src/project_pkg' returned '0': PYTHONPATH=/home/pederba/sesasr_project_ws/build/project_pkg/prefix_override:/home/pederba/sesasr_project_ws/install/project_pkg/lib/python3.10/site-packages:${PYTHONPATH} /usr/bin/python3 setup.py egg_info --egg-base ../../build/project_pkg build --build-base /home/pederba/sesasr_project_ws/build/project_pkg/build install --record /home/pederba/sesasr_project_ws/build/project_pkg/install.log --single-version-externally-managed
