[0.747s] Invoking command in '/home/pederba/sesasr_project_ws/build/turtlebot3_cartographer': CMAKE_PREFIX_PATH=${CMAKE_PREFIX_PATH}:/home/pederba/sesasr_project_ws/install/turtlebot3_teleop:/home/pederba/sesasr_project_ws/install/turtlebot3_example:/home/pederba/sesasr_project_ws/install/project_pkg:/opt/ros/humble /usr/bin/cmake --build /home/pederba/sesasr_project_ws/build/turtlebot3_cartographer -- -j8 -l8
[2.263s] Invoked command in '/home/pederba/sesasr_project_ws/build/turtlebot3_cartographer' returned '0': CMAKE_PREFIX_PATH=${CMAKE_PREFIX_PATH}:/home/pederba/sesasr_project_ws/install/turtlebot3_teleop:/home/pederba/sesasr_project_ws/install/turtlebot3_example:/home/pederba/sesasr_project_ws/install/project_pkg:/opt/ros/humble /usr/bin/cmake --build /home/pederba/sesasr_project_ws/build/turtlebot3_cartographer -- -j8 -l8
[2.395s] Invoking command in '/home/pederba/sesasr_project_ws/build/turtlebot3_cartographer': CMAKE_PREFIX_PATH=${CMAKE_PREFIX_PATH}:/home/pederba/sesasr_project_ws/install/turtlebot3_teleop:/home/pederba/sesasr_project_ws/install/turtlebot3_example:/home/pederba/sesasr_project_ws/install/project_pkg:/opt/ros/humble /usr/bin/cmake --install /home/pederba/sesasr_project_ws/build/turtlebot3_cartographer
[2.429s] -- Install configuration: ""
[2.432s] -- Execute custom install script
[2.432s] -- Up-to-date symlink: /home/pederba/sesasr_project_ws/install/turtlebot3_cartographer/share/turtlebot3_cartographer/config/turtlebot3_2d.lua
[2.432s] -- Up-to-date symlink: /home/pederba/sesasr_project_ws/install/turtlebot3_cartographer/share/turtlebot3_cartographer/launch/cartographer.launch.py
[2.432s] -- Up-to-date symlink: /home/pederba/sesasr_project_ws/install/turtlebot3_cartographer/share/turtlebot3_cartographer/rviz/cartographer.rviz
[2.433s] -- Up-to-date symlink: /home/pederba/sesasr_project_ws/install/turtlebot3_cartographer/share/ament_index/resource_index/package_run_dependencies/turtlebot3_cartographer
[2.433s] -- Up-to-date symlink: /home/pederba/sesasr_project_ws/install/turtlebot3_cartographer/share/ament_index/resource_index/parent_prefix_path/turtlebot3_cartographer
[2.433s] -- Up-to-date symlink: /home/pederba/sesasr_project_ws/install/turtlebot3_cartographer/share/turtlebot3_cartographer/environment/ament_prefix_path.sh
[2.433s] -- Up-to-date symlink: /home/pederba/sesasr_project_ws/install/turtlebot3_cartographer/share/turtlebot3_cartographer/environment/ament_prefix_path.dsv
[2.433s] -- Up-to-date symlink: /home/pederba/sesasr_project_ws/install/turtlebot3_cartographer/share/turtlebot3_cartographer/environment/path.sh
[2.433s] -- Up-to-date symlink: /home/pederba/sesasr_project_ws/install/turtlebot3_cartographer/share/turtlebot3_cartographer/environment/path.dsv
[2.433s] -- Up-to-date symlink: /home/pederba/sesasr_project_ws/install/turtlebot3_cartographer/share/turtlebot3_cartographer/local_setup.bash
[2.434s] -- Up-to-date symlink: /home/pederba/sesasr_project_ws/install/turtlebot3_cartographer/share/turtlebot3_cartographer/local_setup.sh
[2.434s] -- Up-to-date symlink: /home/pederba/sesasr_project_ws/install/turtlebot3_cartographer/share/turtlebot3_cartographer/local_setup.zsh
[2.435s] -- Up-to-date symlink: /home/pederba/sesasr_project_ws/install/turtlebot3_cartographer/share/turtlebot3_cartographer/local_setup.dsv
[2.435s] -- Symlinking: /home/pederba/sesasr_project_ws/install/turtlebot3_cartographer/share/turtlebot3_cartographer/package.dsv
[2.458s] -- Up-to-date symlink: /home/pederba/sesasr_project_ws/install/turtlebot3_cartographer/share/ament_index/resource_index/packages/turtlebot3_cartographer
[2.458s] -- Up-to-date symlink: /home/pederba/sesasr_project_ws/install/turtlebot3_cartographer/share/turtlebot3_cartographer/cmake/turtlebot3_cartographerConfig.cmake
[2.458s] -- Up-to-date symlink: /home/pederba/sesasr_project_ws/install/turtlebot3_cartographer/share/turtlebot3_cartographer/cmake/turtlebot3_cartographerConfig-version.cmake
[2.458s] -- Up-to-date symlink: /home/pederba/sesasr_project_ws/install/turtlebot3_cartographer/share/turtlebot3_cartographer/package.xml
[2.756s] Invoked command in '/home/pederba/sesasr_project_ws/build/turtlebot3_cartographer' returned '0': CMAKE_PREFIX_PATH=${CMAKE_PREFIX_PATH}:/home/pederba/sesasr_project_ws/install/turtlebot3_teleop:/home/pederba/sesasr_project_ws/install/turtlebot3_example:/home/pederba/sesasr_project_ws/install/project_pkg:/opt/ros/humble /usr/bin/cmake --install /home/pederba/sesasr_project_ws/build/turtlebot3_cartographer
