[0.620s] Invoking command in '/home/pederba/sesasr_project_ws/build/turtlebot3_hardware': CMAKE_PREFIX_PATH=/home/pederba/sesasr_project_ws/install/dynamixel_sdk:/home/pederba/sesasr_project_ws/install/turtlebot3:/home/pederba/sesasr_project_ws/install/turtlebot3_simulations:/home/pederba/sesasr_project_ws/install/turtlebot3_navigation2:/home/pederba/sesasr_project_ws/install/turtlebot3_fake_node:/home/pederba/sesasr_project_ws/install/turtlebot3_msgs:/home/pederba/sesasr_project_ws/install/turtlebot3_hardware:/home/pederba/sesasr_project_ws/install/turtlebot3_gazebo:/home/pederba/sesasr_project_ws/install/turtlebot3_bringup:/home/pederba/sesasr_project_ws/install/turtlebot3_description:/home/pederba/sesasr_project_ws/install/turtlebot3_cartographer:/home/pederba/sesasr_project_ws/install/dynamixel_sdk_examples:/home/pederba/sesasr_project_ws/install/dynamixel_sdk_custom_interfaces:/home/pederba/sesasr_project_ws/install/turtlebot3_teleop:/home/pederba/sesasr_project_ws/install/turtlebot3_example:/home/pederba/sesasr_project_ws/install/project_pkg:/opt/ros/humble LD_LIBRARY_PATH=/home/pederba/sesasr_project_ws/install/dynamixel_sdk/lib:/home/pederba/sesasr_project_ws/install/turtlebot3_msgs/lib:/home/pederba/sesasr_project_ws/install/turtlebot3_hardware/lib:/home/pederba/sesasr_project_ws/install/dynamixel_sdk_custom_interfaces/lib:/usr/lib/x86_64-linux-gnu/gazebo-11/plugins:/opt/ros/humble/opt/rviz_ogre_vendor/lib:/opt/ros/humble/lib/x86_64-linux-gnu:/opt/ros/humble/lib /usr/bin/cmake --build /home/pederba/sesasr_project_ws/build/turtlebot3_hardware -- -j8 -l8
[0.745s] [100%] Built target turtlebot3_hardware
[1.606s] Invoked command in '/home/pederba/sesasr_project_ws/build/turtlebot3_hardware' returned '0': CMAKE_PREFIX_PATH=/home/pederba/sesasr_project_ws/install/dynamixel_sdk:/home/pederba/sesasr_project_ws/install/turtlebot3:/home/pederba/sesasr_project_ws/install/turtlebot3_simulations:/home/pederba/sesasr_project_ws/install/turtlebot3_navigation2:/home/pederba/sesasr_project_ws/install/turtlebot3_fake_node:/home/pederba/sesasr_project_ws/install/turtlebot3_msgs:/home/pederba/sesasr_project_ws/install/turtlebot3_hardware:/home/pederba/sesasr_project_ws/install/turtlebot3_gazebo:/home/pederba/sesasr_project_ws/install/turtlebot3_bringup:/home/pederba/sesasr_project_ws/install/turtlebot3_description:/home/pederba/sesasr_project_ws/install/turtlebot3_cartographer:/home/pederba/sesasr_project_ws/install/dynamixel_sdk_examples:/home/pederba/sesasr_project_ws/install/dynamixel_sdk_custom_interfaces:/home/pederba/sesasr_project_ws/install/turtlebot3_teleop:/home/pederba/sesasr_project_ws/install/turtlebot3_example:/home/pederba/sesasr_project_ws/install/project_pkg:/opt/ros/humble LD_LIBRARY_PATH=/home/pederba/sesasr_project_ws/install/dynamixel_sdk/lib:/home/pederba/sesasr_project_ws/install/turtlebot3_msgs/lib:/home/pederba/sesasr_project_ws/install/turtlebot3_hardware/lib:/home/pederba/sesasr_project_ws/install/dynamixel_sdk_custom_interfaces/lib:/usr/lib/x86_64-linux-gnu/gazebo-11/plugins:/opt/ros/humble/opt/rviz_ogre_vendor/lib:/opt/ros/humble/lib/x86_64-linux-gnu:/opt/ros/humble/lib /usr/bin/cmake --build /home/pederba/sesasr_project_ws/build/turtlebot3_hardware -- -j8 -l8
[2.653s] Invoking command in '/home/pederba/sesasr_project_ws/build/turtlebot3_hardware': CMAKE_PREFIX_PATH=/home/pederba/sesasr_project_ws/install/dynamixel_sdk:/home/pederba/sesasr_project_ws/install/turtlebot3:/home/pederba/sesasr_project_ws/install/turtlebot3_simulations:/home/pederba/sesasr_project_ws/install/turtlebot3_navigation2:/home/pederba/sesasr_project_ws/install/turtlebot3_fake_node:/home/pederba/sesasr_project_ws/install/turtlebot3_msgs:/home/pederba/sesasr_project_ws/install/turtlebot3_hardware:/home/pederba/sesasr_project_ws/install/turtlebot3_gazebo:/home/pederba/sesasr_project_ws/install/turtlebot3_bringup:/home/pederba/sesasr_project_ws/install/turtlebot3_description:/home/pederba/sesasr_project_ws/install/turtlebot3_cartographer:/home/pederba/sesasr_project_ws/install/dynamixel_sdk_examples:/home/pederba/sesasr_project_ws/install/dynamixel_sdk_custom_interfaces:/home/pederba/sesasr_project_ws/install/turtlebot3_teleop:/home/pederba/sesasr_project_ws/install/turtlebot3_example:/home/pederba/sesasr_project_ws/install/project_pkg:/opt/ros/humble LD_LIBRARY_PATH=/home/pederba/sesasr_project_ws/install/dynamixel_sdk/lib:/home/pederba/sesasr_project_ws/install/turtlebot3_msgs/lib:/home/pederba/sesasr_project_ws/install/turtlebot3_hardware/lib:/home/pederba/sesasr_project_ws/install/dynamixel_sdk_custom_interfaces/lib:/usr/lib/x86_64-linux-gnu/gazebo-11/plugins:/opt/ros/humble/opt/rviz_ogre_vendor/lib:/opt/ros/humble/lib/x86_64-linux-gnu:/opt/ros/humble/lib /usr/bin/cmake --install /home/pederba/sesasr_project_ws/build/turtlebot3_hardware
[2.661s] -- Install configuration: ""
[2.662s] -- Execute custom install script
[2.662s] -- Up-to-date symlink: /home/pederba/sesasr_project_ws/install/turtlebot3_hardware/share/turtlebot3_hardware//turtlebot3_hardware.xml
[2.663s] -- Up-to-date symlink: /home/pederba/sesasr_project_ws/install/turtlebot3_hardware/include/turtlebot3_hardware/dynamixel_sdk_wrapper.hpp
[2.663s] -- Up-to-date symlink: /home/pederba/sesasr_project_ws/install/turtlebot3_hardware/include/turtlebot3_hardware/opencr.hpp
[2.664s] -- Up-to-date symlink: /home/pederba/sesasr_project_ws/install/turtlebot3_hardware/include/turtlebot3_hardware/opencr_control_table.hpp
[2.664s] -- Up-to-date symlink: /home/pederba/sesasr_project_ws/install/turtlebot3_hardware/include/turtlebot3_hardware/opencr_definitions.hpp
[2.664s] -- Up-to-date symlink: /home/pederba/sesasr_project_ws/install/turtlebot3_hardware/include/turtlebot3_hardware/turtlebot3_system.hpp
[2.664s] -- Up-to-date symlink: /home/pederba/sesasr_project_ws/install/turtlebot3_hardware/include/turtlebot3_hardware/visibility_control.h
[2.665s] -- Up-to-date symlink: /home/pederba/sesasr_project_ws/install/turtlebot3_hardware/lib/libturtlebot3_hardware.so
[2.665s] -- Up-to-date symlink: /home/pederba/sesasr_project_ws/install/turtlebot3_hardware/share/turtlebot3_hardware/environment/library_path.sh
[2.666s] -- Up-to-date symlink: /home/pederba/sesasr_project_ws/install/turtlebot3_hardware/share/turtlebot3_hardware/environment/library_path.dsv
[2.666s] -- Up-to-date symlink: /home/pederba/sesasr_project_ws/install/turtlebot3_hardware/share/ament_index/resource_index/package_run_dependencies/turtlebot3_hardware
[2.666s] -- Up-to-date symlink: /home/pederba/sesasr_project_ws/install/turtlebot3_hardware/share/ament_index/resource_index/parent_prefix_path/turtlebot3_hardware
[2.666s] -- Up-to-date symlink: /home/pederba/sesasr_project_ws/install/turtlebot3_hardware/share/turtlebot3_hardware/environment/ament_prefix_path.sh
[2.667s] -- Up-to-date symlink: /home/pederba/sesasr_project_ws/install/turtlebot3_hardware/share/turtlebot3_hardware/environment/ament_prefix_path.dsv
[2.667s] -- Up-to-date symlink: /home/pederba/sesasr_project_ws/install/turtlebot3_hardware/share/turtlebot3_hardware/environment/path.sh
[2.667s] -- Up-to-date symlink: /home/pederba/sesasr_project_ws/install/turtlebot3_hardware/share/turtlebot3_hardware/environment/path.dsv
[2.668s] -- Up-to-date symlink: /home/pederba/sesasr_project_ws/install/turtlebot3_hardware/share/turtlebot3_hardware/local_setup.bash
[2.668s] -- Up-to-date symlink: /home/pederba/sesasr_project_ws/install/turtlebot3_hardware/share/turtlebot3_hardware/local_setup.sh
[2.668s] -- Up-to-date symlink: /home/pederba/sesasr_project_ws/install/turtlebot3_hardware/share/turtlebot3_hardware/local_setup.zsh
[2.668s] -- Up-to-date symlink: /home/pederba/sesasr_project_ws/install/turtlebot3_hardware/share/turtlebot3_hardware/local_setup.dsv
[2.669s] -- Symlinking: /home/pederba/sesasr_project_ws/install/turtlebot3_hardware/share/turtlebot3_hardware/package.dsv
[2.687s] -- Up-to-date symlink: /home/pederba/sesasr_project_ws/install/turtlebot3_hardware/share/ament_index/resource_index/packages/turtlebot3_hardware
[2.687s] -- Up-to-date symlink: /home/pederba/sesasr_project_ws/install/turtlebot3_hardware/share/ament_index/resource_index/hardware_interface__pluginlib__plugin/turtlebot3_hardware
[2.687s] -- Up-to-date symlink: /home/pederba/sesasr_project_ws/install/turtlebot3_hardware/share/turtlebot3_hardware/cmake/ament_cmake_export_include_directories-extras.cmake
[2.688s] -- Up-to-date symlink: /home/pederba/sesasr_project_ws/install/turtlebot3_hardware/share/turtlebot3_hardware/cmake/ament_cmake_export_libraries-extras.cmake
[2.688s] -- Up-to-date symlink: /home/pederba/sesasr_project_ws/install/turtlebot3_hardware/share/turtlebot3_hardware/cmake/ament_cmake_export_dependencies-extras.cmake
[2.688s] -- Up-to-date symlink: /home/pederba/sesasr_project_ws/install/turtlebot3_hardware/share/turtlebot3_hardware/cmake/turtlebot3_hardwareConfig.cmake
[2.688s] -- Up-to-date symlink: /home/pederba/sesasr_project_ws/install/turtlebot3_hardware/share/turtlebot3_hardware/cmake/turtlebot3_hardwareConfig-version.cmake
[2.689s] -- Up-to-date symlink: /home/pederba/sesasr_project_ws/install/turtlebot3_hardware/share/turtlebot3_hardware/package.xml
[2.692s] Invoked command in '/home/pederba/sesasr_project_ws/build/turtlebot3_hardware' returned '0': CMAKE_PREFIX_PATH=/home/pederba/sesasr_project_ws/install/dynamixel_sdk:/home/pederba/sesasr_project_ws/install/turtlebot3:/home/pederba/sesasr_project_ws/install/turtlebot3_simulations:/home/pederba/sesasr_project_ws/install/turtlebot3_navigation2:/home/pederba/sesasr_project_ws/install/turtlebot3_fake_node:/home/pederba/sesasr_project_ws/install/turtlebot3_msgs:/home/pederba/sesasr_project_ws/install/turtlebot3_hardware:/home/pederba/sesasr_project_ws/install/turtlebot3_gazebo:/home/pederba/sesasr_project_ws/install/turtlebot3_bringup:/home/pederba/sesasr_project_ws/install/turtlebot3_description:/home/pederba/sesasr_project_ws/install/turtlebot3_cartographer:/home/pederba/sesasr_project_ws/install/dynamixel_sdk_examples:/home/pederba/sesasr_project_ws/install/dynamixel_sdk_custom_interfaces:/home/pederba/sesasr_project_ws/install/turtlebot3_teleop:/home/pederba/sesasr_project_ws/install/turtlebot3_example:/home/pederba/sesasr_project_ws/install/project_pkg:/opt/ros/humble LD_LIBRARY_PATH=/home/pederba/sesasr_project_ws/install/dynamixel_sdk/lib:/home/pederba/sesasr_project_ws/install/turtlebot3_msgs/lib:/home/pederba/sesasr_project_ws/install/turtlebot3_hardware/lib:/home/pederba/sesasr_project_ws/install/dynamixel_sdk_custom_interfaces/lib:/usr/lib/x86_64-linux-gnu/gazebo-11/plugins:/opt/ros/humble/opt/rviz_ogre_vendor/lib:/opt/ros/humble/lib/x86_64-linux-gnu:/opt/ros/humble/lib /usr/bin/cmake --install /home/pederba/sesasr_project_ws/build/turtlebot3_hardware
