[0.887s] Invoking command in '/home/pederba/sesasr_project_ws/build/dynamixel_sdk': CMAKE_PREFIX_PATH=/opt/ros/humble /usr/bin/cmake /home/pederba/sesasr_project_ws/src/turtlebot3/utils/DynamixelSDK/dynamixel_sdk -DAMENT_CMAKE_SYMLINK_INSTALL=1 -DCMAKE_INSTALL_PREFIX=/home/pederba/sesasr_project_ws/install/dynamixel_sdk
[1.101s] -- The C compiler identification is GNU 11.4.0
[1.308s] -- The CXX compiler identification is GNU 11.4.0
[1.326s] -- Detecting C compiler ABI info
[1.534s] -- Detecting C compiler ABI info - done
[1.555s] -- Check for working C compiler: /usr/bin/cc - skipped
[1.556s] -- Detecting C compile features
[1.557s] -- Detecting C compile features - done
[1.564s] -- Detecting CXX compiler ABI info
[1.809s] -- Detecting CXX compiler ABI info - done
[1.829s] -- Check for working CXX compiler: /usr/bin/c++ - skipped
[1.829s] -- Detecting CXX compile features
[1.831s] -- Detecting CXX compile features - done
[1.838s] -- Found ament_cmake: 1.3.6 (/opt/ros/humble/share/ament_cmake/cmake)
[4.398s] -- Found Python3: /usr/bin/python3.10 (found version "3.10.12") found components: Interpreter 
[4.593s] -- Override CMake install command with custom implementation using symlinks instead of copying resources
[4.865s] -- Configuring done
[4.885s] -- Generating done
[4.889s] -- Build files have been written to: /home/pederba/sesasr_project_ws/build/dynamixel_sdk
[4.903s] Invoked command in '/home/pederba/sesasr_project_ws/build/dynamixel_sdk' returned '0': CMAKE_PREFIX_PATH=/opt/ros/humble /usr/bin/cmake /home/pederba/sesasr_project_ws/src/turtlebot3/utils/DynamixelSDK/dynamixel_sdk -DAMENT_CMAKE_SYMLINK_INSTALL=1 -DCMAKE_INSTALL_PREFIX=/home/pederba/sesasr_project_ws/install/dynamixel_sdk
[4.907s] Invoking command in '/home/pederba/sesasr_project_ws/build/dynamixel_sdk': CMAKE_PREFIX_PATH=/opt/ros/humble /usr/bin/cmake --build /home/pederba/sesasr_project_ws/build/dynamixel_sdk -- -j8 -l8
[5.041s] [ 10%] [32mBuilding CXX object CMakeFiles/dynamixel_sdk.dir/src/dynamixel_sdk/packet_handler.cpp.o[0m
[5.044s] [ 20%] [32mBuilding CXX object CMakeFiles/dynamixel_sdk.dir/src/dynamixel_sdk/protocol1_packet_handler.cpp.o[0m
[5.050s] [ 30%] [32mBuilding CXX object CMakeFiles/dynamixel_sdk.dir/src/dynamixel_sdk/protocol2_packet_handler.cpp.o[0m
[5.059s] [ 40%] [32mBuilding CXX object CMakeFiles/dynamixel_sdk.dir/src/dynamixel_sdk/port_handler.cpp.o[0m
[5.060s] [ 50%] [32mBuilding CXX object CMakeFiles/dynamixel_sdk.dir/src/dynamixel_sdk/group_sync_read.cpp.o[0m
[5.085s] [ 60%] [32mBuilding CXX object CMakeFiles/dynamixel_sdk.dir/src/dynamixel_sdk/group_bulk_read.cpp.o[0m
[5.085s] [ 70%] [32mBuilding CXX object CMakeFiles/dynamixel_sdk.dir/src/dynamixel_sdk/group_bulk_write.cpp.o[0m
[5.092s] [ 80%] [32mBuilding CXX object CMakeFiles/dynamixel_sdk.dir/src/dynamixel_sdk/group_sync_write.cpp.o[0m
[5.205s] [ 90%] [32mBuilding CXX object CMakeFiles/dynamixel_sdk.dir/src/dynamixel_sdk/port_handler_linux.cpp.o[0m
[6.869s] [100%] [32m[1mLinking CXX shared library libdynamixel_sdk.so[0m
[7.122s] [100%] Built target dynamixel_sdk
[7.358s] Invoked command in '/home/pederba/sesasr_project_ws/build/dynamixel_sdk' returned '0': CMAKE_PREFIX_PATH=/opt/ros/humble /usr/bin/cmake --build /home/pederba/sesasr_project_ws/build/dynamixel_sdk -- -j8 -l8
[7.898s] Invoking command in '/home/pederba/sesasr_project_ws/build/dynamixel_sdk': CMAKE_PREFIX_PATH=/opt/ros/humble /usr/bin/cmake --install /home/pederba/sesasr_project_ws/build/dynamixel_sdk
[8.073s] -- Install configuration: ""
[8.074s] -- Execute custom install script
[8.076s] -- Symlinking: /home/pederba/sesasr_project_ws/install/dynamixel_sdk/include//dynamixel_sdk/dynamixel_sdk.h
[8.077s] -- Symlinking: /home/pederba/sesasr_project_ws/install/dynamixel_sdk/include//dynamixel_sdk/group_bulk_read.h
[8.077s] -- Symlinking: /home/pederba/sesasr_project_ws/install/dynamixel_sdk/include//dynamixel_sdk/group_bulk_write.h
[8.077s] -- Symlinking: /home/pederba/sesasr_project_ws/install/dynamixel_sdk/include//dynamixel_sdk/group_sync_read.h
[8.079s] -- Symlinking: /home/pederba/sesasr_project_ws/install/dynamixel_sdk/include//dynamixel_sdk/group_sync_write.h
[8.080s] -- Symlinking: /home/pederba/sesasr_project_ws/install/dynamixel_sdk/include//dynamixel_sdk/packet_handler.h
[8.081s] -- Symlinking: /home/pederba/sesasr_project_ws/install/dynamixel_sdk/include//dynamixel_sdk/port_handler.h
[8.081s] -- Symlinking: /home/pederba/sesasr_project_ws/install/dynamixel_sdk/include//dynamixel_sdk/port_handler_arduino.h
[8.081s] -- Symlinking: /home/pederba/sesasr_project_ws/install/dynamixel_sdk/include//dynamixel_sdk/port_handler_linux.h
[8.090s] -- Symlinking: /home/pederba/sesasr_project_ws/install/dynamixel_sdk/include//dynamixel_sdk/port_handler_mac.h
[8.110s] -- Symlinking: /home/pederba/sesasr_project_ws/install/dynamixel_sdk/include//dynamixel_sdk/port_handler_windows.h
[8.133s] -- Symlinking: /home/pederba/sesasr_project_ws/install/dynamixel_sdk/include//dynamixel_sdk/protocol1_packet_handler.h
[8.155s] -- Symlinking: /home/pederba/sesasr_project_ws/install/dynamixel_sdk/include//dynamixel_sdk/protocol2_packet_handler.h
[8.180s] -- Symlinking: /home/pederba/sesasr_project_ws/install/dynamixel_sdk/lib/libdynamixel_sdk.so
[8.203s] -- Symlinking: /home/pederba/sesasr_project_ws/install/dynamixel_sdk/share/dynamixel_sdk/environment/library_path.sh
[8.227s] -- Symlinking: /home/pederba/sesasr_project_ws/install/dynamixel_sdk/share/dynamixel_sdk/environment/library_path.dsv
[8.254s] -- Symlinking: /home/pederba/sesasr_project_ws/install/dynamixel_sdk/share/ament_index/resource_index/package_run_dependencies/dynamixel_sdk
[8.280s] -- Symlinking: /home/pederba/sesasr_project_ws/install/dynamixel_sdk/share/ament_index/resource_index/parent_prefix_path/dynamixel_sdk
[8.305s] -- Symlinking: /home/pederba/sesasr_project_ws/install/dynamixel_sdk/share/dynamixel_sdk/environment/ament_prefix_path.sh
[8.331s] -- Symlinking: /home/pederba/sesasr_project_ws/install/dynamixel_sdk/share/dynamixel_sdk/environment/ament_prefix_path.dsv
[8.356s] -- Symlinking: /home/pederba/sesasr_project_ws/install/dynamixel_sdk/share/dynamixel_sdk/environment/path.sh
[8.379s] -- Symlinking: /home/pederba/sesasr_project_ws/install/dynamixel_sdk/share/dynamixel_sdk/environment/path.dsv
[8.403s] -- Symlinking: /home/pederba/sesasr_project_ws/install/dynamixel_sdk/share/dynamixel_sdk/local_setup.bash
[8.428s] -- Symlinking: /home/pederba/sesasr_project_ws/install/dynamixel_sdk/share/dynamixel_sdk/local_setup.sh
[8.452s] -- Symlinking: /home/pederba/sesasr_project_ws/install/dynamixel_sdk/share/dynamixel_sdk/local_setup.zsh
[8.480s] -- Symlinking: /home/pederba/sesasr_project_ws/install/dynamixel_sdk/share/dynamixel_sdk/local_setup.dsv
[8.504s] -- Symlinking: /home/pederba/sesasr_project_ws/install/dynamixel_sdk/share/dynamixel_sdk/package.dsv
[8.535s] -- Symlinking: /home/pederba/sesasr_project_ws/install/dynamixel_sdk/share/ament_index/resource_index/packages/dynamixel_sdk
[8.562s] -- Symlinking: /home/pederba/sesasr_project_ws/install/dynamixel_sdk/share/dynamixel_sdk/cmake/ament_cmake_export_include_directories-extras.cmake
[8.588s] -- Symlinking: /home/pederba/sesasr_project_ws/install/dynamixel_sdk/share/dynamixel_sdk/cmake/ament_cmake_export_libraries-extras.cmake
[8.614s] -- Symlinking: /home/pederba/sesasr_project_ws/install/dynamixel_sdk/share/dynamixel_sdk/cmake/dynamixel_sdkConfig.cmake
[8.664s] -- Symlinking: /home/pederba/sesasr_project_ws/install/dynamixel_sdk/share/dynamixel_sdk/cmake/dynamixel_sdkConfig-version.cmake
[8.704s] -- Symlinking: /home/pederba/sesasr_project_ws/install/dynamixel_sdk/share/dynamixel_sdk/package.xml
[8.739s] Invoked command in '/home/pederba/sesasr_project_ws/build/dynamixel_sdk' returned '0': CMAKE_PREFIX_PATH=/opt/ros/humble /usr/bin/cmake --install /home/pederba/sesasr_project_ws/build/dynamixel_sdk
