[2.994s] Invoking command in '/home/pederba/sesasr_project_ws/src/turtlebot3/turtlebot3_example': AMENT_PREFIX_PATH=/home/pederba/sesasr_project_ws/install/turtlebot3_msgs:${AMENT_PREFIX_PATH} CMAKE_PREFIX_PATH=/home/pederba/sesasr_project_ws/install/turtlebot3_msgs LD_LIBRARY_PATH=/home/pederba/sesasr_project_ws/install/turtlebot3_msgs/lib:${LD_LIBRARY_PATH} PYTHONPATH=/home/pederba/sesasr_project_ws/build/turtlebot3_example/prefix_override:/home/pederba/sesasr_project_ws/install/turtlebot3_example/lib/python3.10/site-packages:/home/pederba/sesasr_project_ws/install/turtlebot3_msgs/local/lib/python3.10/dist-packages:${PYTHONPATH} /usr/bin/python3 setup.py egg_info --egg-base ../../../build/turtlebot3_example build --build-base /home/pederba/sesasr_project_ws/build/turtlebot3_example/build install --record /home/pederba/sesasr_project_ws/build/turtlebot3_example/install.log --single-version-externally-managed
[3.785s] running egg_info
[3.816s] writing ../../../build/turtlebot3_example/turtlebot3_example.egg-info/PKG-INFO
[3.816s] writing dependency_links to ../../../build/turtlebot3_example/turtlebot3_example.egg-info/dependency_links.txt
[3.817s] writing entry points to ../../../build/turtlebot3_example/turtlebot3_example.egg-info/entry_points.txt
[3.817s] writing requirements to ../../../build/turtlebot3_example/turtlebot3_example.egg-info/requires.txt
[3.817s] writing top-level names to ../../../build/turtlebot3_example/turtlebot3_example.egg-info/top_level.txt
[3.885s] reading manifest file '../../../build/turtlebot3_example/turtlebot3_example.egg-info/SOURCES.txt'
[3.886s] writing manifest file '../../../build/turtlebot3_example/turtlebot3_example.egg-info/SOURCES.txt'
[3.887s] running build
[3.887s] running build_py
[3.888s] running install
[3.888s] /home/pederba/.local/lib/python3.10/site-packages/setuptools/command/install.py:34: SetuptoolsDeprecationWarning: setup.py install is deprecated. Use build and pip and other standards-based tools.
[3.888s]   warnings.warn(
[3.897s] running install_lib
[3.931s] running install_data
[3.964s] running install_egg_info
[3.997s] removing '/home/pederba/sesasr_project_ws/install/turtlebot3_example/lib/python3.10/site-packages/turtlebot3_example-2.1.5-py3.10.egg-info' (and everything under it)
[3.997s] Copying ../../../build/turtlebot3_example/turtlebot3_example.egg-info to /home/pederba/sesasr_project_ws/install/turtlebot3_example/lib/python3.10/site-packages/turtlebot3_example-2.1.5-py3.10.egg-info
[4.006s] running install_scripts
[4.118s] Installing turtlebot3_interactive_marker script to /home/pederba/sesasr_project_ws/install/turtlebot3_example/lib/turtlebot3_example
[4.118s] Installing turtlebot3_obstacle_detection script to /home/pederba/sesasr_project_ws/install/turtlebot3_example/lib/turtlebot3_example
[4.118s] Installing turtlebot3_patrol_client script to /home/pederba/sesasr_project_ws/install/turtlebot3_example/lib/turtlebot3_example
[4.119s] Installing turtlebot3_patrol_server script to /home/pederba/sesasr_project_ws/install/turtlebot3_example/lib/turtlebot3_example
[4.119s] Installing turtlebot3_position_control_pointop_key script to /home/pederba/sesasr_project_ws/install/turtlebot3_example/lib/turtlebot3_example
[4.119s] writing list of installed files to '/home/pederba/sesasr_project_ws/build/turtlebot3_example/install.log'
[4.214s] Invoked command in '/home/pederba/sesasr_project_ws/src/turtlebot3/turtlebot3_example' returned '0': AMENT_PREFIX_PATH=/home/pederba/sesasr_project_ws/install/turtlebot3_msgs:${AMENT_PREFIX_PATH} CMAKE_PREFIX_PATH=/home/pederba/sesasr_project_ws/install/turtlebot3_msgs LD_LIBRARY_PATH=/home/pederba/sesasr_project_ws/install/turtlebot3_msgs/lib:${LD_LIBRARY_PATH} PYTHONPATH=/home/pederba/sesasr_project_ws/build/turtlebot3_example/prefix_override:/home/pederba/sesasr_project_ws/install/turtlebot3_example/lib/python3.10/site-packages:/home/pederba/sesasr_project_ws/install/turtlebot3_msgs/local/lib/python3.10/dist-packages:${PYTHONPATH} /usr/bin/python3 setup.py egg_info --egg-base ../../../build/turtlebot3_example build --build-base /home/pederba/sesasr_project_ws/build/turtlebot3_example/build install --record /home/pederba/sesasr_project_ws/build/turtlebot3_example/install.log --single-version-externally-managed
