[1.967s] Invoking command in '/home/pederba/sesasr_project_ws/src/project_pkg': PYTHONPATH=/home/pederba/sesasr_project_ws/build/project_pkg/prefix_override:/home/pederba/sesasr_project_ws/install/project_pkg/lib/python3.10/site-packages:${PYTHONPATH} /usr/bin/python3 setup.py egg_info --egg-base ../../build/project_pkg build --build-base /home/pederba/sesasr_project_ws/build/project_pkg/build install --record /home/pederba/sesasr_project_ws/build/project_pkg/install.log --single-version-externally-managed
[2.620s] running egg_info
[2.649s] writing ../../build/project_pkg/project_pkg.egg-info/PKG-INFO
[2.649s] writing dependency_links to ../../build/project_pkg/project_pkg.egg-info/dependency_links.txt
[2.649s] writing entry points to ../../build/project_pkg/project_pkg.egg-info/entry_points.txt
[2.649s] writing requirements to ../../build/project_pkg/project_pkg.egg-info/requires.txt
[2.650s] writing top-level names to ../../build/project_pkg/project_pkg.egg-info/top_level.txt
[2.704s] reading manifest file '../../build/project_pkg/project_pkg.egg-info/SOURCES.txt'
[2.706s] writing manifest file '../../build/project_pkg/project_pkg.egg-info/SOURCES.txt'
[2.706s] running build
[2.706s] running build_py
[2.707s] running install
[2.708s] /home/pederba/.local/lib/python3.10/site-packages/setuptools/command/install.py:34: SetuptoolsDeprecationWarning: setup.py install is deprecated. Use build and pip and other standards-based tools.
[2.708s]   warnings.warn(
[2.715s] running install_lib
[2.744s] running install_data
[2.770s] running install_egg_info
[2.798s] removing '/home/pederba/sesasr_project_ws/install/project_pkg/lib/python3.10/site-packages/project_pkg-0.0.0-py3.10.egg-info' (and everything under it)
[2.799s] Copying ../../build/project_pkg/project_pkg.egg-info to /home/pederba/sesasr_project_ws/install/project_pkg/lib/python3.10/site-packages/project_pkg-0.0.0-py3.10.egg-info
[2.800s] running install_scripts
[2.909s] Installing localization_node script to /home/pederba/sesasr_project_ws/install/project_pkg/lib/project_pkg
[2.910s] Installing recorder script to /home/pederba/sesasr_project_ws/install/project_pkg/lib/project_pkg
[2.910s] writing list of installed files to '/home/pederba/sesasr_project_ws/build/project_pkg/install.log'
[2.985s] Invoked command in '/home/pederba/sesasr_project_ws/src/project_pkg' returned '0': PYTHONPATH=/home/pederba/sesasr_project_ws/build/project_pkg/prefix_override:/home/pederba/sesasr_project_ws/install/project_pkg/lib/python3.10/site-packages:${PYTHONPATH} /usr/bin/python3 setup.py egg_info --egg-base ../../build/project_pkg build --build-base /home/pederba/sesasr_project_ws/build/project_pkg/build install --record /home/pederba/sesasr_project_ws/build/project_pkg/install.log --single-version-externally-managed
