[2.096s] Invoking command in '/home/pederba/sesasr_project_ws/build/turtlebot3_fake_node': AMENT_PREFIX_PATH=/home/pederba/sesasr_project_ws/install/turtlebot3_msgs:${AMENT_PREFIX_PATH} CMAKE_PREFIX_PATH=/home/pederba/sesasr_project_ws/install/turtlebot3_msgs:/opt/ros/humble LD_LIBRARY_PATH=/home/pederba/sesasr_project_ws/install/turtlebot3_msgs/lib:${LD_LIBRARY_PATH} PYTHONPATH=/home/pederba/sesasr_project_ws/install/turtlebot3_msgs/local/lib/python3.10/dist-packages:${PYTHONPATH} /usr/bin/cmake /home/pederba/sesasr_project_ws/src/turtlebot3/turtlebot3_simulations/turtlebot3_fake_node -DAMENT_CMAKE_SYMLINK_INSTALL=1 -DCMAKE_INSTALL_PREFIX=/home/pederba/sesasr_project_ws/install/turtlebot3_fake_node
[2.404s] -- The C compiler identification is GNU 11.4.0
[2.651s] -- The CXX compiler identification is GNU 11.4.0
[2.709s] -- Detecting C compiler ABI info
[3.245s] -- Detecting C compiler ABI info - done
[3.284s] -- Check for working C compiler: /usr/bin/cc - skipped
[3.287s] -- Detecting C compile features
[3.304s] -- Detecting C compile features - done
[3.319s] -- Detecting CXX compiler ABI info
[3.671s] -- Detecting CXX compiler ABI info - done
[3.697s] -- Check for working CXX compiler: /usr/bin/c++ - skipped
[3.699s] -- Detecting CXX compile features
[3.700s] -- Detecting CXX compile features - done
[3.729s] -- Found ament_cmake: 1.3.6 (/opt/ros/humble/share/ament_cmake/cmake)
[6.207s] -- Found Python3: /usr/bin/python3.10 (found version "3.10.12") found components: Interpreter 
[6.437s] -- Override CMake install command with custom implementation using symlinks instead of copying resources
[6.535s] -- Found geometry_msgs: 4.2.3 (/opt/ros/humble/share/geometry_msgs/cmake)
[6.670s] -- Found rosidl_generator_c: 3.1.5 (/opt/ros/humble/share/rosidl_generator_c/cmake)
[6.685s] -- Found rosidl_adapter: 3.1.5 (/opt/ros/humble/share/rosidl_adapter/cmake)
[6.716s] -- Found rosidl_generator_cpp: 3.1.5 (/opt/ros/humble/share/rosidl_generator_cpp/cmake)
[6.773s] -- Using all available rosidl_typesupport_c: rosidl_typesupport_fastrtps_c;rosidl_typesupport_introspection_c
[6.843s] -- Using all available rosidl_typesupport_cpp: rosidl_typesupport_fastrtps_cpp;rosidl_typesupport_introspection_cpp
[7.195s] -- Found nav_msgs: 4.2.3 (/opt/ros/humble/share/nav_msgs/cmake)
[7.452s] -- Found rclcpp: 16.0.7 (/opt/ros/humble/share/rclcpp/cmake)
[7.643s] -- Found rmw_implementation_cmake: 6.1.1 (/opt/ros/humble/share/rmw_implementation_cmake/cmake)
[7.657s] -- Found rmw_fastrtps_cpp: 6.2.5 (/opt/ros/humble/share/rmw_fastrtps_cpp/cmake)
[7.999s] -- Found OpenSSL: /usr/lib/x86_64-linux-gnu/libcrypto.so (found version "3.0.2")  
[8.083s] -- Found FastRTPS: /opt/ros/humble/include  
[8.260s] -- Using RMW implementation 'rmw_fastrtps_cpp' as default
[8.298s] -- Looking for pthread.h
[8.539s] -- Looking for pthread.h - found
[8.540s] -- Performing Test CMAKE_HAVE_LIBC_PTHREAD
[8.748s] -- Performing Test CMAKE_HAVE_LIBC_PTHREAD - Success
[8.752s] -- Found Threads: TRUE  
[9.220s] -- Found sensor_msgs: 4.2.3 (/opt/ros/humble/share/sensor_msgs/cmake)
[9.487s] -- Found tf2: 0.25.5 (/opt/ros/humble/share/tf2/cmake)
[9.529s] -- Found tf2_msgs: 0.25.5 (/opt/ros/humble/share/tf2_msgs/cmake)
[9.831s] -- Found turtlebot3_msgs: 2.2.3 (/home/pederba/sesasr_project_ws/install/turtlebot3_msgs/share/turtlebot3_msgs/cmake)
[10.198s] -- Configuring done
[10.239s] -- Generating done
[10.244s] -- Build files have been written to: /home/pederba/sesasr_project_ws/build/turtlebot3_fake_node
[10.281s] Invoked command in '/home/pederba/sesasr_project_ws/build/turtlebot3_fake_node' returned '0': AMENT_PREFIX_PATH=/home/pederba/sesasr_project_ws/install/turtlebot3_msgs:${AMENT_PREFIX_PATH} CMAKE_PREFIX_PATH=/home/pederba/sesasr_project_ws/install/turtlebot3_msgs:/opt/ros/humble LD_LIBRARY_PATH=/home/pederba/sesasr_project_ws/install/turtlebot3_msgs/lib:${LD_LIBRARY_PATH} PYTHONPATH=/home/pederba/sesasr_project_ws/install/turtlebot3_msgs/local/lib/python3.10/dist-packages:${PYTHONPATH} /usr/bin/cmake /home/pederba/sesasr_project_ws/src/turtlebot3/turtlebot3_simulations/turtlebot3_fake_node -DAMENT_CMAKE_SYMLINK_INSTALL=1 -DCMAKE_INSTALL_PREFIX=/home/pederba/sesasr_project_ws/install/turtlebot3_fake_node
[10.285s] Invoking command in '/home/pederba/sesasr_project_ws/build/turtlebot3_fake_node': AMENT_PREFIX_PATH=/home/pederba/sesasr_project_ws/install/turtlebot3_msgs:${AMENT_PREFIX_PATH} CMAKE_PREFIX_PATH=/home/pederba/sesasr_project_ws/install/turtlebot3_msgs:/opt/ros/humble LD_LIBRARY_PATH=/home/pederba/sesasr_project_ws/install/turtlebot3_msgs/lib:${LD_LIBRARY_PATH} PYTHONPATH=/home/pederba/sesasr_project_ws/install/turtlebot3_msgs/local/lib/python3.10/dist-packages:${PYTHONPATH} /usr/bin/cmake --build /home/pederba/sesasr_project_ws/build/turtlebot3_fake_node -- -j8 -l8
[10.443s] [ 50%] [32mBuilding CXX object CMakeFiles/turtlebot3_fake_node.dir/src/turtlebot3_fake_node.cpp.o[0m
[26.439s] [100%] [32m[1mLinking CXX executable turtlebot3_fake_node[0m
[27.405s] [100%] Built target turtlebot3_fake_node
[27.443s] Invoked command in '/home/pederba/sesasr_project_ws/build/turtlebot3_fake_node' returned '0': AMENT_PREFIX_PATH=/home/pederba/sesasr_project_ws/install/turtlebot3_msgs:${AMENT_PREFIX_PATH} CMAKE_PREFIX_PATH=/home/pederba/sesasr_project_ws/install/turtlebot3_msgs:/opt/ros/humble LD_LIBRARY_PATH=/home/pederba/sesasr_project_ws/install/turtlebot3_msgs/lib:${LD_LIBRARY_PATH} PYTHONPATH=/home/pederba/sesasr_project_ws/install/turtlebot3_msgs/local/lib/python3.10/dist-packages:${PYTHONPATH} /usr/bin/cmake --build /home/pederba/sesasr_project_ws/build/turtlebot3_fake_node -- -j8 -l8
[27.515s] Invoking command in '/home/pederba/sesasr_project_ws/build/turtlebot3_fake_node': AMENT_PREFIX_PATH=/home/pederba/sesasr_project_ws/install/turtlebot3_msgs:${AMENT_PREFIX_PATH} CMAKE_PREFIX_PATH=/home/pederba/sesasr_project_ws/install/turtlebot3_msgs:/opt/ros/humble LD_LIBRARY_PATH=/home/pederba/sesasr_project_ws/install/turtlebot3_msgs/lib:${LD_LIBRARY_PATH} PYTHONPATH=/home/pederba/sesasr_project_ws/install/turtlebot3_msgs/local/lib/python3.10/dist-packages:${PYTHONPATH} /usr/bin/cmake --install /home/pederba/sesasr_project_ws/build/turtlebot3_fake_node
[27.538s] -- Install configuration: ""
[27.539s] -- Execute custom install script
[27.540s] -- Symlinking: /home/pederba/sesasr_project_ws/install/turtlebot3_fake_node/lib/turtlebot3_fake_node/turtlebot3_fake_node
[27.566s] -- Symlinking: /home/pederba/sesasr_project_ws/install/turtlebot3_fake_node/share/turtlebot3_fake_node/launch/rviz2.launch.py
[27.584s] -- Symlinking: /home/pederba/sesasr_project_ws/install/turtlebot3_fake_node/share/turtlebot3_fake_node/launch/turtlebot3_fake_node.launch.py
[27.610s] -- Symlinking: /home/pederba/sesasr_project_ws/install/turtlebot3_fake_node/share/turtlebot3_fake_node/param/burger.yaml
[27.628s] -- Symlinking: /home/pederba/sesasr_project_ws/install/turtlebot3_fake_node/share/turtlebot3_fake_node/param/waffle.yaml
[27.657s] -- Symlinking: /home/pederba/sesasr_project_ws/install/turtlebot3_fake_node/share/turtlebot3_fake_node/param/waffle_pi.yaml
[27.686s] -- Symlinking: /home/pederba/sesasr_project_ws/install/turtlebot3_fake_node/include//turtlebot3_fake_node/turtlebot3_fake_node.hpp
[27.706s] -- Symlinking: /home/pederba/sesasr_project_ws/install/turtlebot3_fake_node/share/ament_index/resource_index/package_run_dependencies/turtlebot3_fake_node
[27.728s] -- Symlinking: /home/pederba/sesasr_project_ws/install/turtlebot3_fake_node/share/ament_index/resource_index/parent_prefix_path/turtlebot3_fake_node
[27.746s] -- Symlinking: /home/pederba/sesasr_project_ws/install/turtlebot3_fake_node/share/turtlebot3_fake_node/environment/ament_prefix_path.sh
[27.765s] -- Symlinking: /home/pederba/sesasr_project_ws/install/turtlebot3_fake_node/share/turtlebot3_fake_node/environment/ament_prefix_path.dsv
[27.785s] -- Symlinking: /home/pederba/sesasr_project_ws/install/turtlebot3_fake_node/share/turtlebot3_fake_node/environment/path.sh
[27.809s] -- Symlinking: /home/pederba/sesasr_project_ws/install/turtlebot3_fake_node/share/turtlebot3_fake_node/environment/path.dsv
[27.829s] -- Symlinking: /home/pederba/sesasr_project_ws/install/turtlebot3_fake_node/share/turtlebot3_fake_node/local_setup.bash
[27.850s] -- Symlinking: /home/pederba/sesasr_project_ws/install/turtlebot3_fake_node/share/turtlebot3_fake_node/local_setup.sh
[27.874s] -- Symlinking: /home/pederba/sesasr_project_ws/install/turtlebot3_fake_node/share/turtlebot3_fake_node/local_setup.zsh
[27.898s] -- Symlinking: /home/pederba/sesasr_project_ws/install/turtlebot3_fake_node/share/turtlebot3_fake_node/local_setup.dsv
[27.921s] -- Symlinking: /home/pederba/sesasr_project_ws/install/turtlebot3_fake_node/share/turtlebot3_fake_node/package.dsv
[27.940s] -- Symlinking: /home/pederba/sesasr_project_ws/install/turtlebot3_fake_node/share/ament_index/resource_index/packages/turtlebot3_fake_node
[27.959s] -- Symlinking: /home/pederba/sesasr_project_ws/install/turtlebot3_fake_node/share/turtlebot3_fake_node/cmake/ament_cmake_export_include_directories-extras.cmake
[27.978s] -- Symlinking: /home/pederba/sesasr_project_ws/install/turtlebot3_fake_node/share/turtlebot3_fake_node/cmake/ament_cmake_export_dependencies-extras.cmake
[28.000s] -- Symlinking: /home/pederba/sesasr_project_ws/install/turtlebot3_fake_node/share/turtlebot3_fake_node/cmake/turtlebot3_fake_nodeConfig.cmake
[28.024s] -- Symlinking: /home/pederba/sesasr_project_ws/install/turtlebot3_fake_node/share/turtlebot3_fake_node/cmake/turtlebot3_fake_nodeConfig-version.cmake
[28.043s] -- Symlinking: /home/pederba/sesasr_project_ws/install/turtlebot3_fake_node/share/turtlebot3_fake_node/package.xml
[28.067s] Invoked command in '/home/pederba/sesasr_project_ws/build/turtlebot3_fake_node' returned '0': AMENT_PREFIX_PATH=/home/pederba/sesasr_project_ws/install/turtlebot3_msgs:${AMENT_PREFIX_PATH} CMAKE_PREFIX_PATH=/home/pederba/sesasr_project_ws/install/turtlebot3_msgs:/opt/ros/humble LD_LIBRARY_PATH=/home/pederba/sesasr_project_ws/install/turtlebot3_msgs/lib:${LD_LIBRARY_PATH} PYTHONPATH=/home/pederba/sesasr_project_ws/install/turtlebot3_msgs/local/lib/python3.10/dist-packages:${PYTHONPATH} /usr/bin/cmake --install /home/pederba/sesasr_project_ws/build/turtlebot3_fake_node
