running egg_info
creating ../../build/project_pkg/project_pkg.egg-info
writing ../../build/project_pkg/project_pkg.egg-info/PKG-INFO
writing dependency_links to ../../build/project_pkg/project_pkg.egg-info/dependency_links.txt
writing requirements to ../../build/project_pkg/project_pkg.egg-info/requires.txt
writing top-level names to ../../build/project_pkg/project_pkg.egg-info/top_level.txt
writing manifest file '../../build/project_pkg/project_pkg.egg-info/SOURCES.txt'
reading manifest file '../../build/project_pkg/project_pkg.egg-info/SOURCES.txt'
writing manifest file '../../build/project_pkg/project_pkg.egg-info/SOURCES.txt'
running build
running build_py
creating /home/pederba/sesasr_project_ws/build/project_pkg/build
creating /home/pederba/sesasr_project_ws/build/project_pkg/build/lib
creating /home/pederba/sesasr_project_ws/build/project_pkg/build/lib/project_pkg
copying project_pkg/measurement_model.py -> /home/pederba/sesasr_project_ws/build/project_pkg/build/lib/project_pkg
copying project_pkg/ekf.py -> /home/pederba/sesasr_project_ws/build/project_pkg/build/lib/project_pkg
/home/pederba/.local/lib/python3.10/site-packages/setuptools/command/install.py:34: SetuptoolsDeprecationWarning: setup.py install is deprecated. Use build and pip and other standards-based tools.
  warnings.warn(
copying project_pkg/__init__.py -> /home/pederba/sesasr_project_ws/build/project_pkg/build/lib/project_pkg
copying project_pkg/motion_models.py -> /home/pederba/sesasr_project_ws/build/project_pkg/build/lib/project_pkg
running install
running install_lib
creating /home/pederba/sesasr_project_ws/install/project_pkg/lib/python3.10/site-packages/project_pkg
copying /home/pederba/sesasr_project_ws/build/project_pkg/build/lib/project_pkg/measurement_model.py -> /home/pederba/sesasr_project_ws/install/project_pkg/lib/python3.10/site-packages/project_pkg
copying /home/pederba/sesasr_project_ws/build/project_pkg/build/lib/project_pkg/ekf.py -> /home/pederba/sesasr_project_ws/install/project_pkg/lib/python3.10/site-packages/project_pkg
copying /home/pederba/sesasr_project_ws/build/project_pkg/build/lib/project_pkg/__init__.py -> /home/pederba/sesasr_project_ws/install/project_pkg/lib/python3.10/site-packages/project_pkg
copying /home/pederba/sesasr_project_ws/build/project_pkg/build/lib/project_pkg/motion_models.py -> /home/pederba/sesasr_project_ws/install/project_pkg/lib/python3.10/site-packages/project_pkg
byte-compiling /home/pederba/sesasr_project_ws/install/project_pkg/lib/python3.10/site-packages/project_pkg/measurement_model.py to measurement_model.cpython-310.pyc
byte-compiling /home/pederba/sesasr_project_ws/install/project_pkg/lib/python3.10/site-packages/project_pkg/ekf.py to ekf.cpython-310.pyc
byte-compiling /home/pederba/sesasr_project_ws/install/project_pkg/lib/python3.10/site-packages/project_pkg/__init__.py to __init__.cpython-310.pyc
byte-compiling /home/pederba/sesasr_project_ws/install/project_pkg/lib/python3.10/site-packages/project_pkg/motion_models.py to motion_models.cpython-310.pyc
running install_data
creating /home/pederba/sesasr_project_ws/install/project_pkg/share/ament_index
creating /home/pederba/sesasr_project_ws/install/project_pkg/share/ament_index/resource_index
creating /home/pederba/sesasr_project_ws/install/project_pkg/share/ament_index/resource_index/packages
copying resource/project_pkg -> /home/pederba/sesasr_project_ws/install/project_pkg/share/ament_index/resource_index/packages
copying package.xml -> /home/pederba/sesasr_project_ws/install/project_pkg/share/project_pkg
running install_egg_info
Copying ../../build/project_pkg/project_pkg.egg-info to /home/pederba/sesasr_project_ws/install/project_pkg/lib/python3.10/site-packages/project_pkg-0.0.0-py3.10.egg-info
running install_scripts
writing list of installed files to '/home/pederba/sesasr_project_ws/build/project_pkg/install.log'
