[1.191s] Invoking command in '/home/pederba/sesasr_project_ws/build/turtlebot3_hardware': AMENT_PREFIX_PATH=/home/pederba/sesasr_project_ws/install/dynamixel_sdk:${AMENT_PREFIX_PATH} CMAKE_PREFIX_PATH=/home/pederba/sesasr_project_ws/install/dynamixel_sdk:/opt/ros/humble LD_LIBRARY_PATH=/home/pederba/sesasr_project_ws/install/dynamixel_sdk/lib:${LD_LIBRARY_PATH} /usr/bin/cmake --build /home/pederba/sesasr_project_ws/build/turtlebot3_hardware -- -j8 -l8
[1.262s] [100%] Built target turtlebot3_hardware
[1.585s] Invoked command in '/home/pederba/sesasr_project_ws/build/turtlebot3_hardware' returned '0': AMENT_PREFIX_PATH=/home/pederba/sesasr_project_ws/install/dynamixel_sdk:${AMENT_PREFIX_PATH} CMAKE_PREFIX_PATH=/home/pederba/sesasr_project_ws/install/dynamixel_sdk:/opt/ros/humble LD_LIBRARY_PATH=/home/pederba/sesasr_project_ws/install/dynamixel_sdk/lib:${LD_LIBRARY_PATH} /usr/bin/cmake --build /home/pederba/sesasr_project_ws/build/turtlebot3_hardware -- -j8 -l8
[2.057s] Invoking command in '/home/pederba/sesasr_project_ws/build/turtlebot3_hardware': AMENT_PREFIX_PATH=/home/pederba/sesasr_project_ws/install/dynamixel_sdk:${AMENT_PREFIX_PATH} CMAKE_PREFIX_PATH=/home/pederba/sesasr_project_ws/install/dynamixel_sdk:/opt/ros/humble LD_LIBRARY_PATH=/home/pederba/sesasr_project_ws/install/dynamixel_sdk/lib:${LD_LIBRARY_PATH} /usr/bin/cmake --install /home/pederba/sesasr_project_ws/build/turtlebot3_hardware
[2.058s] -- Install configuration: ""
[2.058s] -- Execute custom install script
[2.059s] -- Up-to-date symlink: /home/pederba/sesasr_project_ws/install/turtlebot3_hardware/share/turtlebot3_hardware//turtlebot3_hardware.xml
[2.066s] -- Up-to-date symlink: /home/pederba/sesasr_project_ws/install/turtlebot3_hardware/include/turtlebot3_hardware/dynamixel_sdk_wrapper.hpp
[2.066s] -- Up-to-date symlink: /home/pederba/sesasr_project_ws/install/turtlebot3_hardware/include/turtlebot3_hardware/opencr.hpp
[2.066s] -- Up-to-date symlink: /home/pederba/sesasr_project_ws/install/turtlebot3_hardware/include/turtlebot3_hardware/opencr_control_table.hpp
[2.066s] -- Up-to-date symlink: /home/pederba/sesasr_project_ws/install/turtlebot3_hardware/include/turtlebot3_hardware/opencr_definitions.hpp
[2.067s] -- Up-to-date symlink: /home/pederba/sesasr_project_ws/install/turtlebot3_hardware/include/turtlebot3_hardware/turtlebot3_system.hpp
[2.067s] -- Up-to-date symlink: /home/pederba/sesasr_project_ws/install/turtlebot3_hardware/include/turtlebot3_hardware/visibility_control.h
[2.067s] -- Up-to-date symlink: /home/pederba/sesasr_project_ws/install/turtlebot3_hardware/lib/libturtlebot3_hardware.so
[2.067s] -- Up-to-date symlink: /home/pederba/sesasr_project_ws/install/turtlebot3_hardware/share/turtlebot3_hardware/environment/library_path.sh
[2.067s] -- Up-to-date symlink: /home/pederba/sesasr_project_ws/install/turtlebot3_hardware/share/turtlebot3_hardware/environment/library_path.dsv
[2.067s] -- Up-to-date symlink: /home/pederba/sesasr_project_ws/install/turtlebot3_hardware/share/ament_index/resource_index/package_run_dependencies/turtlebot3_hardware
[2.068s] -- Up-to-date symlink: /home/pederba/sesasr_project_ws/install/turtlebot3_hardware/share/ament_index/resource_index/parent_prefix_path/turtlebot3_hardware
[2.068s] -- Up-to-date symlink: /home/pederba/sesasr_project_ws/install/turtlebot3_hardware/share/turtlebot3_hardware/environment/ament_prefix_path.sh
[2.068s] -- Up-to-date symlink: /home/pederba/sesasr_project_ws/install/turtlebot3_hardware/share/turtlebot3_hardware/environment/ament_prefix_path.dsv
[2.068s] -- Up-to-date symlink: /home/pederba/sesasr_project_ws/install/turtlebot3_hardware/share/turtlebot3_hardware/environment/path.sh
[2.068s] -- Up-to-date symlink: /home/pederba/sesasr_project_ws/install/turtlebot3_hardware/share/turtlebot3_hardware/environment/path.dsv
[2.068s] -- Up-to-date symlink: /home/pederba/sesasr_project_ws/install/turtlebot3_hardware/share/turtlebot3_hardware/local_setup.bash
[2.069s] -- Up-to-date symlink: /home/pederba/sesasr_project_ws/install/turtlebot3_hardware/share/turtlebot3_hardware/local_setup.sh
[2.069s] -- Up-to-date symlink: /home/pederba/sesasr_project_ws/install/turtlebot3_hardware/share/turtlebot3_hardware/local_setup.zsh
[2.069s] -- Up-to-date symlink: /home/pederba/sesasr_project_ws/install/turtlebot3_hardware/share/turtlebot3_hardware/local_setup.dsv
[2.069s] -- Symlinking: /home/pederba/sesasr_project_ws/install/turtlebot3_hardware/share/turtlebot3_hardware/package.dsv
[2.086s] -- Up-to-date symlink: /home/pederba/sesasr_project_ws/install/turtlebot3_hardware/share/ament_index/resource_index/packages/turtlebot3_hardware
[2.087s] -- Up-to-date symlink: /home/pederba/sesasr_project_ws/install/turtlebot3_hardware/share/ament_index/resource_index/hardware_interface__pluginlib__plugin/turtlebot3_hardware
[2.087s] -- Up-to-date symlink: /home/pederba/sesasr_project_ws/install/turtlebot3_hardware/share/turtlebot3_hardware/cmake/ament_cmake_export_include_directories-extras.cmake
[2.088s] -- Up-to-date symlink: /home/pederba/sesasr_project_ws/install/turtlebot3_hardware/share/turtlebot3_hardware/cmake/ament_cmake_export_libraries-extras.cmake
[2.088s] -- Up-to-date symlink: /home/pederba/sesasr_project_ws/install/turtlebot3_hardware/share/turtlebot3_hardware/cmake/ament_cmake_export_dependencies-extras.cmake
[2.089s] -- Up-to-date symlink: /home/pederba/sesasr_project_ws/install/turtlebot3_hardware/share/turtlebot3_hardware/cmake/turtlebot3_hardwareConfig.cmake
[2.089s] -- Up-to-date symlink: /home/pederba/sesasr_project_ws/install/turtlebot3_hardware/share/turtlebot3_hardware/cmake/turtlebot3_hardwareConfig-version.cmake
[2.089s] -- Up-to-date symlink: /home/pederba/sesasr_project_ws/install/turtlebot3_hardware/share/turtlebot3_hardware/package.xml
[2.655s] Invoked command in '/home/pederba/sesasr_project_ws/build/turtlebot3_hardware' returned '0': AMENT_PREFIX_PATH=/home/pederba/sesasr_project_ws/install/dynamixel_sdk:${AMENT_PREFIX_PATH} CMAKE_PREFIX_PATH=/home/pederba/sesasr_project_ws/install/dynamixel_sdk:/opt/ros/humble LD_LIBRARY_PATH=/home/pederba/sesasr_project_ws/install/dynamixel_sdk/lib:${LD_LIBRARY_PATH} /usr/bin/cmake --install /home/pederba/sesasr_project_ws/build/turtlebot3_hardware
