[0.661s] Invoking command in '/home/pederba/sesasr_project_ws/build/turtlebot3_description': CMAKE_PREFIX_PATH=/opt/ros/humble /usr/bin/cmake --build /home/pederba/sesasr_project_ws/build/turtlebot3_description -- -j8 -l8
[2.029s] Invoked command in '/home/pederba/sesasr_project_ws/build/turtlebot3_description' returned '0': CMAKE_PREFIX_PATH=/opt/ros/humble /usr/bin/cmake --build /home/pederba/sesasr_project_ws/build/turtlebot3_description -- -j8 -l8
[2.168s] Invoking command in '/home/pederba/sesasr_project_ws/build/turtlebot3_description': CMAKE_PREFIX_PATH=/opt/ros/humble /usr/bin/cmake --install /home/pederba/sesasr_project_ws/build/turtlebot3_description
[2.196s] -- Install configuration: ""
[2.197s] -- Execute custom install script
[2.197s] -- Up-to-date symlink: /home/pederba/sesasr_project_ws/install/turtlebot3_description/share/turtlebot3_description/launch/model.launch.py
[2.198s] -- Up-to-date symlink: /home/pederba/sesasr_project_ws/install/turtlebot3_description/share/turtlebot3_description/rviz/model.rviz
[2.198s] -- Up-to-date symlink: /home/pederba/sesasr_project_ws/install/turtlebot3_description/share/turtlebot3_description/urdf/burger.urdf.xacro
[2.198s] -- Up-to-date symlink: /home/pederba/sesasr_project_ws/install/turtlebot3_description/share/turtlebot3_description/urdf/burger_camera.urdf.xacro
[2.199s] -- Up-to-date symlink: /home/pederba/sesasr_project_ws/install/turtlebot3_description/share/turtlebot3_description/urdf/turtlebot3_burger.urdf.xacro
[2.199s] -- Up-to-date symlink: /home/pederba/sesasr_project_ws/install/turtlebot3_description/share/turtlebot3_description/urdf/turtlebot3_waffle_pi.urdf.xacro
[2.199s] -- Up-to-date symlink: /home/pederba/sesasr_project_ws/install/turtlebot3_description/share/turtlebot3_description/urdf/waffle_pi.urdf.xacro
[2.199s] -- Up-to-date symlink: /home/pederba/sesasr_project_ws/install/turtlebot3_description/share/turtlebot3_description/gazebo/burger.gazebo.xacro
[2.200s] -- Up-to-date symlink: /home/pederba/sesasr_project_ws/install/turtlebot3_description/share/turtlebot3_description/gazebo/materials.xacro
[2.202s] -- Up-to-date symlink: /home/pederba/sesasr_project_ws/install/turtlebot3_description/share/turtlebot3_description/gazebo/waffle_pi.gazebo.xacro
[2.203s] -- Up-to-date symlink: /home/pederba/sesasr_project_ws/install/turtlebot3_description/share/turtlebot3_description/meshes/burger/base.stl
[2.203s] -- Up-to-date symlink: /home/pederba/sesasr_project_ws/install/turtlebot3_description/share/turtlebot3_description/meshes/burger/ladar.stl
[2.204s] -- Up-to-date symlink: /home/pederba/sesasr_project_ws/install/turtlebot3_description/share/turtlebot3_description/meshes/burger/left_tire.stl
[2.204s] -- Up-to-date symlink: /home/pederba/sesasr_project_ws/install/turtlebot3_description/share/turtlebot3_description/meshes/burger/right_tire.stl
[2.204s] -- Up-to-date symlink: /home/pederba/sesasr_project_ws/install/turtlebot3_description/share/turtlebot3_description/meshes/waffle_pi/base.stl
[2.205s] -- Up-to-date symlink: /home/pederba/sesasr_project_ws/install/turtlebot3_description/share/turtlebot3_description/meshes/waffle_pi/ladar.stl
[2.205s] -- Up-to-date symlink: /home/pederba/sesasr_project_ws/install/turtlebot3_description/share/turtlebot3_description/meshes/waffle_pi/left_tire.stl
[2.205s] -- Up-to-date symlink: /home/pederba/sesasr_project_ws/install/turtlebot3_description/share/turtlebot3_description/meshes/waffle_pi/right_tire.stl
[2.206s] -- Up-to-date symlink: /home/pederba/sesasr_project_ws/install/turtlebot3_description/share/turtlebot3_description/ros2_control/turtlebot3_system.ros2_control.xacro
[2.208s] -- Up-to-date symlink: /home/pederba/sesasr_project_ws/install/turtlebot3_description/share/turtlebot3_description/environment/turtlebot3_description.dsv
[2.209s] -- Up-to-date symlink: /home/pederba/sesasr_project_ws/install/turtlebot3_description/share/ament_index/resource_index/package_run_dependencies/turtlebot3_description
[2.210s] -- Up-to-date symlink: /home/pederba/sesasr_project_ws/install/turtlebot3_description/share/ament_index/resource_index/parent_prefix_path/turtlebot3_description
[2.210s] -- Up-to-date symlink: /home/pederba/sesasr_project_ws/install/turtlebot3_description/share/turtlebot3_description/environment/ament_prefix_path.sh
[2.211s] -- Up-to-date symlink: /home/pederba/sesasr_project_ws/install/turtlebot3_description/share/turtlebot3_description/environment/ament_prefix_path.dsv
[2.212s] -- Up-to-date symlink: /home/pederba/sesasr_project_ws/install/turtlebot3_description/share/turtlebot3_description/environment/path.sh
[2.213s] -- Up-to-date symlink: /home/pederba/sesasr_project_ws/install/turtlebot3_description/share/turtlebot3_description/environment/path.dsv
[2.213s] -- Up-to-date symlink: /home/pederba/sesasr_project_ws/install/turtlebot3_description/share/turtlebot3_description/local_setup.bash
[2.214s] -- Up-to-date symlink: /home/pederba/sesasr_project_ws/install/turtlebot3_description/share/turtlebot3_description/local_setup.sh
[2.214s] -- Up-to-date symlink: /home/pederba/sesasr_project_ws/install/turtlebot3_description/share/turtlebot3_description/local_setup.zsh
[2.215s] -- Up-to-date symlink: /home/pederba/sesasr_project_ws/install/turtlebot3_description/share/turtlebot3_description/local_setup.dsv
[2.215s] -- Symlinking: /home/pederba/sesasr_project_ws/install/turtlebot3_description/share/turtlebot3_description/package.dsv
[2.258s] -- Up-to-date symlink: /home/pederba/sesasr_project_ws/install/turtlebot3_description/share/ament_index/resource_index/packages/turtlebot3_description
[2.259s] -- Up-to-date symlink: /home/pederba/sesasr_project_ws/install/turtlebot3_description/share/turtlebot3_description/cmake/turtlebot3_descriptionConfig.cmake
[2.260s] -- Up-to-date symlink: /home/pederba/sesasr_project_ws/install/turtlebot3_description/share/turtlebot3_description/cmake/turtlebot3_descriptionConfig-version.cmake
[2.261s] -- Up-to-date symlink: /home/pederba/sesasr_project_ws/install/turtlebot3_description/share/turtlebot3_description/package.xml
[2.484s] Invoked command in '/home/pederba/sesasr_project_ws/build/turtlebot3_description' returned '0': CMAKE_PREFIX_PATH=/opt/ros/humble /usr/bin/cmake --install /home/pederba/sesasr_project_ws/build/turtlebot3_description
