[2.943s] Invoking command in '/home/pederba/sesasr_project_ws/src/project_pkg': PYTHONPATH=/home/pederba/sesasr_project_ws/build/project_pkg/prefix_override:/home/pederba/sesasr_project_ws/install/project_pkg/lib/python3.10/site-packages:${PYTHONPATH} /usr/bin/python3 setup.py egg_info --egg-base ../../build/project_pkg build --build-base /home/pederba/sesasr_project_ws/build/project_pkg/build install --record /home/pederba/sesasr_project_ws/build/project_pkg/install.log --single-version-externally-managed
[3.944s] running egg_info
[3.992s] writing ../../build/project_pkg/project_pkg.egg-info/PKG-INFO
[3.992s] writing dependency_links to ../../build/project_pkg/project_pkg.egg-info/dependency_links.txt
[3.993s] writing entry points to ../../build/project_pkg/project_pkg.egg-info/entry_points.txt
[3.993s] writing requirements to ../../build/project_pkg/project_pkg.egg-info/requires.txt
[3.993s] writing top-level names to ../../build/project_pkg/project_pkg.egg-info/top_level.txt
[4.085s] reading manifest file '../../build/project_pkg/project_pkg.egg-info/SOURCES.txt'
[4.087s] writing manifest file '../../build/project_pkg/project_pkg.egg-info/SOURCES.txt'
[4.087s] running build
[4.088s] running build_py
[4.088s] copying project_pkg/localization_node.py -> /home/pederba/sesasr_project_ws/build/project_pkg/build/lib/project_pkg
[4.090s] running install
[4.090s] /home/pederba/.local/lib/python3.10/site-packages/setuptools/command/install.py:34: SetuptoolsDeprecationWarning: setup.py install is deprecated. Use build and pip and other standards-based tools.
[4.091s]   warnings.warn(
[4.104s] running install_lib
[4.153s] copying /home/pederba/sesasr_project_ws/build/project_pkg/build/lib/project_pkg/localization_node.py -> /home/pederba/sesasr_project_ws/install/project_pkg/lib/python3.10/site-packages/project_pkg
[4.155s] byte-compiling /home/pederba/sesasr_project_ws/install/project_pkg/lib/python3.10/site-packages/project_pkg/localization_node.py to localization_node.cpython-310.pyc
[4.157s] running install_data
[4.200s] running install_egg_info
[4.248s] removing '/home/pederba/sesasr_project_ws/install/project_pkg/lib/python3.10/site-packages/project_pkg-0.0.0-py3.10.egg-info' (and everything under it)
[4.249s] Copying ../../build/project_pkg/project_pkg.egg-info to /home/pederba/sesasr_project_ws/install/project_pkg/lib/python3.10/site-packages/project_pkg-0.0.0-py3.10.egg-info
[4.252s] running install_scripts
[4.405s] Installing localization_node script to /home/pederba/sesasr_project_ws/install/project_pkg/lib/project_pkg
[4.405s] Installing recorder script to /home/pederba/sesasr_project_ws/install/project_pkg/lib/project_pkg
[4.406s] writing list of installed files to '/home/pederba/sesasr_project_ws/build/project_pkg/install.log'
[4.539s] Invoked command in '/home/pederba/sesasr_project_ws/src/project_pkg' returned '0': PYTHONPATH=/home/pederba/sesasr_project_ws/build/project_pkg/prefix_override:/home/pederba/sesasr_project_ws/install/project_pkg/lib/python3.10/site-packages:${PYTHONPATH} /usr/bin/python3 setup.py egg_info --egg-base ../../build/project_pkg build --build-base /home/pederba/sesasr_project_ws/build/project_pkg/build install --record /home/pederba/sesasr_project_ws/build/project_pkg/install.log --single-version-externally-managed
