[1.988s] Invoking command in '/home/pederba/sesasr_project_ws/src/project_pkg': PYTHONPATH=/home/pederba/sesasr_project_ws/build/project_pkg/prefix_override:/home/pederba/sesasr_project_ws/install/project_pkg/lib/python3.10/site-packages:${PYTHONPATH} /usr/bin/python3 setup.py egg_info --egg-base ../../build/project_pkg build --build-base /home/pederba/sesasr_project_ws/build/project_pkg/build install --record /home/pederba/sesasr_project_ws/build/project_pkg/install.log --single-version-externally-managed
[2.676s] running egg_info
[2.705s] writing ../../build/project_pkg/project_pkg.egg-info/PKG-INFO
[2.706s] writing dependency_links to ../../build/project_pkg/project_pkg.egg-info/dependency_links.txt
[2.706s] writing entry points to ../../build/project_pkg/project_pkg.egg-info/entry_points.txt
[2.706s] writing requirements to ../../build/project_pkg/project_pkg.egg-info/requires.txt
[2.706s] writing top-level names to ../../build/project_pkg/project_pkg.egg-info/top_level.txt
[2.770s] reading manifest file '../../build/project_pkg/project_pkg.egg-info/SOURCES.txt'
[2.771s] writing manifest file '../../build/project_pkg/project_pkg.egg-info/SOURCES.txt'
[2.772s] running build
[2.772s] running build_py
[2.772s] running install
[2.773s] /home/pederba/.local/lib/python3.10/site-packages/setuptools/command/install.py:34: SetuptoolsDeprecationWarning: setup.py install is deprecated. Use build and pip and other standards-based tools.
[2.773s]   warnings.warn(
[2.785s] running install_lib
[2.831s] running install_data
[2.871s] creating /home/pederba/sesasr_project_ws/install/project_pkg/share/project_pkg/launch
[2.872s] copying launch/localization.launch.py -> /home/pederba/sesasr_project_ws/install/project_pkg/share/project_pkg/launch
[2.872s] creating /home/pederba/sesasr_project_ws/install/project_pkg/share/project_pkg/config
[2.872s] copying config/localization_params.yaml -> /home/pederba/sesasr_project_ws/install/project_pkg/share/project_pkg/config
[2.872s] running install_egg_info
[2.906s] removing '/home/pederba/sesasr_project_ws/install/project_pkg/lib/python3.10/site-packages/project_pkg-0.0.0-py3.10.egg-info' (and everything under it)
[2.906s] Copying ../../build/project_pkg/project_pkg.egg-info to /home/pederba/sesasr_project_ws/install/project_pkg/lib/python3.10/site-packages/project_pkg-0.0.0-py3.10.egg-info
[2.908s] running install_scripts
[3.030s] Installing localization_node script to /home/pederba/sesasr_project_ws/install/project_pkg/lib/project_pkg
[3.031s] Installing recorder script to /home/pederba/sesasr_project_ws/install/project_pkg/lib/project_pkg
[3.031s] writing list of installed files to '/home/pederba/sesasr_project_ws/build/project_pkg/install.log'
[3.104s] Invoked command in '/home/pederba/sesasr_project_ws/src/project_pkg' returned '0': PYTHONPATH=/home/pederba/sesasr_project_ws/build/project_pkg/prefix_override:/home/pederba/sesasr_project_ws/install/project_pkg/lib/python3.10/site-packages:${PYTHONPATH} /usr/bin/python3 setup.py egg_info --egg-base ../../build/project_pkg build --build-base /home/pederba/sesasr_project_ws/build/project_pkg/build install --record /home/pederba/sesasr_project_ws/build/project_pkg/install.log --single-version-externally-managed
