[2.876s] Invoking command in '/home/pederba/sesasr_project_ws/src/turtlebot3/turtlebot3_example': CMAKE_PREFIX_PATH=/home/pederba/sesasr_project_ws/install/turtlebot3_msgs:/home/pederba/sesasr_project_ws/install/turtlebot3:/home/pederba/sesasr_project_ws/install/turtlebot3_simulations:/home/pederba/sesasr_project_ws/install/turtlebot3_navigation2:/home/pederba/sesasr_project_ws/install/turtlebot3_fake_node:/home/pederba/sesasr_project_ws/install/turtlebot3_hardware:/home/pederba/sesasr_project_ws/install/turtlebot3_gazebo:/home/pederba/sesasr_project_ws/install/turtlebot3_bringup:/home/pederba/sesasr_project_ws/install/turtlebot3_description:/home/pederba/sesasr_project_ws/install/turtlebot3_cartographer:/home/pederba/sesasr_project_ws/install/dynamixel_sdk_examples:/home/pederba/sesasr_project_ws/install/dynamixel_sdk_custom_interfaces:/home/pederba/sesasr_project_ws/install/dynamixel_sdk PYTHONPATH=/home/pederba/sesasr_project_ws/build/turtlebot3_example/prefix_override:/home/pederba/sesasr_project_ws/install/turtlebot3_example/lib/python3.10/site-packages:${PYTHONPATH} /usr/bin/python3 setup.py egg_info --egg-base ../../../build/turtlebot3_example build --build-base /home/pederba/sesasr_project_ws/build/turtlebot3_example/build install --record /home/pederba/sesasr_project_ws/build/turtlebot3_example/install.log --single-version-externally-managed
[3.624s] running egg_info
[3.652s] writing ../../../build/turtlebot3_example/turtlebot3_example.egg-info/PKG-INFO
[3.652s] writing dependency_links to ../../../build/turtlebot3_example/turtlebot3_example.egg-info/dependency_links.txt
[3.653s] writing entry points to ../../../build/turtlebot3_example/turtlebot3_example.egg-info/entry_points.txt
[3.653s] writing requirements to ../../../build/turtlebot3_example/turtlebot3_example.egg-info/requires.txt
[3.653s] writing top-level names to ../../../build/turtlebot3_example/turtlebot3_example.egg-info/top_level.txt
[3.712s] reading manifest file '../../../build/turtlebot3_example/turtlebot3_example.egg-info/SOURCES.txt'
[3.714s] writing manifest file '../../../build/turtlebot3_example/turtlebot3_example.egg-info/SOURCES.txt'
[3.714s] running build
[3.714s] running build_py
[3.715s] running install
[3.715s] /home/pederba/.local/lib/python3.10/site-packages/setuptools/command/install.py:34: SetuptoolsDeprecationWarning: setup.py install is deprecated. Use build and pip and other standards-based tools.
[3.715s]   warnings.warn(
[3.722s] running install_lib
[3.751s] running install_data
[3.779s] running install_egg_info
[3.810s] removing '/home/pederba/sesasr_project_ws/install/turtlebot3_example/lib/python3.10/site-packages/turtlebot3_example-2.1.5-py3.10.egg-info' (and everything under it)
[3.811s] Copying ../../../build/turtlebot3_example/turtlebot3_example.egg-info to /home/pederba/sesasr_project_ws/install/turtlebot3_example/lib/python3.10/site-packages/turtlebot3_example-2.1.5-py3.10.egg-info
[3.812s] running install_scripts
[3.922s] Installing turtlebot3_interactive_marker script to /home/pederba/sesasr_project_ws/install/turtlebot3_example/lib/turtlebot3_example
[3.923s] Installing turtlebot3_obstacle_detection script to /home/pederba/sesasr_project_ws/install/turtlebot3_example/lib/turtlebot3_example
[3.923s] Installing turtlebot3_patrol_client script to /home/pederba/sesasr_project_ws/install/turtlebot3_example/lib/turtlebot3_example
[3.923s] Installing turtlebot3_patrol_server script to /home/pederba/sesasr_project_ws/install/turtlebot3_example/lib/turtlebot3_example
[3.923s] Installing turtlebot3_position_control_pointop_key script to /home/pederba/sesasr_project_ws/install/turtlebot3_example/lib/turtlebot3_example
[3.924s] writing list of installed files to '/home/pederba/sesasr_project_ws/build/turtlebot3_example/install.log'
[4.007s] Invoked command in '/home/pederba/sesasr_project_ws/src/turtlebot3/turtlebot3_example' returned '0': CMAKE_PREFIX_PATH=/home/pederba/sesasr_project_ws/install/turtlebot3_msgs:/home/pederba/sesasr_project_ws/install/turtlebot3:/home/pederba/sesasr_project_ws/install/turtlebot3_simulations:/home/pederba/sesasr_project_ws/install/turtlebot3_navigation2:/home/pederba/sesasr_project_ws/install/turtlebot3_fake_node:/home/pederba/sesasr_project_ws/install/turtlebot3_hardware:/home/pederba/sesasr_project_ws/install/turtlebot3_gazebo:/home/pederba/sesasr_project_ws/install/turtlebot3_bringup:/home/pederba/sesasr_project_ws/install/turtlebot3_description:/home/pederba/sesasr_project_ws/install/turtlebot3_cartographer:/home/pederba/sesasr_project_ws/install/dynamixel_sdk_examples:/home/pederba/sesasr_project_ws/install/dynamixel_sdk_custom_interfaces:/home/pederba/sesasr_project_ws/install/dynamixel_sdk PYTHONPATH=/home/pederba/sesasr_project_ws/build/turtlebot3_example/prefix_override:/home/pederba/sesasr_project_ws/install/turtlebot3_example/lib/python3.10/site-packages:${PYTHONPATH} /usr/bin/python3 setup.py egg_info --egg-base ../../../build/turtlebot3_example build --build-base /home/pederba/sesasr_project_ws/build/turtlebot3_example/build install --record /home/pederba/sesasr_project_ws/build/turtlebot3_example/install.log --single-version-externally-managed
