[3.652s] Invoking command in '/home/pederba/sesasr_project_ws/build/turtlebot3_teleop': PYTHONPATH=/home/pederba/sesasr_project_ws/build/turtlebot3_teleop/prefix_override:/home/pederba/sesasr_project_ws/install/turtlebot3_teleop/lib/python3.10/site-packages:${PYTHONPATH} /usr/bin/python3 setup.py develop --uninstall --editable --build-directory /home/pederba/sesasr_project_ws/build/turtlebot3_teleop/build
[4.671s] running develop
[4.672s] /home/pederba/.local/lib/python3.10/site-packages/setuptools/command/easy_install.py:144: EasyInstallDeprecationWarning: easy_install command is deprecated. Use build and pip and other standards-based tools.
[4.672s]   warnings.warn(
[4.779s] /home/pederba/.local/lib/python3.10/site-packages/setuptools/command/install.py:34: SetuptoolsDeprecationWarning: setup.py install is deprecated. Use build and pip and other standards-based tools.
[4.779s]   warnings.warn(
[5.661s] Removing /home/pederba/sesasr_project_ws/install/turtlebot3_teleop/lib/python3.10/site-packages/turtlebot3-teleop.egg-link (link to .)
[6.166s] Invoked command in '/home/pederba/sesasr_project_ws/build/turtlebot3_teleop' returned '0': PYTHONPATH=/home/pederba/sesasr_project_ws/build/turtlebot3_teleop/prefix_override:/home/pederba/sesasr_project_ws/install/turtlebot3_teleop/lib/python3.10/site-packages:${PYTHONPATH} /usr/bin/python3 setup.py develop --uninstall --editable --build-directory /home/pederba/sesasr_project_ws/build/turtlebot3_teleop/build
[6.167s] Invoking command in '/home/pederba/sesasr_project_ws/src/turtlebot3/turtlebot3_teleop': PYTHONPATH=/home/pederba/sesasr_project_ws/build/turtlebot3_teleop/prefix_override:/home/pederba/sesasr_project_ws/install/turtlebot3_teleop/lib/python3.10/site-packages:${PYTHONPATH} /usr/bin/python3 setup.py egg_info --egg-base ../../../build/turtlebot3_teleop build --build-base /home/pederba/sesasr_project_ws/build/turtlebot3_teleop/build install --record /home/pederba/sesasr_project_ws/build/turtlebot3_teleop/install.log --single-version-externally-managed
[7.209s] running egg_info
[7.253s] writing ../../../build/turtlebot3_teleop/turtlebot3_teleop.egg-info/PKG-INFO
[7.254s] writing dependency_links to ../../../build/turtlebot3_teleop/turtlebot3_teleop.egg-info/dependency_links.txt
[7.254s] writing entry points to ../../../build/turtlebot3_teleop/turtlebot3_teleop.egg-info/entry_points.txt
[7.259s] writing requirements to ../../../build/turtlebot3_teleop/turtlebot3_teleop.egg-info/requires.txt
[7.259s] writing top-level names to ../../../build/turtlebot3_teleop/turtlebot3_teleop.egg-info/top_level.txt
[7.379s] reading manifest file '../../../build/turtlebot3_teleop/turtlebot3_teleop.egg-info/SOURCES.txt'
[7.381s] writing manifest file '../../../build/turtlebot3_teleop/turtlebot3_teleop.egg-info/SOURCES.txt'
[7.381s] running build
[7.381s] running build_py
[7.382s] creating /home/pederba/sesasr_project_ws/build/turtlebot3_teleop/build
[7.382s] creating /home/pederba/sesasr_project_ws/build/turtlebot3_teleop/build/lib
[7.382s] creating /home/pederba/sesasr_project_ws/build/turtlebot3_teleop/build/lib/turtlebot3_teleop
[7.382s] copying turtlebot3_teleop/__init__.py -> /home/pederba/sesasr_project_ws/build/turtlebot3_teleop/build/lib/turtlebot3_teleop
[7.383s] creating /home/pederba/sesasr_project_ws/build/turtlebot3_teleop/build/lib/turtlebot3_teleop/script
[7.383s] copying turtlebot3_teleop/script/teleop_keyboard.py -> /home/pederba/sesasr_project_ws/build/turtlebot3_teleop/build/lib/turtlebot3_teleop/script
[7.384s] copying turtlebot3_teleop/script/__init__.py -> /home/pederba/sesasr_project_ws/build/turtlebot3_teleop/build/lib/turtlebot3_teleop/script
[7.385s] running install
[7.385s] /home/pederba/.local/lib/python3.10/site-packages/setuptools/command/install.py:34: SetuptoolsDeprecationWarning: setup.py install is deprecated. Use build and pip and other standards-based tools.
[7.385s]   warnings.warn(
[7.399s] running install_lib
[7.443s] creating /home/pederba/sesasr_project_ws/install/turtlebot3_teleop/lib/python3.10/site-packages/turtlebot3_teleop
[7.444s] creating /home/pederba/sesasr_project_ws/install/turtlebot3_teleop/lib/python3.10/site-packages/turtlebot3_teleop/script
[7.444s] copying /home/pederba/sesasr_project_ws/build/turtlebot3_teleop/build/lib/turtlebot3_teleop/script/teleop_keyboard.py -> /home/pederba/sesasr_project_ws/install/turtlebot3_teleop/lib/python3.10/site-packages/turtlebot3_teleop/script
[7.444s] copying /home/pederba/sesasr_project_ws/build/turtlebot3_teleop/build/lib/turtlebot3_teleop/script/__init__.py -> /home/pederba/sesasr_project_ws/install/turtlebot3_teleop/lib/python3.10/site-packages/turtlebot3_teleop/script
[7.445s] copying /home/pederba/sesasr_project_ws/build/turtlebot3_teleop/build/lib/turtlebot3_teleop/__init__.py -> /home/pederba/sesasr_project_ws/install/turtlebot3_teleop/lib/python3.10/site-packages/turtlebot3_teleop
[7.446s] byte-compiling /home/pederba/sesasr_project_ws/install/turtlebot3_teleop/lib/python3.10/site-packages/turtlebot3_teleop/script/teleop_keyboard.py to teleop_keyboard.cpython-310.pyc
[7.449s] byte-compiling /home/pederba/sesasr_project_ws/install/turtlebot3_teleop/lib/python3.10/site-packages/turtlebot3_teleop/script/__init__.py to __init__.cpython-310.pyc
[7.449s] byte-compiling /home/pederba/sesasr_project_ws/install/turtlebot3_teleop/lib/python3.10/site-packages/turtlebot3_teleop/__init__.py to __init__.cpython-310.pyc
[7.451s] running install_data
[7.501s] running install_egg_info
[7.552s] Copying ../../../build/turtlebot3_teleop/turtlebot3_teleop.egg-info to /home/pederba/sesasr_project_ws/install/turtlebot3_teleop/lib/python3.10/site-packages/turtlebot3_teleop-2.1.5-py3.10.egg-info
[7.554s] running install_scripts
[7.726s] Installing teleop_keyboard script to /home/pederba/sesasr_project_ws/install/turtlebot3_teleop/lib/turtlebot3_teleop
[7.727s] writing list of installed files to '/home/pederba/sesasr_project_ws/build/turtlebot3_teleop/install.log'
[7.836s] Invoked command in '/home/pederba/sesasr_project_ws/src/turtlebot3/turtlebot3_teleop' returned '0': PYTHONPATH=/home/pederba/sesasr_project_ws/build/turtlebot3_teleop/prefix_override:/home/pederba/sesasr_project_ws/install/turtlebot3_teleop/lib/python3.10/site-packages:${PYTHONPATH} /usr/bin/python3 setup.py egg_info --egg-base ../../../build/turtlebot3_teleop build --build-base /home/pederba/sesasr_project_ws/build/turtlebot3_teleop/build install --record /home/pederba/sesasr_project_ws/build/turtlebot3_teleop/install.log --single-version-externally-managed
