[2.000s] Invoking command in '/home/pederba/sesasr_project_ws/src/project_pkg': PYTHONPATH=/home/pederba/sesasr_project_ws/build/project_pkg/prefix_override:/home/pederba/sesasr_project_ws/install/project_pkg/lib/python3.10/site-packages:${PYTHONPATH} /usr/bin/python3 setup.py egg_info --egg-base ../../build/project_pkg build --build-base /home/pederba/sesasr_project_ws/build/project_pkg/build install --record /home/pederba/sesasr_project_ws/build/project_pkg/install.log --single-version-externally-managed
[2.657s] running egg_info
[2.686s] writing ../../build/project_pkg/project_pkg.egg-info/PKG-INFO
[2.687s] writing dependency_links to ../../build/project_pkg/project_pkg.egg-info/dependency_links.txt
[2.687s] writing entry points to ../../build/project_pkg/project_pkg.egg-info/entry_points.txt
[2.687s] writing requirements to ../../build/project_pkg/project_pkg.egg-info/requires.txt
[2.688s] writing top-level names to ../../build/project_pkg/project_pkg.egg-info/top_level.txt
[2.745s] reading manifest file '../../build/project_pkg/project_pkg.egg-info/SOURCES.txt'
[2.746s] writing manifest file '../../build/project_pkg/project_pkg.egg-info/SOURCES.txt'
[2.746s] running build
[2.747s] running build_py
[2.747s] copying project_pkg/ekf.py -> /home/pederba/sesasr_project_ws/build/project_pkg/build/lib/project_pkg
[2.748s] running install
[2.748s] /home/pederba/.local/lib/python3.10/site-packages/setuptools/command/install.py:34: SetuptoolsDeprecationWarning: setup.py install is deprecated. Use build and pip and other standards-based tools.
[2.748s]   warnings.warn(
[2.756s] running install_lib
[2.784s] copying /home/pederba/sesasr_project_ws/build/project_pkg/build/lib/project_pkg/ekf.py -> /home/pederba/sesasr_project_ws/install/project_pkg/lib/python3.10/site-packages/project_pkg
[2.785s] byte-compiling /home/pederba/sesasr_project_ws/install/project_pkg/lib/python3.10/site-packages/project_pkg/ekf.py to ekf.cpython-310.pyc
[2.786s] running install_data
[2.813s] running install_egg_info
[2.844s] removing '/home/pederba/sesasr_project_ws/install/project_pkg/lib/python3.10/site-packages/project_pkg-0.0.0-py3.10.egg-info' (and everything under it)
[2.845s] Copying ../../build/project_pkg/project_pkg.egg-info to /home/pederba/sesasr_project_ws/install/project_pkg/lib/python3.10/site-packages/project_pkg-0.0.0-py3.10.egg-info
[2.846s] running install_scripts
[2.954s] Installing localization_node script to /home/pederba/sesasr_project_ws/install/project_pkg/lib/project_pkg
[2.954s] writing list of installed files to '/home/pederba/sesasr_project_ws/build/project_pkg/install.log'
[3.029s] Invoked command in '/home/pederba/sesasr_project_ws/src/project_pkg' returned '0': PYTHONPATH=/home/pederba/sesasr_project_ws/build/project_pkg/prefix_override:/home/pederba/sesasr_project_ws/install/project_pkg/lib/python3.10/site-packages:${PYTHONPATH} /usr/bin/python3 setup.py egg_info --egg-base ../../build/project_pkg build --build-base /home/pederba/sesasr_project_ws/build/project_pkg/build install --record /home/pederba/sesasr_project_ws/build/project_pkg/install.log --single-version-externally-managed
