[1.193s] Invoking command in '/home/pederba/sesasr_project_ws/build/turtlebot3_msgs': CMAKE_PREFIX_PATH=${CMAKE_PREFIX_PATH}:/home/pederba/sesasr_project_ws/install/turtlebot3_teleop:/home/pederba/sesasr_project_ws/install/turtlebot3_example:/home/pederba/sesasr_project_ws/install/project_pkg:/opt/ros/humble /usr/bin/cmake --build /home/pederba/sesasr_project_ws/build/turtlebot3_msgs -- -j8 -l8
[1.331s] [  1%] Built target turtlebot3_msgs__cpp
[1.362s] [ 12%] Built target turtlebot3_msgs__rosidl_generator_c
[1.392s] [ 12%] Built target ament_cmake_python_symlink_turtlebot3_msgs
[1.412s] [ 23%] Built target turtlebot3_msgs__rosidl_typesupport_cpp
[1.460s] [ 35%] Built target turtlebot3_msgs__rosidl_typesupport_introspection_cpp
[1.507s] [ 46%] Built target turtlebot3_msgs__rosidl_typesupport_fastrtps_cpp
[1.516s] [ 61%] Built target turtlebot3_msgs__rosidl_typesupport_introspection_c
[1.522s] [ 76%] Built target turtlebot3_msgs__rosidl_typesupport_c
[1.525s] [ 80%] Built target turtlebot3_msgs__rosidl_typesupport_fastrtps_c
[1.596s] [ 80%] Built target turtlebot3_msgs
[1.646s] [ 81%] Built target turtlebot3_msgs__py
[1.705s] [ 91%] Built target turtlebot3_msgs__rosidl_generator_py
[1.789s] [ 94%] Built target turtlebot3_msgs__rosidl_typesupport_introspection_c__pyext
[1.793s] [ 97%] Built target turtlebot3_msgs__rosidl_typesupport_fastrtps_c__pyext
[1.820s] [100%] Built target turtlebot3_msgs__rosidl_typesupport_c__pyext
[2.286s] running egg_info
[2.322s] writing turtlebot3_msgs.egg-info/PKG-INFO
[2.322s] writing dependency_links to turtlebot3_msgs.egg-info/dependency_links.txt
[2.322s] writing top-level names to turtlebot3_msgs.egg-info/top_level.txt
[2.480s] reading manifest file 'turtlebot3_msgs.egg-info/SOURCES.txt'
[2.481s] writing manifest file 'turtlebot3_msgs.egg-info/SOURCES.txt'
[2.623s] [100%] Built target ament_cmake_python_build_turtlebot3_msgs_egg
[3.092s] Invoked command in '/home/pederba/sesasr_project_ws/build/turtlebot3_msgs' returned '0': CMAKE_PREFIX_PATH=${CMAKE_PREFIX_PATH}:/home/pederba/sesasr_project_ws/install/turtlebot3_teleop:/home/pederba/sesasr_project_ws/install/turtlebot3_example:/home/pederba/sesasr_project_ws/install/project_pkg:/opt/ros/humble /usr/bin/cmake --build /home/pederba/sesasr_project_ws/build/turtlebot3_msgs -- -j8 -l8
[4.592s] Invoking command in '/home/pederba/sesasr_project_ws/build/turtlebot3_msgs': CMAKE_PREFIX_PATH=${CMAKE_PREFIX_PATH}:/home/pederba/sesasr_project_ws/install/turtlebot3_teleop:/home/pederba/sesasr_project_ws/install/turtlebot3_example:/home/pederba/sesasr_project_ws/install/project_pkg:/opt/ros/humble /usr/bin/cmake --install /home/pederba/sesasr_project_ws/build/turtlebot3_msgs
[5.641s] -- Install configuration: ""
[5.641s] -- Execute custom install script
[5.641s] -- Up-to-date symlink: /home/pederba/sesasr_project_ws/install/turtlebot3_msgs/share/ament_index/resource_index/rosidl_interfaces/turtlebot3_msgs
[5.641s] -- Up-to-date symlink: /home/pederba/sesasr_project_ws/install/turtlebot3_msgs/include/turtlebot3_msgs/turtlebot3_msgs/action/detail/patrol__functions.h
[5.641s] -- Up-to-date symlink: /home/pederba/sesasr_project_ws/install/turtlebot3_msgs/include/turtlebot3_msgs/turtlebot3_msgs/action/detail/patrol__struct.h
[5.642s] -- Up-to-date symlink: /home/pederba/sesasr_project_ws/install/turtlebot3_msgs/include/turtlebot3_msgs/turtlebot3_msgs/action/detail/patrol__type_support.h
[5.642s] -- Up-to-date symlink: /home/pederba/sesasr_project_ws/install/turtlebot3_msgs/include/turtlebot3_msgs/turtlebot3_msgs/action/patrol.h
[5.642s] -- Up-to-date symlink: /home/pederba/sesasr_project_ws/install/turtlebot3_msgs/include/turtlebot3_msgs/turtlebot3_msgs/msg/detail/sensor_state__functions.h
[5.642s] -- Up-to-date symlink: /home/pederba/sesasr_project_ws/install/turtlebot3_msgs/include/turtlebot3_msgs/turtlebot3_msgs/msg/detail/sensor_state__struct.h
[5.642s] -- Up-to-date symlink: /home/pederba/sesasr_project_ws/install/turtlebot3_msgs/include/turtlebot3_msgs/turtlebot3_msgs/msg/detail/sensor_state__type_support.h
[5.642s] -- Up-to-date symlink: /home/pederba/sesasr_project_ws/install/turtlebot3_msgs/include/turtlebot3_msgs/turtlebot3_msgs/msg/detail/sound__functions.h
[5.642s] -- Up-to-date symlink: /home/pederba/sesasr_project_ws/install/turtlebot3_msgs/include/turtlebot3_msgs/turtlebot3_msgs/msg/detail/sound__struct.h
[5.643s] -- Up-to-date symlink: /home/pederba/sesasr_project_ws/install/turtlebot3_msgs/include/turtlebot3_msgs/turtlebot3_msgs/msg/detail/sound__type_support.h
[5.643s] -- Up-to-date symlink: /home/pederba/sesasr_project_ws/install/turtlebot3_msgs/include/turtlebot3_msgs/turtlebot3_msgs/msg/detail/version_info__functions.h
[5.643s] -- Up-to-date symlink: /home/pederba/sesasr_project_ws/install/turtlebot3_msgs/include/turtlebot3_msgs/turtlebot3_msgs/msg/detail/version_info__struct.h
[5.643s] -- Up-to-date symlink: /home/pederba/sesasr_project_ws/install/turtlebot3_msgs/include/turtlebot3_msgs/turtlebot3_msgs/msg/detail/version_info__type_support.h
[5.643s] -- Up-to-date symlink: /home/pederba/sesasr_project_ws/install/turtlebot3_msgs/include/turtlebot3_msgs/turtlebot3_msgs/msg/rosidl_generator_c__visibility_control.h
[5.643s] -- Up-to-date symlink: /home/pederba/sesasr_project_ws/install/turtlebot3_msgs/include/turtlebot3_msgs/turtlebot3_msgs/msg/sensor_state.h
[5.643s] -- Up-to-date symlink: /home/pederba/sesasr_project_ws/install/turtlebot3_msgs/include/turtlebot3_msgs/turtlebot3_msgs/msg/sound.h
[5.643s] -- Up-to-date symlink: /home/pederba/sesasr_project_ws/install/turtlebot3_msgs/include/turtlebot3_msgs/turtlebot3_msgs/msg/version_info.h
[5.644s] -- Up-to-date symlink: /home/pederba/sesasr_project_ws/install/turtlebot3_msgs/include/turtlebot3_msgs/turtlebot3_msgs/srv/detail/dqn__functions.h
[5.644s] -- Up-to-date symlink: /home/pederba/sesasr_project_ws/install/turtlebot3_msgs/include/turtlebot3_msgs/turtlebot3_msgs/srv/detail/dqn__struct.h
[5.644s] -- Up-to-date symlink: /home/pederba/sesasr_project_ws/install/turtlebot3_msgs/include/turtlebot3_msgs/turtlebot3_msgs/srv/detail/dqn__type_support.h
[5.644s] -- Up-to-date symlink: /home/pederba/sesasr_project_ws/install/turtlebot3_msgs/include/turtlebot3_msgs/turtlebot3_msgs/srv/detail/sound__functions.h
[5.644s] -- Up-to-date symlink: /home/pederba/sesasr_project_ws/install/turtlebot3_msgs/include/turtlebot3_msgs/turtlebot3_msgs/srv/detail/sound__struct.h
[5.644s] -- Up-to-date symlink: /home/pederba/sesasr_project_ws/install/turtlebot3_msgs/include/turtlebot3_msgs/turtlebot3_msgs/srv/detail/sound__type_support.h
[5.644s] -- Up-to-date symlink: /home/pederba/sesasr_project_ws/install/turtlebot3_msgs/include/turtlebot3_msgs/turtlebot3_msgs/srv/dqn.h
[5.645s] -- Up-to-date symlink: /home/pederba/sesasr_project_ws/install/turtlebot3_msgs/include/turtlebot3_msgs/turtlebot3_msgs/srv/sound.h
[5.649s] -- Up-to-date symlink: /home/pederba/sesasr_project_ws/install/turtlebot3_msgs/share/turtlebot3_msgs/environment/library_path.sh
[5.649s] -- Up-to-date symlink: /home/pederba/sesasr_project_ws/install/turtlebot3_msgs/share/turtlebot3_msgs/environment/library_path.dsv
[5.649s] -- Up-to-date symlink: /home/pederba/sesasr_project_ws/install/turtlebot3_msgs/include/turtlebot3_msgs/turtlebot3_msgs/action/detail/patrol__rosidl_typesupport_fastrtps_c.h
[5.649s] -- Up-to-date symlink: /home/pederba/sesasr_project_ws/install/turtlebot3_msgs/include/turtlebot3_msgs/turtlebot3_msgs/msg/detail/sensor_state__rosidl_typesupport_fastrtps_c.h
[5.649s] -- Up-to-date symlink: /home/pederba/sesasr_project_ws/install/turtlebot3_msgs/include/turtlebot3_msgs/turtlebot3_msgs/msg/detail/sound__rosidl_typesupport_fastrtps_c.h
[5.650s] -- Up-to-date symlink: /home/pederba/sesasr_project_ws/install/turtlebot3_msgs/include/turtlebot3_msgs/turtlebot3_msgs/msg/detail/version_info__rosidl_typesupport_fastrtps_c.h
[5.650s] -- Up-to-date symlink: /home/pederba/sesasr_project_ws/install/turtlebot3_msgs/include/turtlebot3_msgs/turtlebot3_msgs/msg/rosidl_typesupport_fastrtps_c__visibility_control.h
[5.650s] -- Up-to-date symlink: /home/pederba/sesasr_project_ws/install/turtlebot3_msgs/include/turtlebot3_msgs/turtlebot3_msgs/srv/detail/dqn__rosidl_typesupport_fastrtps_c.h
[5.650s] -- Up-to-date symlink: /home/pederba/sesasr_project_ws/install/turtlebot3_msgs/include/turtlebot3_msgs/turtlebot3_msgs/srv/detail/sound__rosidl_typesupport_fastrtps_c.h
[5.650s] -- Up-to-date symlink: /home/pederba/sesasr_project_ws/install/turtlebot3_msgs/include/turtlebot3_msgs/turtlebot3_msgs/action/detail/patrol__builder.hpp
[5.651s] -- Up-to-date symlink: /home/pederba/sesasr_project_ws/install/turtlebot3_msgs/include/turtlebot3_msgs/turtlebot3_msgs/action/detail/patrol__struct.hpp
[5.651s] -- Up-to-date symlink: /home/pederba/sesasr_project_ws/install/turtlebot3_msgs/include/turtlebot3_msgs/turtlebot3_msgs/action/detail/patrol__traits.hpp
[5.651s] -- Up-to-date symlink: /home/pederba/sesasr_project_ws/install/turtlebot3_msgs/include/turtlebot3_msgs/turtlebot3_msgs/action/patrol.hpp
[5.651s] -- Up-to-date symlink: /home/pederba/sesasr_project_ws/install/turtlebot3_msgs/include/turtlebot3_msgs/turtlebot3_msgs/msg/detail/sensor_state__builder.hpp
[5.651s] -- Up-to-date symlink: /home/pederba/sesasr_project_ws/install/turtlebot3_msgs/include/turtlebot3_msgs/turtlebot3_msgs/msg/detail/sensor_state__struct.hpp
[5.651s] -- Up-to-date symlink: /home/pederba/sesasr_project_ws/install/turtlebot3_msgs/include/turtlebot3_msgs/turtlebot3_msgs/msg/detail/sensor_state__traits.hpp
[5.652s] -- Up-to-date symlink: /home/pederba/sesasr_project_ws/install/turtlebot3_msgs/include/turtlebot3_msgs/turtlebot3_msgs/msg/detail/sound__builder.hpp
[5.652s] -- Up-to-date symlink: /home/pederba/sesasr_project_ws/install/turtlebot3_msgs/include/turtlebot3_msgs/turtlebot3_msgs/msg/detail/sound__struct.hpp
[5.652s] -- Up-to-date symlink: /home/pederba/sesasr_project_ws/install/turtlebot3_msgs/include/turtlebot3_msgs/turtlebot3_msgs/msg/detail/sound__traits.hpp
[5.652s] -- Up-to-date symlink: /home/pederba/sesasr_project_ws/install/turtlebot3_msgs/include/turtlebot3_msgs/turtlebot3_msgs/msg/detail/version_info__builder.hpp
[5.653s] -- Up-to-date symlink: /home/pederba/sesasr_project_ws/install/turtlebot3_msgs/include/turtlebot3_msgs/turtlebot3_msgs/msg/detail/version_info__struct.hpp
[5.653s] -- Up-to-date symlink: /home/pederba/sesasr_project_ws/install/turtlebot3_msgs/include/turtlebot3_msgs/turtlebot3_msgs/msg/detail/version_info__traits.hpp
[5.653s] -- Up-to-date symlink: /home/pederba/sesasr_project_ws/install/turtlebot3_msgs/include/turtlebot3_msgs/turtlebot3_msgs/msg/sensor_state.hpp
[5.653s] -- Up-to-date symlink: /home/pederba/sesasr_project_ws/install/turtlebot3_msgs/include/turtlebot3_msgs/turtlebot3_msgs/msg/sound.hpp
[5.653s] -- Up-to-date symlink: /home/pederba/sesasr_project_ws/install/turtlebot3_msgs/include/turtlebot3_msgs/turtlebot3_msgs/msg/version_info.hpp
[5.653s] -- Up-to-date symlink: /home/pederba/sesasr_project_ws/install/turtlebot3_msgs/include/turtlebot3_msgs/turtlebot3_msgs/srv/detail/dqn__builder.hpp
[5.654s] -- Up-to-date symlink: /home/pederba/sesasr_project_ws/install/turtlebot3_msgs/include/turtlebot3_msgs/turtlebot3_msgs/srv/detail/dqn__struct.hpp
[5.705s] -- Up-to-date symlink: /home/pederba/sesasr_project_ws/install/turtlebot3_msgs/include/turtlebot3_msgs/turtlebot3_msgs/srv/detail/dqn__traits.hpp
[5.706s] -- Up-to-date symlink: /home/pederba/sesasr_project_ws/install/turtlebot3_msgs/include/turtlebot3_msgs/turtlebot3_msgs/srv/detail/sound__builder.hpp
[5.706s] -- Up-to-date symlink: /home/pederba/sesasr_project_ws/install/turtlebot3_msgs/include/turtlebot3_msgs/turtlebot3_msgs/srv/detail/sound__struct.hpp
[5.707s] -- Up-to-date symlink: /home/pederba/sesasr_project_ws/install/turtlebot3_msgs/include/turtlebot3_msgs/turtlebot3_msgs/srv/detail/sound__traits.hpp
[5.707s] -- Up-to-date symlink: /home/pederba/sesasr_project_ws/install/turtlebot3_msgs/include/turtlebot3_msgs/turtlebot3_msgs/srv/dqn.hpp
[5.708s] -- Up-to-date symlink: /home/pederba/sesasr_project_ws/install/turtlebot3_msgs/include/turtlebot3_msgs/turtlebot3_msgs/srv/sound.hpp
[5.708s] -- Up-to-date symlink: /home/pederba/sesasr_project_ws/install/turtlebot3_msgs/include/turtlebot3_msgs/turtlebot3_msgs/action/detail/patrol__rosidl_typesupport_fastrtps_cpp.hpp
[5.709s] -- Up-to-date symlink: /home/pederba/sesasr_project_ws/install/turtlebot3_msgs/include/turtlebot3_msgs/turtlebot3_msgs/msg/detail/sensor_state__rosidl_typesupport_fastrtps_cpp.hpp
[5.709s] -- Up-to-date symlink: /home/pederba/sesasr_project_ws/install/turtlebot3_msgs/include/turtlebot3_msgs/turtlebot3_msgs/msg/detail/sound__rosidl_typesupport_fastrtps_cpp.hpp
[5.710s] -- Up-to-date symlink: /home/pederba/sesasr_project_ws/install/turtlebot3_msgs/include/turtlebot3_msgs/turtlebot3_msgs/msg/detail/version_info__rosidl_typesupport_fastrtps_cpp.hpp
[5.710s] -- Up-to-date symlink: /home/pederba/sesasr_project_ws/install/turtlebot3_msgs/include/turtlebot3_msgs/turtlebot3_msgs/msg/rosidl_typesupport_fastrtps_cpp__visibility_control.h
[5.711s] -- Up-to-date symlink: /home/pederba/sesasr_project_ws/install/turtlebot3_msgs/include/turtlebot3_msgs/turtlebot3_msgs/srv/detail/dqn__rosidl_typesupport_fastrtps_cpp.hpp
[5.711s] -- Up-to-date symlink: /home/pederba/sesasr_project_ws/install/turtlebot3_msgs/include/turtlebot3_msgs/turtlebot3_msgs/srv/detail/sound__rosidl_typesupport_fastrtps_cpp.hpp
[5.712s] -- Up-to-date symlink: /home/pederba/sesasr_project_ws/install/turtlebot3_msgs/include/turtlebot3_msgs/turtlebot3_msgs/action/detail/patrol__rosidl_typesupport_introspection_c.h
[5.712s] -- Up-to-date symlink: /home/pederba/sesasr_project_ws/install/turtlebot3_msgs/include/turtlebot3_msgs/turtlebot3_msgs/msg/detail/sensor_state__rosidl_typesupport_introspection_c.h
[5.713s] -- Up-to-date symlink: /home/pederba/sesasr_project_ws/install/turtlebot3_msgs/include/turtlebot3_msgs/turtlebot3_msgs/msg/detail/sound__rosidl_typesupport_introspection_c.h
[5.713s] -- Up-to-date symlink: /home/pederba/sesasr_project_ws/install/turtlebot3_msgs/include/turtlebot3_msgs/turtlebot3_msgs/msg/detail/version_info__rosidl_typesupport_introspection_c.h
[5.714s] -- Up-to-date symlink: /home/pederba/sesasr_project_ws/install/turtlebot3_msgs/include/turtlebot3_msgs/turtlebot3_msgs/msg/rosidl_typesupport_introspection_c__visibility_control.h
[5.714s] -- Up-to-date symlink: /home/pederba/sesasr_project_ws/install/turtlebot3_msgs/include/turtlebot3_msgs/turtlebot3_msgs/srv/detail/dqn__rosidl_typesupport_introspection_c.h
[5.715s] -- Up-to-date symlink: /home/pederba/sesasr_project_ws/install/turtlebot3_msgs/include/turtlebot3_msgs/turtlebot3_msgs/srv/detail/sound__rosidl_typesupport_introspection_c.h
[5.715s] -- Up-to-date symlink: /home/pederba/sesasr_project_ws/install/turtlebot3_msgs/include/turtlebot3_msgs/turtlebot3_msgs/action/detail/patrol__rosidl_typesupport_introspection_cpp.hpp
[5.716s] -- Up-to-date symlink: /home/pederba/sesasr_project_ws/install/turtlebot3_msgs/include/turtlebot3_msgs/turtlebot3_msgs/msg/detail/sensor_state__rosidl_typesupport_introspection_cpp.hpp
[5.716s] -- Up-to-date symlink: /home/pederba/sesasr_project_ws/install/turtlebot3_msgs/include/turtlebot3_msgs/turtlebot3_msgs/msg/detail/sound__rosidl_typesupport_introspection_cpp.hpp
[5.729s] -- Up-to-date symlink: /home/pederba/sesasr_project_ws/install/turtlebot3_msgs/include/turtlebot3_msgs/turtlebot3_msgs/msg/detail/version_info__rosidl_typesupport_introspection_cpp.hpp
[5.729s] -- Up-to-date symlink: /home/pederba/sesasr_project_ws/install/turtlebot3_msgs/include/turtlebot3_msgs/turtlebot3_msgs/srv/detail/dqn__rosidl_typesupport_introspection_cpp.hpp
[5.729s] -- Up-to-date symlink: /home/pederba/sesasr_project_ws/install/turtlebot3_msgs/include/turtlebot3_msgs/turtlebot3_msgs/srv/detail/sound__rosidl_typesupport_introspection_cpp.hpp
[5.729s] -- Up-to-date symlink: /home/pederba/sesasr_project_ws/install/turtlebot3_msgs/share/turtlebot3_msgs/environment/pythonpath.sh
[5.730s] -- Up-to-date symlink: /home/pederba/sesasr_project_ws/install/turtlebot3_msgs/share/turtlebot3_msgs/environment/pythonpath.dsv
[5.730s] -- Up-to-date symlink: /home/pederba/sesasr_project_ws/install/turtlebot3_msgs/local/lib/python3.10/dist-packages/turtlebot3_msgs-2.2.3-py3.10.egg-info/PKG-INFO
[5.730s] -- Up-to-date symlink: /home/pederba/sesasr_project_ws/install/turtlebot3_msgs/local/lib/python3.10/dist-packages/turtlebot3_msgs-2.2.3-py3.10.egg-info/SOURCES.txt
[5.731s] -- Up-to-date symlink: /home/pederba/sesasr_project_ws/install/turtlebot3_msgs/local/lib/python3.10/dist-packages/turtlebot3_msgs-2.2.3-py3.10.egg-info/dependency_links.txt
[5.731s] -- Up-to-date symlink: /home/pederba/sesasr_project_ws/install/turtlebot3_msgs/local/lib/python3.10/dist-packages/turtlebot3_msgs-2.2.3-py3.10.egg-info/top_level.txt
[5.731s] -- Up-to-date symlink: /home/pederba/sesasr_project_ws/install/turtlebot3_msgs/local/lib/python3.10/dist-packages/turtlebot3_msgs/__init__.py
[5.731s] -- Up-to-date symlink: /home/pederba/sesasr_project_ws/install/turtlebot3_msgs/local/lib/python3.10/dist-packages/turtlebot3_msgs/_turtlebot3_msgs_s.ep.rosidl_typesupport_c.c
[5.731s] -- Up-to-date symlink: /home/pederba/sesasr_project_ws/install/turtlebot3_msgs/local/lib/python3.10/dist-packages/turtlebot3_msgs/_turtlebot3_msgs_s.ep.rosidl_typesupport_fastrtps_c.c
[5.732s] -- Up-to-date symlink: /home/pederba/sesasr_project_ws/install/turtlebot3_msgs/local/lib/python3.10/dist-packages/turtlebot3_msgs/_turtlebot3_msgs_s.ep.rosidl_typesupport_introspection_c.c
[5.732s] -- Up-to-date symlink: /home/pederba/sesasr_project_ws/install/turtlebot3_msgs/local/lib/python3.10/dist-packages/turtlebot3_msgs/action/__init__.py
[5.732s] -- Up-to-date symlink: /home/pederba/sesasr_project_ws/install/turtlebot3_msgs/local/lib/python3.10/dist-packages/turtlebot3_msgs/action/_patrol.py
[5.732s] -- Up-to-date symlink: /home/pederba/sesasr_project_ws/install/turtlebot3_msgs/local/lib/python3.10/dist-packages/turtlebot3_msgs/action/_patrol_s.c
[5.732s] -- Up-to-date symlink: /home/pederba/sesasr_project_ws/install/turtlebot3_msgs/local/lib/python3.10/dist-packages/turtlebot3_msgs/libturtlebot3_msgs__rosidl_generator_py.so
[5.733s] -- Up-to-date symlink: /home/pederba/sesasr_project_ws/install/turtlebot3_msgs/local/lib/python3.10/dist-packages/turtlebot3_msgs/msg/__init__.py
[5.733s] -- Up-to-date symlink: /home/pederba/sesasr_project_ws/install/turtlebot3_msgs/local/lib/python3.10/dist-packages/turtlebot3_msgs/msg/_sensor_state.py
[5.733s] -- Up-to-date symlink: /home/pederba/sesasr_project_ws/install/turtlebot3_msgs/local/lib/python3.10/dist-packages/turtlebot3_msgs/msg/_sensor_state_s.c
[5.733s] -- Up-to-date symlink: /home/pederba/sesasr_project_ws/install/turtlebot3_msgs/local/lib/python3.10/dist-packages/turtlebot3_msgs/msg/_sound.py
[5.733s] -- Up-to-date symlink: /home/pederba/sesasr_project_ws/install/turtlebot3_msgs/local/lib/python3.10/dist-packages/turtlebot3_msgs/msg/_sound_s.c
[5.733s] -- Up-to-date symlink: /home/pederba/sesasr_project_ws/install/turtlebot3_msgs/local/lib/python3.10/dist-packages/turtlebot3_msgs/msg/_version_info.py
[5.734s] -- Up-to-date symlink: /home/pederba/sesasr_project_ws/install/turtlebot3_msgs/local/lib/python3.10/dist-packages/turtlebot3_msgs/msg/_version_info_s.c
[5.734s] -- Up-to-date symlink: /home/pederba/sesasr_project_ws/install/turtlebot3_msgs/local/lib/python3.10/dist-packages/turtlebot3_msgs/srv/__init__.py
[5.734s] -- Up-to-date symlink: /home/pederba/sesasr_project_ws/install/turtlebot3_msgs/local/lib/python3.10/dist-packages/turtlebot3_msgs/srv/_dqn.py
[5.734s] -- Up-to-date symlink: /home/pederba/sesasr_project_ws/install/turtlebot3_msgs/local/lib/python3.10/dist-packages/turtlebot3_msgs/srv/_dqn_s.c
[5.734s] -- Up-to-date symlink: /home/pederba/sesasr_project_ws/install/turtlebot3_msgs/local/lib/python3.10/dist-packages/turtlebot3_msgs/srv/_sound.py
[5.735s] -- Up-to-date symlink: /home/pederba/sesasr_project_ws/install/turtlebot3_msgs/local/lib/python3.10/dist-packages/turtlebot3_msgs/srv/_sound_s.c
[5.735s] -- Up-to-date symlink: /home/pederba/sesasr_project_ws/install/turtlebot3_msgs/local/lib/python3.10/dist-packages/turtlebot3_msgs/turtlebot3_msgs_s__rosidl_typesupport_c.cpython-310-x86_64-linux-gnu.so
[5.735s] -- Up-to-date symlink: /home/pederba/sesasr_project_ws/install/turtlebot3_msgs/local/lib/python3.10/dist-packages/turtlebot3_msgs/turtlebot3_msgs_s__rosidl_typesupport_fastrtps_c.cpython-310-x86_64-linux-gnu.so
[5.736s] -- Up-to-date symlink: /home/pederba/sesasr_project_ws/install/turtlebot3_msgs/local/lib/python3.10/dist-packages/turtlebot3_msgs/turtlebot3_msgs_s__rosidl_typesupport_introspection_c.cpython-310-x86_64-linux-gnu.so
[5.736s] -- Up-to-date symlink: /home/pederba/sesasr_project_ws/install/turtlebot3_msgs/local/lib/python3.10/dist-packages/turtlebot3_msgs/turtlebot3_msgs_s__rosidl_typesupport_fastrtps_c.cpython-310-x86_64-linux-gnu.so
[5.736s] -- Up-to-date symlink: /home/pederba/sesasr_project_ws/install/turtlebot3_msgs/local/lib/python3.10/dist-packages/turtlebot3_msgs/turtlebot3_msgs_s__rosidl_typesupport_introspection_c.cpython-310-x86_64-linux-gnu.so
[5.736s] -- Up-to-date symlink: /home/pederba/sesasr_project_ws/install/turtlebot3_msgs/local/lib/python3.10/dist-packages/turtlebot3_msgs/turtlebot3_msgs_s__rosidl_typesupport_c.cpython-310-x86_64-linux-gnu.so
[5.736s] -- Up-to-date symlink: /home/pederba/sesasr_project_ws/install/turtlebot3_msgs/share/turtlebot3_msgs/msg/SensorState.idl
[5.757s] -- Up-to-date symlink: /home/pederba/sesasr_project_ws/install/turtlebot3_msgs/share/turtlebot3_msgs/msg/Sound.idl
[5.757s] -- Up-to-date symlink: /home/pederba/sesasr_project_ws/install/turtlebot3_msgs/share/turtlebot3_msgs/msg/VersionInfo.idl
[5.757s] -- Up-to-date symlink: /home/pederba/sesasr_project_ws/install/turtlebot3_msgs/share/turtlebot3_msgs/srv/Sound.idl
[5.758s] -- Up-to-date symlink: /home/pederba/sesasr_project_ws/install/turtlebot3_msgs/share/turtlebot3_msgs/srv/Dqn.idl
[5.758s] -- Up-to-date symlink: /home/pederba/sesasr_project_ws/install/turtlebot3_msgs/share/turtlebot3_msgs/action/Patrol.idl
[5.758s] -- Up-to-date symlink: /home/pederba/sesasr_project_ws/install/turtlebot3_msgs/share/turtlebot3_msgs/msg/SensorState.msg
[5.758s] -- Up-to-date symlink: /home/pederba/sesasr_project_ws/install/turtlebot3_msgs/share/turtlebot3_msgs/msg/Sound.msg
[5.758s] -- Up-to-date symlink: /home/pederba/sesasr_project_ws/install/turtlebot3_msgs/share/turtlebot3_msgs/msg/VersionInfo.msg
[5.758s] -- Up-to-date symlink: /home/pederba/sesasr_project_ws/install/turtlebot3_msgs/share/turtlebot3_msgs/srv/Sound.srv
[5.758s] -- Up-to-date symlink: /home/pederba/sesasr_project_ws/install/turtlebot3_msgs/share/turtlebot3_msgs/srv/Sound_Request.msg
[5.759s] -- Up-to-date symlink: /home/pederba/sesasr_project_ws/install/turtlebot3_msgs/share/turtlebot3_msgs/srv/Sound_Response.msg
[5.761s] -- Up-to-date symlink: /home/pederba/sesasr_project_ws/install/turtlebot3_msgs/share/turtlebot3_msgs/srv/Dqn.srv
[5.761s] -- Up-to-date symlink: /home/pederba/sesasr_project_ws/install/turtlebot3_msgs/share/turtlebot3_msgs/srv/Dqn_Request.msg
[5.761s] -- Up-to-date symlink: /home/pederba/sesasr_project_ws/install/turtlebot3_msgs/share/turtlebot3_msgs/srv/Dqn_Response.msg
[5.762s] -- Up-to-date symlink: /home/pederba/sesasr_project_ws/install/turtlebot3_msgs/share/turtlebot3_msgs/action/Patrol.action
[5.762s] -- Up-to-date symlink: /home/pederba/sesasr_project_ws/install/turtlebot3_msgs/share/ament_index/resource_index/package_run_dependencies/turtlebot3_msgs
[5.762s] -- Up-to-date symlink: /home/pederba/sesasr_project_ws/install/turtlebot3_msgs/share/ament_index/resource_index/parent_prefix_path/turtlebot3_msgs
[5.762s] -- Up-to-date symlink: /home/pederba/sesasr_project_ws/install/turtlebot3_msgs/share/turtlebot3_msgs/environment/ament_prefix_path.sh
[5.762s] -- Up-to-date symlink: /home/pederba/sesasr_project_ws/install/turtlebot3_msgs/share/turtlebot3_msgs/environment/ament_prefix_path.dsv
[5.762s] -- Up-to-date symlink: /home/pederba/sesasr_project_ws/install/turtlebot3_msgs/share/turtlebot3_msgs/environment/path.sh
[5.762s] -- Up-to-date symlink: /home/pederba/sesasr_project_ws/install/turtlebot3_msgs/share/turtlebot3_msgs/environment/path.dsv
[5.762s] -- Up-to-date symlink: /home/pederba/sesasr_project_ws/install/turtlebot3_msgs/share/turtlebot3_msgs/local_setup.bash
[5.763s] -- Up-to-date symlink: /home/pederba/sesasr_project_ws/install/turtlebot3_msgs/share/turtlebot3_msgs/local_setup.sh
[5.763s] -- Up-to-date symlink: /home/pederba/sesasr_project_ws/install/turtlebot3_msgs/share/turtlebot3_msgs/local_setup.zsh
[5.763s] -- Up-to-date symlink: /home/pederba/sesasr_project_ws/install/turtlebot3_msgs/share/turtlebot3_msgs/local_setup.dsv
[5.763s] -- Symlinking: /home/pederba/sesasr_project_ws/install/turtlebot3_msgs/share/turtlebot3_msgs/package.dsv
[5.765s] -- Up-to-date symlink: /home/pederba/sesasr_project_ws/install/turtlebot3_msgs/share/ament_index/resource_index/packages/turtlebot3_msgs
[5.765s] -- Up-to-date symlink: /home/pederba/sesasr_project_ws/install/turtlebot3_msgs/share/turtlebot3_msgs/cmake/rosidl_cmake-extras.cmake
[5.765s] -- Up-to-date symlink: /home/pederba/sesasr_project_ws/install/turtlebot3_msgs/share/turtlebot3_msgs/cmake/ament_cmake_export_dependencies-extras.cmake
[5.765s] -- Up-to-date symlink: /home/pederba/sesasr_project_ws/install/turtlebot3_msgs/share/turtlebot3_msgs/cmake/ament_cmake_export_include_directories-extras.cmake
[5.766s] -- Up-to-date symlink: /home/pederba/sesasr_project_ws/install/turtlebot3_msgs/share/turtlebot3_msgs/cmake/ament_cmake_export_libraries-extras.cmake
[5.766s] -- Up-to-date symlink: /home/pederba/sesasr_project_ws/install/turtlebot3_msgs/share/turtlebot3_msgs/cmake/ament_cmake_export_targets-extras.cmake
[5.766s] -- Up-to-date symlink: /home/pederba/sesasr_project_ws/install/turtlebot3_msgs/share/turtlebot3_msgs/cmake/rosidl_cmake_export_typesupport_targets-extras.cmake
[5.766s] -- Up-to-date symlink: /home/pederba/sesasr_project_ws/install/turtlebot3_msgs/share/turtlebot3_msgs/cmake/rosidl_cmake_export_typesupport_libraries-extras.cmake
[5.766s] -- Up-to-date symlink: /home/pederba/sesasr_project_ws/install/turtlebot3_msgs/share/turtlebot3_msgs/cmake/turtlebot3_msgsConfig.cmake
[5.766s] -- Up-to-date symlink: /home/pederba/sesasr_project_ws/install/turtlebot3_msgs/share/turtlebot3_msgs/cmake/turtlebot3_msgsConfig-version.cmake
[5.766s] -- Up-to-date symlink: /home/pederba/sesasr_project_ws/install/turtlebot3_msgs/share/turtlebot3_msgs/package.xml
[5.766s] -- Up-to-date: /home/pederba/sesasr_project_ws/install/turtlebot3_msgs/lib/libturtlebot3_msgs__rosidl_generator_c.so
[5.766s] -- Up-to-date: /home/pederba/sesasr_project_ws/install/turtlebot3_msgs/lib/libturtlebot3_msgs__rosidl_typesupport_fastrtps_c.so
[5.767s] -- Up-to-date: /home/pederba/sesasr_project_ws/install/turtlebot3_msgs/lib/libturtlebot3_msgs__rosidl_typesupport_fastrtps_cpp.so
[5.767s] -- Up-to-date: /home/pederba/sesasr_project_ws/install/turtlebot3_msgs/lib/libturtlebot3_msgs__rosidl_typesupport_introspection_c.so
[5.767s] -- Up-to-date: /home/pederba/sesasr_project_ws/install/turtlebot3_msgs/lib/libturtlebot3_msgs__rosidl_typesupport_c.so
[5.767s] -- Up-to-date: /home/pederba/sesasr_project_ws/install/turtlebot3_msgs/lib/libturtlebot3_msgs__rosidl_typesupport_introspection_cpp.so
[5.767s] -- Up-to-date: /home/pederba/sesasr_project_ws/install/turtlebot3_msgs/lib/libturtlebot3_msgs__rosidl_typesupport_cpp.so
[5.802s] Listing '/home/pederba/sesasr_project_ws/install/turtlebot3_msgs/local/lib/python3.10/dist-packages/turtlebot3_msgs'...
[5.803s] Listing '/home/pederba/sesasr_project_ws/install/turtlebot3_msgs/local/lib/python3.10/dist-packages/turtlebot3_msgs/action'...
[5.803s] Listing '/home/pederba/sesasr_project_ws/install/turtlebot3_msgs/local/lib/python3.10/dist-packages/turtlebot3_msgs/msg'...
[5.804s] Listing '/home/pederba/sesasr_project_ws/install/turtlebot3_msgs/local/lib/python3.10/dist-packages/turtlebot3_msgs/srv'...
[5.814s] -- Up-to-date: /home/pederba/sesasr_project_ws/install/turtlebot3_msgs/lib/libturtlebot3_msgs__rosidl_generator_py.so
[5.815s] -- Up-to-date: /home/pederba/sesasr_project_ws/install/turtlebot3_msgs/share/turtlebot3_msgs/cmake/export_turtlebot3_msgs__rosidl_generator_cExport.cmake
[5.815s] -- Up-to-date: /home/pederba/sesasr_project_ws/install/turtlebot3_msgs/share/turtlebot3_msgs/cmake/export_turtlebot3_msgs__rosidl_generator_cExport-noconfig.cmake
[5.815s] -- Up-to-date: /home/pederba/sesasr_project_ws/install/turtlebot3_msgs/share/turtlebot3_msgs/cmake/export_turtlebot3_msgs__rosidl_typesupport_fastrtps_cExport.cmake
[5.816s] -- Up-to-date: /home/pederba/sesasr_project_ws/install/turtlebot3_msgs/share/turtlebot3_msgs/cmake/export_turtlebot3_msgs__rosidl_typesupport_fastrtps_cExport-noconfig.cmake
[5.816s] -- Up-to-date: /home/pederba/sesasr_project_ws/install/turtlebot3_msgs/share/turtlebot3_msgs/cmake/export_turtlebot3_msgs__rosidl_generator_cppExport.cmake
[5.817s] -- Up-to-date: /home/pederba/sesasr_project_ws/install/turtlebot3_msgs/share/turtlebot3_msgs/cmake/export_turtlebot3_msgs__rosidl_typesupport_fastrtps_cppExport.cmake
[5.817s] -- Up-to-date: /home/pederba/sesasr_project_ws/install/turtlebot3_msgs/share/turtlebot3_msgs/cmake/export_turtlebot3_msgs__rosidl_typesupport_fastrtps_cppExport-noconfig.cmake
[5.817s] -- Up-to-date: /home/pederba/sesasr_project_ws/install/turtlebot3_msgs/share/turtlebot3_msgs/cmake/turtlebot3_msgs__rosidl_typesupport_introspection_cExport.cmake
[5.818s] -- Up-to-date: /home/pederba/sesasr_project_ws/install/turtlebot3_msgs/share/turtlebot3_msgs/cmake/turtlebot3_msgs__rosidl_typesupport_introspection_cExport-noconfig.cmake
[5.818s] -- Up-to-date: /home/pederba/sesasr_project_ws/install/turtlebot3_msgs/share/turtlebot3_msgs/cmake/turtlebot3_msgs__rosidl_typesupport_cExport.cmake
[5.818s] -- Up-to-date: /home/pederba/sesasr_project_ws/install/turtlebot3_msgs/share/turtlebot3_msgs/cmake/turtlebot3_msgs__rosidl_typesupport_cExport-noconfig.cmake
[5.819s] -- Up-to-date: /home/pederba/sesasr_project_ws/install/turtlebot3_msgs/share/turtlebot3_msgs/cmake/turtlebot3_msgs__rosidl_typesupport_introspection_cppExport.cmake
[5.819s] -- Up-to-date: /home/pederba/sesasr_project_ws/install/turtlebot3_msgs/share/turtlebot3_msgs/cmake/turtlebot3_msgs__rosidl_typesupport_introspection_cppExport-noconfig.cmake
[5.819s] -- Up-to-date: /home/pederba/sesasr_project_ws/install/turtlebot3_msgs/share/turtlebot3_msgs/cmake/turtlebot3_msgs__rosidl_typesupport_cppExport.cmake
[5.820s] -- Up-to-date: /home/pederba/sesasr_project_ws/install/turtlebot3_msgs/share/turtlebot3_msgs/cmake/turtlebot3_msgs__rosidl_typesupport_cppExport-noconfig.cmake
[5.820s] -- Up-to-date: /home/pederba/sesasr_project_ws/install/turtlebot3_msgs/share/turtlebot3_msgs/cmake/export_turtlebot3_msgs__rosidl_generator_pyExport.cmake
[5.821s] -- Up-to-date: /home/pederba/sesasr_project_ws/install/turtlebot3_msgs/share/turtlebot3_msgs/cmake/export_turtlebot3_msgs__rosidl_generator_pyExport-noconfig.cmake
[6.348s] Invoked command in '/home/pederba/sesasr_project_ws/build/turtlebot3_msgs' returned '0': CMAKE_PREFIX_PATH=${CMAKE_PREFIX_PATH}:/home/pederba/sesasr_project_ws/install/turtlebot3_teleop:/home/pederba/sesasr_project_ws/install/turtlebot3_example:/home/pederba/sesasr_project_ws/install/project_pkg:/opt/ros/humble /usr/bin/cmake --install /home/pederba/sesasr_project_ws/build/turtlebot3_msgs
