[2.230s] Invoking command in '/home/pederba/sesasr_project_ws/src/project_pkg': PYTHONPATH=/home/pederba/sesasr_project_ws/build/project_pkg/prefix_override:/home/pederba/sesasr_project_ws/install/project_pkg/lib/python3.10/site-packages:${PYTHONPATH} /usr/bin/python3 setup.py egg_info --egg-base ../../build/project_pkg build --build-base /home/pederba/sesasr_project_ws/build/project_pkg/build install --record /home/pederba/sesasr_project_ws/build/project_pkg/install.log --single-version-externally-managed
[3.000s] running egg_info
[3.031s] writing ../../build/project_pkg/project_pkg.egg-info/PKG-INFO
[3.032s] writing dependency_links to ../../build/project_pkg/project_pkg.egg-info/dependency_links.txt
[3.032s] writing entry points to ../../build/project_pkg/project_pkg.egg-info/entry_points.txt
[3.032s] writing requirements to ../../build/project_pkg/project_pkg.egg-info/requires.txt
[3.032s] writing top-level names to ../../build/project_pkg/project_pkg.egg-info/top_level.txt
[3.095s] reading manifest file '../../build/project_pkg/project_pkg.egg-info/SOURCES.txt'
[3.097s] writing manifest file '../../build/project_pkg/project_pkg.egg-info/SOURCES.txt'
[3.097s] running build
[3.097s] running build_py
[3.098s] running install
[3.098s] /home/pederba/.local/lib/python3.10/site-packages/setuptools/command/install.py:34: SetuptoolsDeprecationWarning: setup.py install is deprecated. Use build and pip and other standards-based tools.
[3.098s]   warnings.warn(
[3.105s] running install_lib
[3.136s] running install_data
[3.168s] running install_egg_info
[3.201s] removing '/home/pederba/sesasr_project_ws/install/project_pkg/lib/python3.10/site-packages/project_pkg-0.0.0-py3.10.egg-info' (and everything under it)
[3.201s] Copying ../../build/project_pkg/project_pkg.egg-info to /home/pederba/sesasr_project_ws/install/project_pkg/lib/python3.10/site-packages/project_pkg-0.0.0-py3.10.egg-info
[3.202s] running install_scripts
[3.323s] Installing localization_node script to /home/pederba/sesasr_project_ws/install/project_pkg/lib/project_pkg
[3.323s] Installing recorder script to /home/pederba/sesasr_project_ws/install/project_pkg/lib/project_pkg
[3.324s] writing list of installed files to '/home/pederba/sesasr_project_ws/build/project_pkg/install.log'
[3.408s] Invoked command in '/home/pederba/sesasr_project_ws/src/project_pkg' returned '0': PYTHONPATH=/home/pederba/sesasr_project_ws/build/project_pkg/prefix_override:/home/pederba/sesasr_project_ws/install/project_pkg/lib/python3.10/site-packages:${PYTHONPATH} /usr/bin/python3 setup.py egg_info --egg-base ../../build/project_pkg build --build-base /home/pederba/sesasr_project_ws/build/project_pkg/build install --record /home/pederba/sesasr_project_ws/build/project_pkg/install.log --single-version-externally-managed
