[2.556s] DEBUG:colcon:Command line arguments: ['/usr/bin/colcon', 'build', '--packages-select', 'project_pkg']
[2.557s] DEBUG:colcon:Parsed command line arguments: Namespace(log_base=None, log_level=None, verb_name='build', build_base='build', install_base='install', merge_install=False, symlink_install=False, test_result_base=None, continue_on_error=False, executor='parallel', parallel_workers=8, event_handlers=None, ignore_user_meta=False, metas=['./colcon.meta'], base_paths=['.'], packages_ignore=None, packages_ignore_regex=None, paths=None, packages_up_to=None, packages_up_to_regex=None, packages_above=None, packages_above_and_dependencies=None, packages_above_depth=None, packages_select_by_dep=None, packages_skip_by_dep=None, packages_skip_up_to=None, packages_select_build_failed=False, packages_skip_build_finished=False, packages_select_test_failures=False, packages_skip_test_passed=False, packages_select=['project_pkg'], packages_skip=None, packages_select_regex=None, packages_skip_regex=None, packages_start=None, packages_end=None, allow_overriding=[], cmake_args=None, cmake_target=None, cmake_target_skip_unavailable=False, cmake_clean_cache=False, cmake_clean_first=False, cmake_force_configure=False, ament_cmake_args=None, catkin_cmake_args=None, catkin_skip_building_tests=False, verb_parser=<colcon_defaults.argument_parser.defaults.DefaultArgumentsDecorator object at 0x7fd91d1cbc70>, verb_extension=<colcon_core.verb.build.BuildVerb object at 0x7fd91d1c91b0>, main=<bound method BuildVerb.main of <colcon_core.verb.build.BuildVerb object at 0x7fd91d1c91b0>>)
[2.824s] Level 1:colcon.colcon_core.package_discovery:discover_packages(colcon_meta) check parameters
[2.825s] Level 1:colcon.colcon_core.package_discovery:discover_packages(recursive) check parameters
[2.825s] Level 1:colcon.colcon_core.package_discovery:discover_packages(ignore) check parameters
[2.826s] Level 1:colcon.colcon_core.package_discovery:discover_packages(path) check parameters
[2.826s] Level 1:colcon.colcon_core.package_discovery:discover_packages(colcon_meta) discover
[2.826s] Level 1:colcon.colcon_core.package_discovery:discover_packages(recursive) discover
[2.826s] INFO:colcon.colcon_core.package_discovery:Crawling recursively for packages in '/home/pederba/sesasr_project_ws'
[2.827s] Level 1:colcon.colcon_core.package_identification:_identify(.) by extensions ['ignore', 'ignore_ament_install']
[2.827s] Level 1:colcon.colcon_core.package_identification:_identify(.) by extension 'ignore'
[2.827s] Level 1:colcon.colcon_core.package_identification:_identify(.) by extension 'ignore_ament_install'
[2.827s] Level 1:colcon.colcon_core.package_identification:_identify(.) by extensions ['colcon_pkg']
[2.827s] Level 1:colcon.colcon_core.package_identification:_identify(.) by extension 'colcon_pkg'
[2.828s] Level 1:colcon.colcon_core.package_identification:_identify(.) by extensions ['colcon_meta']
[2.828s] Level 1:colcon.colcon_core.package_identification:_identify(.) by extension 'colcon_meta'
[2.828s] Level 1:colcon.colcon_core.package_identification:_identify(.) by extensions ['ros']
[2.828s] Level 1:colcon.colcon_core.package_identification:_identify(.) by extension 'ros'
[2.858s] Level 1:colcon.colcon_core.package_identification:_identify(.) by extensions ['cmake', 'python']
[2.858s] Level 1:colcon.colcon_core.package_identification:_identify(.) by extension 'cmake'
[2.859s] Level 1:colcon.colcon_core.package_identification:_identify(.) by extension 'python'
[2.859s] Level 1:colcon.colcon_core.package_identification:_identify(.) by extensions ['python_setup_py']
[2.859s] Level 1:colcon.colcon_core.package_identification:_identify(.) by extension 'python_setup_py'
[2.859s] Level 1:colcon.colcon_core.package_identification:_identify(build) by extensions ['ignore', 'ignore_ament_install']
[2.859s] Level 1:colcon.colcon_core.package_identification:_identify(build) by extension 'ignore'
[2.859s] Level 1:colcon.colcon_core.package_identification:_identify(build) ignored
[2.860s] Level 1:colcon.colcon_core.package_identification:_identify(install) by extensions ['ignore', 'ignore_ament_install']
[2.860s] Level 1:colcon.colcon_core.package_identification:_identify(install) by extension 'ignore'
[2.860s] Level 1:colcon.colcon_core.package_identification:_identify(install) ignored
[2.860s] Level 1:colcon.colcon_core.package_identification:_identify(log) by extensions ['ignore', 'ignore_ament_install']
[2.860s] Level 1:colcon.colcon_core.package_identification:_identify(log) by extension 'ignore'
[2.861s] Level 1:colcon.colcon_core.package_identification:_identify(log) ignored
[2.861s] Level 1:colcon.colcon_core.package_identification:_identify(src) by extensions ['ignore', 'ignore_ament_install']
[2.861s] Level 1:colcon.colcon_core.package_identification:_identify(src) by extension 'ignore'
[2.861s] Level 1:colcon.colcon_core.package_identification:_identify(src) by extension 'ignore_ament_install'
[2.861s] Level 1:colcon.colcon_core.package_identification:_identify(src) by extensions ['colcon_pkg']
[2.861s] Level 1:colcon.colcon_core.package_identification:_identify(src) by extension 'colcon_pkg'
[2.861s] Level 1:colcon.colcon_core.package_identification:_identify(src) by extensions ['colcon_meta']
[2.861s] Level 1:colcon.colcon_core.package_identification:_identify(src) by extension 'colcon_meta'
[2.861s] Level 1:colcon.colcon_core.package_identification:_identify(src) by extensions ['ros']
[2.861s] Level 1:colcon.colcon_core.package_identification:_identify(src) by extension 'ros'
[2.862s] Level 1:colcon.colcon_core.package_identification:_identify(src) by extensions ['cmake', 'python']
[2.862s] Level 1:colcon.colcon_core.package_identification:_identify(src) by extension 'cmake'
[2.862s] Level 1:colcon.colcon_core.package_identification:_identify(src) by extension 'python'
[2.862s] Level 1:colcon.colcon_core.package_identification:_identify(src) by extensions ['python_setup_py']
[2.862s] Level 1:colcon.colcon_core.package_identification:_identify(src) by extension 'python_setup_py'
[2.862s] Level 1:colcon.colcon_core.package_identification:_identify(src/project_pkg) by extensions ['ignore', 'ignore_ament_install']
[2.862s] Level 1:colcon.colcon_core.package_identification:_identify(src/project_pkg) by extension 'ignore'
[2.862s] Level 1:colcon.colcon_core.package_identification:_identify(src/project_pkg) by extension 'ignore_ament_install'
[2.862s] Level 1:colcon.colcon_core.package_identification:_identify(src/project_pkg) by extensions ['colcon_pkg']
[2.862s] Level 1:colcon.colcon_core.package_identification:_identify(src/project_pkg) by extension 'colcon_pkg'
[2.863s] Level 1:colcon.colcon_core.package_identification:_identify(src/project_pkg) by extensions ['colcon_meta']
[2.863s] Level 1:colcon.colcon_core.package_identification:_identify(src/project_pkg) by extension 'colcon_meta'
[2.863s] Level 1:colcon.colcon_core.package_identification:_identify(src/project_pkg) by extensions ['ros']
[2.863s] Level 1:colcon.colcon_core.package_identification:_identify(src/project_pkg) by extension 'ros'
[2.867s] DEBUG:colcon.colcon_core.package_identification:Package 'src/project_pkg' with type 'ros.ament_python' and name 'project_pkg'
[2.868s] Level 1:colcon.colcon_core.package_identification:_identify(src/turtlebot3) by extensions ['ignore', 'ignore_ament_install']
[2.868s] Level 1:colcon.colcon_core.package_identification:_identify(src/turtlebot3) by extension 'ignore'
[2.868s] Level 1:colcon.colcon_core.package_identification:_identify(src/turtlebot3) by extension 'ignore_ament_install'
[2.868s] Level 1:colcon.colcon_core.package_identification:_identify(src/turtlebot3) by extensions ['colcon_pkg']
[2.868s] Level 1:colcon.colcon_core.package_identification:_identify(src/turtlebot3) by extension 'colcon_pkg'
[2.868s] Level 1:colcon.colcon_core.package_identification:_identify(src/turtlebot3) by extensions ['colcon_meta']
[2.868s] Level 1:colcon.colcon_core.package_identification:_identify(src/turtlebot3) by extension 'colcon_meta'
[2.869s] Level 1:colcon.colcon_core.package_identification:_identify(src/turtlebot3) by extensions ['ros']
[2.869s] Level 1:colcon.colcon_core.package_identification:_identify(src/turtlebot3) by extension 'ros'
[2.869s] Level 1:colcon.colcon_core.package_identification:_identify(src/turtlebot3) by extensions ['cmake', 'python']
[2.869s] Level 1:colcon.colcon_core.package_identification:_identify(src/turtlebot3) by extension 'cmake'
[2.869s] Level 1:colcon.colcon_core.package_identification:_identify(src/turtlebot3) by extension 'python'
[2.869s] Level 1:colcon.colcon_core.package_identification:_identify(src/turtlebot3) by extensions ['python_setup_py']
[2.869s] Level 1:colcon.colcon_core.package_identification:_identify(src/turtlebot3) by extension 'python_setup_py'
[2.869s] Level 1:colcon.colcon_core.package_identification:_identify(src/turtlebot3/turtlebot3) by extensions ['ignore', 'ignore_ament_install']
[2.870s] Level 1:colcon.colcon_core.package_identification:_identify(src/turtlebot3/turtlebot3) by extension 'ignore'
[2.870s] Level 1:colcon.colcon_core.package_identification:_identify(src/turtlebot3/turtlebot3) by extension 'ignore_ament_install'
[2.870s] Level 1:colcon.colcon_core.package_identification:_identify(src/turtlebot3/turtlebot3) by extensions ['colcon_pkg']
[2.870s] Level 1:colcon.colcon_core.package_identification:_identify(src/turtlebot3/turtlebot3) by extension 'colcon_pkg'
[2.870s] Level 1:colcon.colcon_core.package_identification:_identify(src/turtlebot3/turtlebot3) by extensions ['colcon_meta']
[2.870s] Level 1:colcon.colcon_core.package_identification:_identify(src/turtlebot3/turtlebot3) by extension 'colcon_meta'
[2.870s] Level 1:colcon.colcon_core.package_identification:_identify(src/turtlebot3/turtlebot3) by extensions ['ros']
[2.870s] Level 1:colcon.colcon_core.package_identification:_identify(src/turtlebot3/turtlebot3) by extension 'ros'
[2.872s] DEBUG:colcon.colcon_core.package_identification:Package 'src/turtlebot3/turtlebot3' with type 'ros.ament_cmake' and name 'turtlebot3'
[2.872s] Level 1:colcon.colcon_core.package_identification:_identify(src/turtlebot3/turtlebot3_bringup) by extensions ['ignore', 'ignore_ament_install']
[2.872s] Level 1:colcon.colcon_core.package_identification:_identify(src/turtlebot3/turtlebot3_bringup) by extension 'ignore'
[2.873s] Level 1:colcon.colcon_core.package_identification:_identify(src/turtlebot3/turtlebot3_bringup) by extension 'ignore_ament_install'
[2.873s] Level 1:colcon.colcon_core.package_identification:_identify(src/turtlebot3/turtlebot3_bringup) by extensions ['colcon_pkg']
[2.873s] Level 1:colcon.colcon_core.package_identification:_identify(src/turtlebot3/turtlebot3_bringup) by extension 'colcon_pkg'
[2.873s] Level 1:colcon.colcon_core.package_identification:_identify(src/turtlebot3/turtlebot3_bringup) by extensions ['colcon_meta']
[2.873s] Level 1:colcon.colcon_core.package_identification:_identify(src/turtlebot3/turtlebot3_bringup) by extension 'colcon_meta'
[2.873s] Level 1:colcon.colcon_core.package_identification:_identify(src/turtlebot3/turtlebot3_bringup) by extensions ['ros']
[2.873s] Level 1:colcon.colcon_core.package_identification:_identify(src/turtlebot3/turtlebot3_bringup) by extension 'ros'
[2.874s] DEBUG:colcon.colcon_core.package_identification:Package 'src/turtlebot3/turtlebot3_bringup' with type 'ros.ament_cmake' and name 'turtlebot3_bringup'
[2.875s] Level 1:colcon.colcon_core.package_identification:_identify(src/turtlebot3/turtlebot3_cartographer) by extensions ['ignore', 'ignore_ament_install']
[2.875s] Level 1:colcon.colcon_core.package_identification:_identify(src/turtlebot3/turtlebot3_cartographer) by extension 'ignore'
[2.875s] Level 1:colcon.colcon_core.package_identification:_identify(src/turtlebot3/turtlebot3_cartographer) by extension 'ignore_ament_install'
[2.875s] Level 1:colcon.colcon_core.package_identification:_identify(src/turtlebot3/turtlebot3_cartographer) by extensions ['colcon_pkg']
[2.875s] Level 1:colcon.colcon_core.package_identification:_identify(src/turtlebot3/turtlebot3_cartographer) by extension 'colcon_pkg'
[2.875s] Level 1:colcon.colcon_core.package_identification:_identify(src/turtlebot3/turtlebot3_cartographer) by extensions ['colcon_meta']
[2.875s] Level 1:colcon.colcon_core.package_identification:_identify(src/turtlebot3/turtlebot3_cartographer) by extension 'colcon_meta'
[2.875s] Level 1:colcon.colcon_core.package_identification:_identify(src/turtlebot3/turtlebot3_cartographer) by extensions ['ros']
[2.875s] Level 1:colcon.colcon_core.package_identification:_identify(src/turtlebot3/turtlebot3_cartographer) by extension 'ros'
[2.876s] DEBUG:colcon.colcon_core.package_identification:Package 'src/turtlebot3/turtlebot3_cartographer' with type 'ros.ament_cmake' and name 'turtlebot3_cartographer'
[2.876s] Level 1:colcon.colcon_core.package_identification:_identify(src/turtlebot3/turtlebot3_description) by extensions ['ignore', 'ignore_ament_install']
[2.877s] Level 1:colcon.colcon_core.package_identification:_identify(src/turtlebot3/turtlebot3_description) by extension 'ignore'
[2.877s] Level 1:colcon.colcon_core.package_identification:_identify(src/turtlebot3/turtlebot3_description) by extension 'ignore_ament_install'
[2.877s] Level 1:colcon.colcon_core.package_identification:_identify(src/turtlebot3/turtlebot3_description) by extensions ['colcon_pkg']
[2.877s] Level 1:colcon.colcon_core.package_identification:_identify(src/turtlebot3/turtlebot3_description) by extension 'colcon_pkg'
[2.877s] Level 1:colcon.colcon_core.package_identification:_identify(src/turtlebot3/turtlebot3_description) by extensions ['colcon_meta']
[2.877s] Level 1:colcon.colcon_core.package_identification:_identify(src/turtlebot3/turtlebot3_description) by extension 'colcon_meta'
[2.877s] Level 1:colcon.colcon_core.package_identification:_identify(src/turtlebot3/turtlebot3_description) by extensions ['ros']
[2.877s] Level 1:colcon.colcon_core.package_identification:_identify(src/turtlebot3/turtlebot3_description) by extension 'ros'
[2.878s] DEBUG:colcon.colcon_core.package_identification:Package 'src/turtlebot3/turtlebot3_description' with type 'ros.ament_cmake' and name 'turtlebot3_description'
[2.878s] Level 1:colcon.colcon_core.package_identification:_identify(src/turtlebot3/turtlebot3_example) by extensions ['ignore', 'ignore_ament_install']
[2.878s] Level 1:colcon.colcon_core.package_identification:_identify(src/turtlebot3/turtlebot3_example) by extension 'ignore'
[2.878s] Level 1:colcon.colcon_core.package_identification:_identify(src/turtlebot3/turtlebot3_example) by extension 'ignore_ament_install'
[2.879s] Level 1:colcon.colcon_core.package_identification:_identify(src/turtlebot3/turtlebot3_example) by extensions ['colcon_pkg']
[2.879s] Level 1:colcon.colcon_core.package_identification:_identify(src/turtlebot3/turtlebot3_example) by extension 'colcon_pkg'
[2.879s] Level 1:colcon.colcon_core.package_identification:_identify(src/turtlebot3/turtlebot3_example) by extensions ['colcon_meta']
[2.879s] Level 1:colcon.colcon_core.package_identification:_identify(src/turtlebot3/turtlebot3_example) by extension 'colcon_meta'
[2.879s] Level 1:colcon.colcon_core.package_identification:_identify(src/turtlebot3/turtlebot3_example) by extensions ['ros']
[2.879s] Level 1:colcon.colcon_core.package_identification:_identify(src/turtlebot3/turtlebot3_example) by extension 'ros'
[2.881s] DEBUG:colcon.colcon_core.package_identification:Package 'src/turtlebot3/turtlebot3_example' with type 'ros.ament_python' and name 'turtlebot3_example'
[2.881s] Level 1:colcon.colcon_core.package_identification:_identify(src/turtlebot3/turtlebot3_hardware) by extensions ['ignore', 'ignore_ament_install']
[2.881s] Level 1:colcon.colcon_core.package_identification:_identify(src/turtlebot3/turtlebot3_hardware) by extension 'ignore'
[2.881s] Level 1:colcon.colcon_core.package_identification:_identify(src/turtlebot3/turtlebot3_hardware) by extension 'ignore_ament_install'
[2.882s] Level 1:colcon.colcon_core.package_identification:_identify(src/turtlebot3/turtlebot3_hardware) by extensions ['colcon_pkg']
[2.882s] Level 1:colcon.colcon_core.package_identification:_identify(src/turtlebot3/turtlebot3_hardware) by extension 'colcon_pkg'
[2.882s] Level 1:colcon.colcon_core.package_identification:_identify(src/turtlebot3/turtlebot3_hardware) by extensions ['colcon_meta']
[2.882s] Level 1:colcon.colcon_core.package_identification:_identify(src/turtlebot3/turtlebot3_hardware) by extension 'colcon_meta'
[2.882s] Level 1:colcon.colcon_core.package_identification:_identify(src/turtlebot3/turtlebot3_hardware) by extensions ['ros']
[2.882s] Level 1:colcon.colcon_core.package_identification:_identify(src/turtlebot3/turtlebot3_hardware) by extension 'ros'
[2.884s] DEBUG:colcon.colcon_core.package_identification:Package 'src/turtlebot3/turtlebot3_hardware' with type 'ros.ament_cmake' and name 'turtlebot3_hardware'
[2.884s] Level 1:colcon.colcon_core.package_identification:_identify(src/turtlebot3/turtlebot3_msgs) by extensions ['ignore', 'ignore_ament_install']
[2.884s] Level 1:colcon.colcon_core.package_identification:_identify(src/turtlebot3/turtlebot3_msgs) by extension 'ignore'
[2.884s] Level 1:colcon.colcon_core.package_identification:_identify(src/turtlebot3/turtlebot3_msgs) by extension 'ignore_ament_install'
[2.884s] Level 1:colcon.colcon_core.package_identification:_identify(src/turtlebot3/turtlebot3_msgs) by extensions ['colcon_pkg']
[2.884s] Level 1:colcon.colcon_core.package_identification:_identify(src/turtlebot3/turtlebot3_msgs) by extension 'colcon_pkg'
[2.884s] Level 1:colcon.colcon_core.package_identification:_identify(src/turtlebot3/turtlebot3_msgs) by extensions ['colcon_meta']
[2.884s] Level 1:colcon.colcon_core.package_identification:_identify(src/turtlebot3/turtlebot3_msgs) by extension 'colcon_meta'
[2.884s] Level 1:colcon.colcon_core.package_identification:_identify(src/turtlebot3/turtlebot3_msgs) by extensions ['ros']
[2.885s] Level 1:colcon.colcon_core.package_identification:_identify(src/turtlebot3/turtlebot3_msgs) by extension 'ros'
[2.887s] DEBUG:colcon.colcon_core.package_identification:Package 'src/turtlebot3/turtlebot3_msgs' with type 'ros.ament_cmake' and name 'turtlebot3_msgs'
[2.888s] Level 1:colcon.colcon_core.package_identification:_identify(src/turtlebot3/turtlebot3_navigation2) by extensions ['ignore', 'ignore_ament_install']
[2.888s] Level 1:colcon.colcon_core.package_identification:_identify(src/turtlebot3/turtlebot3_navigation2) by extension 'ignore'
[2.888s] Level 1:colcon.colcon_core.package_identification:_identify(src/turtlebot3/turtlebot3_navigation2) by extension 'ignore_ament_install'
[2.888s] Level 1:colcon.colcon_core.package_identification:_identify(src/turtlebot3/turtlebot3_navigation2) by extensions ['colcon_pkg']
[2.888s] Level 1:colcon.colcon_core.package_identification:_identify(src/turtlebot3/turtlebot3_navigation2) by extension 'colcon_pkg'
[2.888s] Level 1:colcon.colcon_core.package_identification:_identify(src/turtlebot3/turtlebot3_navigation2) by extensions ['colcon_meta']
[2.888s] Level 1:colcon.colcon_core.package_identification:_identify(src/turtlebot3/turtlebot3_navigation2) by extension 'colcon_meta'
[2.889s] Level 1:colcon.colcon_core.package_identification:_identify(src/turtlebot3/turtlebot3_navigation2) by extensions ['ros']
[2.889s] Level 1:colcon.colcon_core.package_identification:_identify(src/turtlebot3/turtlebot3_navigation2) by extension 'ros'
[2.891s] DEBUG:colcon.colcon_core.package_identification:Package 'src/turtlebot3/turtlebot3_navigation2' with type 'ros.ament_cmake' and name 'turtlebot3_navigation2'
[2.891s] Level 1:colcon.colcon_core.package_identification:_identify(src/turtlebot3/turtlebot3_simulations) by extensions ['ignore', 'ignore_ament_install']
[2.891s] Level 1:colcon.colcon_core.package_identification:_identify(src/turtlebot3/turtlebot3_simulations) by extension 'ignore'
[2.891s] Level 1:colcon.colcon_core.package_identification:_identify(src/turtlebot3/turtlebot3_simulations) by extension 'ignore_ament_install'
[2.891s] Level 1:colcon.colcon_core.package_identification:_identify(src/turtlebot3/turtlebot3_simulations) by extensions ['colcon_pkg']
[2.891s] Level 1:colcon.colcon_core.package_identification:_identify(src/turtlebot3/turtlebot3_simulations) by extension 'colcon_pkg'
[2.891s] Level 1:colcon.colcon_core.package_identification:_identify(src/turtlebot3/turtlebot3_simulations) by extensions ['colcon_meta']
[2.891s] Level 1:colcon.colcon_core.package_identification:_identify(src/turtlebot3/turtlebot3_simulations) by extension 'colcon_meta'
[2.891s] Level 1:colcon.colcon_core.package_identification:_identify(src/turtlebot3/turtlebot3_simulations) by extensions ['ros']
[2.892s] Level 1:colcon.colcon_core.package_identification:_identify(src/turtlebot3/turtlebot3_simulations) by extension 'ros'
[2.892s] Level 1:colcon.colcon_core.package_identification:_identify(src/turtlebot3/turtlebot3_simulations) by extensions ['cmake', 'python']
[2.892s] Level 1:colcon.colcon_core.package_identification:_identify(src/turtlebot3/turtlebot3_simulations) by extension 'cmake'
[2.892s] Level 1:colcon.colcon_core.package_identification:_identify(src/turtlebot3/turtlebot3_simulations) by extension 'python'
[2.892s] Level 1:colcon.colcon_core.package_identification:_identify(src/turtlebot3/turtlebot3_simulations) by extensions ['python_setup_py']
[2.892s] Level 1:colcon.colcon_core.package_identification:_identify(src/turtlebot3/turtlebot3_simulations) by extension 'python_setup_py'
[2.892s] Level 1:colcon.colcon_core.package_identification:_identify(src/turtlebot3/turtlebot3_simulations/turtlebot3_fake_node) by extensions ['ignore', 'ignore_ament_install']
[2.892s] Level 1:colcon.colcon_core.package_identification:_identify(src/turtlebot3/turtlebot3_simulations/turtlebot3_fake_node) by extension 'ignore'
[2.892s] Level 1:colcon.colcon_core.package_identification:_identify(src/turtlebot3/turtlebot3_simulations/turtlebot3_fake_node) by extension 'ignore_ament_install'
[2.892s] Level 1:colcon.colcon_core.package_identification:_identify(src/turtlebot3/turtlebot3_simulations/turtlebot3_fake_node) by extensions ['colcon_pkg']
[2.892s] Level 1:colcon.colcon_core.package_identification:_identify(src/turtlebot3/turtlebot3_simulations/turtlebot3_fake_node) by extension 'colcon_pkg'
[2.893s] Level 1:colcon.colcon_core.package_identification:_identify(src/turtlebot3/turtlebot3_simulations/turtlebot3_fake_node) by extensions ['colcon_meta']
[2.893s] Level 1:colcon.colcon_core.package_identification:_identify(src/turtlebot3/turtlebot3_simulations/turtlebot3_fake_node) by extension 'colcon_meta'
[2.893s] Level 1:colcon.colcon_core.package_identification:_identify(src/turtlebot3/turtlebot3_simulations/turtlebot3_fake_node) by extensions ['ros']
[2.893s] Level 1:colcon.colcon_core.package_identification:_identify(src/turtlebot3/turtlebot3_simulations/turtlebot3_fake_node) by extension 'ros'
[2.895s] DEBUG:colcon.colcon_core.package_identification:Package 'src/turtlebot3/turtlebot3_simulations/turtlebot3_fake_node' with type 'ros.ament_cmake' and name 'turtlebot3_fake_node'
[2.895s] Level 1:colcon.colcon_core.package_identification:_identify(src/turtlebot3/turtlebot3_simulations/turtlebot3_gazebo) by extensions ['ignore', 'ignore_ament_install']
[2.895s] Level 1:colcon.colcon_core.package_identification:_identify(src/turtlebot3/turtlebot3_simulations/turtlebot3_gazebo) by extension 'ignore'
[2.895s] Level 1:colcon.colcon_core.package_identification:_identify(src/turtlebot3/turtlebot3_simulations/turtlebot3_gazebo) by extension 'ignore_ament_install'
[2.895s] Level 1:colcon.colcon_core.package_identification:_identify(src/turtlebot3/turtlebot3_simulations/turtlebot3_gazebo) by extensions ['colcon_pkg']
[2.895s] Level 1:colcon.colcon_core.package_identification:_identify(src/turtlebot3/turtlebot3_simulations/turtlebot3_gazebo) by extension 'colcon_pkg'
[2.895s] Level 1:colcon.colcon_core.package_identification:_identify(src/turtlebot3/turtlebot3_simulations/turtlebot3_gazebo) by extensions ['colcon_meta']
[2.895s] Level 1:colcon.colcon_core.package_identification:_identify(src/turtlebot3/turtlebot3_simulations/turtlebot3_gazebo) by extension 'colcon_meta'
[2.895s] Level 1:colcon.colcon_core.package_identification:_identify(src/turtlebot3/turtlebot3_simulations/turtlebot3_gazebo) by extensions ['ros']
[2.896s] Level 1:colcon.colcon_core.package_identification:_identify(src/turtlebot3/turtlebot3_simulations/turtlebot3_gazebo) by extension 'ros'
[2.897s] DEBUG:colcon.colcon_core.package_identification:Package 'src/turtlebot3/turtlebot3_simulations/turtlebot3_gazebo' with type 'ros.ament_cmake' and name 'turtlebot3_gazebo'
[2.897s] Level 1:colcon.colcon_core.package_identification:_identify(src/turtlebot3/turtlebot3_simulations/turtlebot3_simulations) by extensions ['ignore', 'ignore_ament_install']
[2.897s] Level 1:colcon.colcon_core.package_identification:_identify(src/turtlebot3/turtlebot3_simulations/turtlebot3_simulations) by extension 'ignore'
[2.897s] Level 1:colcon.colcon_core.package_identification:_identify(src/turtlebot3/turtlebot3_simulations/turtlebot3_simulations) by extension 'ignore_ament_install'
[2.898s] Level 1:colcon.colcon_core.package_identification:_identify(src/turtlebot3/turtlebot3_simulations/turtlebot3_simulations) by extensions ['colcon_pkg']
[2.898s] Level 1:colcon.colcon_core.package_identification:_identify(src/turtlebot3/turtlebot3_simulations/turtlebot3_simulations) by extension 'colcon_pkg'
[2.898s] Level 1:colcon.colcon_core.package_identification:_identify(src/turtlebot3/turtlebot3_simulations/turtlebot3_simulations) by extensions ['colcon_meta']
[2.898s] Level 1:colcon.colcon_core.package_identification:_identify(src/turtlebot3/turtlebot3_simulations/turtlebot3_simulations) by extension 'colcon_meta'
[2.898s] Level 1:colcon.colcon_core.package_identification:_identify(src/turtlebot3/turtlebot3_simulations/turtlebot3_simulations) by extensions ['ros']
[2.898s] Level 1:colcon.colcon_core.package_identification:_identify(src/turtlebot3/turtlebot3_simulations/turtlebot3_simulations) by extension 'ros'
[2.899s] DEBUG:colcon.colcon_core.package_identification:Package 'src/turtlebot3/turtlebot3_simulations/turtlebot3_simulations' with type 'ros.ament_cmake' and name 'turtlebot3_simulations'
[2.899s] Level 1:colcon.colcon_core.package_identification:_identify(src/turtlebot3/turtlebot3_teleop) by extensions ['ignore', 'ignore_ament_install']
[2.899s] Level 1:colcon.colcon_core.package_identification:_identify(src/turtlebot3/turtlebot3_teleop) by extension 'ignore'
[2.900s] Level 1:colcon.colcon_core.package_identification:_identify(src/turtlebot3/turtlebot3_teleop) by extension 'ignore_ament_install'
[2.900s] Level 1:colcon.colcon_core.package_identification:_identify(src/turtlebot3/turtlebot3_teleop) by extensions ['colcon_pkg']
[2.900s] Level 1:colcon.colcon_core.package_identification:_identify(src/turtlebot3/turtlebot3_teleop) by extension 'colcon_pkg'
[2.900s] Level 1:colcon.colcon_core.package_identification:_identify(src/turtlebot3/turtlebot3_teleop) by extensions ['colcon_meta']
[2.900s] Level 1:colcon.colcon_core.package_identification:_identify(src/turtlebot3/turtlebot3_teleop) by extension 'colcon_meta'
[2.900s] Level 1:colcon.colcon_core.package_identification:_identify(src/turtlebot3/turtlebot3_teleop) by extensions ['ros']
[2.900s] Level 1:colcon.colcon_core.package_identification:_identify(src/turtlebot3/turtlebot3_teleop) by extension 'ros'
[2.902s] DEBUG:colcon.colcon_core.package_identification:Package 'src/turtlebot3/turtlebot3_teleop' with type 'ros.ament_python' and name 'turtlebot3_teleop'
[2.903s] Level 1:colcon.colcon_core.package_identification:_identify(src/turtlebot3/utils) by extensions ['ignore', 'ignore_ament_install']
[2.903s] Level 1:colcon.colcon_core.package_identification:_identify(src/turtlebot3/utils) by extension 'ignore'
[2.903s] Level 1:colcon.colcon_core.package_identification:_identify(src/turtlebot3/utils) by extension 'ignore_ament_install'
[2.903s] Level 1:colcon.colcon_core.package_identification:_identify(src/turtlebot3/utils) by extensions ['colcon_pkg']
[2.903s] Level 1:colcon.colcon_core.package_identification:_identify(src/turtlebot3/utils) by extension 'colcon_pkg'
[2.903s] Level 1:colcon.colcon_core.package_identification:_identify(src/turtlebot3/utils) by extensions ['colcon_meta']
[2.904s] Level 1:colcon.colcon_core.package_identification:_identify(src/turtlebot3/utils) by extension 'colcon_meta'
[2.904s] Level 1:colcon.colcon_core.package_identification:_identify(src/turtlebot3/utils) by extensions ['ros']
[2.904s] Level 1:colcon.colcon_core.package_identification:_identify(src/turtlebot3/utils) by extension 'ros'
[2.904s] Level 1:colcon.colcon_core.package_identification:_identify(src/turtlebot3/utils) by extensions ['cmake', 'python']
[2.904s] Level 1:colcon.colcon_core.package_identification:_identify(src/turtlebot3/utils) by extension 'cmake'
[2.904s] Level 1:colcon.colcon_core.package_identification:_identify(src/turtlebot3/utils) by extension 'python'
[2.904s] Level 1:colcon.colcon_core.package_identification:_identify(src/turtlebot3/utils) by extensions ['python_setup_py']
[2.904s] Level 1:colcon.colcon_core.package_identification:_identify(src/turtlebot3/utils) by extension 'python_setup_py'
[2.905s] Level 1:colcon.colcon_core.package_identification:_identify(src/turtlebot3/utils/DynamixelSDK) by extensions ['ignore', 'ignore_ament_install']
[2.905s] Level 1:colcon.colcon_core.package_identification:_identify(src/turtlebot3/utils/DynamixelSDK) by extension 'ignore'
[2.905s] Level 1:colcon.colcon_core.package_identification:_identify(src/turtlebot3/utils/DynamixelSDK) by extension 'ignore_ament_install'
[2.905s] Level 1:colcon.colcon_core.package_identification:_identify(src/turtlebot3/utils/DynamixelSDK) by extensions ['colcon_pkg']
[2.905s] Level 1:colcon.colcon_core.package_identification:_identify(src/turtlebot3/utils/DynamixelSDK) by extension 'colcon_pkg'
[2.905s] Level 1:colcon.colcon_core.package_identification:_identify(src/turtlebot3/utils/DynamixelSDK) by extensions ['colcon_meta']
[2.905s] Level 1:colcon.colcon_core.package_identification:_identify(src/turtlebot3/utils/DynamixelSDK) by extension 'colcon_meta'
[2.905s] Level 1:colcon.colcon_core.package_identification:_identify(src/turtlebot3/utils/DynamixelSDK) by extensions ['ros']
[2.905s] Level 1:colcon.colcon_core.package_identification:_identify(src/turtlebot3/utils/DynamixelSDK) by extension 'ros'
[2.905s] Level 1:colcon.colcon_core.package_identification:_identify(src/turtlebot3/utils/DynamixelSDK) by extensions ['cmake', 'python']
[2.906s] Level 1:colcon.colcon_core.package_identification:_identify(src/turtlebot3/utils/DynamixelSDK) by extension 'cmake'
[2.906s] Level 1:colcon.colcon_core.package_identification:_identify(src/turtlebot3/utils/DynamixelSDK) by extension 'python'
[2.906s] Level 1:colcon.colcon_core.package_identification:_identify(src/turtlebot3/utils/DynamixelSDK) by extensions ['python_setup_py']
[2.906s] Level 1:colcon.colcon_core.package_identification:_identify(src/turtlebot3/utils/DynamixelSDK) by extension 'python_setup_py'
[2.906s] Level 1:colcon.colcon_core.package_identification:_identify(src/turtlebot3/utils/DynamixelSDK/dynamixel_sdk) by extensions ['ignore', 'ignore_ament_install']
[2.906s] Level 1:colcon.colcon_core.package_identification:_identify(src/turtlebot3/utils/DynamixelSDK/dynamixel_sdk) by extension 'ignore'
[2.906s] Level 1:colcon.colcon_core.package_identification:_identify(src/turtlebot3/utils/DynamixelSDK/dynamixel_sdk) by extension 'ignore_ament_install'
[2.906s] Level 1:colcon.colcon_core.package_identification:_identify(src/turtlebot3/utils/DynamixelSDK/dynamixel_sdk) by extensions ['colcon_pkg']
[2.906s] Level 1:colcon.colcon_core.package_identification:_identify(src/turtlebot3/utils/DynamixelSDK/dynamixel_sdk) by extension 'colcon_pkg'
[2.906s] Level 1:colcon.colcon_core.package_identification:_identify(src/turtlebot3/utils/DynamixelSDK/dynamixel_sdk) by extensions ['colcon_meta']
[2.906s] Level 1:colcon.colcon_core.package_identification:_identify(src/turtlebot3/utils/DynamixelSDK/dynamixel_sdk) by extension 'colcon_meta'
[2.907s] Level 1:colcon.colcon_core.package_identification:_identify(src/turtlebot3/utils/DynamixelSDK/dynamixel_sdk) by extensions ['ros']
[2.907s] Level 1:colcon.colcon_core.package_identification:_identify(src/turtlebot3/utils/DynamixelSDK/dynamixel_sdk) by extension 'ros'
[2.908s] DEBUG:colcon.colcon_core.package_identification:Package 'src/turtlebot3/utils/DynamixelSDK/dynamixel_sdk' with type 'ros.ament_cmake' and name 'dynamixel_sdk'
[2.908s] Level 1:colcon.colcon_core.package_identification:_identify(src/turtlebot3/utils/DynamixelSDK/dynamixel_sdk_custom_interfaces) by extensions ['ignore', 'ignore_ament_install']
[2.908s] Level 1:colcon.colcon_core.package_identification:_identify(src/turtlebot3/utils/DynamixelSDK/dynamixel_sdk_custom_interfaces) by extension 'ignore'
[2.908s] Level 1:colcon.colcon_core.package_identification:_identify(src/turtlebot3/utils/DynamixelSDK/dynamixel_sdk_custom_interfaces) by extension 'ignore_ament_install'
[2.908s] Level 1:colcon.colcon_core.package_identification:_identify(src/turtlebot3/utils/DynamixelSDK/dynamixel_sdk_custom_interfaces) by extensions ['colcon_pkg']
[2.908s] Level 1:colcon.colcon_core.package_identification:_identify(src/turtlebot3/utils/DynamixelSDK/dynamixel_sdk_custom_interfaces) by extension 'colcon_pkg'
[2.908s] Level 1:colcon.colcon_core.package_identification:_identify(src/turtlebot3/utils/DynamixelSDK/dynamixel_sdk_custom_interfaces) by extensions ['colcon_meta']
[2.908s] Level 1:colcon.colcon_core.package_identification:_identify(src/turtlebot3/utils/DynamixelSDK/dynamixel_sdk_custom_interfaces) by extension 'colcon_meta'
[2.909s] Level 1:colcon.colcon_core.package_identification:_identify(src/turtlebot3/utils/DynamixelSDK/dynamixel_sdk_custom_interfaces) by extensions ['ros']
[2.909s] Level 1:colcon.colcon_core.package_identification:_identify(src/turtlebot3/utils/DynamixelSDK/dynamixel_sdk_custom_interfaces) by extension 'ros'
[2.910s] DEBUG:colcon.colcon_core.package_identification:Package 'src/turtlebot3/utils/DynamixelSDK/dynamixel_sdk_custom_interfaces' with type 'ros.ament_cmake' and name 'dynamixel_sdk_custom_interfaces'
[2.910s] Level 1:colcon.colcon_core.package_identification:_identify(src/turtlebot3/utils/DynamixelSDK/dynamixel_sdk_examples) by extensions ['ignore', 'ignore_ament_install']
[2.910s] Level 1:colcon.colcon_core.package_identification:_identify(src/turtlebot3/utils/DynamixelSDK/dynamixel_sdk_examples) by extension 'ignore'
[2.910s] Level 1:colcon.colcon_core.package_identification:_identify(src/turtlebot3/utils/DynamixelSDK/dynamixel_sdk_examples) by extension 'ignore_ament_install'
[2.910s] Level 1:colcon.colcon_core.package_identification:_identify(src/turtlebot3/utils/DynamixelSDK/dynamixel_sdk_examples) by extensions ['colcon_pkg']
[2.910s] Level 1:colcon.colcon_core.package_identification:_identify(src/turtlebot3/utils/DynamixelSDK/dynamixel_sdk_examples) by extension 'colcon_pkg'
[2.910s] Level 1:colcon.colcon_core.package_identification:_identify(src/turtlebot3/utils/DynamixelSDK/dynamixel_sdk_examples) by extensions ['colcon_meta']
[2.910s] Level 1:colcon.colcon_core.package_identification:_identify(src/turtlebot3/utils/DynamixelSDK/dynamixel_sdk_examples) by extension 'colcon_meta'
[2.910s] Level 1:colcon.colcon_core.package_identification:_identify(src/turtlebot3/utils/DynamixelSDK/dynamixel_sdk_examples) by extensions ['ros']
[2.911s] Level 1:colcon.colcon_core.package_identification:_identify(src/turtlebot3/utils/DynamixelSDK/dynamixel_sdk_examples) by extension 'ros'
[2.912s] DEBUG:colcon.colcon_core.package_identification:Package 'src/turtlebot3/utils/DynamixelSDK/dynamixel_sdk_examples' with type 'ros.ament_cmake' and name 'dynamixel_sdk_examples'
[2.912s] Level 1:colcon.colcon_core.package_discovery:discover_packages(recursive) using defaults
[2.912s] Level 1:colcon.colcon_core.package_discovery:discover_packages(ignore) discover
[2.912s] Level 1:colcon.colcon_core.package_discovery:discover_packages(ignore) using defaults
[2.912s] Level 1:colcon.colcon_core.package_discovery:discover_packages(path) discover
[2.912s] Level 1:colcon.colcon_core.package_discovery:discover_packages(path) using defaults
[3.055s] INFO:colcon.colcon_core.package_selection:Skipping not selected package 'dynamixel_sdk' in 'src/turtlebot3/utils/DynamixelSDK/dynamixel_sdk'
[3.055s] INFO:colcon.colcon_core.package_selection:Skipping not selected package 'dynamixel_sdk_custom_interfaces' in 'src/turtlebot3/utils/DynamixelSDK/dynamixel_sdk_custom_interfaces'
[3.055s] INFO:colcon.colcon_core.package_selection:Skipping not selected package 'turtlebot3_cartographer' in 'src/turtlebot3/turtlebot3_cartographer'
[3.055s] INFO:colcon.colcon_core.package_selection:Skipping not selected package 'turtlebot3_description' in 'src/turtlebot3/turtlebot3_description'
[3.055s] INFO:colcon.colcon_core.package_selection:Skipping not selected package 'turtlebot3_gazebo' in 'src/turtlebot3/turtlebot3_simulations/turtlebot3_gazebo'
[3.055s] INFO:colcon.colcon_core.package_selection:Skipping not selected package 'turtlebot3_msgs' in 'src/turtlebot3/turtlebot3_msgs'
[3.056s] INFO:colcon.colcon_core.package_selection:Skipping not selected package 'turtlebot3_navigation2' in 'src/turtlebot3/turtlebot3_navigation2'
[3.056s] INFO:colcon.colcon_core.package_selection:Skipping not selected package 'turtlebot3_teleop' in 'src/turtlebot3/turtlebot3_teleop'
[3.056s] INFO:colcon.colcon_core.package_selection:Skipping not selected package 'dynamixel_sdk_examples' in 'src/turtlebot3/utils/DynamixelSDK/dynamixel_sdk_examples'
[3.056s] INFO:colcon.colcon_core.package_selection:Skipping not selected package 'turtlebot3_bringup' in 'src/turtlebot3/turtlebot3_bringup'
[3.056s] INFO:colcon.colcon_core.package_selection:Skipping not selected package 'turtlebot3_example' in 'src/turtlebot3/turtlebot3_example'
[3.056s] INFO:colcon.colcon_core.package_selection:Skipping not selected package 'turtlebot3_fake_node' in 'src/turtlebot3/turtlebot3_simulations/turtlebot3_fake_node'
[3.056s] INFO:colcon.colcon_core.package_selection:Skipping not selected package 'turtlebot3_hardware' in 'src/turtlebot3/turtlebot3_hardware'
[3.056s] INFO:colcon.colcon_core.package_selection:Skipping not selected package 'turtlebot3' in 'src/turtlebot3/turtlebot3'
[3.056s] INFO:colcon.colcon_core.package_selection:Skipping not selected package 'turtlebot3_simulations' in 'src/turtlebot3/turtlebot3_simulations/turtlebot3_simulations'
[3.138s] Level 1:colcon.colcon_core.package_discovery:discover_packages(prefix_path) check parameters
[3.138s] Level 1:colcon.colcon_core.package_discovery:discover_packages(prefix_path) discover
[3.252s] DEBUG:colcon.colcon_installed_package_information.package_discovery:Found 16 installed packages in /home/pederba/sesasr_project_ws/install
[3.305s] DEBUG:colcon.colcon_installed_package_information.package_discovery:Found 374 installed packages in /opt/ros/humble
[3.310s] Level 1:colcon.colcon_core.package_discovery:discover_packages(prefix_path) using defaults
[3.529s] Level 5:colcon.colcon_core.verb:set package 'project_pkg' build argument 'cmake_args' from command line to 'None'
[3.529s] Level 5:colcon.colcon_core.verb:set package 'project_pkg' build argument 'cmake_target' from command line to 'None'
[3.529s] Level 5:colcon.colcon_core.verb:set package 'project_pkg' build argument 'cmake_target_skip_unavailable' from command line to 'False'
[3.529s] Level 5:colcon.colcon_core.verb:set package 'project_pkg' build argument 'cmake_clean_cache' from command line to 'False'
[3.530s] Level 5:colcon.colcon_core.verb:set package 'project_pkg' build argument 'cmake_clean_first' from command line to 'False'
[3.530s] Level 5:colcon.colcon_core.verb:set package 'project_pkg' build argument 'cmake_force_configure' from command line to 'False'
[3.530s] Level 5:colcon.colcon_core.verb:set package 'project_pkg' build argument 'ament_cmake_args' from command line to 'None'
[3.530s] Level 5:colcon.colcon_core.verb:set package 'project_pkg' build argument 'catkin_cmake_args' from command line to 'None'
[3.530s] Level 5:colcon.colcon_core.verb:set package 'project_pkg' build argument 'catkin_skip_building_tests' from command line to 'False'
[3.530s] DEBUG:colcon.colcon_core.verb:Building package 'project_pkg' with the following arguments: {'ament_cmake_args': None, 'build_base': '/home/pederba/sesasr_project_ws/build/project_pkg', 'catkin_cmake_args': None, 'catkin_skip_building_tests': False, 'cmake_args': None, 'cmake_clean_cache': False, 'cmake_clean_first': False, 'cmake_force_configure': False, 'cmake_target': None, 'cmake_target_skip_unavailable': False, 'install_base': '/home/pederba/sesasr_project_ws/install/project_pkg', 'merge_install': False, 'path': '/home/pederba/sesasr_project_ws/src/project_pkg', 'symlink_install': False, 'test_result_base': None}
[3.571s] INFO:colcon.colcon_core.executor:Executing jobs using 'parallel' executor
[3.612s] DEBUG:colcon.colcon_parallel_executor.executor.parallel:run_until_complete
[3.613s] INFO:colcon.colcon_ros.task.ament_python.build:Building ROS package in '/home/pederba/sesasr_project_ws/src/project_pkg' with build type 'ament_python'
[3.613s] Level 1:colcon.colcon_core.shell:create_environment_hook('project_pkg', 'ament_prefix_path')
[3.657s] INFO:colcon.colcon_core.plugin_system:Skipping extension 'colcon_core.shell.bat': Not used on non-Windows systems
[3.658s] INFO:colcon.colcon_core.shell:Creating environment hook '/home/pederba/sesasr_project_ws/install/project_pkg/share/project_pkg/hook/ament_prefix_path.ps1'
[3.659s] INFO:colcon.colcon_core.shell:Creating environment descriptor '/home/pederba/sesasr_project_ws/install/project_pkg/share/project_pkg/hook/ament_prefix_path.dsv'
[3.660s] INFO:colcon.colcon_core.shell:Creating environment hook '/home/pederba/sesasr_project_ws/install/project_pkg/share/project_pkg/hook/ament_prefix_path.sh'
[3.714s] INFO:colcon.colcon_core.shell:Skip shell extension 'powershell' for command environment: Not usable outside of PowerShell
[3.715s] DEBUG:colcon.colcon_core.shell:Skip shell extension 'dsv' for command environment
[4.674s] INFO:colcon.colcon_core.task.python.build:Building Python package in '/home/pederba/sesasr_project_ws/src/project_pkg'
[4.709s] INFO:colcon.colcon_core.shell:Skip shell extension 'powershell' for command environment: Not usable outside of PowerShell
[4.709s] DEBUG:colcon.colcon_core.shell:Skip shell extension 'dsv' for command environment
[6.330s] DEBUG:colcon.colcon_core.event_handler.log_command:Invoking command in '/home/pederba/sesasr_project_ws/src/project_pkg': PYTHONPATH=/home/pederba/sesasr_project_ws/build/project_pkg/prefix_override:/home/pederba/sesasr_project_ws/install/project_pkg/lib/python3.10/site-packages:${PYTHONPATH} /usr/bin/python3 setup.py egg_info --egg-base ../../build/project_pkg build --build-base /home/pederba/sesasr_project_ws/build/project_pkg/build install --record /home/pederba/sesasr_project_ws/build/project_pkg/install.log --single-version-externally-managed
[7.838s] DEBUG:colcon.colcon_core.event_handler.log_command:Invoked command in '/home/pederba/sesasr_project_ws/src/project_pkg' returned '0': PYTHONPATH=/home/pederba/sesasr_project_ws/build/project_pkg/prefix_override:/home/pederba/sesasr_project_ws/install/project_pkg/lib/python3.10/site-packages:${PYTHONPATH} /usr/bin/python3 setup.py egg_info --egg-base ../../build/project_pkg build --build-base /home/pederba/sesasr_project_ws/build/project_pkg/build install --record /home/pederba/sesasr_project_ws/build/project_pkg/install.log --single-version-externally-managed
[7.883s] Level 1:colcon.colcon_core.environment:checking '/home/pederba/sesasr_project_ws/install/project_pkg' for CMake module files
[7.884s] Level 1:colcon.colcon_core.environment:checking '/home/pederba/sesasr_project_ws/install/project_pkg' for CMake config files
[7.885s] Level 1:colcon.colcon_core.environment:checking '/home/pederba/sesasr_project_ws/install/project_pkg/lib'
[7.886s] Level 1:colcon.colcon_core.environment:checking '/home/pederba/sesasr_project_ws/install/project_pkg/bin'
[7.886s] Level 1:colcon.colcon_core.environment:checking '/home/pederba/sesasr_project_ws/install/project_pkg/lib/pkgconfig/project_pkg.pc'
[7.886s] Level 1:colcon.colcon_core.environment:checking '/home/pederba/sesasr_project_ws/install/project_pkg/lib/python3.10/site-packages'
[7.886s] Level 1:colcon.colcon_core.shell:create_environment_hook('project_pkg', 'pythonpath')
[7.925s] INFO:colcon.colcon_core.shell:Creating environment hook '/home/pederba/sesasr_project_ws/install/project_pkg/share/project_pkg/hook/pythonpath.ps1'
[7.926s] INFO:colcon.colcon_core.shell:Creating environment descriptor '/home/pederba/sesasr_project_ws/install/project_pkg/share/project_pkg/hook/pythonpath.dsv'
[7.927s] INFO:colcon.colcon_core.shell:Creating environment hook '/home/pederba/sesasr_project_ws/install/project_pkg/share/project_pkg/hook/pythonpath.sh'
[7.928s] Level 1:colcon.colcon_core.environment:checking '/home/pederba/sesasr_project_ws/install/project_pkg/bin'
[7.928s] Level 1:colcon.colcon_core.environment:create_environment_scripts_only(project_pkg)
[7.969s] INFO:colcon.colcon_core.shell:Creating package script '/home/pederba/sesasr_project_ws/install/project_pkg/share/project_pkg/package.ps1'
[7.970s] INFO:colcon.colcon_core.shell:Creating package descriptor '/home/pederba/sesasr_project_ws/install/project_pkg/share/project_pkg/package.dsv'
[7.972s] INFO:colcon.colcon_core.shell:Creating package script '/home/pederba/sesasr_project_ws/install/project_pkg/share/project_pkg/package.sh'
[7.973s] INFO:colcon.colcon_core.shell:Creating package script '/home/pederba/sesasr_project_ws/install/project_pkg/share/project_pkg/package.bash'
[7.975s] INFO:colcon.colcon_core.shell:Creating package script '/home/pederba/sesasr_project_ws/install/project_pkg/share/project_pkg/package.zsh'
[7.977s] Level 1:colcon.colcon_core.environment:create_file_with_runtime_dependencies(/home/pederba/sesasr_project_ws/install/project_pkg/share/colcon-core/packages/project_pkg)
[7.978s] DEBUG:colcon.colcon_parallel_executor.executor.parallel:closing loop
[7.979s] DEBUG:colcon.colcon_parallel_executor.executor.parallel:loop closed
[7.979s] DEBUG:colcon.colcon_parallel_executor.executor.parallel:run_until_complete finished with '0'
[7.979s] DEBUG:colcon.colcon_core.event_reactor:joining thread
[8.029s] INFO:colcon.colcon_core.plugin_system:Skipping extension 'colcon_notification.desktop_notification.terminal_notifier': Not used on non-Darwin systems
[8.029s] INFO:colcon.colcon_core.plugin_system:Skipping extension 'colcon_notification.desktop_notification.win32': Not used on non-Windows systems
[8.029s] INFO:colcon.colcon_notification.desktop_notification:Sending desktop notification using 'notify2'
[8.058s] DEBUG:colcon.colcon_core.event_reactor:joined thread
[8.139s] INFO:colcon.colcon_core.shell:Creating prefix script '/home/pederba/sesasr_project_ws/install/local_setup.ps1'
[8.140s] INFO:colcon.colcon_core.shell:Creating prefix util module '/home/pederba/sesasr_project_ws/install/_local_setup_util_ps1.py'
[8.143s] INFO:colcon.colcon_core.shell:Creating prefix chain script '/home/pederba/sesasr_project_ws/install/setup.ps1'
[8.185s] INFO:colcon.colcon_core.shell:Creating prefix script '/home/pederba/sesasr_project_ws/install/local_setup.sh'
[8.187s] INFO:colcon.colcon_core.shell:Creating prefix util module '/home/pederba/sesasr_project_ws/install/_local_setup_util_sh.py'
[8.188s] INFO:colcon.colcon_core.shell:Creating prefix chain script '/home/pederba/sesasr_project_ws/install/setup.sh'
[8.227s] INFO:colcon.colcon_core.shell:Creating prefix script '/home/pederba/sesasr_project_ws/install/local_setup.bash'
[8.227s] INFO:colcon.colcon_core.shell:Creating prefix chain script '/home/pederba/sesasr_project_ws/install/setup.bash'
[8.266s] INFO:colcon.colcon_core.shell:Creating prefix script '/home/pederba/sesasr_project_ws/install/local_setup.zsh'
[8.267s] INFO:colcon.colcon_core.shell:Creating prefix chain script '/home/pederba/sesasr_project_ws/install/setup.zsh'
