[5.973s] Invoking command in '/home/pederba/sesasr_project_ws/src/project_pkg': PYTHONPATH=/home/pederba/sesasr_project_ws/build/project_pkg/prefix_override:/home/pederba/sesasr_project_ws/install/project_pkg/lib/python3.10/site-packages:${PYTHONPATH} /usr/bin/python3 setup.py egg_info --egg-base ../../build/project_pkg build --build-base /home/pederba/sesasr_project_ws/build/project_pkg/build install --record /home/pederba/sesasr_project_ws/build/project_pkg/install.log --single-version-externally-managed
[6.971s] running egg_info
[7.018s] writing ../../build/project_pkg/project_pkg.egg-info/PKG-INFO
[7.019s] writing dependency_links to ../../build/project_pkg/project_pkg.egg-info/dependency_links.txt
[7.019s] writing entry points to ../../build/project_pkg/project_pkg.egg-info/entry_points.txt
[7.020s] writing requirements to ../../build/project_pkg/project_pkg.egg-info/requires.txt
[7.021s] writing top-level names to ../../build/project_pkg/project_pkg.egg-info/top_level.txt
[7.122s] reading manifest file '../../build/project_pkg/project_pkg.egg-info/SOURCES.txt'
[7.124s] writing manifest file '../../build/project_pkg/project_pkg.egg-info/SOURCES.txt'
[7.125s] running build
[7.125s] running build_py
[7.126s] copying project_pkg/localization_node.py -> /home/pederba/sesasr_project_ws/build/project_pkg/build/lib/project_pkg
[7.126s] copying project_pkg/plotter.py -> /home/pederba/sesasr_project_ws/build/project_pkg/build/lib/project_pkg
[7.127s] running install
[7.127s] /home/pederba/.local/lib/python3.10/site-packages/setuptools/command/install.py:34: SetuptoolsDeprecationWarning: setup.py install is deprecated. Use build and pip and other standards-based tools.
[7.128s]   warnings.warn(
[7.143s] running install_lib
[7.194s] copying /home/pederba/sesasr_project_ws/build/project_pkg/build/lib/project_pkg/localization_node.py -> /home/pederba/sesasr_project_ws/install/project_pkg/lib/python3.10/site-packages/project_pkg
[7.194s] copying /home/pederba/sesasr_project_ws/build/project_pkg/build/lib/project_pkg/plotter.py -> /home/pederba/sesasr_project_ws/install/project_pkg/lib/python3.10/site-packages/project_pkg
[7.197s] byte-compiling /home/pederba/sesasr_project_ws/install/project_pkg/lib/python3.10/site-packages/project_pkg/localization_node.py to localization_node.cpython-310.pyc
[7.199s] byte-compiling /home/pederba/sesasr_project_ws/install/project_pkg/lib/python3.10/site-packages/project_pkg/plotter.py to plotter.cpython-310.pyc
[7.201s] running install_data
[7.256s] running install_egg_info
[7.310s] removing '/home/pederba/sesasr_project_ws/install/project_pkg/lib/python3.10/site-packages/project_pkg-0.0.0-py3.10.egg-info' (and everything under it)
[7.311s] Copying ../../build/project_pkg/project_pkg.egg-info to /home/pederba/sesasr_project_ws/install/project_pkg/lib/python3.10/site-packages/project_pkg-0.0.0-py3.10.egg-info
[7.313s] running install_scripts
[7.490s] Installing localization_node script to /home/pederba/sesasr_project_ws/install/project_pkg/lib/project_pkg
[7.491s] writing list of installed files to '/home/pederba/sesasr_project_ws/build/project_pkg/install.log'
[7.677s] Invoked command in '/home/pederba/sesasr_project_ws/src/project_pkg' returned '0': PYTHONPATH=/home/pederba/sesasr_project_ws/build/project_pkg/prefix_override:/home/pederba/sesasr_project_ws/install/project_pkg/lib/python3.10/site-packages:${PYTHONPATH} /usr/bin/python3 setup.py egg_info --egg-base ../../build/project_pkg build --build-base /home/pederba/sesasr_project_ws/build/project_pkg/build install --record /home/pederba/sesasr_project_ws/build/project_pkg/install.log --single-version-externally-managed
