[2.069s] Invoking command in '/home/pederba/sesasr_project_ws/src/project_pkg': PYTHONPATH=/home/pederba/sesasr_project_ws/build/project_pkg/prefix_override:/home/pederba/sesasr_project_ws/install/project_pkg/lib/python3.10/site-packages:${PYTHONPATH} /usr/bin/python3 setup.py egg_info --egg-base ../../build/project_pkg build --build-base /home/pederba/sesasr_project_ws/build/project_pkg/build install --record /home/pederba/sesasr_project_ws/build/project_pkg/install.log --single-version-externally-managed
[2.790s] running egg_info
[2.819s] writing ../../build/project_pkg/project_pkg.egg-info/PKG-INFO
[2.820s] writing dependency_links to ../../build/project_pkg/project_pkg.egg-info/dependency_links.txt
[2.821s] writing entry points to ../../build/project_pkg/project_pkg.egg-info/entry_points.txt
[2.821s] writing requirements to ../../build/project_pkg/project_pkg.egg-info/requires.txt
[2.821s] writing top-level names to ../../build/project_pkg/project_pkg.egg-info/top_level.txt
[2.888s] reading manifest file '../../build/project_pkg/project_pkg.egg-info/SOURCES.txt'
[2.890s] writing manifest file '../../build/project_pkg/project_pkg.egg-info/SOURCES.txt'
[2.890s] running build
[2.891s] running build_py
[2.891s] copying project_pkg/localization_node.py -> /home/pederba/sesasr_project_ws/build/project_pkg/build/lib/project_pkg
[2.891s] /home/pederba/.local/lib/python3.10/site-packages/setuptools/command/install.py:34: SetuptoolsDeprecationWarning: setup.py install is deprecated. Use build and pip and other standards-based tools.
[2.892s]   warnings.warn(
[2.892s] running install
[2.900s] running install_lib
[2.934s] copying /home/pederba/sesasr_project_ws/build/project_pkg/build/lib/project_pkg/localization_node.py -> /home/pederba/sesasr_project_ws/install/project_pkg/lib/python3.10/site-packages/project_pkg
[2.935s] byte-compiling /home/pederba/sesasr_project_ws/install/project_pkg/lib/python3.10/site-packages/project_pkg/localization_node.py to localization_node.cpython-310.pyc
[2.937s] running install_data
[2.969s] running install_egg_info
[3.001s] removing '/home/pederba/sesasr_project_ws/install/project_pkg/lib/python3.10/site-packages/project_pkg-0.0.0-py3.10.egg-info' (and everything under it)
[3.001s] Copying ../../build/project_pkg/project_pkg.egg-info to /home/pederba/sesasr_project_ws/install/project_pkg/lib/python3.10/site-packages/project_pkg-0.0.0-py3.10.egg-info
[3.003s] running install_scripts
[3.129s] Installing localization_node script to /home/pederba/sesasr_project_ws/install/project_pkg/lib/project_pkg
[3.129s] Installing recorder script to /home/pederba/sesasr_project_ws/install/project_pkg/lib/project_pkg
[3.130s] writing list of installed files to '/home/pederba/sesasr_project_ws/build/project_pkg/install.log'
[3.205s] Invoked command in '/home/pederba/sesasr_project_ws/src/project_pkg' returned '0': PYTHONPATH=/home/pederba/sesasr_project_ws/build/project_pkg/prefix_override:/home/pederba/sesasr_project_ws/install/project_pkg/lib/python3.10/site-packages:${PYTHONPATH} /usr/bin/python3 setup.py egg_info --egg-base ../../build/project_pkg build --build-base /home/pederba/sesasr_project_ws/build/project_pkg/build install --record /home/pederba/sesasr_project_ws/build/project_pkg/install.log --single-version-externally-managed
