[3.517s] Invoking command in '/home/pederba/sesasr_project_ws/src/turtlebot3/turtlebot3_teleop': PYTHONPATH=/home/pederba/sesasr_project_ws/build/turtlebot3_teleop/prefix_override:/home/pederba/sesasr_project_ws/install/turtlebot3_teleop/lib/python3.10/site-packages:${PYTHONPATH} /usr/bin/python3 setup.py egg_info --egg-base ../../../build/turtlebot3_teleop build --build-base /home/pederba/sesasr_project_ws/build/turtlebot3_teleop/build install --record /home/pederba/sesasr_project_ws/build/turtlebot3_teleop/install.log --single-version-externally-managed
[4.435s] running egg_info
[4.485s] writing ../../../build/turtlebot3_teleop/turtlebot3_teleop.egg-info/PKG-INFO
[4.486s] writing dependency_links to ../../../build/turtlebot3_teleop/turtlebot3_teleop.egg-info/dependency_links.txt
[4.487s] writing entry points to ../../../build/turtlebot3_teleop/turtlebot3_teleop.egg-info/entry_points.txt
[4.487s] writing requirements to ../../../build/turtlebot3_teleop/turtlebot3_teleop.egg-info/requires.txt
[4.487s] writing top-level names to ../../../build/turtlebot3_teleop/turtlebot3_teleop.egg-info/top_level.txt
[4.579s] reading manifest file '../../../build/turtlebot3_teleop/turtlebot3_teleop.egg-info/SOURCES.txt'
[4.581s] writing manifest file '../../../build/turtlebot3_teleop/turtlebot3_teleop.egg-info/SOURCES.txt'
[4.582s] running build
[4.583s] running build_py
[4.584s] running install
[4.584s] /home/pederba/.local/lib/python3.10/site-packages/setuptools/command/install.py:34: SetuptoolsDeprecationWarning: setup.py install is deprecated. Use build and pip and other standards-based tools.
[4.584s]   warnings.warn(
[4.594s] running install_lib
[4.629s] running install_data
[4.662s] running install_egg_info
[4.702s] removing '/home/pederba/sesasr_project_ws/install/turtlebot3_teleop/lib/python3.10/site-packages/turtlebot3_teleop-2.1.5-py3.10.egg-info' (and everything under it)
[4.702s] Copying ../../../build/turtlebot3_teleop/turtlebot3_teleop.egg-info to /home/pederba/sesasr_project_ws/install/turtlebot3_teleop/lib/python3.10/site-packages/turtlebot3_teleop-2.1.5-py3.10.egg-info
[4.704s] running install_scripts
[4.846s] Installing teleop_keyboard script to /home/pederba/sesasr_project_ws/install/turtlebot3_teleop/lib/turtlebot3_teleop
[4.849s] writing list of installed files to '/home/pederba/sesasr_project_ws/build/turtlebot3_teleop/install.log'
[5.316s] Invoked command in '/home/pederba/sesasr_project_ws/src/turtlebot3/turtlebot3_teleop' returned '0': PYTHONPATH=/home/pederba/sesasr_project_ws/build/turtlebot3_teleop/prefix_override:/home/pederba/sesasr_project_ws/install/turtlebot3_teleop/lib/python3.10/site-packages:${PYTHONPATH} /usr/bin/python3 setup.py egg_info --egg-base ../../../build/turtlebot3_teleop build --build-base /home/pederba/sesasr_project_ws/build/turtlebot3_teleop/build install --record /home/pederba/sesasr_project_ws/build/turtlebot3_teleop/install.log --single-version-externally-managed
