[3.136s] Invoking command in '/home/pederba/sesasr_project_ws/src/project_pkg': PYTHONPATH=/home/pederba/sesasr_project_ws/build/project_pkg/prefix_override:/home/pederba/sesasr_project_ws/install/project_pkg/lib/python3.10/site-packages:${PYTHONPATH} /usr/bin/python3 setup.py egg_info --egg-base ../../build/project_pkg build --build-base /home/pederba/sesasr_project_ws/build/project_pkg/build install --record /home/pederba/sesasr_project_ws/build/project_pkg/install.log --single-version-externally-managed
[4.363s] running egg_info
[4.421s] writing ../../build/project_pkg/project_pkg.egg-info/PKG-INFO
[4.422s] writing dependency_links to ../../build/project_pkg/project_pkg.egg-info/dependency_links.txt
[4.422s] writing entry points to ../../build/project_pkg/project_pkg.egg-info/entry_points.txt
[4.423s] writing requirements to ../../build/project_pkg/project_pkg.egg-info/requires.txt
[4.424s] writing top-level names to ../../build/project_pkg/project_pkg.egg-info/top_level.txt
[4.528s] reading manifest file '../../build/project_pkg/project_pkg.egg-info/SOURCES.txt'
[4.531s] writing manifest file '../../build/project_pkg/project_pkg.egg-info/SOURCES.txt'
[4.531s] running build
[4.532s] running build_py
[4.532s] copying project_pkg/localization_node.py -> /home/pederba/sesasr_project_ws/build/project_pkg/build/lib/project_pkg
[4.533s] running install
[4.534s] /home/pederba/.local/lib/python3.10/site-packages/setuptools/command/install.py:34: SetuptoolsDeprecationWarning: setup.py install is deprecated. Use build and pip and other standards-based tools.
[4.534s]   warnings.warn(
[4.549s] running install_lib
[4.598s] copying /home/pederba/sesasr_project_ws/build/project_pkg/build/lib/project_pkg/localization_node.py -> /home/pederba/sesasr_project_ws/install/project_pkg/lib/python3.10/site-packages/project_pkg
[4.600s] byte-compiling /home/pederba/sesasr_project_ws/install/project_pkg/lib/python3.10/site-packages/project_pkg/localization_node.py to localization_node.cpython-310.pyc
[4.602s] running install_data
[4.654s] running install_egg_info
[4.703s] removing '/home/pederba/sesasr_project_ws/install/project_pkg/lib/python3.10/site-packages/project_pkg-0.0.0-py3.10.egg-info' (and everything under it)
[4.703s] Copying ../../build/project_pkg/project_pkg.egg-info to /home/pederba/sesasr_project_ws/install/project_pkg/lib/python3.10/site-packages/project_pkg-0.0.0-py3.10.egg-info
[4.706s] running install_scripts
[4.902s] Installing localization_node script to /home/pederba/sesasr_project_ws/install/project_pkg/lib/project_pkg
[4.903s] writing list of installed files to '/home/pederba/sesasr_project_ws/build/project_pkg/install.log'
[5.072s] Invoked command in '/home/pederba/sesasr_project_ws/src/project_pkg' returned '0': PYTHONPATH=/home/pederba/sesasr_project_ws/build/project_pkg/prefix_override:/home/pederba/sesasr_project_ws/install/project_pkg/lib/python3.10/site-packages:${PYTHONPATH} /usr/bin/python3 setup.py egg_info --egg-base ../../build/project_pkg build --build-base /home/pederba/sesasr_project_ws/build/project_pkg/build install --record /home/pederba/sesasr_project_ws/build/project_pkg/install.log --single-version-externally-managed
