[2.170s] Invoking command in '/home/pederba/sesasr_project_ws/build/turtlebot3_bringup': AMENT_PREFIX_PATH=/home/pederba/sesasr_project_ws/install/turtlebot3_description:${AMENT_PREFIX_PATH} CMAKE_PREFIX_PATH=/home/pederba/sesasr_project_ws/install/turtlebot3_description:/home/pederba/install/lab02_interfaces:/home/pederba/ros2_ws/install/turtlesim:/home/pederba/ros2_ws/install/turtlebot3:/home/pederba/ros2_ws/install/turtlebot3_simulations:/home/pederba/ros2_ws/install/turtlebot3_navigation2:/home/pederba/ros2_ws/install/turtlebot3_fake_node:/home/pederba/ros2_ws/install/turtlebot3_msgs:/home/pederba/ros2_ws/install/turtlebot3_hardware:/home/pederba/ros2_ws/install/turtlebot3_gazebo:/home/pederba/ros2_ws/install/turtlebot3_bringup:/home/pederba/ros2_ws/install/turtlebot3_description:/home/pederba/ros2_ws/install/turtlebot3_cartographer:/home/pederba/ros2_ws/install/lab02_interfaces:/home/pederba/ros2_ws/install/dynamixel_sdk_examples:/home/pederba/ros2_ws/install/dynamixel_sdk_custom_interfaces:/home/pederba/ros2_ws/install/dynamixel_sdk:/home/pederba/install/lab02_pkg:/home/pederba/ros2_ws/install/lab02_pkg_test:/home/pederba/ros2_ws/install/turtlebot3_teleop:/home/pederba/ros2_ws/install/turtlebot3_example:/home/pederba/ros2_ws/install/py_pubsub:/home/pederba/ros2_ws/install/lab05_pkg:/home/pederba/ros2_ws/install/lab03_pkg:/home/pederba/ros2_ws/install/lab01_pkg:/opt/ros/humble /usr/bin/cmake --build /home/pederba/sesasr_project_ws/build/turtlebot3_bringup -- -j8 -l8
[2.970s] Invoked command in '/home/pederba/sesasr_project_ws/build/turtlebot3_bringup' returned '0': AMENT_PREFIX_PATH=/home/pederba/sesasr_project_ws/install/turtlebot3_description:${AMENT_PREFIX_PATH} CMAKE_PREFIX_PATH=/home/pederba/sesasr_project_ws/install/turtlebot3_description:/home/pederba/install/lab02_interfaces:/home/pederba/ros2_ws/install/turtlesim:/home/pederba/ros2_ws/install/turtlebot3:/home/pederba/ros2_ws/install/turtlebot3_simulations:/home/pederba/ros2_ws/install/turtlebot3_navigation2:/home/pederba/ros2_ws/install/turtlebot3_fake_node:/home/pederba/ros2_ws/install/turtlebot3_msgs:/home/pederba/ros2_ws/install/turtlebot3_hardware:/home/pederba/ros2_ws/install/turtlebot3_gazebo:/home/pederba/ros2_ws/install/turtlebot3_bringup:/home/pederba/ros2_ws/install/turtlebot3_description:/home/pederba/ros2_ws/install/turtlebot3_cartographer:/home/pederba/ros2_ws/install/lab02_interfaces:/home/pederba/ros2_ws/install/dynamixel_sdk_examples:/home/pederba/ros2_ws/install/dynamixel_sdk_custom_interfaces:/home/pederba/ros2_ws/install/dynamixel_sdk:/home/pederba/install/lab02_pkg:/home/pederba/ros2_ws/install/lab02_pkg_test:/home/pederba/ros2_ws/install/turtlebot3_teleop:/home/pederba/ros2_ws/install/turtlebot3_example:/home/pederba/ros2_ws/install/py_pubsub:/home/pederba/ros2_ws/install/lab05_pkg:/home/pederba/ros2_ws/install/lab03_pkg:/home/pederba/ros2_ws/install/lab01_pkg:/opt/ros/humble /usr/bin/cmake --build /home/pederba/sesasr_project_ws/build/turtlebot3_bringup -- -j8 -l8
[3.650s] Invoking command in '/home/pederba/sesasr_project_ws/build/turtlebot3_bringup': AMENT_PREFIX_PATH=/home/pederba/sesasr_project_ws/install/turtlebot3_description:${AMENT_PREFIX_PATH} CMAKE_PREFIX_PATH=/home/pederba/sesasr_project_ws/install/turtlebot3_description:/home/pederba/install/lab02_interfaces:/home/pederba/ros2_ws/install/turtlesim:/home/pederba/ros2_ws/install/turtlebot3:/home/pederba/ros2_ws/install/turtlebot3_simulations:/home/pederba/ros2_ws/install/turtlebot3_navigation2:/home/pederba/ros2_ws/install/turtlebot3_fake_node:/home/pederba/ros2_ws/install/turtlebot3_msgs:/home/pederba/ros2_ws/install/turtlebot3_hardware:/home/pederba/ros2_ws/install/turtlebot3_gazebo:/home/pederba/ros2_ws/install/turtlebot3_bringup:/home/pederba/ros2_ws/install/turtlebot3_description:/home/pederba/ros2_ws/install/turtlebot3_cartographer:/home/pederba/ros2_ws/install/lab02_interfaces:/home/pederba/ros2_ws/install/dynamixel_sdk_examples:/home/pederba/ros2_ws/install/dynamixel_sdk_custom_interfaces:/home/pederba/ros2_ws/install/dynamixel_sdk:/home/pederba/install/lab02_pkg:/home/pederba/ros2_ws/install/lab02_pkg_test:/home/pederba/ros2_ws/install/turtlebot3_teleop:/home/pederba/ros2_ws/install/turtlebot3_example:/home/pederba/ros2_ws/install/py_pubsub:/home/pederba/ros2_ws/install/lab05_pkg:/home/pederba/ros2_ws/install/lab03_pkg:/home/pederba/ros2_ws/install/lab01_pkg:/opt/ros/humble /usr/bin/cmake --install /home/pederba/sesasr_project_ws/build/turtlebot3_bringup
[3.666s] -- Install configuration: ""
[3.668s] -- Execute custom install script
[3.669s] -- Up-to-date symlink: /home/pederba/sesasr_project_ws/install/turtlebot3_bringup/share/turtlebot3_bringup/launch/base.launch.py
[3.669s] -- Up-to-date symlink: /home/pederba/sesasr_project_ws/install/turtlebot3_bringup/share/turtlebot3_bringup/launch/fake.launch.py
[3.670s] -- Up-to-date symlink: /home/pederba/sesasr_project_ws/install/turtlebot3_bringup/share/turtlebot3_bringup/launch/gazebo.launch.py
[3.670s] -- Up-to-date symlink: /home/pederba/sesasr_project_ws/install/turtlebot3_bringup/share/turtlebot3_bringup/launch/hardware.launch.py
[3.670s] -- Up-to-date symlink: /home/pederba/sesasr_project_ws/install/turtlebot3_bringup/share/turtlebot3_bringup/launch/lab03.launch.py
[3.671s] -- Up-to-date symlink: /home/pederba/sesasr_project_ws/install/turtlebot3_bringup/share/turtlebot3_bringup/config/burger/gazebo_controller_manager.yaml
[3.671s] -- Up-to-date symlink: /home/pederba/sesasr_project_ws/install/turtlebot3_bringup/share/turtlebot3_bringup/config/burger/hardware_controller_manager.yaml
[3.672s] -- Up-to-date symlink: /home/pederba/sesasr_project_ws/install/turtlebot3_bringup/share/turtlebot3_bringup/config/burger/twist_mux.yaml
[3.672s] -- Up-to-date symlink: /home/pederba/sesasr_project_ws/install/turtlebot3_bringup/share/turtlebot3_bringup/config/waffle_pi/gazebo_controller_manager.yaml
[3.672s] -- Up-to-date symlink: /home/pederba/sesasr_project_ws/install/turtlebot3_bringup/share/turtlebot3_bringup/config/waffle_pi/hardware_controller_manager.yaml
[3.673s] -- Up-to-date symlink: /home/pederba/sesasr_project_ws/install/turtlebot3_bringup/share/turtlebot3_bringup/config/waffle_pi/twist_mux.yaml
[3.673s] -- Up-to-date symlink: /home/pederba/sesasr_project_ws/install/turtlebot3_bringup/share/turtlebot3_bringup/script/99-turtlebot3-cdc.rules
[3.675s] -- Up-to-date symlink: /home/pederba/sesasr_project_ws/install/turtlebot3_bringup/share/turtlebot3_bringup/script/create_udev_rules
[3.676s] -- Up-to-date symlink: /home/pederba/sesasr_project_ws/install/turtlebot3_bringup/share/turtlebot3_bringup/worlds/empty_world.model
[3.677s] -- Up-to-date symlink: /home/pederba/sesasr_project_ws/install/turtlebot3_bringup/share/turtlebot3_bringup/worlds/lab03.world
[3.677s] -- Up-to-date symlink: /home/pederba/sesasr_project_ws/install/turtlebot3_bringup/share/turtlebot3_bringup/worlds/turtlebot3_world.model
[3.677s] -- Up-to-date symlink: /home/pederba/sesasr_project_ws/install/turtlebot3_bringup/share/turtlebot3_bringup/worlds/turtlebot3_world/meshes/hexagon.dae
[3.677s] -- Up-to-date symlink: /home/pederba/sesasr_project_ws/install/turtlebot3_bringup/share/turtlebot3_bringup/worlds/turtlebot3_world/meshes/wall.dae
[3.678s] -- Up-to-date symlink: /home/pederba/sesasr_project_ws/install/turtlebot3_bringup/share/turtlebot3_bringup/worlds/turtlebot3_world/model-1_4.sdf
[3.678s] -- Up-to-date symlink: /home/pederba/sesasr_project_ws/install/turtlebot3_bringup/share/turtlebot3_bringup/worlds/turtlebot3_world/model.config
[3.678s] -- Up-to-date symlink: /home/pederba/sesasr_project_ws/install/turtlebot3_bringup/share/turtlebot3_bringup/worlds/turtlebot3_world/model.sdf
[3.678s] -- Up-to-date symlink: /home/pederba/sesasr_project_ws/install/turtlebot3_bringup/share/turtlebot3_bringup/rviz/turtlebot3.rviz
[3.679s] -- Up-to-date symlink: /home/pederba/sesasr_project_ws/install/turtlebot3_bringup/share/turtlebot3_bringup/environment/turtlebot3_bringup.dsv
[3.679s] -- Up-to-date symlink: /home/pederba/sesasr_project_ws/install/turtlebot3_bringup/share/ament_index/resource_index/package_run_dependencies/turtlebot3_bringup
[3.679s] -- Up-to-date symlink: /home/pederba/sesasr_project_ws/install/turtlebot3_bringup/share/ament_index/resource_index/parent_prefix_path/turtlebot3_bringup
[3.679s] -- Up-to-date symlink: /home/pederba/sesasr_project_ws/install/turtlebot3_bringup/share/turtlebot3_bringup/environment/ament_prefix_path.sh
[3.680s] -- Up-to-date symlink: /home/pederba/sesasr_project_ws/install/turtlebot3_bringup/share/turtlebot3_bringup/environment/ament_prefix_path.dsv
[3.680s] -- Up-to-date symlink: /home/pederba/sesasr_project_ws/install/turtlebot3_bringup/share/turtlebot3_bringup/environment/path.sh
[3.680s] -- Up-to-date symlink: /home/pederba/sesasr_project_ws/install/turtlebot3_bringup/share/turtlebot3_bringup/environment/path.dsv
[3.680s] -- Up-to-date symlink: /home/pederba/sesasr_project_ws/install/turtlebot3_bringup/share/turtlebot3_bringup/local_setup.bash
[3.681s] -- Up-to-date symlink: /home/pederba/sesasr_project_ws/install/turtlebot3_bringup/share/turtlebot3_bringup/local_setup.sh
[3.681s] -- Up-to-date symlink: /home/pederba/sesasr_project_ws/install/turtlebot3_bringup/share/turtlebot3_bringup/local_setup.zsh
[3.683s] -- Up-to-date symlink: /home/pederba/sesasr_project_ws/install/turtlebot3_bringup/share/turtlebot3_bringup/local_setup.dsv
[3.685s] -- Symlinking: /home/pederba/sesasr_project_ws/install/turtlebot3_bringup/share/turtlebot3_bringup/package.dsv
[3.710s] -- Up-to-date symlink: /home/pederba/sesasr_project_ws/install/turtlebot3_bringup/share/ament_index/resource_index/packages/turtlebot3_bringup
[3.711s] -- Up-to-date symlink: /home/pederba/sesasr_project_ws/install/turtlebot3_bringup/share/turtlebot3_bringup/cmake/turtlebot3_bringupConfig.cmake
[3.711s] -- Up-to-date symlink: /home/pederba/sesasr_project_ws/install/turtlebot3_bringup/share/turtlebot3_bringup/cmake/turtlebot3_bringupConfig-version.cmake
[3.712s] -- Up-to-date symlink: /home/pederba/sesasr_project_ws/install/turtlebot3_bringup/share/turtlebot3_bringup/package.xml
[4.692s] Invoked command in '/home/pederba/sesasr_project_ws/build/turtlebot3_bringup' returned '0': AMENT_PREFIX_PATH=/home/pederba/sesasr_project_ws/install/turtlebot3_description:${AMENT_PREFIX_PATH} CMAKE_PREFIX_PATH=/home/pederba/sesasr_project_ws/install/turtlebot3_description:/home/pederba/install/lab02_interfaces:/home/pederba/ros2_ws/install/turtlesim:/home/pederba/ros2_ws/install/turtlebot3:/home/pederba/ros2_ws/install/turtlebot3_simulations:/home/pederba/ros2_ws/install/turtlebot3_navigation2:/home/pederba/ros2_ws/install/turtlebot3_fake_node:/home/pederba/ros2_ws/install/turtlebot3_msgs:/home/pederba/ros2_ws/install/turtlebot3_hardware:/home/pederba/ros2_ws/install/turtlebot3_gazebo:/home/pederba/ros2_ws/install/turtlebot3_bringup:/home/pederba/ros2_ws/install/turtlebot3_description:/home/pederba/ros2_ws/install/turtlebot3_cartographer:/home/pederba/ros2_ws/install/lab02_interfaces:/home/pederba/ros2_ws/install/dynamixel_sdk_examples:/home/pederba/ros2_ws/install/dynamixel_sdk_custom_interfaces:/home/pederba/ros2_ws/install/dynamixel_sdk:/home/pederba/install/lab02_pkg:/home/pederba/ros2_ws/install/lab02_pkg_test:/home/pederba/ros2_ws/install/turtlebot3_teleop:/home/pederba/ros2_ws/install/turtlebot3_example:/home/pederba/ros2_ws/install/py_pubsub:/home/pederba/ros2_ws/install/lab05_pkg:/home/pederba/ros2_ws/install/lab03_pkg:/home/pederba/ros2_ws/install/lab01_pkg:/opt/ros/humble /usr/bin/cmake --install /home/pederba/sesasr_project_ws/build/turtlebot3_bringup
