[0.634s] Invoking command in '/home/pederba/sesasr_project_ws/build/turtlebot3_cartographer': CMAKE_PREFIX_PATH=${CMAKE_PREFIX_PATH}:/home/pederba/sesasr_project_ws/install/turtlebot3_teleop:/home/pederba/sesasr_project_ws/install/turtlebot3_example:/home/pederba/sesasr_project_ws/install/project_pkg:/opt/ros/humble /usr/bin/cmake --build /home/pederba/sesasr_project_ws/build/turtlebot3_cartographer -- -j8 -l8
[1.733s] Invoked command in '/home/pederba/sesasr_project_ws/build/turtlebot3_cartographer' returned '0': CMAKE_PREFIX_PATH=${CMAKE_PREFIX_PATH}:/home/pederba/sesasr_project_ws/install/turtlebot3_teleop:/home/pederba/sesasr_project_ws/install/turtlebot3_example:/home/pederba/sesasr_project_ws/install/project_pkg:/opt/ros/humble /usr/bin/cmake --build /home/pederba/sesasr_project_ws/build/turtlebot3_cartographer -- -j8 -l8
[1.830s] Invoking command in '/home/pederba/sesasr_project_ws/build/turtlebot3_cartographer': CMAKE_PREFIX_PATH=${CMAKE_PREFIX_PATH}:/home/pederba/sesasr_project_ws/install/turtlebot3_teleop:/home/pederba/sesasr_project_ws/install/turtlebot3_example:/home/pederba/sesasr_project_ws/install/project_pkg:/opt/ros/humble /usr/bin/cmake --install /home/pederba/sesasr_project_ws/build/turtlebot3_cartographer
[1.850s] -- Install configuration: ""
[1.850s] -- Execute custom install script
[1.851s] -- Up-to-date symlink: /home/pederba/sesasr_project_ws/install/turtlebot3_cartographer/share/turtlebot3_cartographer/config/turtlebot3_2d.lua
[1.852s] -- Up-to-date symlink: /home/pederba/sesasr_project_ws/install/turtlebot3_cartographer/share/turtlebot3_cartographer/launch/cartographer.launch.py
[1.852s] -- Up-to-date symlink: /home/pederba/sesasr_project_ws/install/turtlebot3_cartographer/share/turtlebot3_cartographer/rviz/cartographer.rviz
[1.852s] -- Up-to-date symlink: /home/pederba/sesasr_project_ws/install/turtlebot3_cartographer/share/ament_index/resource_index/package_run_dependencies/turtlebot3_cartographer
[1.853s] -- Up-to-date symlink: /home/pederba/sesasr_project_ws/install/turtlebot3_cartographer/share/ament_index/resource_index/parent_prefix_path/turtlebot3_cartographer
[1.854s] -- Up-to-date symlink: /home/pederba/sesasr_project_ws/install/turtlebot3_cartographer/share/turtlebot3_cartographer/environment/ament_prefix_path.sh
[1.854s] -- Up-to-date symlink: /home/pederba/sesasr_project_ws/install/turtlebot3_cartographer/share/turtlebot3_cartographer/environment/ament_prefix_path.dsv
[1.854s] -- Up-to-date symlink: /home/pederba/sesasr_project_ws/install/turtlebot3_cartographer/share/turtlebot3_cartographer/environment/path.sh
[1.855s] -- Up-to-date symlink: /home/pederba/sesasr_project_ws/install/turtlebot3_cartographer/share/turtlebot3_cartographer/environment/path.dsv
[1.855s] -- Up-to-date symlink: /home/pederba/sesasr_project_ws/install/turtlebot3_cartographer/share/turtlebot3_cartographer/local_setup.bash
[1.855s] -- Up-to-date symlink: /home/pederba/sesasr_project_ws/install/turtlebot3_cartographer/share/turtlebot3_cartographer/local_setup.sh
[1.856s] -- Up-to-date symlink: /home/pederba/sesasr_project_ws/install/turtlebot3_cartographer/share/turtlebot3_cartographer/local_setup.zsh
[1.856s] -- Up-to-date symlink: /home/pederba/sesasr_project_ws/install/turtlebot3_cartographer/share/turtlebot3_cartographer/local_setup.dsv
[1.857s] -- Symlinking: /home/pederba/sesasr_project_ws/install/turtlebot3_cartographer/share/turtlebot3_cartographer/package.dsv
[1.883s] -- Up-to-date symlink: /home/pederba/sesasr_project_ws/install/turtlebot3_cartographer/share/ament_index/resource_index/packages/turtlebot3_cartographer
[1.893s] -- Up-to-date symlink: /home/pederba/sesasr_project_ws/install/turtlebot3_cartographer/share/turtlebot3_cartographer/cmake/turtlebot3_cartographerConfig.cmake
[1.893s] -- Up-to-date symlink: /home/pederba/sesasr_project_ws/install/turtlebot3_cartographer/share/turtlebot3_cartographer/cmake/turtlebot3_cartographerConfig-version.cmake
[1.894s] -- Up-to-date symlink: /home/pederba/sesasr_project_ws/install/turtlebot3_cartographer/share/turtlebot3_cartographer/package.xml
[1.896s] Invoked command in '/home/pederba/sesasr_project_ws/build/turtlebot3_cartographer' returned '0': CMAKE_PREFIX_PATH=${CMAKE_PREFIX_PATH}:/home/pederba/sesasr_project_ws/install/turtlebot3_teleop:/home/pederba/sesasr_project_ws/install/turtlebot3_example:/home/pederba/sesasr_project_ws/install/project_pkg:/opt/ros/humble /usr/bin/cmake --install /home/pederba/sesasr_project_ws/build/turtlebot3_cartographer
