[2.828s] Invoking command in '/home/pederba/sesasr_project_ws/src/project_pkg': PYTHONPATH=/home/pederba/sesasr_project_ws/build/project_pkg/prefix_override:/home/pederba/sesasr_project_ws/install/project_pkg/lib/python3.10/site-packages:${PYTHONPATH} /usr/bin/python3 setup.py egg_info --egg-base ../../build/project_pkg build --build-base /home/pederba/sesasr_project_ws/build/project_pkg/build install --record /home/pederba/sesasr_project_ws/build/project_pkg/install.log --single-version-externally-managed
[3.837s] running egg_info
[3.877s] writing ../../build/project_pkg/project_pkg.egg-info/PKG-INFO
[3.878s] writing dependency_links to ../../build/project_pkg/project_pkg.egg-info/dependency_links.txt
[3.878s] writing entry points to ../../build/project_pkg/project_pkg.egg-info/entry_points.txt
[3.878s] writing requirements to ../../build/project_pkg/project_pkg.egg-info/requires.txt
[3.878s] writing top-level names to ../../build/project_pkg/project_pkg.egg-info/top_level.txt
[3.959s] reading manifest file '../../build/project_pkg/project_pkg.egg-info/SOURCES.txt'
[3.960s] writing manifest file '../../build/project_pkg/project_pkg.egg-info/SOURCES.txt'
[3.961s] running build
[3.961s] running build_py
[3.961s] copying project_pkg/localization_node.py -> /home/pederba/sesasr_project_ws/build/project_pkg/build/lib/project_pkg
[3.962s] running install
[3.963s] /home/pederba/.local/lib/python3.10/site-packages/setuptools/command/install.py:34: SetuptoolsDeprecationWarning: setup.py install is deprecated. Use build and pip and other standards-based tools.
[3.963s]   warnings.warn(
[3.974s] running install_lib
[4.013s] copying /home/pederba/sesasr_project_ws/build/project_pkg/build/lib/project_pkg/localization_node.py -> /home/pederba/sesasr_project_ws/install/project_pkg/lib/python3.10/site-packages/project_pkg
[4.015s] byte-compiling /home/pederba/sesasr_project_ws/install/project_pkg/lib/python3.10/site-packages/project_pkg/localization_node.py to localization_node.cpython-310.pyc
[4.017s] running install_data
[4.060s] running install_egg_info
[4.101s] removing '/home/pederba/sesasr_project_ws/install/project_pkg/lib/python3.10/site-packages/project_pkg-0.0.0-py3.10.egg-info' (and everything under it)
[4.102s] Copying ../../build/project_pkg/project_pkg.egg-info to /home/pederba/sesasr_project_ws/install/project_pkg/lib/python3.10/site-packages/project_pkg-0.0.0-py3.10.egg-info
[4.104s] running install_scripts
[4.256s] Installing localization_node script to /home/pederba/sesasr_project_ws/install/project_pkg/lib/project_pkg
[4.257s] writing list of installed files to '/home/pederba/sesasr_project_ws/build/project_pkg/install.log'
[4.354s] Invoked command in '/home/pederba/sesasr_project_ws/src/project_pkg' returned '0': PYTHONPATH=/home/pederba/sesasr_project_ws/build/project_pkg/prefix_override:/home/pederba/sesasr_project_ws/install/project_pkg/lib/python3.10/site-packages:${PYTHONPATH} /usr/bin/python3 setup.py egg_info --egg-base ../../build/project_pkg build --build-base /home/pederba/sesasr_project_ws/build/project_pkg/build install --record /home/pederba/sesasr_project_ws/build/project_pkg/install.log --single-version-externally-managed
