[8.230s] Invoking command in '/home/pederba/sesasr_project_ws/src/project_pkg': PYTHONPATH=/home/pederba/sesasr_project_ws/build/project_pkg/prefix_override:/home/pederba/sesasr_project_ws/install/project_pkg/lib/python3.10/site-packages:${PYTHONPATH} /usr/bin/python3 setup.py egg_info --egg-base ../../build/project_pkg build --build-base /home/pederba/sesasr_project_ws/build/project_pkg/build install --record /home/pederba/sesasr_project_ws/build/project_pkg/install.log --single-version-externally-managed
[9.621s] running egg_info
[9.687s] writing ../../build/project_pkg/project_pkg.egg-info/PKG-INFO
[9.690s] writing dependency_links to ../../build/project_pkg/project_pkg.egg-info/dependency_links.txt
[9.697s] writing entry points to ../../build/project_pkg/project_pkg.egg-info/entry_points.txt
[9.699s] writing requirements to ../../build/project_pkg/project_pkg.egg-info/requires.txt
[9.699s] writing top-level names to ../../build/project_pkg/project_pkg.egg-info/top_level.txt
[9.844s] reading manifest file '../../build/project_pkg/project_pkg.egg-info/SOURCES.txt'
[9.852s] writing manifest file '../../build/project_pkg/project_pkg.egg-info/SOURCES.txt'
[9.853s] running build
[9.855s] running build_py
[9.856s] copying project_pkg/localization_node.py -> /home/pederba/sesasr_project_ws/build/project_pkg/build/lib/project_pkg
[9.857s] running install
[9.857s] /home/pederba/.local/lib/python3.10/site-packages/setuptools/command/install.py:34: SetuptoolsDeprecationWarning: setup.py install is deprecated. Use build and pip and other standards-based tools.
[9.857s]   warnings.warn(
[9.874s] running install_lib
[9.940s] copying /home/pederba/sesasr_project_ws/build/project_pkg/build/lib/project_pkg/localization_node.py -> /home/pederba/sesasr_project_ws/install/project_pkg/lib/python3.10/site-packages/project_pkg
[9.944s] byte-compiling /home/pederba/sesasr_project_ws/install/project_pkg/lib/python3.10/site-packages/project_pkg/localization_node.py to localization_node.cpython-310.pyc
[9.947s] running install_data
[10.014s] running install_egg_info
[10.078s] removing '/home/pederba/sesasr_project_ws/install/project_pkg/lib/python3.10/site-packages/project_pkg-0.0.0-py3.10.egg-info' (and everything under it)
[10.083s] Copying ../../build/project_pkg/project_pkg.egg-info to /home/pederba/sesasr_project_ws/install/project_pkg/lib/python3.10/site-packages/project_pkg-0.0.0-py3.10.egg-info
[10.084s] running install_scripts
[10.362s] Installing localization_node script to /home/pederba/sesasr_project_ws/install/project_pkg/lib/project_pkg
[10.367s] Installing recorder script to /home/pederba/sesasr_project_ws/install/project_pkg/lib/project_pkg
[10.368s] writing list of installed files to '/home/pederba/sesasr_project_ws/build/project_pkg/install.log'
[10.523s] Invoked command in '/home/pederba/sesasr_project_ws/src/project_pkg' returned '0': PYTHONPATH=/home/pederba/sesasr_project_ws/build/project_pkg/prefix_override:/home/pederba/sesasr_project_ws/install/project_pkg/lib/python3.10/site-packages:${PYTHONPATH} /usr/bin/python3 setup.py egg_info --egg-base ../../build/project_pkg build --build-base /home/pederba/sesasr_project_ws/build/project_pkg/build install --record /home/pederba/sesasr_project_ws/build/project_pkg/install.log --single-version-externally-managed
