[0.220s] Invoking command in '/home/pederba/sesasr_project_ws/build/dynamixel_sdk_examples': AMENT_PREFIX_PATH=/home/pederba/sesasr_project_ws/install/dynamixel_sdk_custom_interfaces:/home/pederba/sesasr_project_ws/install/dynamixel_sdk:${AMENT_PREFIX_PATH} CMAKE_PREFIX_PATH=/home/pederba/sesasr_project_ws/install/dynamixel_sdk_custom_interfaces:/home/pederba/sesasr_project_ws/install/dynamixel_sdk:/opt/ros/humble LD_LIBRARY_PATH=/home/pederba/sesasr_project_ws/install/dynamixel_sdk_custom_interfaces/lib:/home/pederba/sesasr_project_ws/install/dynamixel_sdk/lib:${LD_LIBRARY_PATH} PYTHONPATH=/home/pederba/sesasr_project_ws/install/dynamixel_sdk_custom_interfaces/local/lib/python3.10/dist-packages:${PYTHONPATH} /usr/bin/cmake /home/pederba/sesasr_project_ws/src/turtlebot3/utils/DynamixelSDK/dynamixel_sdk_examples -DCMAKE_INSTALL_PREFIX=/home/pederba/sesasr_project_ws/install/dynamixel_sdk_examples
[0.275s] -- Found ament_cmake: 1.3.6 (/opt/ros/humble/share/ament_cmake/cmake)
[0.648s] -- Override CMake install command with custom implementation using symlinks instead of copying resources
[0.665s] -- Found dynamixel_sdk: 3.7.60 (/home/pederba/sesasr_project_ws/install/dynamixel_sdk/share/dynamixel_sdk/cmake)
[0.669s] -- Found dynamixel_sdk_custom_interfaces: 3.7.60 (/home/pederba/sesasr_project_ws/install/dynamixel_sdk_custom_interfaces/share/dynamixel_sdk_custom_interfaces/cmake)
[0.735s] -- Found rosidl_generator_c: 3.1.5 (/opt/ros/humble/share/rosidl_generator_c/cmake)
[0.741s] -- Found rosidl_adapter: 3.1.5 (/opt/ros/humble/share/rosidl_adapter/cmake)
[0.763s] -- Found rosidl_generator_cpp: 3.1.5 (/opt/ros/humble/share/rosidl_generator_cpp/cmake)
[0.806s] -- Using all available rosidl_typesupport_c: rosidl_typesupport_fastrtps_c;rosidl_typesupport_introspection_c
[0.836s] -- Using all available rosidl_typesupport_cpp: rosidl_typesupport_fastrtps_cpp;rosidl_typesupport_introspection_cpp
[0.921s] -- Found rclcpp: 16.0.7 (/opt/ros/humble/share/rclcpp/cmake)
[1.012s] -- Found rmw_implementation_cmake: 6.1.1 (/opt/ros/humble/share/rmw_implementation_cmake/cmake)
[1.015s] -- Found rmw_fastrtps_cpp: 6.2.5 (/opt/ros/humble/share/rmw_fastrtps_cpp/cmake)
[1.236s] -- Using RMW implementation 'rmw_fastrtps_cpp' as default
[1.460s] -- Found ament_lint_auto: 0.12.9 (/opt/ros/humble/share/ament_lint_auto/cmake)
[1.641s] -- Added test 'copyright' to check source files copyright and LICENSE
[1.643s] -- Added test 'cppcheck' to perform static code analysis on C / C++ code
[1.644s] -- Configured cppcheck include dirs: /home/pederba/sesasr_project_ws/src/turtlebot3/utils/DynamixelSDK/dynamixel_sdk_examples/include
[1.644s] -- Configured cppcheck exclude dirs and/or files: 
[1.646s] -- Added test 'cpplint' to check C / C++ code against the Google style
[1.646s] -- Configured cpplint exclude dirs and/or files: 
[1.648s] -- Added test 'lint_cmake' to check CMake code style
[1.650s] -- Added test 'uncrustify' to check C / C++ code style
[1.650s] -- Configured uncrustify additional arguments: 
[1.651s] -- Added test 'xmllint' to check XML markup files
[1.653s] -- Configuring done
[1.675s] -- Generating done
[1.679s] -- Build files have been written to: /home/pederba/sesasr_project_ws/build/dynamixel_sdk_examples
[2.319s] Invoked command in '/home/pederba/sesasr_project_ws/build/dynamixel_sdk_examples' returned '0': AMENT_PREFIX_PATH=/home/pederba/sesasr_project_ws/install/dynamixel_sdk_custom_interfaces:/home/pederba/sesasr_project_ws/install/dynamixel_sdk:${AMENT_PREFIX_PATH} CMAKE_PREFIX_PATH=/home/pederba/sesasr_project_ws/install/dynamixel_sdk_custom_interfaces:/home/pederba/sesasr_project_ws/install/dynamixel_sdk:/opt/ros/humble LD_LIBRARY_PATH=/home/pederba/sesasr_project_ws/install/dynamixel_sdk_custom_interfaces/lib:/home/pederba/sesasr_project_ws/install/dynamixel_sdk/lib:${LD_LIBRARY_PATH} PYTHONPATH=/home/pederba/sesasr_project_ws/install/dynamixel_sdk_custom_interfaces/local/lib/python3.10/dist-packages:${PYTHONPATH} /usr/bin/cmake /home/pederba/sesasr_project_ws/src/turtlebot3/utils/DynamixelSDK/dynamixel_sdk_examples -DCMAKE_INSTALL_PREFIX=/home/pederba/sesasr_project_ws/install/dynamixel_sdk_examples
[2.322s] Invoking command in '/home/pederba/sesasr_project_ws/build/dynamixel_sdk_examples': AMENT_PREFIX_PATH=/home/pederba/sesasr_project_ws/install/dynamixel_sdk_custom_interfaces:/home/pederba/sesasr_project_ws/install/dynamixel_sdk:${AMENT_PREFIX_PATH} CMAKE_PREFIX_PATH=/home/pederba/sesasr_project_ws/install/dynamixel_sdk_custom_interfaces:/home/pederba/sesasr_project_ws/install/dynamixel_sdk:/opt/ros/humble LD_LIBRARY_PATH=/home/pederba/sesasr_project_ws/install/dynamixel_sdk_custom_interfaces/lib:/home/pederba/sesasr_project_ws/install/dynamixel_sdk/lib:${LD_LIBRARY_PATH} PYTHONPATH=/home/pederba/sesasr_project_ws/install/dynamixel_sdk_custom_interfaces/local/lib/python3.10/dist-packages:${PYTHONPATH} /usr/bin/cmake --build /home/pederba/sesasr_project_ws/build/dynamixel_sdk_examples -- -j8 -l8
[2.421s] [35m[1mConsolidate compiler generated dependencies of target read_write_node[0m
[2.471s] [100%] Built target read_write_node
[2.578s] Invoked command in '/home/pederba/sesasr_project_ws/build/dynamixel_sdk_examples' returned '0': AMENT_PREFIX_PATH=/home/pederba/sesasr_project_ws/install/dynamixel_sdk_custom_interfaces:/home/pederba/sesasr_project_ws/install/dynamixel_sdk:${AMENT_PREFIX_PATH} CMAKE_PREFIX_PATH=/home/pederba/sesasr_project_ws/install/dynamixel_sdk_custom_interfaces:/home/pederba/sesasr_project_ws/install/dynamixel_sdk:/opt/ros/humble LD_LIBRARY_PATH=/home/pederba/sesasr_project_ws/install/dynamixel_sdk_custom_interfaces/lib:/home/pederba/sesasr_project_ws/install/dynamixel_sdk/lib:${LD_LIBRARY_PATH} PYTHONPATH=/home/pederba/sesasr_project_ws/install/dynamixel_sdk_custom_interfaces/local/lib/python3.10/dist-packages:${PYTHONPATH} /usr/bin/cmake --build /home/pederba/sesasr_project_ws/build/dynamixel_sdk_examples -- -j8 -l8
[2.880s] Invoking command in '/home/pederba/sesasr_project_ws/build/dynamixel_sdk_examples': AMENT_PREFIX_PATH=/home/pederba/sesasr_project_ws/install/dynamixel_sdk_custom_interfaces:/home/pederba/sesasr_project_ws/install/dynamixel_sdk:${AMENT_PREFIX_PATH} CMAKE_PREFIX_PATH=/home/pederba/sesasr_project_ws/install/dynamixel_sdk_custom_interfaces:/home/pederba/sesasr_project_ws/install/dynamixel_sdk:/opt/ros/humble LD_LIBRARY_PATH=/home/pederba/sesasr_project_ws/install/dynamixel_sdk_custom_interfaces/lib:/home/pederba/sesasr_project_ws/install/dynamixel_sdk/lib:${LD_LIBRARY_PATH} PYTHONPATH=/home/pederba/sesasr_project_ws/install/dynamixel_sdk_custom_interfaces/local/lib/python3.10/dist-packages:${PYTHONPATH} /usr/bin/cmake --install /home/pederba/sesasr_project_ws/build/dynamixel_sdk_examples
[2.894s] -- Install configuration: ""
[2.894s] -- Execute custom install script
[2.895s] -- Up-to-date symlink: /home/pederba/sesasr_project_ws/install/dynamixel_sdk_examples/lib/dynamixel_sdk_examples/read_write_node
[2.895s] -- Up-to-date symlink: /home/pederba/sesasr_project_ws/install/dynamixel_sdk_examples/share/ament_index/resource_index/package_run_dependencies/dynamixel_sdk_examples
[2.896s] -- Up-to-date symlink: /home/pederba/sesasr_project_ws/install/dynamixel_sdk_examples/share/ament_index/resource_index/parent_prefix_path/dynamixel_sdk_examples
[2.896s] -- Up-to-date symlink: /home/pederba/sesasr_project_ws/install/dynamixel_sdk_examples/share/dynamixel_sdk_examples/environment/ament_prefix_path.sh
[2.896s] -- Up-to-date symlink: /home/pederba/sesasr_project_ws/install/dynamixel_sdk_examples/share/dynamixel_sdk_examples/environment/ament_prefix_path.dsv
[2.897s] -- Up-to-date symlink: /home/pederba/sesasr_project_ws/install/dynamixel_sdk_examples/share/dynamixel_sdk_examples/environment/path.sh
[2.897s] -- Up-to-date symlink: /home/pederba/sesasr_project_ws/install/dynamixel_sdk_examples/share/dynamixel_sdk_examples/environment/path.dsv
[2.898s] -- Up-to-date symlink: /home/pederba/sesasr_project_ws/install/dynamixel_sdk_examples/share/dynamixel_sdk_examples/local_setup.bash
[2.898s] -- Up-to-date symlink: /home/pederba/sesasr_project_ws/install/dynamixel_sdk_examples/share/dynamixel_sdk_examples/local_setup.sh
[2.900s] -- Up-to-date symlink: /home/pederba/sesasr_project_ws/install/dynamixel_sdk_examples/share/dynamixel_sdk_examples/local_setup.zsh
[2.900s] -- Up-to-date symlink: /home/pederba/sesasr_project_ws/install/dynamixel_sdk_examples/share/dynamixel_sdk_examples/local_setup.dsv
[2.900s] -- Symlinking: /home/pederba/sesasr_project_ws/install/dynamixel_sdk_examples/share/dynamixel_sdk_examples/package.dsv
[2.921s] -- Up-to-date symlink: /home/pederba/sesasr_project_ws/install/dynamixel_sdk_examples/share/ament_index/resource_index/packages/dynamixel_sdk_examples
[2.921s] -- Up-to-date symlink: /home/pederba/sesasr_project_ws/install/dynamixel_sdk_examples/share/dynamixel_sdk_examples/cmake/dynamixel_sdk_examplesConfig.cmake
[2.921s] -- Up-to-date symlink: /home/pederba/sesasr_project_ws/install/dynamixel_sdk_examples/share/dynamixel_sdk_examples/cmake/dynamixel_sdk_examplesConfig-version.cmake
[2.921s] -- Up-to-date symlink: /home/pederba/sesasr_project_ws/install/dynamixel_sdk_examples/share/dynamixel_sdk_examples/package.xml
[2.926s] Invoked command in '/home/pederba/sesasr_project_ws/build/dynamixel_sdk_examples' returned '0': AMENT_PREFIX_PATH=/home/pederba/sesasr_project_ws/install/dynamixel_sdk_custom_interfaces:/home/pederba/sesasr_project_ws/install/dynamixel_sdk:${AMENT_PREFIX_PATH} CMAKE_PREFIX_PATH=/home/pederba/sesasr_project_ws/install/dynamixel_sdk_custom_interfaces:/home/pederba/sesasr_project_ws/install/dynamixel_sdk:/opt/ros/humble LD_LIBRARY_PATH=/home/pederba/sesasr_project_ws/install/dynamixel_sdk_custom_interfaces/lib:/home/pederba/sesasr_project_ws/install/dynamixel_sdk/lib:${LD_LIBRARY_PATH} PYTHONPATH=/home/pederba/sesasr_project_ws/install/dynamixel_sdk_custom_interfaces/local/lib/python3.10/dist-packages:${PYTHONPATH} /usr/bin/cmake --install /home/pederba/sesasr_project_ws/build/dynamixel_sdk_examples
