[3.375s] Invoking command in '/home/pederba/sesasr_project_ws/src/project_pkg': PYTHONPATH=/home/pederba/sesasr_project_ws/build/project_pkg/prefix_override:/home/pederba/sesasr_project_ws/install/project_pkg/lib/python3.10/site-packages:${PYTHONPATH} /usr/bin/python3 setup.py egg_info --egg-base ../../build/project_pkg build --build-base /home/pederba/sesasr_project_ws/build/project_pkg/build install --record /home/pederba/sesasr_project_ws/build/project_pkg/install.log --single-version-externally-managed
[4.512s] running egg_info
[4.564s] writing ../../build/project_pkg/project_pkg.egg-info/PKG-INFO
[4.564s] writing dependency_links to ../../build/project_pkg/project_pkg.egg-info/dependency_links.txt
[4.564s] writing entry points to ../../build/project_pkg/project_pkg.egg-info/entry_points.txt
[4.565s] writing requirements to ../../build/project_pkg/project_pkg.egg-info/requires.txt
[4.565s] writing top-level names to ../../build/project_pkg/project_pkg.egg-info/top_level.txt
[4.665s] reading manifest file '../../build/project_pkg/project_pkg.egg-info/SOURCES.txt'
[4.668s] writing manifest file '../../build/project_pkg/project_pkg.egg-info/SOURCES.txt'
[4.668s] running build
[4.668s] running build_py
[4.668s] copying project_pkg/localization_node.py -> /home/pederba/sesasr_project_ws/build/project_pkg/build/lib/project_pkg
[4.669s] running install
[4.669s] /home/pederba/.local/lib/python3.10/site-packages/setuptools/command/install.py:34: SetuptoolsDeprecationWarning: setup.py install is deprecated. Use build and pip and other standards-based tools.
[4.669s]   warnings.warn(
[4.684s] running install_lib
[4.736s] copying /home/pederba/sesasr_project_ws/build/project_pkg/build/lib/project_pkg/localization_node.py -> /home/pederba/sesasr_project_ws/install/project_pkg/lib/python3.10/site-packages/project_pkg
[4.739s] byte-compiling /home/pederba/sesasr_project_ws/install/project_pkg/lib/python3.10/site-packages/project_pkg/localization_node.py to localization_node.cpython-310.pyc
[4.744s] running install_data
[4.791s] running install_egg_info
[4.840s] removing '/home/pederba/sesasr_project_ws/install/project_pkg/lib/python3.10/site-packages/project_pkg-0.0.0-py3.10.egg-info' (and everything under it)
[4.841s] Copying ../../build/project_pkg/project_pkg.egg-info to /home/pederba/sesasr_project_ws/install/project_pkg/lib/python3.10/site-packages/project_pkg-0.0.0-py3.10.egg-info
[4.844s] running install_scripts
[5.046s] Installing localization_node script to /home/pederba/sesasr_project_ws/install/project_pkg/lib/project_pkg
[5.047s] writing list of installed files to '/home/pederba/sesasr_project_ws/build/project_pkg/install.log'
[5.202s] Invoked command in '/home/pederba/sesasr_project_ws/src/project_pkg' returned '0': PYTHONPATH=/home/pederba/sesasr_project_ws/build/project_pkg/prefix_override:/home/pederba/sesasr_project_ws/install/project_pkg/lib/python3.10/site-packages:${PYTHONPATH} /usr/bin/python3 setup.py egg_info --egg-base ../../build/project_pkg build --build-base /home/pederba/sesasr_project_ws/build/project_pkg/build install --record /home/pederba/sesasr_project_ws/build/project_pkg/install.log --single-version-externally-managed
