[1.608s] Invoking command in '/home/pederba/sesasr_project_ws/build/turtlebot3_fake_node': CMAKE_PREFIX_PATH=/home/pederba/sesasr_project_ws/install/turtlebot3_msgs:/home/pederba/sesasr_project_ws/install/turtlebot3:/home/pederba/sesasr_project_ws/install/turtlebot3_simulations:/home/pederba/sesasr_project_ws/install/turtlebot3_navigation2:/home/pederba/sesasr_project_ws/install/turtlebot3_fake_node:/home/pederba/sesasr_project_ws/install/turtlebot3_hardware:/home/pederba/sesasr_project_ws/install/turtlebot3_gazebo:/home/pederba/sesasr_project_ws/install/turtlebot3_bringup:/home/pederba/sesasr_project_ws/install/turtlebot3_description:/home/pederba/sesasr_project_ws/install/turtlebot3_cartographer:/home/pederba/sesasr_project_ws/install/dynamixel_sdk_examples:/home/pederba/sesasr_project_ws/install/dynamixel_sdk_custom_interfaces:/home/pederba/sesasr_project_ws/install/dynamixel_sdk:/home/pederba/sesasr_project_ws/install/turtlebot3_teleop:/home/pederba/sesasr_project_ws/install/turtlebot3_example:/home/pederba/sesasr_project_ws/install/project_pkg:/opt/ros/humble /usr/bin/cmake --build /home/pederba/sesasr_project_ws/build/turtlebot3_fake_node -- -j8 -l8
[1.792s] [100%] Built target turtlebot3_fake_node
[1.983s] Invoked command in '/home/pederba/sesasr_project_ws/build/turtlebot3_fake_node' returned '0': CMAKE_PREFIX_PATH=/home/pederba/sesasr_project_ws/install/turtlebot3_msgs:/home/pederba/sesasr_project_ws/install/turtlebot3:/home/pederba/sesasr_project_ws/install/turtlebot3_simulations:/home/pederba/sesasr_project_ws/install/turtlebot3_navigation2:/home/pederba/sesasr_project_ws/install/turtlebot3_fake_node:/home/pederba/sesasr_project_ws/install/turtlebot3_hardware:/home/pederba/sesasr_project_ws/install/turtlebot3_gazebo:/home/pederba/sesasr_project_ws/install/turtlebot3_bringup:/home/pederba/sesasr_project_ws/install/turtlebot3_description:/home/pederba/sesasr_project_ws/install/turtlebot3_cartographer:/home/pederba/sesasr_project_ws/install/dynamixel_sdk_examples:/home/pederba/sesasr_project_ws/install/dynamixel_sdk_custom_interfaces:/home/pederba/sesasr_project_ws/install/dynamixel_sdk:/home/pederba/sesasr_project_ws/install/turtlebot3_teleop:/home/pederba/sesasr_project_ws/install/turtlebot3_example:/home/pederba/sesasr_project_ws/install/project_pkg:/opt/ros/humble /usr/bin/cmake --build /home/pederba/sesasr_project_ws/build/turtlebot3_fake_node -- -j8 -l8
[2.297s] Invoking command in '/home/pederba/sesasr_project_ws/build/turtlebot3_fake_node': CMAKE_PREFIX_PATH=/home/pederba/sesasr_project_ws/install/turtlebot3_msgs:/home/pederba/sesasr_project_ws/install/turtlebot3:/home/pederba/sesasr_project_ws/install/turtlebot3_simulations:/home/pederba/sesasr_project_ws/install/turtlebot3_navigation2:/home/pederba/sesasr_project_ws/install/turtlebot3_fake_node:/home/pederba/sesasr_project_ws/install/turtlebot3_hardware:/home/pederba/sesasr_project_ws/install/turtlebot3_gazebo:/home/pederba/sesasr_project_ws/install/turtlebot3_bringup:/home/pederba/sesasr_project_ws/install/turtlebot3_description:/home/pederba/sesasr_project_ws/install/turtlebot3_cartographer:/home/pederba/sesasr_project_ws/install/dynamixel_sdk_examples:/home/pederba/sesasr_project_ws/install/dynamixel_sdk_custom_interfaces:/home/pederba/sesasr_project_ws/install/dynamixel_sdk:/home/pederba/sesasr_project_ws/install/turtlebot3_teleop:/home/pederba/sesasr_project_ws/install/turtlebot3_example:/home/pederba/sesasr_project_ws/install/project_pkg:/opt/ros/humble /usr/bin/cmake --install /home/pederba/sesasr_project_ws/build/turtlebot3_fake_node
[2.313s] -- Install configuration: ""
[2.314s] -- Execute custom install script
[2.315s] -- Up-to-date symlink: /home/pederba/sesasr_project_ws/install/turtlebot3_fake_node/lib/turtlebot3_fake_node/turtlebot3_fake_node
[2.316s] -- Up-to-date symlink: /home/pederba/sesasr_project_ws/install/turtlebot3_fake_node/share/turtlebot3_fake_node/launch/rviz2.launch.py
[2.316s] -- Up-to-date symlink: /home/pederba/sesasr_project_ws/install/turtlebot3_fake_node/share/turtlebot3_fake_node/launch/turtlebot3_fake_node.launch.py
[2.317s] -- Up-to-date symlink: /home/pederba/sesasr_project_ws/install/turtlebot3_fake_node/share/turtlebot3_fake_node/param/burger.yaml
[2.318s] -- Up-to-date symlink: /home/pederba/sesasr_project_ws/install/turtlebot3_fake_node/share/turtlebot3_fake_node/param/waffle.yaml
[2.319s] -- Up-to-date symlink: /home/pederba/sesasr_project_ws/install/turtlebot3_fake_node/share/turtlebot3_fake_node/param/waffle_pi.yaml
[2.320s] -- Up-to-date symlink: /home/pederba/sesasr_project_ws/install/turtlebot3_fake_node/include//turtlebot3_fake_node/turtlebot3_fake_node.hpp
[2.321s] -- Up-to-date symlink: /home/pederba/sesasr_project_ws/install/turtlebot3_fake_node/share/ament_index/resource_index/package_run_dependencies/turtlebot3_fake_node
[2.323s] -- Up-to-date symlink: /home/pederba/sesasr_project_ws/install/turtlebot3_fake_node/share/ament_index/resource_index/parent_prefix_path/turtlebot3_fake_node
[2.323s] -- Up-to-date symlink: /home/pederba/sesasr_project_ws/install/turtlebot3_fake_node/share/turtlebot3_fake_node/environment/ament_prefix_path.sh
[2.324s] -- Up-to-date symlink: /home/pederba/sesasr_project_ws/install/turtlebot3_fake_node/share/turtlebot3_fake_node/environment/ament_prefix_path.dsv
[2.325s] -- Up-to-date symlink: /home/pederba/sesasr_project_ws/install/turtlebot3_fake_node/share/turtlebot3_fake_node/environment/path.sh
[2.325s] -- Up-to-date symlink: /home/pederba/sesasr_project_ws/install/turtlebot3_fake_node/share/turtlebot3_fake_node/environment/path.dsv
[2.326s] -- Up-to-date symlink: /home/pederba/sesasr_project_ws/install/turtlebot3_fake_node/share/turtlebot3_fake_node/local_setup.bash
[2.326s] -- Up-to-date symlink: /home/pederba/sesasr_project_ws/install/turtlebot3_fake_node/share/turtlebot3_fake_node/local_setup.sh
[2.327s] -- Up-to-date symlink: /home/pederba/sesasr_project_ws/install/turtlebot3_fake_node/share/turtlebot3_fake_node/local_setup.zsh
[2.327s] -- Up-to-date symlink: /home/pederba/sesasr_project_ws/install/turtlebot3_fake_node/share/turtlebot3_fake_node/local_setup.dsv
[2.327s] -- Symlinking: /home/pederba/sesasr_project_ws/install/turtlebot3_fake_node/share/turtlebot3_fake_node/package.dsv
[2.353s] -- Up-to-date symlink: /home/pederba/sesasr_project_ws/install/turtlebot3_fake_node/share/ament_index/resource_index/packages/turtlebot3_fake_node
[2.354s] -- Up-to-date symlink: /home/pederba/sesasr_project_ws/install/turtlebot3_fake_node/share/turtlebot3_fake_node/cmake/ament_cmake_export_include_directories-extras.cmake
[2.354s] -- Up-to-date symlink: /home/pederba/sesasr_project_ws/install/turtlebot3_fake_node/share/turtlebot3_fake_node/cmake/ament_cmake_export_dependencies-extras.cmake
[2.355s] -- Up-to-date symlink: /home/pederba/sesasr_project_ws/install/turtlebot3_fake_node/share/turtlebot3_fake_node/cmake/turtlebot3_fake_nodeConfig.cmake
[2.356s] -- Up-to-date symlink: /home/pederba/sesasr_project_ws/install/turtlebot3_fake_node/share/turtlebot3_fake_node/cmake/turtlebot3_fake_nodeConfig-version.cmake
[2.356s] -- Up-to-date symlink: /home/pederba/sesasr_project_ws/install/turtlebot3_fake_node/share/turtlebot3_fake_node/package.xml
[2.459s] Invoked command in '/home/pederba/sesasr_project_ws/build/turtlebot3_fake_node' returned '0': CMAKE_PREFIX_PATH=/home/pederba/sesasr_project_ws/install/turtlebot3_msgs:/home/pederba/sesasr_project_ws/install/turtlebot3:/home/pederba/sesasr_project_ws/install/turtlebot3_simulations:/home/pederba/sesasr_project_ws/install/turtlebot3_navigation2:/home/pederba/sesasr_project_ws/install/turtlebot3_fake_node:/home/pederba/sesasr_project_ws/install/turtlebot3_hardware:/home/pederba/sesasr_project_ws/install/turtlebot3_gazebo:/home/pederba/sesasr_project_ws/install/turtlebot3_bringup:/home/pederba/sesasr_project_ws/install/turtlebot3_description:/home/pederba/sesasr_project_ws/install/turtlebot3_cartographer:/home/pederba/sesasr_project_ws/install/dynamixel_sdk_examples:/home/pederba/sesasr_project_ws/install/dynamixel_sdk_custom_interfaces:/home/pederba/sesasr_project_ws/install/dynamixel_sdk:/home/pederba/sesasr_project_ws/install/turtlebot3_teleop:/home/pederba/sesasr_project_ws/install/turtlebot3_example:/home/pederba/sesasr_project_ws/install/project_pkg:/opt/ros/humble /usr/bin/cmake --install /home/pederba/sesasr_project_ws/build/turtlebot3_fake_node
