[3.790s] Invoking command in '/home/pederba/sesasr_project_ws/src/project_pkg': PYTHONPATH=/home/pederba/sesasr_project_ws/build/project_pkg/prefix_override:/home/pederba/sesasr_project_ws/install/project_pkg/lib/python3.10/site-packages:${PYTHONPATH} /usr/bin/python3 setup.py egg_info --egg-base ../../build/project_pkg build --build-base /home/pederba/sesasr_project_ws/build/project_pkg/build install --record /home/pederba/sesasr_project_ws/build/project_pkg/install.log --single-version-externally-managed
[4.994s] running egg_info
[5.044s] writing ../../build/project_pkg/project_pkg.egg-info/PKG-INFO
[5.045s] writing dependency_links to ../../build/project_pkg/project_pkg.egg-info/dependency_links.txt
[5.046s] writing entry points to ../../build/project_pkg/project_pkg.egg-info/entry_points.txt
[5.048s] writing requirements to ../../build/project_pkg/project_pkg.egg-info/requires.txt
[5.049s] writing top-level names to ../../build/project_pkg/project_pkg.egg-info/top_level.txt
[5.152s] reading manifest file '../../build/project_pkg/project_pkg.egg-info/SOURCES.txt'
[5.155s] writing manifest file '../../build/project_pkg/project_pkg.egg-info/SOURCES.txt'
[5.156s] running build
[5.156s] running build_py
[5.157s] copying project_pkg/localization_node.py -> /home/pederba/sesasr_project_ws/build/project_pkg/build/lib/project_pkg
[5.159s] running install
[5.160s] /home/pederba/.local/lib/python3.10/site-packages/setuptools/command/install.py:34: SetuptoolsDeprecationWarning: setup.py install is deprecated. Use build and pip and other standards-based tools.
[5.160s]   warnings.warn(
[5.174s] running install_lib
[5.228s] copying /home/pederba/sesasr_project_ws/build/project_pkg/build/lib/project_pkg/localization_node.py -> /home/pederba/sesasr_project_ws/install/project_pkg/lib/python3.10/site-packages/project_pkg
[5.230s] byte-compiling /home/pederba/sesasr_project_ws/install/project_pkg/lib/python3.10/site-packages/project_pkg/localization_node.py to localization_node.cpython-310.pyc
[5.233s] running install_data
[5.286s] running install_egg_info
[5.347s] removing '/home/pederba/sesasr_project_ws/install/project_pkg/lib/python3.10/site-packages/project_pkg-0.0.0-py3.10.egg-info' (and everything under it)
[5.347s] Copying ../../build/project_pkg/project_pkg.egg-info to /home/pederba/sesasr_project_ws/install/project_pkg/lib/python3.10/site-packages/project_pkg-0.0.0-py3.10.egg-info
[5.351s] running install_scripts
[5.542s] Installing localization_node script to /home/pederba/sesasr_project_ws/install/project_pkg/lib/project_pkg
[5.542s] Installing recorder script to /home/pederba/sesasr_project_ws/install/project_pkg/lib/project_pkg
[5.543s] writing list of installed files to '/home/pederba/sesasr_project_ws/build/project_pkg/install.log'
[5.722s] Invoked command in '/home/pederba/sesasr_project_ws/src/project_pkg' returned '0': PYTHONPATH=/home/pederba/sesasr_project_ws/build/project_pkg/prefix_override:/home/pederba/sesasr_project_ws/install/project_pkg/lib/python3.10/site-packages:${PYTHONPATH} /usr/bin/python3 setup.py egg_info --egg-base ../../build/project_pkg build --build-base /home/pederba/sesasr_project_ws/build/project_pkg/build install --record /home/pederba/sesasr_project_ws/build/project_pkg/install.log --single-version-externally-managed
