[1.203s] Invoking command in '/home/pederba/sesasr_project_ws/build/turtlebot3_hardware': CMAKE_PREFIX_PATH=/home/pederba/sesasr_project_ws/install/dynamixel_sdk:/home/pederba/sesasr_project_ws/install/turtlebot3:/home/pederba/sesasr_project_ws/install/turtlebot3_simulations:/home/pederba/sesasr_project_ws/install/turtlebot3_navigation2:/home/pederba/sesasr_project_ws/install/turtlebot3_fake_node:/home/pederba/sesasr_project_ws/install/turtlebot3_msgs:/home/pederba/sesasr_project_ws/install/turtlebot3_hardware:/home/pederba/sesasr_project_ws/install/turtlebot3_gazebo:/home/pederba/sesasr_project_ws/install/turtlebot3_bringup:/home/pederba/sesasr_project_ws/install/turtlebot3_description:/home/pederba/sesasr_project_ws/install/turtlebot3_cartographer:/home/pederba/sesasr_project_ws/install/dynamixel_sdk_examples:/home/pederba/sesasr_project_ws/install/dynamixel_sdk_custom_interfaces:/home/pederba/sesasr_project_ws/install/turtlebot3_teleop:/home/pederba/sesasr_project_ws/install/turtlebot3_example:/home/pederba/sesasr_project_ws/install/project_pkg:/opt/ros/humble LD_LIBRARY_PATH=/home/pederba/sesasr_project_ws/install/dynamixel_sdk/lib:/home/pederba/sesasr_project_ws/install/turtlebot3_msgs/lib:/home/pederba/sesasr_project_ws/install/turtlebot3_hardware/lib:/home/pederba/sesasr_project_ws/install/dynamixel_sdk_custom_interfaces/lib:/usr/lib/x86_64-linux-gnu/gazebo-11/plugins:/opt/ros/humble/opt/rviz_ogre_vendor/lib:/opt/ros/humble/lib/x86_64-linux-gnu:/opt/ros/humble/lib /usr/bin/cmake --build /home/pederba/sesasr_project_ws/build/turtlebot3_hardware -- -j8 -l8
[1.637s] [100%] Built target turtlebot3_hardware
[2.159s] Invoked command in '/home/pederba/sesasr_project_ws/build/turtlebot3_hardware' returned '0': CMAKE_PREFIX_PATH=/home/pederba/sesasr_project_ws/install/dynamixel_sdk:/home/pederba/sesasr_project_ws/install/turtlebot3:/home/pederba/sesasr_project_ws/install/turtlebot3_simulations:/home/pederba/sesasr_project_ws/install/turtlebot3_navigation2:/home/pederba/sesasr_project_ws/install/turtlebot3_fake_node:/home/pederba/sesasr_project_ws/install/turtlebot3_msgs:/home/pederba/sesasr_project_ws/install/turtlebot3_hardware:/home/pederba/sesasr_project_ws/install/turtlebot3_gazebo:/home/pederba/sesasr_project_ws/install/turtlebot3_bringup:/home/pederba/sesasr_project_ws/install/turtlebot3_description:/home/pederba/sesasr_project_ws/install/turtlebot3_cartographer:/home/pederba/sesasr_project_ws/install/dynamixel_sdk_examples:/home/pederba/sesasr_project_ws/install/dynamixel_sdk_custom_interfaces:/home/pederba/sesasr_project_ws/install/turtlebot3_teleop:/home/pederba/sesasr_project_ws/install/turtlebot3_example:/home/pederba/sesasr_project_ws/install/project_pkg:/opt/ros/humble LD_LIBRARY_PATH=/home/pederba/sesasr_project_ws/install/dynamixel_sdk/lib:/home/pederba/sesasr_project_ws/install/turtlebot3_msgs/lib:/home/pederba/sesasr_project_ws/install/turtlebot3_hardware/lib:/home/pederba/sesasr_project_ws/install/dynamixel_sdk_custom_interfaces/lib:/usr/lib/x86_64-linux-gnu/gazebo-11/plugins:/opt/ros/humble/opt/rviz_ogre_vendor/lib:/opt/ros/humble/lib/x86_64-linux-gnu:/opt/ros/humble/lib /usr/bin/cmake --build /home/pederba/sesasr_project_ws/build/turtlebot3_hardware -- -j8 -l8
[3.436s] Invoking command in '/home/pederba/sesasr_project_ws/build/turtlebot3_hardware': CMAKE_PREFIX_PATH=/home/pederba/sesasr_project_ws/install/dynamixel_sdk:/home/pederba/sesasr_project_ws/install/turtlebot3:/home/pederba/sesasr_project_ws/install/turtlebot3_simulations:/home/pederba/sesasr_project_ws/install/turtlebot3_navigation2:/home/pederba/sesasr_project_ws/install/turtlebot3_fake_node:/home/pederba/sesasr_project_ws/install/turtlebot3_msgs:/home/pederba/sesasr_project_ws/install/turtlebot3_hardware:/home/pederba/sesasr_project_ws/install/turtlebot3_gazebo:/home/pederba/sesasr_project_ws/install/turtlebot3_bringup:/home/pederba/sesasr_project_ws/install/turtlebot3_description:/home/pederba/sesasr_project_ws/install/turtlebot3_cartographer:/home/pederba/sesasr_project_ws/install/dynamixel_sdk_examples:/home/pederba/sesasr_project_ws/install/dynamixel_sdk_custom_interfaces:/home/pederba/sesasr_project_ws/install/turtlebot3_teleop:/home/pederba/sesasr_project_ws/install/turtlebot3_example:/home/pederba/sesasr_project_ws/install/project_pkg:/opt/ros/humble LD_LIBRARY_PATH=/home/pederba/sesasr_project_ws/install/dynamixel_sdk/lib:/home/pederba/sesasr_project_ws/install/turtlebot3_msgs/lib:/home/pederba/sesasr_project_ws/install/turtlebot3_hardware/lib:/home/pederba/sesasr_project_ws/install/dynamixel_sdk_custom_interfaces/lib:/usr/lib/x86_64-linux-gnu/gazebo-11/plugins:/opt/ros/humble/opt/rviz_ogre_vendor/lib:/opt/ros/humble/lib/x86_64-linux-gnu:/opt/ros/humble/lib /usr/bin/cmake --install /home/pederba/sesasr_project_ws/build/turtlebot3_hardware
[3.464s] -- Install configuration: ""
[3.466s] -- Execute custom install script
[3.468s] -- Up-to-date symlink: /home/pederba/sesasr_project_ws/install/turtlebot3_hardware/share/turtlebot3_hardware//turtlebot3_hardware.xml
[3.470s] -- Up-to-date symlink: /home/pederba/sesasr_project_ws/install/turtlebot3_hardware/include/turtlebot3_hardware/dynamixel_sdk_wrapper.hpp
[3.478s] -- Up-to-date symlink: /home/pederba/sesasr_project_ws/install/turtlebot3_hardware/include/turtlebot3_hardware/opencr.hpp
[3.492s] -- Up-to-date symlink: /home/pederba/sesasr_project_ws/install/turtlebot3_hardware/include/turtlebot3_hardware/opencr_control_table.hpp
[3.493s] -- Up-to-date symlink: /home/pederba/sesasr_project_ws/install/turtlebot3_hardware/include/turtlebot3_hardware/opencr_definitions.hpp
[3.493s] -- Up-to-date symlink: /home/pederba/sesasr_project_ws/install/turtlebot3_hardware/include/turtlebot3_hardware/turtlebot3_system.hpp
[3.493s] -- Up-to-date symlink: /home/pederba/sesasr_project_ws/install/turtlebot3_hardware/include/turtlebot3_hardware/visibility_control.h
[3.493s] -- Up-to-date symlink: /home/pederba/sesasr_project_ws/install/turtlebot3_hardware/lib/libturtlebot3_hardware.so
[3.493s] -- Up-to-date symlink: /home/pederba/sesasr_project_ws/install/turtlebot3_hardware/share/turtlebot3_hardware/environment/library_path.sh
[3.494s] -- Up-to-date symlink: /home/pederba/sesasr_project_ws/install/turtlebot3_hardware/share/turtlebot3_hardware/environment/library_path.dsv
[3.494s] -- Up-to-date symlink: /home/pederba/sesasr_project_ws/install/turtlebot3_hardware/share/ament_index/resource_index/package_run_dependencies/turtlebot3_hardware
[3.494s] -- Up-to-date symlink: /home/pederba/sesasr_project_ws/install/turtlebot3_hardware/share/ament_index/resource_index/parent_prefix_path/turtlebot3_hardware
[3.494s] -- Up-to-date symlink: /home/pederba/sesasr_project_ws/install/turtlebot3_hardware/share/turtlebot3_hardware/environment/ament_prefix_path.sh
[3.495s] -- Up-to-date symlink: /home/pederba/sesasr_project_ws/install/turtlebot3_hardware/share/turtlebot3_hardware/environment/ament_prefix_path.dsv
[3.495s] -- Up-to-date symlink: /home/pederba/sesasr_project_ws/install/turtlebot3_hardware/share/turtlebot3_hardware/environment/path.sh
[3.495s] -- Up-to-date symlink: /home/pederba/sesasr_project_ws/install/turtlebot3_hardware/share/turtlebot3_hardware/environment/path.dsv
[3.495s] -- Up-to-date symlink: /home/pederba/sesasr_project_ws/install/turtlebot3_hardware/share/turtlebot3_hardware/local_setup.bash
[3.495s] -- Up-to-date symlink: /home/pederba/sesasr_project_ws/install/turtlebot3_hardware/share/turtlebot3_hardware/local_setup.sh
[3.495s] -- Up-to-date symlink: /home/pederba/sesasr_project_ws/install/turtlebot3_hardware/share/turtlebot3_hardware/local_setup.zsh
[3.496s] -- Up-to-date symlink: /home/pederba/sesasr_project_ws/install/turtlebot3_hardware/share/turtlebot3_hardware/local_setup.dsv
[3.496s] -- Symlinking: /home/pederba/sesasr_project_ws/install/turtlebot3_hardware/share/turtlebot3_hardware/package.dsv
[3.533s] -- Up-to-date symlink: /home/pederba/sesasr_project_ws/install/turtlebot3_hardware/share/ament_index/resource_index/packages/turtlebot3_hardware
[3.535s] -- Up-to-date symlink: /home/pederba/sesasr_project_ws/install/turtlebot3_hardware/share/ament_index/resource_index/hardware_interface__pluginlib__plugin/turtlebot3_hardware
[3.536s] -- Up-to-date symlink: /home/pederba/sesasr_project_ws/install/turtlebot3_hardware/share/turtlebot3_hardware/cmake/ament_cmake_export_include_directories-extras.cmake
[3.537s] -- Up-to-date symlink: /home/pederba/sesasr_project_ws/install/turtlebot3_hardware/share/turtlebot3_hardware/cmake/ament_cmake_export_libraries-extras.cmake
[3.537s] -- Up-to-date symlink: /home/pederba/sesasr_project_ws/install/turtlebot3_hardware/share/turtlebot3_hardware/cmake/ament_cmake_export_dependencies-extras.cmake
[3.537s] -- Up-to-date symlink: /home/pederba/sesasr_project_ws/install/turtlebot3_hardware/share/turtlebot3_hardware/cmake/turtlebot3_hardwareConfig.cmake
[3.537s] -- Up-to-date symlink: /home/pederba/sesasr_project_ws/install/turtlebot3_hardware/share/turtlebot3_hardware/cmake/turtlebot3_hardwareConfig-version.cmake
[3.538s] -- Up-to-date symlink: /home/pederba/sesasr_project_ws/install/turtlebot3_hardware/share/turtlebot3_hardware/package.xml
[5.015s] Invoked command in '/home/pederba/sesasr_project_ws/build/turtlebot3_hardware' returned '0': CMAKE_PREFIX_PATH=/home/pederba/sesasr_project_ws/install/dynamixel_sdk:/home/pederba/sesasr_project_ws/install/turtlebot3:/home/pederba/sesasr_project_ws/install/turtlebot3_simulations:/home/pederba/sesasr_project_ws/install/turtlebot3_navigation2:/home/pederba/sesasr_project_ws/install/turtlebot3_fake_node:/home/pederba/sesasr_project_ws/install/turtlebot3_msgs:/home/pederba/sesasr_project_ws/install/turtlebot3_hardware:/home/pederba/sesasr_project_ws/install/turtlebot3_gazebo:/home/pederba/sesasr_project_ws/install/turtlebot3_bringup:/home/pederba/sesasr_project_ws/install/turtlebot3_description:/home/pederba/sesasr_project_ws/install/turtlebot3_cartographer:/home/pederba/sesasr_project_ws/install/dynamixel_sdk_examples:/home/pederba/sesasr_project_ws/install/dynamixel_sdk_custom_interfaces:/home/pederba/sesasr_project_ws/install/turtlebot3_teleop:/home/pederba/sesasr_project_ws/install/turtlebot3_example:/home/pederba/sesasr_project_ws/install/project_pkg:/opt/ros/humble LD_LIBRARY_PATH=/home/pederba/sesasr_project_ws/install/dynamixel_sdk/lib:/home/pederba/sesasr_project_ws/install/turtlebot3_msgs/lib:/home/pederba/sesasr_project_ws/install/turtlebot3_hardware/lib:/home/pederba/sesasr_project_ws/install/dynamixel_sdk_custom_interfaces/lib:/usr/lib/x86_64-linux-gnu/gazebo-11/plugins:/opt/ros/humble/opt/rviz_ogre_vendor/lib:/opt/ros/humble/lib/x86_64-linux-gnu:/opt/ros/humble/lib /usr/bin/cmake --install /home/pederba/sesasr_project_ws/build/turtlebot3_hardware
