[0.661s] Invoking command in '/home/pederba/sesasr_project_ws/build/dynamixel_sdk_examples': AMENT_PREFIX_PATH=/home/pederba/sesasr_project_ws/install/dynamixel_sdk_custom_interfaces:/home/pederba/sesasr_project_ws/install/dynamixel_sdk:${AMENT_PREFIX_PATH} CMAKE_PREFIX_PATH=/home/pederba/sesasr_project_ws/install/dynamixel_sdk_custom_interfaces:/home/pederba/sesasr_project_ws/install/dynamixel_sdk:/opt/ros/humble LD_LIBRARY_PATH=/home/pederba/sesasr_project_ws/install/dynamixel_sdk_custom_interfaces/lib:/home/pederba/sesasr_project_ws/install/dynamixel_sdk/lib:${LD_LIBRARY_PATH} PYTHONPATH=/home/pederba/sesasr_project_ws/install/dynamixel_sdk_custom_interfaces/local/lib/python3.10/dist-packages:${PYTHONPATH} /usr/bin/cmake --build /home/pederba/sesasr_project_ws/build/dynamixel_sdk_examples -- -j8 -l8
[0.812s] [100%] Built target read_write_node
[1.733s] Invoked command in '/home/pederba/sesasr_project_ws/build/dynamixel_sdk_examples' returned '0': AMENT_PREFIX_PATH=/home/pederba/sesasr_project_ws/install/dynamixel_sdk_custom_interfaces:/home/pederba/sesasr_project_ws/install/dynamixel_sdk:${AMENT_PREFIX_PATH} CMAKE_PREFIX_PATH=/home/pederba/sesasr_project_ws/install/dynamixel_sdk_custom_interfaces:/home/pederba/sesasr_project_ws/install/dynamixel_sdk:/opt/ros/humble LD_LIBRARY_PATH=/home/pederba/sesasr_project_ws/install/dynamixel_sdk_custom_interfaces/lib:/home/pederba/sesasr_project_ws/install/dynamixel_sdk/lib:${LD_LIBRARY_PATH} PYTHONPATH=/home/pederba/sesasr_project_ws/install/dynamixel_sdk_custom_interfaces/local/lib/python3.10/dist-packages:${PYTHONPATH} /usr/bin/cmake --build /home/pederba/sesasr_project_ws/build/dynamixel_sdk_examples -- -j8 -l8
[2.185s] Invoking command in '/home/pederba/sesasr_project_ws/build/dynamixel_sdk_examples': AMENT_PREFIX_PATH=/home/pederba/sesasr_project_ws/install/dynamixel_sdk_custom_interfaces:/home/pederba/sesasr_project_ws/install/dynamixel_sdk:${AMENT_PREFIX_PATH} CMAKE_PREFIX_PATH=/home/pederba/sesasr_project_ws/install/dynamixel_sdk_custom_interfaces:/home/pederba/sesasr_project_ws/install/dynamixel_sdk:/opt/ros/humble LD_LIBRARY_PATH=/home/pederba/sesasr_project_ws/install/dynamixel_sdk_custom_interfaces/lib:/home/pederba/sesasr_project_ws/install/dynamixel_sdk/lib:${LD_LIBRARY_PATH} PYTHONPATH=/home/pederba/sesasr_project_ws/install/dynamixel_sdk_custom_interfaces/local/lib/python3.10/dist-packages:${PYTHONPATH} /usr/bin/cmake --install /home/pederba/sesasr_project_ws/build/dynamixel_sdk_examples
[2.202s] -- Install configuration: ""
[2.204s] -- Execute custom install script
[2.214s] -- Up-to-date symlink: /home/pederba/sesasr_project_ws/install/dynamixel_sdk_examples/lib/dynamixel_sdk_examples/read_write_node
[2.215s] -- Up-to-date symlink: /home/pederba/sesasr_project_ws/install/dynamixel_sdk_examples/share/ament_index/resource_index/package_run_dependencies/dynamixel_sdk_examples
[2.216s] -- Up-to-date symlink: /home/pederba/sesasr_project_ws/install/dynamixel_sdk_examples/share/ament_index/resource_index/parent_prefix_path/dynamixel_sdk_examples
[2.217s] -- Up-to-date symlink: /home/pederba/sesasr_project_ws/install/dynamixel_sdk_examples/share/dynamixel_sdk_examples/environment/ament_prefix_path.sh
[2.217s] -- Up-to-date symlink: /home/pederba/sesasr_project_ws/install/dynamixel_sdk_examples/share/dynamixel_sdk_examples/environment/ament_prefix_path.dsv
[2.218s] -- Up-to-date symlink: /home/pederba/sesasr_project_ws/install/dynamixel_sdk_examples/share/dynamixel_sdk_examples/environment/path.sh
[2.218s] -- Up-to-date symlink: /home/pederba/sesasr_project_ws/install/dynamixel_sdk_examples/share/dynamixel_sdk_examples/environment/path.dsv
[2.218s] -- Up-to-date symlink: /home/pederba/sesasr_project_ws/install/dynamixel_sdk_examples/share/dynamixel_sdk_examples/local_setup.bash
[2.218s] -- Up-to-date symlink: /home/pederba/sesasr_project_ws/install/dynamixel_sdk_examples/share/dynamixel_sdk_examples/local_setup.sh
[2.218s] -- Up-to-date symlink: /home/pederba/sesasr_project_ws/install/dynamixel_sdk_examples/share/dynamixel_sdk_examples/local_setup.zsh
[2.219s] -- Up-to-date symlink: /home/pederba/sesasr_project_ws/install/dynamixel_sdk_examples/share/dynamixel_sdk_examples/local_setup.dsv
[2.219s] -- Symlinking: /home/pederba/sesasr_project_ws/install/dynamixel_sdk_examples/share/dynamixel_sdk_examples/package.dsv
[2.247s] -- Up-to-date symlink: /home/pederba/sesasr_project_ws/install/dynamixel_sdk_examples/share/ament_index/resource_index/packages/dynamixel_sdk_examples
[2.248s] -- Up-to-date symlink: /home/pederba/sesasr_project_ws/install/dynamixel_sdk_examples/share/dynamixel_sdk_examples/cmake/dynamixel_sdk_examplesConfig.cmake
[2.248s] -- Up-to-date symlink: /home/pederba/sesasr_project_ws/install/dynamixel_sdk_examples/share/dynamixel_sdk_examples/cmake/dynamixel_sdk_examplesConfig-version.cmake
[2.248s] -- Up-to-date symlink: /home/pederba/sesasr_project_ws/install/dynamixel_sdk_examples/share/dynamixel_sdk_examples/package.xml
[2.682s] Invoked command in '/home/pederba/sesasr_project_ws/build/dynamixel_sdk_examples' returned '0': AMENT_PREFIX_PATH=/home/pederba/sesasr_project_ws/install/dynamixel_sdk_custom_interfaces:/home/pederba/sesasr_project_ws/install/dynamixel_sdk:${AMENT_PREFIX_PATH} CMAKE_PREFIX_PATH=/home/pederba/sesasr_project_ws/install/dynamixel_sdk_custom_interfaces:/home/pederba/sesasr_project_ws/install/dynamixel_sdk:/opt/ros/humble LD_LIBRARY_PATH=/home/pederba/sesasr_project_ws/install/dynamixel_sdk_custom_interfaces/lib:/home/pederba/sesasr_project_ws/install/dynamixel_sdk/lib:${LD_LIBRARY_PATH} PYTHONPATH=/home/pederba/sesasr_project_ws/install/dynamixel_sdk_custom_interfaces/local/lib/python3.10/dist-packages:${PYTHONPATH} /usr/bin/cmake --install /home/pederba/sesasr_project_ws/build/dynamixel_sdk_examples
