[2.193s] Invoking command in '/home/pederba/sesasr_project_ws/src/project_pkg': PYTHONPATH=/home/pederba/sesasr_project_ws/build/project_pkg/prefix_override:/home/pederba/sesasr_project_ws/install/project_pkg/lib/python3.10/site-packages:${PYTHONPATH} /usr/bin/python3 setup.py egg_info --egg-base ../../build/project_pkg build --build-base /home/pederba/sesasr_project_ws/build/project_pkg/build install --record /home/pederba/sesasr_project_ws/build/project_pkg/install.log --single-version-externally-managed
[2.857s] running egg_info
[2.885s] writing ../../build/project_pkg/project_pkg.egg-info/PKG-INFO
[2.885s] writing dependency_links to ../../build/project_pkg/project_pkg.egg-info/dependency_links.txt
[2.886s] writing entry points to ../../build/project_pkg/project_pkg.egg-info/entry_points.txt
[2.886s] writing requirements to ../../build/project_pkg/project_pkg.egg-info/requires.txt
[2.886s] writing top-level names to ../../build/project_pkg/project_pkg.egg-info/top_level.txt
[2.943s] reading manifest file '../../build/project_pkg/project_pkg.egg-info/SOURCES.txt'
[2.944s] writing manifest file '../../build/project_pkg/project_pkg.egg-info/SOURCES.txt'
[2.945s] running build
[2.945s] running build_py
[2.946s] copying project_pkg/recorder.py -> /home/pederba/sesasr_project_ws/build/project_pkg/build/lib/project_pkg
[2.946s] copying project_pkg/plotter.py -> /home/pederba/sesasr_project_ws/build/project_pkg/build/lib/project_pkg
[2.946s] running install
[2.947s] /home/pederba/.local/lib/python3.10/site-packages/setuptools/command/install.py:34: SetuptoolsDeprecationWarning: setup.py install is deprecated. Use build and pip and other standards-based tools.
[2.947s]   warnings.warn(
[2.954s] running install_lib
[2.983s] copying /home/pederba/sesasr_project_ws/build/project_pkg/build/lib/project_pkg/recorder.py -> /home/pederba/sesasr_project_ws/install/project_pkg/lib/python3.10/site-packages/project_pkg
[2.983s] copying /home/pederba/sesasr_project_ws/build/project_pkg/build/lib/project_pkg/plotter.py -> /home/pederba/sesasr_project_ws/install/project_pkg/lib/python3.10/site-packages/project_pkg
[2.984s] byte-compiling /home/pederba/sesasr_project_ws/install/project_pkg/lib/python3.10/site-packages/project_pkg/recorder.py to recorder.cpython-310.pyc
[2.985s] byte-compiling /home/pederba/sesasr_project_ws/install/project_pkg/lib/python3.10/site-packages/project_pkg/plotter.py to plotter.cpython-310.pyc
[2.985s]   File "/home/pederba/sesasr_project_ws/install/project_pkg/lib/python3.10/site-packages/project_pkg/plotter.py", line 6
[2.986s]     from project_pkg.localization_node import localization_node.ekf.Qt, localization_node.ekf.Mt
[2.986s]                                                                ^
[2.986s] SyntaxError: invalid syntax
[2.987s] 
[2.987s] running install_data
[3.014s] running install_egg_info
[3.045s] removing '/home/pederba/sesasr_project_ws/install/project_pkg/lib/python3.10/site-packages/project_pkg-0.0.0-py3.10.egg-info' (and everything under it)
[3.045s] Copying ../../build/project_pkg/project_pkg.egg-info to /home/pederba/sesasr_project_ws/install/project_pkg/lib/python3.10/site-packages/project_pkg-0.0.0-py3.10.egg-info
[3.047s] running install_scripts
[3.157s] Installing localization_node script to /home/pederba/sesasr_project_ws/install/project_pkg/lib/project_pkg
[3.157s] Installing recorder script to /home/pederba/sesasr_project_ws/install/project_pkg/lib/project_pkg
[3.158s] writing list of installed files to '/home/pederba/sesasr_project_ws/build/project_pkg/install.log'
[3.235s] Invoked command in '/home/pederba/sesasr_project_ws/src/project_pkg' returned '0': PYTHONPATH=/home/pederba/sesasr_project_ws/build/project_pkg/prefix_override:/home/pederba/sesasr_project_ws/install/project_pkg/lib/python3.10/site-packages:${PYTHONPATH} /usr/bin/python3 setup.py egg_info --egg-base ../../build/project_pkg build --build-base /home/pederba/sesasr_project_ws/build/project_pkg/build install --record /home/pederba/sesasr_project_ws/build/project_pkg/install.log --single-version-externally-managed
