[0.550s] Invoking command in '/home/pederba/sesasr_project_ws/build/turtlebot3_description': CMAKE_PREFIX_PATH=/opt/ros/humble /usr/bin/cmake /home/pederba/sesasr_project_ws/src/turtlebot3/turtlebot3_description -DCMAKE_INSTALL_PREFIX=/home/pederba/sesasr_project_ws/install/turtlebot3_description
[0.583s] -- Found ament_cmake: 1.3.6 (/opt/ros/humble/share/ament_cmake/cmake)
[0.901s] -- Override CMake install command with custom implementation using symlinks instead of copying resources
[1.136s] -- Configuring done
[1.144s] -- Generating done
[1.146s] -- Build files have been written to: /home/pederba/sesasr_project_ws/build/turtlebot3_description
[1.717s] Invoked command in '/home/pederba/sesasr_project_ws/build/turtlebot3_description' returned '0': CMAKE_PREFIX_PATH=/opt/ros/humble /usr/bin/cmake /home/pederba/sesasr_project_ws/src/turtlebot3/turtlebot3_description -DCMAKE_INSTALL_PREFIX=/home/pederba/sesasr_project_ws/install/turtlebot3_description
[1.721s] Invoking command in '/home/pederba/sesasr_project_ws/build/turtlebot3_description': CMAKE_PREFIX_PATH=/opt/ros/humble /usr/bin/cmake --build /home/pederba/sesasr_project_ws/build/turtlebot3_description -- -j8 -l8
[1.808s] Invoked command in '/home/pederba/sesasr_project_ws/build/turtlebot3_description' returned '0': CMAKE_PREFIX_PATH=/opt/ros/humble /usr/bin/cmake --build /home/pederba/sesasr_project_ws/build/turtlebot3_description -- -j8 -l8
[1.903s] Invoking command in '/home/pederba/sesasr_project_ws/build/turtlebot3_description': CMAKE_PREFIX_PATH=/opt/ros/humble /usr/bin/cmake --install /home/pederba/sesasr_project_ws/build/turtlebot3_description
[1.937s] -- Install configuration: ""
[1.937s] -- Execute custom install script
[1.939s] -- Up-to-date symlink: /home/pederba/sesasr_project_ws/install/turtlebot3_description/share/turtlebot3_description/launch/model.launch.py
[1.939s] -- Up-to-date symlink: /home/pederba/sesasr_project_ws/install/turtlebot3_description/share/turtlebot3_description/rviz/model.rviz
[1.939s] -- Up-to-date symlink: /home/pederba/sesasr_project_ws/install/turtlebot3_description/share/turtlebot3_description/urdf/burger.urdf.xacro
[1.940s] -- Up-to-date symlink: /home/pederba/sesasr_project_ws/install/turtlebot3_description/share/turtlebot3_description/urdf/burger_camera.urdf.xacro
[1.940s] -- Up-to-date symlink: /home/pederba/sesasr_project_ws/install/turtlebot3_description/share/turtlebot3_description/urdf/turtlebot3_burger.urdf.xacro
[1.940s] -- Up-to-date symlink: /home/pederba/sesasr_project_ws/install/turtlebot3_description/share/turtlebot3_description/urdf/turtlebot3_waffle_pi.urdf.xacro
[1.940s] -- Up-to-date symlink: /home/pederba/sesasr_project_ws/install/turtlebot3_description/share/turtlebot3_description/urdf/waffle_pi.urdf.xacro
[1.940s] -- Up-to-date symlink: /home/pederba/sesasr_project_ws/install/turtlebot3_description/share/turtlebot3_description/gazebo/burger.gazebo.xacro
[1.940s] -- Up-to-date symlink: /home/pederba/sesasr_project_ws/install/turtlebot3_description/share/turtlebot3_description/gazebo/materials.xacro
[1.940s] -- Up-to-date symlink: /home/pederba/sesasr_project_ws/install/turtlebot3_description/share/turtlebot3_description/gazebo/waffle_pi.gazebo.xacro
[1.941s] -- Up-to-date symlink: /home/pederba/sesasr_project_ws/install/turtlebot3_description/share/turtlebot3_description/meshes/burger/base.stl
[1.941s] -- Up-to-date symlink: /home/pederba/sesasr_project_ws/install/turtlebot3_description/share/turtlebot3_description/meshes/burger/ladar.stl
[1.941s] -- Up-to-date symlink: /home/pederba/sesasr_project_ws/install/turtlebot3_description/share/turtlebot3_description/meshes/burger/left_tire.stl
[1.941s] -- Up-to-date symlink: /home/pederba/sesasr_project_ws/install/turtlebot3_description/share/turtlebot3_description/meshes/burger/right_tire.stl
[1.941s] -- Up-to-date symlink: /home/pederba/sesasr_project_ws/install/turtlebot3_description/share/turtlebot3_description/meshes/waffle_pi/base.stl
[1.941s] -- Up-to-date symlink: /home/pederba/sesasr_project_ws/install/turtlebot3_description/share/turtlebot3_description/meshes/waffle_pi/ladar.stl
[1.942s] -- Up-to-date symlink: /home/pederba/sesasr_project_ws/install/turtlebot3_description/share/turtlebot3_description/meshes/waffle_pi/left_tire.stl
[1.942s] -- Up-to-date symlink: /home/pederba/sesasr_project_ws/install/turtlebot3_description/share/turtlebot3_description/meshes/waffle_pi/right_tire.stl
[1.942s] -- Up-to-date symlink: /home/pederba/sesasr_project_ws/install/turtlebot3_description/share/turtlebot3_description/ros2_control/turtlebot3_system.ros2_control.xacro
[1.942s] -- Up-to-date symlink: /home/pederba/sesasr_project_ws/install/turtlebot3_description/share/turtlebot3_description/environment/turtlebot3_description.dsv
[1.942s] -- Up-to-date symlink: /home/pederba/sesasr_project_ws/install/turtlebot3_description/share/ament_index/resource_index/package_run_dependencies/turtlebot3_description
[1.942s] -- Up-to-date symlink: /home/pederba/sesasr_project_ws/install/turtlebot3_description/share/ament_index/resource_index/parent_prefix_path/turtlebot3_description
[1.942s] -- Up-to-date symlink: /home/pederba/sesasr_project_ws/install/turtlebot3_description/share/turtlebot3_description/environment/ament_prefix_path.sh
[1.942s] -- Up-to-date symlink: /home/pederba/sesasr_project_ws/install/turtlebot3_description/share/turtlebot3_description/environment/ament_prefix_path.dsv
[1.943s] -- Up-to-date symlink: /home/pederba/sesasr_project_ws/install/turtlebot3_description/share/turtlebot3_description/environment/path.sh
[1.943s] -- Up-to-date symlink: /home/pederba/sesasr_project_ws/install/turtlebot3_description/share/turtlebot3_description/environment/path.dsv
[1.943s] -- Up-to-date symlink: /home/pederba/sesasr_project_ws/install/turtlebot3_description/share/turtlebot3_description/local_setup.bash
[1.943s] -- Up-to-date symlink: /home/pederba/sesasr_project_ws/install/turtlebot3_description/share/turtlebot3_description/local_setup.sh
[1.943s] -- Up-to-date symlink: /home/pederba/sesasr_project_ws/install/turtlebot3_description/share/turtlebot3_description/local_setup.zsh
[1.943s] -- Up-to-date symlink: /home/pederba/sesasr_project_ws/install/turtlebot3_description/share/turtlebot3_description/local_setup.dsv
[1.943s] -- Symlinking: /home/pederba/sesasr_project_ws/install/turtlebot3_description/share/turtlebot3_description/package.dsv
[1.962s] -- Up-to-date symlink: /home/pederba/sesasr_project_ws/install/turtlebot3_description/share/ament_index/resource_index/packages/turtlebot3_description
[1.962s] -- Up-to-date symlink: /home/pederba/sesasr_project_ws/install/turtlebot3_description/share/turtlebot3_description/cmake/turtlebot3_descriptionConfig.cmake
[1.962s] -- Up-to-date symlink: /home/pederba/sesasr_project_ws/install/turtlebot3_description/share/turtlebot3_description/cmake/turtlebot3_descriptionConfig-version.cmake
[1.963s] -- Up-to-date symlink: /home/pederba/sesasr_project_ws/install/turtlebot3_description/share/turtlebot3_description/package.xml
[2.225s] Invoked command in '/home/pederba/sesasr_project_ws/build/turtlebot3_description' returned '0': CMAKE_PREFIX_PATH=/opt/ros/humble /usr/bin/cmake --install /home/pederba/sesasr_project_ws/build/turtlebot3_description
