[2.010s] Invoking command in '/home/pederba/sesasr_project_ws/src/project_pkg': PYTHONPATH=/home/pederba/sesasr_project_ws/build/project_pkg/prefix_override:/home/pederba/sesasr_project_ws/install/project_pkg/lib/python3.10/site-packages:${PYTHONPATH} /usr/bin/python3 setup.py egg_info --egg-base ../../build/project_pkg build --build-base /home/pederba/sesasr_project_ws/build/project_pkg/build install --record /home/pederba/sesasr_project_ws/build/project_pkg/install.log --single-version-externally-managed
[2.691s] running egg_info
[2.719s] writing ../../build/project_pkg/project_pkg.egg-info/PKG-INFO
[2.719s] writing dependency_links to ../../build/project_pkg/project_pkg.egg-info/dependency_links.txt
[2.720s] writing entry points to ../../build/project_pkg/project_pkg.egg-info/entry_points.txt
[2.720s] writing requirements to ../../build/project_pkg/project_pkg.egg-info/requires.txt
[2.721s] writing top-level names to ../../build/project_pkg/project_pkg.egg-info/top_level.txt
[2.782s] reading manifest file '../../build/project_pkg/project_pkg.egg-info/SOURCES.txt'
[2.783s] writing manifest file '../../build/project_pkg/project_pkg.egg-info/SOURCES.txt'
[2.783s] running build
[2.784s] running build_py
[2.784s] copying project_pkg/localization_node.py -> /home/pederba/sesasr_project_ws/build/project_pkg/build/lib/project_pkg
[2.784s] running install
[2.785s] /home/pederba/.local/lib/python3.10/site-packages/setuptools/command/install.py:34: SetuptoolsDeprecationWarning: setup.py install is deprecated. Use build and pip and other standards-based tools.
[2.785s]   warnings.warn(
[2.792s] running install_lib
[2.821s] copying /home/pederba/sesasr_project_ws/build/project_pkg/build/lib/project_pkg/localization_node.py -> /home/pederba/sesasr_project_ws/install/project_pkg/lib/python3.10/site-packages/project_pkg
[2.823s] byte-compiling /home/pederba/sesasr_project_ws/install/project_pkg/lib/python3.10/site-packages/project_pkg/localization_node.py to localization_node.cpython-310.pyc
[2.824s] running install_data
[2.855s] copying package.xml -> /home/pederba/sesasr_project_ws/install/project_pkg/share/project_pkg
[2.856s] running install_egg_info
[2.886s] removing '/home/pederba/sesasr_project_ws/install/project_pkg/lib/python3.10/site-packages/project_pkg-0.0.0-py3.10.egg-info' (and everything under it)
[2.887s] Copying ../../build/project_pkg/project_pkg.egg-info to /home/pederba/sesasr_project_ws/install/project_pkg/lib/python3.10/site-packages/project_pkg-0.0.0-py3.10.egg-info
[2.888s] running install_scripts
[2.992s] Installing localization_node script to /home/pederba/sesasr_project_ws/install/project_pkg/lib/project_pkg
[2.993s] writing list of installed files to '/home/pederba/sesasr_project_ws/build/project_pkg/install.log'
[3.071s] Invoked command in '/home/pederba/sesasr_project_ws/src/project_pkg' returned '0': PYTHONPATH=/home/pederba/sesasr_project_ws/build/project_pkg/prefix_override:/home/pederba/sesasr_project_ws/install/project_pkg/lib/python3.10/site-packages:${PYTHONPATH} /usr/bin/python3 setup.py egg_info --egg-base ../../build/project_pkg build --build-base /home/pederba/sesasr_project_ws/build/project_pkg/build install --record /home/pederba/sesasr_project_ws/build/project_pkg/install.log --single-version-externally-managed
