[2.788s] Invoking command in '/home/pederba/sesasr_project_ws/src/project_pkg': PYTHONPATH=/home/pederba/sesasr_project_ws/build/project_pkg/prefix_override:/home/pederba/sesasr_project_ws/install/project_pkg/lib/python3.10/site-packages:${PYTHONPATH} /usr/bin/python3 setup.py egg_info --egg-base ../../build/project_pkg build --build-base /home/pederba/sesasr_project_ws/build/project_pkg/build install --record /home/pederba/sesasr_project_ws/build/project_pkg/install.log --single-version-externally-managed
[3.654s] running egg_info
[3.691s] writing ../../build/project_pkg/project_pkg.egg-info/PKG-INFO
[3.691s] writing dependency_links to ../../build/project_pkg/project_pkg.egg-info/dependency_links.txt
[3.691s] writing entry points to ../../build/project_pkg/project_pkg.egg-info/entry_points.txt
[3.692s] writing requirements to ../../build/project_pkg/project_pkg.egg-info/requires.txt
[3.692s] writing top-level names to ../../build/project_pkg/project_pkg.egg-info/top_level.txt
[3.770s] reading manifest file '../../build/project_pkg/project_pkg.egg-info/SOURCES.txt'
[3.772s] writing manifest file '../../build/project_pkg/project_pkg.egg-info/SOURCES.txt'
[3.772s] running build
[3.772s] running build_py
[3.772s] copying project_pkg/localization_node.py -> /home/pederba/sesasr_project_ws/build/project_pkg/build/lib/project_pkg
[3.773s] running install
[3.773s] /home/pederba/.local/lib/python3.10/site-packages/setuptools/command/install.py:34: SetuptoolsDeprecationWarning: setup.py install is deprecated. Use build and pip and other standards-based tools.
[3.773s]   warnings.warn(
[3.782s] running install_lib
[3.818s] copying /home/pederba/sesasr_project_ws/build/project_pkg/build/lib/project_pkg/localization_node.py -> /home/pederba/sesasr_project_ws/install/project_pkg/lib/python3.10/site-packages/project_pkg
[3.820s] byte-compiling /home/pederba/sesasr_project_ws/install/project_pkg/lib/python3.10/site-packages/project_pkg/localization_node.py to localization_node.cpython-310.pyc
[3.822s] running install_data
[3.864s] running install_egg_info
[3.901s] removing '/home/pederba/sesasr_project_ws/install/project_pkg/lib/python3.10/site-packages/project_pkg-0.0.0-py3.10.egg-info' (and everything under it)
[3.902s] Copying ../../build/project_pkg/project_pkg.egg-info to /home/pederba/sesasr_project_ws/install/project_pkg/lib/python3.10/site-packages/project_pkg-0.0.0-py3.10.egg-info
[3.903s] running install_scripts
[4.046s] Installing localization_node script to /home/pederba/sesasr_project_ws/install/project_pkg/lib/project_pkg
[4.046s] Installing recorder script to /home/pederba/sesasr_project_ws/install/project_pkg/lib/project_pkg
[4.047s] writing list of installed files to '/home/pederba/sesasr_project_ws/build/project_pkg/install.log'
[4.163s] Invoked command in '/home/pederba/sesasr_project_ws/src/project_pkg' returned '0': PYTHONPATH=/home/pederba/sesasr_project_ws/build/project_pkg/prefix_override:/home/pederba/sesasr_project_ws/install/project_pkg/lib/python3.10/site-packages:${PYTHONPATH} /usr/bin/python3 setup.py egg_info --egg-base ../../build/project_pkg build --build-base /home/pederba/sesasr_project_ws/build/project_pkg/build install --record /home/pederba/sesasr_project_ws/build/project_pkg/install.log --single-version-externally-managed
