[1.712s] Invoking command in '/home/pederba/sesasr_project_ws/build/turtlebot3_fake_node': CMAKE_PREFIX_PATH=/home/pederba/sesasr_project_ws/install/turtlebot3_msgs:/home/pederba/sesasr_project_ws/install/turtlebot3:/home/pederba/sesasr_project_ws/install/turtlebot3_simulations:/home/pederba/sesasr_project_ws/install/turtlebot3_navigation2:/home/pederba/sesasr_project_ws/install/turtlebot3_fake_node:/home/pederba/sesasr_project_ws/install/turtlebot3_hardware:/home/pederba/sesasr_project_ws/install/turtlebot3_gazebo:/home/pederba/sesasr_project_ws/install/turtlebot3_bringup:/home/pederba/sesasr_project_ws/install/turtlebot3_description:/home/pederba/sesasr_project_ws/install/turtlebot3_cartographer:/home/pederba/sesasr_project_ws/install/dynamixel_sdk_examples:/home/pederba/sesasr_project_ws/install/dynamixel_sdk_custom_interfaces:/home/pederba/sesasr_project_ws/install/dynamixel_sdk:/home/pederba/sesasr_project_ws/install/turtlebot3_teleop:/home/pederba/sesasr_project_ws/install/turtlebot3_example:/home/pederba/sesasr_project_ws/install/project_pkg:/opt/ros/humble /usr/bin/cmake --build /home/pederba/sesasr_project_ws/build/turtlebot3_fake_node -- -j8 -l8
[1.862s] [100%] Built target turtlebot3_fake_node
[2.012s] Invoked command in '/home/pederba/sesasr_project_ws/build/turtlebot3_fake_node' returned '0': CMAKE_PREFIX_PATH=/home/pederba/sesasr_project_ws/install/turtlebot3_msgs:/home/pederba/sesasr_project_ws/install/turtlebot3:/home/pederba/sesasr_project_ws/install/turtlebot3_simulations:/home/pederba/sesasr_project_ws/install/turtlebot3_navigation2:/home/pederba/sesasr_project_ws/install/turtlebot3_fake_node:/home/pederba/sesasr_project_ws/install/turtlebot3_hardware:/home/pederba/sesasr_project_ws/install/turtlebot3_gazebo:/home/pederba/sesasr_project_ws/install/turtlebot3_bringup:/home/pederba/sesasr_project_ws/install/turtlebot3_description:/home/pederba/sesasr_project_ws/install/turtlebot3_cartographer:/home/pederba/sesasr_project_ws/install/dynamixel_sdk_examples:/home/pederba/sesasr_project_ws/install/dynamixel_sdk_custom_interfaces:/home/pederba/sesasr_project_ws/install/dynamixel_sdk:/home/pederba/sesasr_project_ws/install/turtlebot3_teleop:/home/pederba/sesasr_project_ws/install/turtlebot3_example:/home/pederba/sesasr_project_ws/install/project_pkg:/opt/ros/humble /usr/bin/cmake --build /home/pederba/sesasr_project_ws/build/turtlebot3_fake_node -- -j8 -l8
[2.242s] Invoking command in '/home/pederba/sesasr_project_ws/build/turtlebot3_fake_node': CMAKE_PREFIX_PATH=/home/pederba/sesasr_project_ws/install/turtlebot3_msgs:/home/pederba/sesasr_project_ws/install/turtlebot3:/home/pederba/sesasr_project_ws/install/turtlebot3_simulations:/home/pederba/sesasr_project_ws/install/turtlebot3_navigation2:/home/pederba/sesasr_project_ws/install/turtlebot3_fake_node:/home/pederba/sesasr_project_ws/install/turtlebot3_hardware:/home/pederba/sesasr_project_ws/install/turtlebot3_gazebo:/home/pederba/sesasr_project_ws/install/turtlebot3_bringup:/home/pederba/sesasr_project_ws/install/turtlebot3_description:/home/pederba/sesasr_project_ws/install/turtlebot3_cartographer:/home/pederba/sesasr_project_ws/install/dynamixel_sdk_examples:/home/pederba/sesasr_project_ws/install/dynamixel_sdk_custom_interfaces:/home/pederba/sesasr_project_ws/install/dynamixel_sdk:/home/pederba/sesasr_project_ws/install/turtlebot3_teleop:/home/pederba/sesasr_project_ws/install/turtlebot3_example:/home/pederba/sesasr_project_ws/install/project_pkg:/opt/ros/humble /usr/bin/cmake --install /home/pederba/sesasr_project_ws/build/turtlebot3_fake_node
[2.257s] -- Install configuration: ""
[2.259s] -- Execute custom install script
[2.260s] -- Up-to-date symlink: /home/pederba/sesasr_project_ws/install/turtlebot3_fake_node/lib/turtlebot3_fake_node/turtlebot3_fake_node
[2.260s] -- Up-to-date symlink: /home/pederba/sesasr_project_ws/install/turtlebot3_fake_node/share/turtlebot3_fake_node/launch/rviz2.launch.py
[2.261s] -- Up-to-date symlink: /home/pederba/sesasr_project_ws/install/turtlebot3_fake_node/share/turtlebot3_fake_node/launch/turtlebot3_fake_node.launch.py
[2.261s] -- Up-to-date symlink: /home/pederba/sesasr_project_ws/install/turtlebot3_fake_node/share/turtlebot3_fake_node/param/burger.yaml
[2.262s] -- Up-to-date symlink: /home/pederba/sesasr_project_ws/install/turtlebot3_fake_node/share/turtlebot3_fake_node/param/waffle.yaml
[2.262s] -- Up-to-date symlink: /home/pederba/sesasr_project_ws/install/turtlebot3_fake_node/share/turtlebot3_fake_node/param/waffle_pi.yaml
[2.263s] -- Up-to-date symlink: /home/pederba/sesasr_project_ws/install/turtlebot3_fake_node/include//turtlebot3_fake_node/turtlebot3_fake_node.hpp
[2.263s] -- Up-to-date symlink: /home/pederba/sesasr_project_ws/install/turtlebot3_fake_node/share/ament_index/resource_index/package_run_dependencies/turtlebot3_fake_node
[2.264s] -- Up-to-date symlink: /home/pederba/sesasr_project_ws/install/turtlebot3_fake_node/share/ament_index/resource_index/parent_prefix_path/turtlebot3_fake_node
[2.264s] -- Up-to-date symlink: /home/pederba/sesasr_project_ws/install/turtlebot3_fake_node/share/turtlebot3_fake_node/environment/ament_prefix_path.sh
[2.265s] -- Up-to-date symlink: /home/pederba/sesasr_project_ws/install/turtlebot3_fake_node/share/turtlebot3_fake_node/environment/ament_prefix_path.dsv
[2.265s] -- Up-to-date symlink: /home/pederba/sesasr_project_ws/install/turtlebot3_fake_node/share/turtlebot3_fake_node/environment/path.sh
[2.266s] -- Up-to-date symlink: /home/pederba/sesasr_project_ws/install/turtlebot3_fake_node/share/turtlebot3_fake_node/environment/path.dsv
[2.266s] -- Up-to-date symlink: /home/pederba/sesasr_project_ws/install/turtlebot3_fake_node/share/turtlebot3_fake_node/local_setup.bash
[2.267s] -- Up-to-date symlink: /home/pederba/sesasr_project_ws/install/turtlebot3_fake_node/share/turtlebot3_fake_node/local_setup.sh
[2.267s] -- Up-to-date symlink: /home/pederba/sesasr_project_ws/install/turtlebot3_fake_node/share/turtlebot3_fake_node/local_setup.zsh
[2.267s] -- Up-to-date symlink: /home/pederba/sesasr_project_ws/install/turtlebot3_fake_node/share/turtlebot3_fake_node/local_setup.dsv
[2.268s] -- Symlinking: /home/pederba/sesasr_project_ws/install/turtlebot3_fake_node/share/turtlebot3_fake_node/package.dsv
[2.292s] -- Up-to-date symlink: /home/pederba/sesasr_project_ws/install/turtlebot3_fake_node/share/ament_index/resource_index/packages/turtlebot3_fake_node
[2.293s] -- Up-to-date symlink: /home/pederba/sesasr_project_ws/install/turtlebot3_fake_node/share/turtlebot3_fake_node/cmake/ament_cmake_export_include_directories-extras.cmake
[2.293s] -- Up-to-date symlink: /home/pederba/sesasr_project_ws/install/turtlebot3_fake_node/share/turtlebot3_fake_node/cmake/ament_cmake_export_dependencies-extras.cmake
[2.293s] -- Up-to-date symlink: /home/pederba/sesasr_project_ws/install/turtlebot3_fake_node/share/turtlebot3_fake_node/cmake/turtlebot3_fake_nodeConfig.cmake
[2.294s] -- Up-to-date symlink: /home/pederba/sesasr_project_ws/install/turtlebot3_fake_node/share/turtlebot3_fake_node/cmake/turtlebot3_fake_nodeConfig-version.cmake
[2.294s] -- Up-to-date symlink: /home/pederba/sesasr_project_ws/install/turtlebot3_fake_node/share/turtlebot3_fake_node/package.xml
[2.400s] Invoked command in '/home/pederba/sesasr_project_ws/build/turtlebot3_fake_node' returned '0': CMAKE_PREFIX_PATH=/home/pederba/sesasr_project_ws/install/turtlebot3_msgs:/home/pederba/sesasr_project_ws/install/turtlebot3:/home/pederba/sesasr_project_ws/install/turtlebot3_simulations:/home/pederba/sesasr_project_ws/install/turtlebot3_navigation2:/home/pederba/sesasr_project_ws/install/turtlebot3_fake_node:/home/pederba/sesasr_project_ws/install/turtlebot3_hardware:/home/pederba/sesasr_project_ws/install/turtlebot3_gazebo:/home/pederba/sesasr_project_ws/install/turtlebot3_bringup:/home/pederba/sesasr_project_ws/install/turtlebot3_description:/home/pederba/sesasr_project_ws/install/turtlebot3_cartographer:/home/pederba/sesasr_project_ws/install/dynamixel_sdk_examples:/home/pederba/sesasr_project_ws/install/dynamixel_sdk_custom_interfaces:/home/pederba/sesasr_project_ws/install/dynamixel_sdk:/home/pederba/sesasr_project_ws/install/turtlebot3_teleop:/home/pederba/sesasr_project_ws/install/turtlebot3_example:/home/pederba/sesasr_project_ws/install/project_pkg:/opt/ros/humble /usr/bin/cmake --install /home/pederba/sesasr_project_ws/build/turtlebot3_fake_node
