[2.274s] Invoking command in '/home/pederba/sesasr_project_ws/src/project_pkg': PYTHONPATH=/home/pederba/sesasr_project_ws/build/project_pkg/prefix_override:/home/pederba/sesasr_project_ws/install/project_pkg/lib/python3.10/site-packages:${PYTHONPATH} /usr/bin/python3 setup.py egg_info --egg-base ../../build/project_pkg build --build-base /home/pederba/sesasr_project_ws/build/project_pkg/build install --record /home/pederba/sesasr_project_ws/build/project_pkg/install.log --single-version-externally-managed
[2.996s] running egg_info
[3.028s] writing ../../build/project_pkg/project_pkg.egg-info/PKG-INFO
[3.028s] writing dependency_links to ../../build/project_pkg/project_pkg.egg-info/dependency_links.txt
[3.029s] writing entry points to ../../build/project_pkg/project_pkg.egg-info/entry_points.txt
[3.029s] writing requirements to ../../build/project_pkg/project_pkg.egg-info/requires.txt
[3.029s] writing top-level names to ../../build/project_pkg/project_pkg.egg-info/top_level.txt
[3.094s] reading manifest file '../../build/project_pkg/project_pkg.egg-info/SOURCES.txt'
[3.095s] writing manifest file '../../build/project_pkg/project_pkg.egg-info/SOURCES.txt'
[3.095s] running build
[3.095s] running build_py
[3.097s] running install
[3.097s] /home/pederba/.local/lib/python3.10/site-packages/setuptools/command/install.py:34: SetuptoolsDeprecationWarning: setup.py install is deprecated. Use build and pip and other standards-based tools.
[3.097s]   warnings.warn(
[3.106s] running install_lib
[3.139s] running install_data
[3.171s] copying launch/localization.launch.py -> /home/pederba/sesasr_project_ws/install/project_pkg/share/project_pkg/launch
[3.171s] running install_egg_info
[3.205s] removing '/home/pederba/sesasr_project_ws/install/project_pkg/lib/python3.10/site-packages/project_pkg-0.0.0-py3.10.egg-info' (and everything under it)
[3.205s] Copying ../../build/project_pkg/project_pkg.egg-info to /home/pederba/sesasr_project_ws/install/project_pkg/lib/python3.10/site-packages/project_pkg-0.0.0-py3.10.egg-info
[3.207s] running install_scripts
[3.326s] Installing localization_node script to /home/pederba/sesasr_project_ws/install/project_pkg/lib/project_pkg
[3.326s] Installing recorder script to /home/pederba/sesasr_project_ws/install/project_pkg/lib/project_pkg
[3.326s] writing list of installed files to '/home/pederba/sesasr_project_ws/build/project_pkg/install.log'
[3.425s] Invoked command in '/home/pederba/sesasr_project_ws/src/project_pkg' returned '0': PYTHONPATH=/home/pederba/sesasr_project_ws/build/project_pkg/prefix_override:/home/pederba/sesasr_project_ws/install/project_pkg/lib/python3.10/site-packages:${PYTHONPATH} /usr/bin/python3 setup.py egg_info --egg-base ../../build/project_pkg build --build-base /home/pederba/sesasr_project_ws/build/project_pkg/build install --record /home/pederba/sesasr_project_ws/build/project_pkg/install.log --single-version-externally-managed
