[2.801s] Invoking command in '/home/pederba/sesasr_project_ws/src/project_pkg': PYTHONPATH=/home/pederba/sesasr_project_ws/build/project_pkg/prefix_override:/home/pederba/sesasr_project_ws/install/project_pkg/lib/python3.10/site-packages:${PYTHONPATH} /usr/bin/python3 setup.py egg_info --egg-base ../../build/project_pkg build --build-base /home/pederba/sesasr_project_ws/build/project_pkg/build install --record /home/pederba/sesasr_project_ws/build/project_pkg/install.log --single-version-externally-managed
[3.739s] running egg_info
[3.778s] writing ../../build/project_pkg/project_pkg.egg-info/PKG-INFO
[3.779s] writing dependency_links to ../../build/project_pkg/project_pkg.egg-info/dependency_links.txt
[3.780s] writing entry points to ../../build/project_pkg/project_pkg.egg-info/entry_points.txt
[3.780s] writing requirements to ../../build/project_pkg/project_pkg.egg-info/requires.txt
[3.780s] writing top-level names to ../../build/project_pkg/project_pkg.egg-info/top_level.txt
[3.867s] reading manifest file '../../build/project_pkg/project_pkg.egg-info/SOURCES.txt'
[3.869s] writing manifest file '../../build/project_pkg/project_pkg.egg-info/SOURCES.txt'
[3.869s] running build
[3.870s] running build_py
[3.870s] copying project_pkg/ekf.py -> /home/pederba/sesasr_project_ws/build/project_pkg/build/lib/project_pkg
[3.871s] running install
[3.871s] /home/pederba/.local/lib/python3.10/site-packages/setuptools/command/install.py:34: SetuptoolsDeprecationWarning: setup.py install is deprecated. Use build and pip and other standards-based tools.
[3.871s]   warnings.warn(
[3.880s] running install_lib
[3.921s] copying /home/pederba/sesasr_project_ws/build/project_pkg/build/lib/project_pkg/ekf.py -> /home/pederba/sesasr_project_ws/install/project_pkg/lib/python3.10/site-packages/project_pkg
[3.923s] byte-compiling /home/pederba/sesasr_project_ws/install/project_pkg/lib/python3.10/site-packages/project_pkg/ekf.py to ekf.cpython-310.pyc
[3.925s] running install_data
[3.967s] running install_egg_info
[4.006s] removing '/home/pederba/sesasr_project_ws/install/project_pkg/lib/python3.10/site-packages/project_pkg-0.0.0-py3.10.egg-info' (and everything under it)
[4.006s] Copying ../../build/project_pkg/project_pkg.egg-info to /home/pederba/sesasr_project_ws/install/project_pkg/lib/python3.10/site-packages/project_pkg-0.0.0-py3.10.egg-info
[4.008s] running install_scripts
[4.177s] Installing localization_node script to /home/pederba/sesasr_project_ws/install/project_pkg/lib/project_pkg
[4.178s] writing list of installed files to '/home/pederba/sesasr_project_ws/build/project_pkg/install.log'
[4.320s] Invoked command in '/home/pederba/sesasr_project_ws/src/project_pkg' returned '0': PYTHONPATH=/home/pederba/sesasr_project_ws/build/project_pkg/prefix_override:/home/pederba/sesasr_project_ws/install/project_pkg/lib/python3.10/site-packages:${PYTHONPATH} /usr/bin/python3 setup.py egg_info --egg-base ../../build/project_pkg build --build-base /home/pederba/sesasr_project_ws/build/project_pkg/build install --record /home/pederba/sesasr_project_ws/build/project_pkg/install.log --single-version-externally-managed
