[0.251s] Invoking command in '/home/pederba/sesasr_project_ws/build/dynamixel_sdk_examples': AMENT_PREFIX_PATH=/home/pederba/sesasr_project_ws/install/dynamixel_sdk_custom_interfaces:/home/pederba/sesasr_project_ws/install/dynamixel_sdk:${AMENT_PREFIX_PATH} CMAKE_PREFIX_PATH=/home/pederba/sesasr_project_ws/install/dynamixel_sdk_custom_interfaces:/home/pederba/sesasr_project_ws/install/dynamixel_sdk:/opt/ros/humble LD_LIBRARY_PATH=/home/pederba/sesasr_project_ws/install/dynamixel_sdk_custom_interfaces/lib:/home/pederba/sesasr_project_ws/install/dynamixel_sdk/lib:${LD_LIBRARY_PATH} PYTHONPATH=/home/pederba/sesasr_project_ws/install/dynamixel_sdk_custom_interfaces/local/lib/python3.10/dist-packages:${PYTHONPATH} /usr/bin/cmake /home/pederba/sesasr_project_ws/src/turtlebot3/utils/DynamixelSDK/dynamixel_sdk_examples -DAMENT_CMAKE_SYMLINK_INSTALL=1 -DCMAKE_INSTALL_PREFIX=/home/pederba/sesasr_project_ws/install/dynamixel_sdk_examples
[0.481s] -- The C compiler identification is GNU 11.4.0
[0.640s] -- The CXX compiler identification is GNU 11.4.0
[0.660s] -- Detecting C compiler ABI info
[0.891s] -- Detecting C compiler ABI info - done
[0.911s] -- Check for working C compiler: /usr/bin/cc - skipped
[0.913s] -- Detecting C compile features
[0.914s] -- Detecting C compile features - done
[0.926s] -- Detecting CXX compiler ABI info
[1.189s] -- Detecting CXX compiler ABI info - done
[1.214s] -- Check for working CXX compiler: /usr/bin/c++ - skipped
[1.216s] -- Detecting CXX compile features
[1.218s] -- Detecting CXX compile features - done
[1.228s] -- Found ament_cmake: 1.3.6 (/opt/ros/humble/share/ament_cmake/cmake)
[3.778s] -- Found Python3: /usr/bin/python3.10 (found version "3.10.12") found components: Interpreter 
[3.936s] -- Override CMake install command with custom implementation using symlinks instead of copying resources
[4.003s] -- Found dynamixel_sdk: 3.7.60 (/home/pederba/sesasr_project_ws/install/dynamixel_sdk/share/dynamixel_sdk/cmake)
[4.008s] -- Found dynamixel_sdk_custom_interfaces: 3.7.60 (/home/pederba/sesasr_project_ws/install/dynamixel_sdk_custom_interfaces/share/dynamixel_sdk_custom_interfaces/cmake)
[4.124s] -- Found rosidl_generator_c: 3.1.5 (/opt/ros/humble/share/rosidl_generator_c/cmake)
[4.142s] -- Found rosidl_adapter: 3.1.5 (/opt/ros/humble/share/rosidl_adapter/cmake)
[4.176s] -- Found rosidl_generator_cpp: 3.1.5 (/opt/ros/humble/share/rosidl_generator_cpp/cmake)
[4.220s] -- Using all available rosidl_typesupport_c: rosidl_typesupport_fastrtps_c;rosidl_typesupport_introspection_c
[4.283s] -- Using all available rosidl_typesupport_cpp: rosidl_typesupport_fastrtps_cpp;rosidl_typesupport_introspection_cpp
[4.517s] -- Found rclcpp: 16.0.7 (/opt/ros/humble/share/rclcpp/cmake)
[4.734s] -- Found rmw_implementation_cmake: 6.1.1 (/opt/ros/humble/share/rmw_implementation_cmake/cmake)
[4.742s] -- Found rmw_fastrtps_cpp: 6.2.5 (/opt/ros/humble/share/rmw_fastrtps_cpp/cmake)
[5.099s] -- Found OpenSSL: /usr/lib/x86_64-linux-gnu/libcrypto.so (found version "3.0.2")  
[5.209s] -- Found FastRTPS: /opt/ros/humble/include  
[5.372s] -- Using RMW implementation 'rmw_fastrtps_cpp' as default
[5.404s] -- Looking for pthread.h
[5.621s] -- Looking for pthread.h - found
[5.622s] -- Performing Test CMAKE_HAVE_LIBC_PTHREAD
[5.800s] -- Performing Test CMAKE_HAVE_LIBC_PTHREAD - Success
[5.803s] -- Found Threads: TRUE  
[6.201s] -- Found ament_lint_auto: 0.12.9 (/opt/ros/humble/share/ament_lint_auto/cmake)
[6.411s] -- Added test 'copyright' to check source files copyright and LICENSE
[6.414s] -- Added test 'cppcheck' to perform static code analysis on C / C++ code
[6.415s] -- Configured cppcheck include dirs: /home/pederba/sesasr_project_ws/src/turtlebot3/utils/DynamixelSDK/dynamixel_sdk_examples/include
[6.415s] -- Configured cppcheck exclude dirs and/or files: 
[6.417s] -- Added test 'cpplint' to check C / C++ code against the Google style
[6.417s] -- Configured cpplint exclude dirs and/or files: 
[6.420s] -- Added test 'lint_cmake' to check CMake code style
[6.423s] -- Added test 'uncrustify' to check C / C++ code style
[6.423s] -- Configured uncrustify additional arguments: 
[6.425s] -- Added test 'xmllint' to check XML markup files
[6.430s] -- Configuring done
[6.460s] -- Generating done
[6.466s] -- Build files have been written to: /home/pederba/sesasr_project_ws/build/dynamixel_sdk_examples
[6.499s] Invoked command in '/home/pederba/sesasr_project_ws/build/dynamixel_sdk_examples' returned '0': AMENT_PREFIX_PATH=/home/pederba/sesasr_project_ws/install/dynamixel_sdk_custom_interfaces:/home/pederba/sesasr_project_ws/install/dynamixel_sdk:${AMENT_PREFIX_PATH} CMAKE_PREFIX_PATH=/home/pederba/sesasr_project_ws/install/dynamixel_sdk_custom_interfaces:/home/pederba/sesasr_project_ws/install/dynamixel_sdk:/opt/ros/humble LD_LIBRARY_PATH=/home/pederba/sesasr_project_ws/install/dynamixel_sdk_custom_interfaces/lib:/home/pederba/sesasr_project_ws/install/dynamixel_sdk/lib:${LD_LIBRARY_PATH} PYTHONPATH=/home/pederba/sesasr_project_ws/install/dynamixel_sdk_custom_interfaces/local/lib/python3.10/dist-packages:${PYTHONPATH} /usr/bin/cmake /home/pederba/sesasr_project_ws/src/turtlebot3/utils/DynamixelSDK/dynamixel_sdk_examples -DAMENT_CMAKE_SYMLINK_INSTALL=1 -DCMAKE_INSTALL_PREFIX=/home/pederba/sesasr_project_ws/install/dynamixel_sdk_examples
[6.503s] Invoking command in '/home/pederba/sesasr_project_ws/build/dynamixel_sdk_examples': AMENT_PREFIX_PATH=/home/pederba/sesasr_project_ws/install/dynamixel_sdk_custom_interfaces:/home/pederba/sesasr_project_ws/install/dynamixel_sdk:${AMENT_PREFIX_PATH} CMAKE_PREFIX_PATH=/home/pederba/sesasr_project_ws/install/dynamixel_sdk_custom_interfaces:/home/pederba/sesasr_project_ws/install/dynamixel_sdk:/opt/ros/humble LD_LIBRARY_PATH=/home/pederba/sesasr_project_ws/install/dynamixel_sdk_custom_interfaces/lib:/home/pederba/sesasr_project_ws/install/dynamixel_sdk/lib:${LD_LIBRARY_PATH} PYTHONPATH=/home/pederba/sesasr_project_ws/install/dynamixel_sdk_custom_interfaces/local/lib/python3.10/dist-packages:${PYTHONPATH} /usr/bin/cmake --build /home/pederba/sesasr_project_ws/build/dynamixel_sdk_examples -- -j8 -l8
[6.651s] [ 50%] [32mBuilding CXX object CMakeFiles/read_write_node.dir/src/read_write_node.cpp.o[0m
[25.936s] [100%] [32m[1mLinking CXX executable read_write_node[0m
[26.818s] [100%] Built target read_write_node
[26.851s] Invoked command in '/home/pederba/sesasr_project_ws/build/dynamixel_sdk_examples' returned '0': AMENT_PREFIX_PATH=/home/pederba/sesasr_project_ws/install/dynamixel_sdk_custom_interfaces:/home/pederba/sesasr_project_ws/install/dynamixel_sdk:${AMENT_PREFIX_PATH} CMAKE_PREFIX_PATH=/home/pederba/sesasr_project_ws/install/dynamixel_sdk_custom_interfaces:/home/pederba/sesasr_project_ws/install/dynamixel_sdk:/opt/ros/humble LD_LIBRARY_PATH=/home/pederba/sesasr_project_ws/install/dynamixel_sdk_custom_interfaces/lib:/home/pederba/sesasr_project_ws/install/dynamixel_sdk/lib:${LD_LIBRARY_PATH} PYTHONPATH=/home/pederba/sesasr_project_ws/install/dynamixel_sdk_custom_interfaces/local/lib/python3.10/dist-packages:${PYTHONPATH} /usr/bin/cmake --build /home/pederba/sesasr_project_ws/build/dynamixel_sdk_examples -- -j8 -l8
[26.912s] Invoking command in '/home/pederba/sesasr_project_ws/build/dynamixel_sdk_examples': AMENT_PREFIX_PATH=/home/pederba/sesasr_project_ws/install/dynamixel_sdk_custom_interfaces:/home/pederba/sesasr_project_ws/install/dynamixel_sdk:${AMENT_PREFIX_PATH} CMAKE_PREFIX_PATH=/home/pederba/sesasr_project_ws/install/dynamixel_sdk_custom_interfaces:/home/pederba/sesasr_project_ws/install/dynamixel_sdk:/opt/ros/humble LD_LIBRARY_PATH=/home/pederba/sesasr_project_ws/install/dynamixel_sdk_custom_interfaces/lib:/home/pederba/sesasr_project_ws/install/dynamixel_sdk/lib:${LD_LIBRARY_PATH} PYTHONPATH=/home/pederba/sesasr_project_ws/install/dynamixel_sdk_custom_interfaces/local/lib/python3.10/dist-packages:${PYTHONPATH} /usr/bin/cmake --install /home/pederba/sesasr_project_ws/build/dynamixel_sdk_examples
[26.931s] -- Install configuration: ""
[26.933s] -- Execute custom install script
[26.934s] -- Symlinking: /home/pederba/sesasr_project_ws/install/dynamixel_sdk_examples/lib/dynamixel_sdk_examples/read_write_node
[26.964s] -- Symlinking: /home/pederba/sesasr_project_ws/install/dynamixel_sdk_examples/share/ament_index/resource_index/package_run_dependencies/dynamixel_sdk_examples
[26.984s] -- Symlinking: /home/pederba/sesasr_project_ws/install/dynamixel_sdk_examples/share/ament_index/resource_index/parent_prefix_path/dynamixel_sdk_examples
[27.003s] -- Symlinking: /home/pederba/sesasr_project_ws/install/dynamixel_sdk_examples/share/dynamixel_sdk_examples/environment/ament_prefix_path.sh
[27.019s] -- Symlinking: /home/pederba/sesasr_project_ws/install/dynamixel_sdk_examples/share/dynamixel_sdk_examples/environment/ament_prefix_path.dsv
[27.038s] -- Symlinking: /home/pederba/sesasr_project_ws/install/dynamixel_sdk_examples/share/dynamixel_sdk_examples/environment/path.sh
[27.057s] -- Symlinking: /home/pederba/sesasr_project_ws/install/dynamixel_sdk_examples/share/dynamixel_sdk_examples/environment/path.dsv
[27.075s] -- Symlinking: /home/pederba/sesasr_project_ws/install/dynamixel_sdk_examples/share/dynamixel_sdk_examples/local_setup.bash
[27.094s] -- Symlinking: /home/pederba/sesasr_project_ws/install/dynamixel_sdk_examples/share/dynamixel_sdk_examples/local_setup.sh
[27.113s] -- Symlinking: /home/pederba/sesasr_project_ws/install/dynamixel_sdk_examples/share/dynamixel_sdk_examples/local_setup.zsh
[27.132s] -- Symlinking: /home/pederba/sesasr_project_ws/install/dynamixel_sdk_examples/share/dynamixel_sdk_examples/local_setup.dsv
[27.149s] -- Symlinking: /home/pederba/sesasr_project_ws/install/dynamixel_sdk_examples/share/dynamixel_sdk_examples/package.dsv
[27.166s] -- Symlinking: /home/pederba/sesasr_project_ws/install/dynamixel_sdk_examples/share/ament_index/resource_index/packages/dynamixel_sdk_examples
[27.186s] -- Symlinking: /home/pederba/sesasr_project_ws/install/dynamixel_sdk_examples/share/dynamixel_sdk_examples/cmake/dynamixel_sdk_examplesConfig.cmake
[27.202s] -- Symlinking: /home/pederba/sesasr_project_ws/install/dynamixel_sdk_examples/share/dynamixel_sdk_examples/cmake/dynamixel_sdk_examplesConfig-version.cmake
[27.224s] -- Symlinking: /home/pederba/sesasr_project_ws/install/dynamixel_sdk_examples/share/dynamixel_sdk_examples/package.xml
[27.245s] Invoked command in '/home/pederba/sesasr_project_ws/build/dynamixel_sdk_examples' returned '0': AMENT_PREFIX_PATH=/home/pederba/sesasr_project_ws/install/dynamixel_sdk_custom_interfaces:/home/pederba/sesasr_project_ws/install/dynamixel_sdk:${AMENT_PREFIX_PATH} CMAKE_PREFIX_PATH=/home/pederba/sesasr_project_ws/install/dynamixel_sdk_custom_interfaces:/home/pederba/sesasr_project_ws/install/dynamixel_sdk:/opt/ros/humble LD_LIBRARY_PATH=/home/pederba/sesasr_project_ws/install/dynamixel_sdk_custom_interfaces/lib:/home/pederba/sesasr_project_ws/install/dynamixel_sdk/lib:${LD_LIBRARY_PATH} PYTHONPATH=/home/pederba/sesasr_project_ws/install/dynamixel_sdk_custom_interfaces/local/lib/python3.10/dist-packages:${PYTHONPATH} /usr/bin/cmake --install /home/pederba/sesasr_project_ws/build/dynamixel_sdk_examples
