[0.632s] Invoking command in '/home/pederba/sesasr_project_ws/build/dynamixel_sdk': CMAKE_PREFIX_PATH=/opt/ros/humble /usr/bin/cmake /home/pederba/sesasr_project_ws/src/turtlebot3/utils/DynamixelSDK/dynamixel_sdk -DCMAKE_INSTALL_PREFIX=/home/pederba/sesasr_project_ws/install/dynamixel_sdk
[0.661s] -- Found ament_cmake: 1.3.6 (/opt/ros/humble/share/ament_cmake/cmake)
[1.064s] -- Override CMake install command with custom implementation using symlinks instead of copying resources
[1.266s] -- Configuring done
[1.291s] -- Generating done
[1.291s] -- Build files have been written to: /home/pederba/sesasr_project_ws/build/dynamixel_sdk
[1.819s] Invoked command in '/home/pederba/sesasr_project_ws/build/dynamixel_sdk' returned '0': CMAKE_PREFIX_PATH=/opt/ros/humble /usr/bin/cmake /home/pederba/sesasr_project_ws/src/turtlebot3/utils/DynamixelSDK/dynamixel_sdk -DCMAKE_INSTALL_PREFIX=/home/pederba/sesasr_project_ws/install/dynamixel_sdk
[1.822s] Invoking command in '/home/pederba/sesasr_project_ws/build/dynamixel_sdk': CMAKE_PREFIX_PATH=/opt/ros/humble /usr/bin/cmake --build /home/pederba/sesasr_project_ws/build/dynamixel_sdk -- -j8 -l8
[1.926s] [35m[1mConsolidate compiler generated dependencies of target dynamixel_sdk[0m
[1.972s] [100%] Built target dynamixel_sdk
[2.030s] Invoked command in '/home/pederba/sesasr_project_ws/build/dynamixel_sdk' returned '0': CMAKE_PREFIX_PATH=/opt/ros/humble /usr/bin/cmake --build /home/pederba/sesasr_project_ws/build/dynamixel_sdk -- -j8 -l8
[2.308s] Invoking command in '/home/pederba/sesasr_project_ws/build/dynamixel_sdk': CMAKE_PREFIX_PATH=/opt/ros/humble /usr/bin/cmake --install /home/pederba/sesasr_project_ws/build/dynamixel_sdk
[2.620s] -- Install configuration: ""
[2.620s] -- Execute custom install script
[2.621s] -- Up-to-date symlink: /home/pederba/sesasr_project_ws/install/dynamixel_sdk/include//dynamixel_sdk/dynamixel_sdk.h
[2.621s] -- Up-to-date symlink: /home/pederba/sesasr_project_ws/install/dynamixel_sdk/include//dynamixel_sdk/group_bulk_read.h
[2.621s] -- Up-to-date symlink: /home/pederba/sesasr_project_ws/install/dynamixel_sdk/include//dynamixel_sdk/group_bulk_write.h
[2.622s] -- Up-to-date symlink: /home/pederba/sesasr_project_ws/install/dynamixel_sdk/include//dynamixel_sdk/group_sync_read.h
[2.622s] -- Up-to-date symlink: /home/pederba/sesasr_project_ws/install/dynamixel_sdk/include//dynamixel_sdk/group_sync_write.h
[2.622s] -- Up-to-date symlink: /home/pederba/sesasr_project_ws/install/dynamixel_sdk/include//dynamixel_sdk/packet_handler.h
[2.623s] -- Up-to-date symlink: /home/pederba/sesasr_project_ws/install/dynamixel_sdk/include//dynamixel_sdk/port_handler.h
[2.623s] -- Up-to-date symlink: /home/pederba/sesasr_project_ws/install/dynamixel_sdk/include//dynamixel_sdk/port_handler_arduino.h
[2.623s] -- Up-to-date symlink: /home/pederba/sesasr_project_ws/install/dynamixel_sdk/include//dynamixel_sdk/port_handler_linux.h
[2.624s] -- Up-to-date symlink: /home/pederba/sesasr_project_ws/install/dynamixel_sdk/include//dynamixel_sdk/port_handler_mac.h
[2.624s] -- Up-to-date symlink: /home/pederba/sesasr_project_ws/install/dynamixel_sdk/include//dynamixel_sdk/port_handler_windows.h
[2.625s] -- Up-to-date symlink: /home/pederba/sesasr_project_ws/install/dynamixel_sdk/include//dynamixel_sdk/protocol1_packet_handler.h
[2.625s] -- Up-to-date symlink: /home/pederba/sesasr_project_ws/install/dynamixel_sdk/include//dynamixel_sdk/protocol2_packet_handler.h
[2.625s] -- Up-to-date symlink: /home/pederba/sesasr_project_ws/install/dynamixel_sdk/lib/libdynamixel_sdk.so
[2.626s] -- Up-to-date symlink: /home/pederba/sesasr_project_ws/install/dynamixel_sdk/share/dynamixel_sdk/environment/library_path.sh
[2.626s] -- Up-to-date symlink: /home/pederba/sesasr_project_ws/install/dynamixel_sdk/share/dynamixel_sdk/environment/library_path.dsv
[2.627s] -- Up-to-date symlink: /home/pederba/sesasr_project_ws/install/dynamixel_sdk/share/ament_index/resource_index/package_run_dependencies/dynamixel_sdk
[2.627s] -- Up-to-date symlink: /home/pederba/sesasr_project_ws/install/dynamixel_sdk/share/ament_index/resource_index/parent_prefix_path/dynamixel_sdk
[2.627s] -- Up-to-date symlink: /home/pederba/sesasr_project_ws/install/dynamixel_sdk/share/dynamixel_sdk/environment/ament_prefix_path.sh
[2.628s] -- Up-to-date symlink: /home/pederba/sesasr_project_ws/install/dynamixel_sdk/share/dynamixel_sdk/environment/ament_prefix_path.dsv
[2.628s] -- Up-to-date symlink: /home/pederba/sesasr_project_ws/install/dynamixel_sdk/share/dynamixel_sdk/environment/path.sh
[2.628s] -- Up-to-date symlink: /home/pederba/sesasr_project_ws/install/dynamixel_sdk/share/dynamixel_sdk/environment/path.dsv
[2.628s] -- Up-to-date symlink: /home/pederba/sesasr_project_ws/install/dynamixel_sdk/share/dynamixel_sdk/local_setup.bash
[2.629s] -- Up-to-date symlink: /home/pederba/sesasr_project_ws/install/dynamixel_sdk/share/dynamixel_sdk/local_setup.sh
[2.629s] -- Up-to-date symlink: /home/pederba/sesasr_project_ws/install/dynamixel_sdk/share/dynamixel_sdk/local_setup.zsh
[2.629s] -- Up-to-date symlink: /home/pederba/sesasr_project_ws/install/dynamixel_sdk/share/dynamixel_sdk/local_setup.dsv
[2.630s] -- Symlinking: /home/pederba/sesasr_project_ws/install/dynamixel_sdk/share/dynamixel_sdk/package.dsv
[2.630s] -- Up-to-date symlink: /home/pederba/sesasr_project_ws/install/dynamixel_sdk/share/ament_index/resource_index/packages/dynamixel_sdk
[2.630s] -- Up-to-date symlink: /home/pederba/sesasr_project_ws/install/dynamixel_sdk/share/dynamixel_sdk/cmake/ament_cmake_export_include_directories-extras.cmake
[2.631s] -- Up-to-date symlink: /home/pederba/sesasr_project_ws/install/dynamixel_sdk/share/dynamixel_sdk/cmake/ament_cmake_export_libraries-extras.cmake
[2.631s] -- Up-to-date symlink: /home/pederba/sesasr_project_ws/install/dynamixel_sdk/share/dynamixel_sdk/cmake/dynamixel_sdkConfig.cmake
[2.632s] -- Up-to-date symlink: /home/pederba/sesasr_project_ws/install/dynamixel_sdk/share/dynamixel_sdk/cmake/dynamixel_sdkConfig-version.cmake
[2.632s] -- Up-to-date symlink: /home/pederba/sesasr_project_ws/install/dynamixel_sdk/share/dynamixel_sdk/package.xml
[2.800s] Invoked command in '/home/pederba/sesasr_project_ws/build/dynamixel_sdk' returned '0': CMAKE_PREFIX_PATH=/opt/ros/humble /usr/bin/cmake --install /home/pederba/sesasr_project_ws/build/dynamixel_sdk
