[2.083s] Invoking command in '/home/pederba/sesasr_project_ws/src/project_pkg': PYTHONPATH=/home/pederba/sesasr_project_ws/build/project_pkg/prefix_override:/home/pederba/sesasr_project_ws/install/project_pkg/lib/python3.10/site-packages:${PYTHONPATH} /usr/bin/python3 setup.py egg_info --egg-base ../../build/project_pkg build --build-base /home/pederba/sesasr_project_ws/build/project_pkg/build install --record /home/pederba/sesasr_project_ws/build/project_pkg/install.log --single-version-externally-managed
[2.762s] running egg_info
[2.791s] writing ../../build/project_pkg/project_pkg.egg-info/PKG-INFO
[2.791s] writing dependency_links to ../../build/project_pkg/project_pkg.egg-info/dependency_links.txt
[2.792s] writing entry points to ../../build/project_pkg/project_pkg.egg-info/entry_points.txt
[2.792s] writing requirements to ../../build/project_pkg/project_pkg.egg-info/requires.txt
[2.792s] writing top-level names to ../../build/project_pkg/project_pkg.egg-info/top_level.txt
[2.855s] reading manifest file '../../build/project_pkg/project_pkg.egg-info/SOURCES.txt'
[2.856s] writing manifest file '../../build/project_pkg/project_pkg.egg-info/SOURCES.txt'
[2.857s] running build
[2.857s] running build_py
[2.857s] copying project_pkg/localization_node.py -> /home/pederba/sesasr_project_ws/build/project_pkg/build/lib/project_pkg
[2.858s] running install
[2.858s] /home/pederba/.local/lib/python3.10/site-packages/setuptools/command/install.py:34: SetuptoolsDeprecationWarning: setup.py install is deprecated. Use build and pip and other standards-based tools.
[2.859s]   warnings.warn(
[2.866s] running install_lib
[2.897s] copying /home/pederba/sesasr_project_ws/build/project_pkg/build/lib/project_pkg/localization_node.py -> /home/pederba/sesasr_project_ws/install/project_pkg/lib/python3.10/site-packages/project_pkg
[2.898s] byte-compiling /home/pederba/sesasr_project_ws/install/project_pkg/lib/python3.10/site-packages/project_pkg/localization_node.py to localization_node.cpython-310.pyc
[2.900s] running install_data
[2.931s] running install_egg_info
[2.963s] removing '/home/pederba/sesasr_project_ws/install/project_pkg/lib/python3.10/site-packages/project_pkg-0.0.0-py3.10.egg-info' (and everything under it)
[2.964s] Copying ../../build/project_pkg/project_pkg.egg-info to /home/pederba/sesasr_project_ws/install/project_pkg/lib/python3.10/site-packages/project_pkg-0.0.0-py3.10.egg-info
[2.965s] running install_scripts
[3.077s] Installing localization_node script to /home/pederba/sesasr_project_ws/install/project_pkg/lib/project_pkg
[3.077s] writing list of installed files to '/home/pederba/sesasr_project_ws/build/project_pkg/install.log'
[3.170s] Invoked command in '/home/pederba/sesasr_project_ws/src/project_pkg' returned '0': PYTHONPATH=/home/pederba/sesasr_project_ws/build/project_pkg/prefix_override:/home/pederba/sesasr_project_ws/install/project_pkg/lib/python3.10/site-packages:${PYTHONPATH} /usr/bin/python3 setup.py egg_info --egg-base ../../build/project_pkg build --build-base /home/pederba/sesasr_project_ws/build/project_pkg/build install --record /home/pederba/sesasr_project_ws/build/project_pkg/install.log --single-version-externally-managed
