[0.168s] Invoking command in '/home/pederba/sesasr_project_ws/build/turtlebot3_simulations': AMENT_PREFIX_PATH=/home/pederba/sesasr_project_ws/install/turtlebot3_fake_node:/home/pederba/sesasr_project_ws/install/turtlebot3_msgs:/home/pederba/sesasr_project_ws/install/turtlebot3_gazebo:${AMENT_PREFIX_PATH} CMAKE_PREFIX_PATH=/home/pederba/sesasr_project_ws/install/turtlebot3_fake_node:/home/pederba/sesasr_project_ws/install/turtlebot3_msgs:/home/pederba/sesasr_project_ws/install/turtlebot3_gazebo:/opt/ros/humble LD_LIBRARY_PATH=/home/pederba/sesasr_project_ws/install/turtlebot3_msgs/lib:${LD_LIBRARY_PATH} PYTHONPATH=/home/pederba/sesasr_project_ws/install/turtlebot3_msgs/local/lib/python3.10/dist-packages:${PYTHONPATH} /usr/bin/cmake --build /home/pederba/sesasr_project_ws/build/turtlebot3_simulations -- -j8 -l8
[0.260s] Invoked command in '/home/pederba/sesasr_project_ws/build/turtlebot3_simulations' returned '0': AMENT_PREFIX_PATH=/home/pederba/sesasr_project_ws/install/turtlebot3_fake_node:/home/pederba/sesasr_project_ws/install/turtlebot3_msgs:/home/pederba/sesasr_project_ws/install/turtlebot3_gazebo:${AMENT_PREFIX_PATH} CMAKE_PREFIX_PATH=/home/pederba/sesasr_project_ws/install/turtlebot3_fake_node:/home/pederba/sesasr_project_ws/install/turtlebot3_msgs:/home/pederba/sesasr_project_ws/install/turtlebot3_gazebo:/opt/ros/humble LD_LIBRARY_PATH=/home/pederba/sesasr_project_ws/install/turtlebot3_msgs/lib:${LD_LIBRARY_PATH} PYTHONPATH=/home/pederba/sesasr_project_ws/install/turtlebot3_msgs/local/lib/python3.10/dist-packages:${PYTHONPATH} /usr/bin/cmake --build /home/pederba/sesasr_project_ws/build/turtlebot3_simulations -- -j8 -l8
[0.312s] Invoking command in '/home/pederba/sesasr_project_ws/build/turtlebot3_simulations': AMENT_PREFIX_PATH=/home/pederba/sesasr_project_ws/install/turtlebot3_fake_node:/home/pederba/sesasr_project_ws/install/turtlebot3_msgs:/home/pederba/sesasr_project_ws/install/turtlebot3_gazebo:${AMENT_PREFIX_PATH} CMAKE_PREFIX_PATH=/home/pederba/sesasr_project_ws/install/turtlebot3_fake_node:/home/pederba/sesasr_project_ws/install/turtlebot3_msgs:/home/pederba/sesasr_project_ws/install/turtlebot3_gazebo:/opt/ros/humble LD_LIBRARY_PATH=/home/pederba/sesasr_project_ws/install/turtlebot3_msgs/lib:${LD_LIBRARY_PATH} PYTHONPATH=/home/pederba/sesasr_project_ws/install/turtlebot3_msgs/local/lib/python3.10/dist-packages:${PYTHONPATH} /usr/bin/cmake --install /home/pederba/sesasr_project_ws/build/turtlebot3_simulations
[0.325s] -- Install configuration: ""
[0.325s] -- Execute custom install script
[0.326s] -- Up-to-date symlink: /home/pederba/sesasr_project_ws/install/turtlebot3_simulations/share/ament_index/resource_index/package_run_dependencies/turtlebot3_simulations
[0.326s] -- Up-to-date symlink: /home/pederba/sesasr_project_ws/install/turtlebot3_simulations/share/ament_index/resource_index/parent_prefix_path/turtlebot3_simulations
[0.327s] -- Up-to-date symlink: /home/pederba/sesasr_project_ws/install/turtlebot3_simulations/share/turtlebot3_simulations/environment/ament_prefix_path.sh
[0.327s] -- Up-to-date symlink: /home/pederba/sesasr_project_ws/install/turtlebot3_simulations/share/turtlebot3_simulations/environment/ament_prefix_path.dsv
[0.328s] -- Up-to-date symlink: /home/pederba/sesasr_project_ws/install/turtlebot3_simulations/share/turtlebot3_simulations/environment/path.sh
[0.328s] -- Up-to-date symlink: /home/pederba/sesasr_project_ws/install/turtlebot3_simulations/share/turtlebot3_simulations/environment/path.dsv
[0.329s] -- Up-to-date symlink: /home/pederba/sesasr_project_ws/install/turtlebot3_simulations/share/turtlebot3_simulations/local_setup.bash
[0.329s] -- Up-to-date symlink: /home/pederba/sesasr_project_ws/install/turtlebot3_simulations/share/turtlebot3_simulations/local_setup.sh
[0.329s] -- Up-to-date symlink: /home/pederba/sesasr_project_ws/install/turtlebot3_simulations/share/turtlebot3_simulations/local_setup.zsh
[0.330s] -- Up-to-date symlink: /home/pederba/sesasr_project_ws/install/turtlebot3_simulations/share/turtlebot3_simulations/local_setup.dsv
[0.330s] -- Symlinking: /home/pederba/sesasr_project_ws/install/turtlebot3_simulations/share/turtlebot3_simulations/package.dsv
[0.347s] -- Up-to-date symlink: /home/pederba/sesasr_project_ws/install/turtlebot3_simulations/share/ament_index/resource_index/packages/turtlebot3_simulations
[0.348s] -- Up-to-date symlink: /home/pederba/sesasr_project_ws/install/turtlebot3_simulations/share/turtlebot3_simulations/cmake/turtlebot3_simulationsConfig.cmake
[0.349s] -- Up-to-date symlink: /home/pederba/sesasr_project_ws/install/turtlebot3_simulations/share/turtlebot3_simulations/cmake/turtlebot3_simulationsConfig-version.cmake
[0.349s] -- Up-to-date symlink: /home/pederba/sesasr_project_ws/install/turtlebot3_simulations/share/turtlebot3_simulations/package.xml
[0.484s] Invoked command in '/home/pederba/sesasr_project_ws/build/turtlebot3_simulations' returned '0': AMENT_PREFIX_PATH=/home/pederba/sesasr_project_ws/install/turtlebot3_fake_node:/home/pederba/sesasr_project_ws/install/turtlebot3_msgs:/home/pederba/sesasr_project_ws/install/turtlebot3_gazebo:${AMENT_PREFIX_PATH} CMAKE_PREFIX_PATH=/home/pederba/sesasr_project_ws/install/turtlebot3_fake_node:/home/pederba/sesasr_project_ws/install/turtlebot3_msgs:/home/pederba/sesasr_project_ws/install/turtlebot3_gazebo:/opt/ros/humble LD_LIBRARY_PATH=/home/pederba/sesasr_project_ws/install/turtlebot3_msgs/lib:${LD_LIBRARY_PATH} PYTHONPATH=/home/pederba/sesasr_project_ws/install/turtlebot3_msgs/local/lib/python3.10/dist-packages:${PYTHONPATH} /usr/bin/cmake --install /home/pederba/sesasr_project_ws/build/turtlebot3_simulations
