running egg_info
writing ../../build/project_pkg/project_pkg.egg-info/PKG-INFO
writing dependency_links to ../../build/project_pkg/project_pkg.egg-info/dependency_links.txt
writing entry points to ../../build/project_pkg/project_pkg.egg-info/entry_points.txt
writing requirements to ../../build/project_pkg/project_pkg.egg-info/requires.txt
writing top-level names to ../../build/project_pkg/project_pkg.egg-info/top_level.txt
reading manifest file '../../build/project_pkg/project_pkg.egg-info/SOURCES.txt'
writing manifest file '../../build/project_pkg/project_pkg.egg-info/SOURCES.txt'
running build
running build_py
copying project_pkg/recorder.py -> /home/pederba/sesasr_project_ws/build/project_pkg/build/lib/project_pkg
copying project_pkg/localization_node.py -> /home/pederba/sesasr_project_ws/build/project_pkg/build/lib/project_pkg
copying project_pkg/plotter.py -> /home/pederba/sesasr_project_ws/build/project_pkg/build/lib/project_pkg
running install
/home/pederba/.local/lib/python3.10/site-packages/setuptools/command/install.py:34: SetuptoolsDeprecationWarning: setup.py install is deprecated. Use build and pip and other standards-based tools.
  warnings.warn(
running install_lib
copying /home/pederba/sesasr_project_ws/build/project_pkg/build/lib/project_pkg/recorder.py -> /home/pederba/sesasr_project_ws/install/project_pkg/lib/python3.10/site-packages/project_pkg
copying /home/pederba/sesasr_project_ws/build/project_pkg/build/lib/project_pkg/localization_node.py -> /home/pederba/sesasr_project_ws/install/project_pkg/lib/python3.10/site-packages/project_pkg
copying /home/pederba/sesasr_project_ws/build/project_pkg/build/lib/project_pkg/plotter.py -> /home/pederba/sesasr_project_ws/install/project_pkg/lib/python3.10/site-packages/project_pkg
byte-compiling /home/pederba/sesasr_project_ws/install/project_pkg/lib/python3.10/site-packages/project_pkg/recorder.py to recorder.cpython-310.pyc
byte-compiling /home/pederba/sesasr_project_ws/install/project_pkg/lib/python3.10/site-packages/project_pkg/localization_node.py to localization_node.cpython-310.pyc
byte-compiling /home/pederba/sesasr_project_ws/install/project_pkg/lib/python3.10/site-packages/project_pkg/plotter.py to plotter.cpython-310.pyc
running install_data
running install_egg_info
removing '/home/pederba/sesasr_project_ws/install/project_pkg/lib/python3.10/site-packages/project_pkg-0.0.0-py3.10.egg-info' (and everything under it)
Copying ../../build/project_pkg/project_pkg.egg-info to /home/pederba/sesasr_project_ws/install/project_pkg/lib/python3.10/site-packages/project_pkg-0.0.0-py3.10.egg-info
running install_scripts
Installing localization_node script to /home/pederba/sesasr_project_ws/install/project_pkg/lib/project_pkg
Installing recorder script to /home/pederba/sesasr_project_ws/install/project_pkg/lib/project_pkg
writing list of installed files to '/home/pederba/sesasr_project_ws/build/project_pkg/install.log'
