[2.112s] Invoking command in '/home/pederba/sesasr_project_ws/src/project_pkg': PYTHONPATH=/home/pederba/sesasr_project_ws/build/project_pkg/prefix_override:/home/pederba/sesasr_project_ws/install/project_pkg/lib/python3.10/site-packages:${PYTHONPATH} /usr/bin/python3 setup.py egg_info --egg-base ../../build/project_pkg build --build-base /home/pederba/sesasr_project_ws/build/project_pkg/build install --record /home/pederba/sesasr_project_ws/build/project_pkg/install.log --single-version-externally-managed
[2.807s] running egg_info
[2.840s] writing ../../build/project_pkg/project_pkg.egg-info/PKG-INFO
[2.840s] writing dependency_links to ../../build/project_pkg/project_pkg.egg-info/dependency_links.txt
[2.841s] writing entry points to ../../build/project_pkg/project_pkg.egg-info/entry_points.txt
[2.841s] writing requirements to ../../build/project_pkg/project_pkg.egg-info/requires.txt
[2.841s] writing top-level names to ../../build/project_pkg/project_pkg.egg-info/top_level.txt
[2.899s] reading manifest file '../../build/project_pkg/project_pkg.egg-info/SOURCES.txt'
[2.901s] writing manifest file '../../build/project_pkg/project_pkg.egg-info/SOURCES.txt'
[2.901s] running build
[2.901s] running build_py
[2.901s] copying project_pkg/localization_node.py -> /home/pederba/sesasr_project_ws/build/project_pkg/build/lib/project_pkg
[2.902s] copying project_pkg/plotter.py -> /home/pederba/sesasr_project_ws/build/project_pkg/build/lib/project_pkg
[2.902s] running install
[2.902s] /home/pederba/.local/lib/python3.10/site-packages/setuptools/command/install.py:34: SetuptoolsDeprecationWarning: setup.py install is deprecated. Use build and pip and other standards-based tools.
[2.903s]   warnings.warn(
[2.909s] running install_lib
[2.942s] copying /home/pederba/sesasr_project_ws/build/project_pkg/build/lib/project_pkg/localization_node.py -> /home/pederba/sesasr_project_ws/install/project_pkg/lib/python3.10/site-packages/project_pkg
[2.943s] copying /home/pederba/sesasr_project_ws/build/project_pkg/build/lib/project_pkg/plotter.py -> /home/pederba/sesasr_project_ws/install/project_pkg/lib/python3.10/site-packages/project_pkg
[2.944s] byte-compiling /home/pederba/sesasr_project_ws/install/project_pkg/lib/python3.10/site-packages/project_pkg/localization_node.py to localization_node.cpython-310.pyc
[2.945s] byte-compiling /home/pederba/sesasr_project_ws/install/project_pkg/lib/python3.10/site-packages/project_pkg/plotter.py to plotter.cpython-310.pyc
[2.947s] running install_data
[2.976s] running install_egg_info
[3.008s] removing '/home/pederba/sesasr_project_ws/install/project_pkg/lib/python3.10/site-packages/project_pkg-0.0.0-py3.10.egg-info' (and everything under it)
[3.008s] Copying ../../build/project_pkg/project_pkg.egg-info to /home/pederba/sesasr_project_ws/install/project_pkg/lib/python3.10/site-packages/project_pkg-0.0.0-py3.10.egg-info
[3.010s] running install_scripts
[3.114s] Installing localization_node script to /home/pederba/sesasr_project_ws/install/project_pkg/lib/project_pkg
[3.114s] Installing recorder script to /home/pederba/sesasr_project_ws/install/project_pkg/lib/project_pkg
[3.115s] writing list of installed files to '/home/pederba/sesasr_project_ws/build/project_pkg/install.log'
[3.197s] Invoked command in '/home/pederba/sesasr_project_ws/src/project_pkg' returned '0': PYTHONPATH=/home/pederba/sesasr_project_ws/build/project_pkg/prefix_override:/home/pederba/sesasr_project_ws/install/project_pkg/lib/python3.10/site-packages:${PYTHONPATH} /usr/bin/python3 setup.py egg_info --egg-base ../../build/project_pkg build --build-base /home/pederba/sesasr_project_ws/build/project_pkg/build install --record /home/pederba/sesasr_project_ws/build/project_pkg/install.log --single-version-externally-managed
