[1.379s] Invoking command in '/home/pederba/sesasr_project_ws/build/turtlebot3_msgs': CMAKE_PREFIX_PATH=${CMAKE_PREFIX_PATH}:/home/pederba/sesasr_project_ws/install/turtlebot3_teleop:/home/pederba/sesasr_project_ws/install/turtlebot3_example:/home/pederba/sesasr_project_ws/install/project_pkg:/opt/ros/humble /usr/bin/cmake --build /home/pederba/sesasr_project_ws/build/turtlebot3_msgs -- -j8 -l8
[1.562s] [  1%] Built target turtlebot3_msgs__cpp
[1.575s] [ 12%] Built target turtlebot3_msgs__rosidl_generator_c
[1.621s] [ 12%] Built target ament_cmake_python_symlink_turtlebot3_msgs
[1.728s] [ 23%] Built target turtlebot3_msgs__rosidl_typesupport_cpp
[1.736s] [ 35%] Built target turtlebot3_msgs__rosidl_typesupport_fastrtps_cpp
[1.752s] [ 46%] Built target turtlebot3_msgs__rosidl_typesupport_introspection_c
[1.762s] [ 57%] Built target turtlebot3_msgs__rosidl_typesupport_introspection_cpp
[1.790s] [ 70%] Built target turtlebot3_msgs__rosidl_typesupport_c
[1.800s] [ 80%] Built target turtlebot3_msgs__rosidl_typesupport_fastrtps_c
[1.873s] [ 80%] Built target turtlebot3_msgs
[1.925s] [ 81%] Built target turtlebot3_msgs__py
[1.993s] [ 91%] Built target turtlebot3_msgs__rosidl_generator_py
[2.099s] [ 94%] Built target turtlebot3_msgs__rosidl_typesupport_fastrtps_c__pyext
[2.111s] [ 97%] Built target turtlebot3_msgs__rosidl_typesupport_introspection_c__pyext
[2.134s] [100%] Built target turtlebot3_msgs__rosidl_typesupport_c__pyext
[2.723s] running egg_info
[2.764s] writing turtlebot3_msgs.egg-info/PKG-INFO
[2.765s] writing dependency_links to turtlebot3_msgs.egg-info/dependency_links.txt
[2.765s] writing top-level names to turtlebot3_msgs.egg-info/top_level.txt
[2.936s] reading manifest file 'turtlebot3_msgs.egg-info/SOURCES.txt'
[2.937s] writing manifest file 'turtlebot3_msgs.egg-info/SOURCES.txt'
[3.096s] [100%] Built target ament_cmake_python_build_turtlebot3_msgs_egg
[3.735s] Invoked command in '/home/pederba/sesasr_project_ws/build/turtlebot3_msgs' returned '0': CMAKE_PREFIX_PATH=${CMAKE_PREFIX_PATH}:/home/pederba/sesasr_project_ws/install/turtlebot3_teleop:/home/pederba/sesasr_project_ws/install/turtlebot3_example:/home/pederba/sesasr_project_ws/install/project_pkg:/opt/ros/humble /usr/bin/cmake --build /home/pederba/sesasr_project_ws/build/turtlebot3_msgs -- -j8 -l8
[5.846s] Invoking command in '/home/pederba/sesasr_project_ws/build/turtlebot3_msgs': CMAKE_PREFIX_PATH=${CMAKE_PREFIX_PATH}:/home/pederba/sesasr_project_ws/install/turtlebot3_teleop:/home/pederba/sesasr_project_ws/install/turtlebot3_example:/home/pederba/sesasr_project_ws/install/project_pkg:/opt/ros/humble /usr/bin/cmake --install /home/pederba/sesasr_project_ws/build/turtlebot3_msgs
[7.222s] -- Install configuration: ""
[7.223s] -- Execute custom install script
[7.223s] -- Up-to-date symlink: /home/pederba/sesasr_project_ws/install/turtlebot3_msgs/share/ament_index/resource_index/rosidl_interfaces/turtlebot3_msgs
[7.229s] -- Up-to-date symlink: /home/pederba/sesasr_project_ws/install/turtlebot3_msgs/include/turtlebot3_msgs/turtlebot3_msgs/action/detail/patrol__functions.h
[7.229s] -- Up-to-date symlink: /home/pederba/sesasr_project_ws/install/turtlebot3_msgs/include/turtlebot3_msgs/turtlebot3_msgs/action/detail/patrol__struct.h
[7.229s] -- Up-to-date symlink: /home/pederba/sesasr_project_ws/install/turtlebot3_msgs/include/turtlebot3_msgs/turtlebot3_msgs/action/detail/patrol__type_support.h
[7.230s] -- Up-to-date symlink: /home/pederba/sesasr_project_ws/install/turtlebot3_msgs/include/turtlebot3_msgs/turtlebot3_msgs/action/patrol.h
[7.233s] -- Up-to-date symlink: /home/pederba/sesasr_project_ws/install/turtlebot3_msgs/include/turtlebot3_msgs/turtlebot3_msgs/msg/detail/sensor_state__functions.h
[7.234s] -- Up-to-date symlink: /home/pederba/sesasr_project_ws/install/turtlebot3_msgs/include/turtlebot3_msgs/turtlebot3_msgs/msg/detail/sensor_state__struct.h
[7.234s] -- Up-to-date symlink: /home/pederba/sesasr_project_ws/install/turtlebot3_msgs/include/turtlebot3_msgs/turtlebot3_msgs/msg/detail/sensor_state__type_support.h
[7.234s] -- Up-to-date symlink: /home/pederba/sesasr_project_ws/install/turtlebot3_msgs/include/turtlebot3_msgs/turtlebot3_msgs/msg/detail/sound__functions.h
[7.234s] -- Up-to-date symlink: /home/pederba/sesasr_project_ws/install/turtlebot3_msgs/include/turtlebot3_msgs/turtlebot3_msgs/msg/detail/sound__struct.h
[7.235s] -- Up-to-date symlink: /home/pederba/sesasr_project_ws/install/turtlebot3_msgs/include/turtlebot3_msgs/turtlebot3_msgs/msg/detail/sound__type_support.h
[7.235s] -- Up-to-date symlink: /home/pederba/sesasr_project_ws/install/turtlebot3_msgs/include/turtlebot3_msgs/turtlebot3_msgs/msg/detail/version_info__functions.h
[7.235s] -- Up-to-date symlink: /home/pederba/sesasr_project_ws/install/turtlebot3_msgs/include/turtlebot3_msgs/turtlebot3_msgs/msg/detail/version_info__struct.h
[7.235s] -- Up-to-date symlink: /home/pederba/sesasr_project_ws/install/turtlebot3_msgs/include/turtlebot3_msgs/turtlebot3_msgs/msg/detail/version_info__type_support.h
[7.235s] -- Up-to-date symlink: /home/pederba/sesasr_project_ws/install/turtlebot3_msgs/include/turtlebot3_msgs/turtlebot3_msgs/msg/rosidl_generator_c__visibility_control.h
[7.236s] -- Up-to-date symlink: /home/pederba/sesasr_project_ws/install/turtlebot3_msgs/include/turtlebot3_msgs/turtlebot3_msgs/msg/sensor_state.h
[7.236s] -- Up-to-date symlink: /home/pederba/sesasr_project_ws/install/turtlebot3_msgs/include/turtlebot3_msgs/turtlebot3_msgs/msg/sound.h
[7.236s] -- Up-to-date symlink: /home/pederba/sesasr_project_ws/install/turtlebot3_msgs/include/turtlebot3_msgs/turtlebot3_msgs/msg/version_info.h
[7.236s] -- Up-to-date symlink: /home/pederba/sesasr_project_ws/install/turtlebot3_msgs/include/turtlebot3_msgs/turtlebot3_msgs/srv/detail/dqn__functions.h
[7.237s] -- Up-to-date symlink: /home/pederba/sesasr_project_ws/install/turtlebot3_msgs/include/turtlebot3_msgs/turtlebot3_msgs/srv/detail/dqn__struct.h
[7.237s] -- Up-to-date symlink: /home/pederba/sesasr_project_ws/install/turtlebot3_msgs/include/turtlebot3_msgs/turtlebot3_msgs/srv/detail/dqn__type_support.h
[7.240s] -- Up-to-date symlink: /home/pederba/sesasr_project_ws/install/turtlebot3_msgs/include/turtlebot3_msgs/turtlebot3_msgs/srv/detail/sound__functions.h
[7.240s] -- Up-to-date symlink: /home/pederba/sesasr_project_ws/install/turtlebot3_msgs/include/turtlebot3_msgs/turtlebot3_msgs/srv/detail/sound__struct.h
[7.241s] -- Up-to-date symlink: /home/pederba/sesasr_project_ws/install/turtlebot3_msgs/include/turtlebot3_msgs/turtlebot3_msgs/srv/detail/sound__type_support.h
[7.242s] -- Up-to-date symlink: /home/pederba/sesasr_project_ws/install/turtlebot3_msgs/include/turtlebot3_msgs/turtlebot3_msgs/srv/dqn.h
[7.243s] -- Up-to-date symlink: /home/pederba/sesasr_project_ws/install/turtlebot3_msgs/include/turtlebot3_msgs/turtlebot3_msgs/srv/sound.h
[7.243s] -- Up-to-date symlink: /home/pederba/sesasr_project_ws/install/turtlebot3_msgs/share/turtlebot3_msgs/environment/library_path.sh
[7.243s] -- Up-to-date symlink: /home/pederba/sesasr_project_ws/install/turtlebot3_msgs/share/turtlebot3_msgs/environment/library_path.dsv
[7.243s] -- Up-to-date symlink: /home/pederba/sesasr_project_ws/install/turtlebot3_msgs/include/turtlebot3_msgs/turtlebot3_msgs/action/detail/patrol__rosidl_typesupport_fastrtps_c.h
[7.243s] -- Up-to-date symlink: /home/pederba/sesasr_project_ws/install/turtlebot3_msgs/include/turtlebot3_msgs/turtlebot3_msgs/msg/detail/sensor_state__rosidl_typesupport_fastrtps_c.h
[7.244s] -- Up-to-date symlink: /home/pederba/sesasr_project_ws/install/turtlebot3_msgs/include/turtlebot3_msgs/turtlebot3_msgs/msg/detail/sound__rosidl_typesupport_fastrtps_c.h
[7.244s] -- Up-to-date symlink: /home/pederba/sesasr_project_ws/install/turtlebot3_msgs/include/turtlebot3_msgs/turtlebot3_msgs/msg/detail/version_info__rosidl_typesupport_fastrtps_c.h
[7.244s] -- Up-to-date symlink: /home/pederba/sesasr_project_ws/install/turtlebot3_msgs/include/turtlebot3_msgs/turtlebot3_msgs/msg/rosidl_typesupport_fastrtps_c__visibility_control.h
[7.244s] -- Up-to-date symlink: /home/pederba/sesasr_project_ws/install/turtlebot3_msgs/include/turtlebot3_msgs/turtlebot3_msgs/srv/detail/dqn__rosidl_typesupport_fastrtps_c.h
[7.244s] -- Up-to-date symlink: /home/pederba/sesasr_project_ws/install/turtlebot3_msgs/include/turtlebot3_msgs/turtlebot3_msgs/srv/detail/sound__rosidl_typesupport_fastrtps_c.h
[7.244s] -- Up-to-date symlink: /home/pederba/sesasr_project_ws/install/turtlebot3_msgs/include/turtlebot3_msgs/turtlebot3_msgs/action/detail/patrol__builder.hpp
[7.244s] -- Up-to-date symlink: /home/pederba/sesasr_project_ws/install/turtlebot3_msgs/include/turtlebot3_msgs/turtlebot3_msgs/action/detail/patrol__struct.hpp
[7.245s] -- Up-to-date symlink: /home/pederba/sesasr_project_ws/install/turtlebot3_msgs/include/turtlebot3_msgs/turtlebot3_msgs/action/detail/patrol__traits.hpp
[7.245s] -- Up-to-date symlink: /home/pederba/sesasr_project_ws/install/turtlebot3_msgs/include/turtlebot3_msgs/turtlebot3_msgs/action/patrol.hpp
[7.245s] -- Up-to-date symlink: /home/pederba/sesasr_project_ws/install/turtlebot3_msgs/include/turtlebot3_msgs/turtlebot3_msgs/msg/detail/sensor_state__builder.hpp
[7.245s] -- Up-to-date symlink: /home/pederba/sesasr_project_ws/install/turtlebot3_msgs/include/turtlebot3_msgs/turtlebot3_msgs/msg/detail/sensor_state__struct.hpp
[7.250s] -- Up-to-date symlink: /home/pederba/sesasr_project_ws/install/turtlebot3_msgs/include/turtlebot3_msgs/turtlebot3_msgs/msg/detail/sensor_state__traits.hpp
[7.252s] -- Up-to-date symlink: /home/pederba/sesasr_project_ws/install/turtlebot3_msgs/include/turtlebot3_msgs/turtlebot3_msgs/msg/detail/sound__builder.hpp
[7.254s] -- Up-to-date symlink: /home/pederba/sesasr_project_ws/install/turtlebot3_msgs/include/turtlebot3_msgs/turtlebot3_msgs/msg/detail/sound__struct.hpp
[7.254s] -- Up-to-date symlink: /home/pederba/sesasr_project_ws/install/turtlebot3_msgs/include/turtlebot3_msgs/turtlebot3_msgs/msg/detail/sound__traits.hpp
[7.254s] -- Up-to-date symlink: /home/pederba/sesasr_project_ws/install/turtlebot3_msgs/include/turtlebot3_msgs/turtlebot3_msgs/msg/detail/version_info__builder.hpp
[7.254s] -- Up-to-date symlink: /home/pederba/sesasr_project_ws/install/turtlebot3_msgs/include/turtlebot3_msgs/turtlebot3_msgs/msg/detail/version_info__struct.hpp
[7.254s] -- Up-to-date symlink: /home/pederba/sesasr_project_ws/install/turtlebot3_msgs/include/turtlebot3_msgs/turtlebot3_msgs/msg/detail/version_info__traits.hpp
[7.255s] -- Up-to-date symlink: /home/pederba/sesasr_project_ws/install/turtlebot3_msgs/include/turtlebot3_msgs/turtlebot3_msgs/msg/sensor_state.hpp
[7.255s] -- Up-to-date symlink: /home/pederba/sesasr_project_ws/install/turtlebot3_msgs/include/turtlebot3_msgs/turtlebot3_msgs/msg/sound.hpp
[7.255s] -- Up-to-date symlink: /home/pederba/sesasr_project_ws/install/turtlebot3_msgs/include/turtlebot3_msgs/turtlebot3_msgs/msg/version_info.hpp
[7.255s] -- Up-to-date symlink: /home/pederba/sesasr_project_ws/install/turtlebot3_msgs/include/turtlebot3_msgs/turtlebot3_msgs/srv/detail/dqn__builder.hpp
[7.255s] -- Up-to-date symlink: /home/pederba/sesasr_project_ws/install/turtlebot3_msgs/include/turtlebot3_msgs/turtlebot3_msgs/srv/detail/dqn__struct.hpp
[7.255s] -- Up-to-date symlink: /home/pederba/sesasr_project_ws/install/turtlebot3_msgs/include/turtlebot3_msgs/turtlebot3_msgs/srv/detail/dqn__traits.hpp
[7.256s] -- Up-to-date symlink: /home/pederba/sesasr_project_ws/install/turtlebot3_msgs/include/turtlebot3_msgs/turtlebot3_msgs/srv/detail/sound__builder.hpp
[7.256s] -- Up-to-date symlink: /home/pederba/sesasr_project_ws/install/turtlebot3_msgs/include/turtlebot3_msgs/turtlebot3_msgs/srv/detail/sound__struct.hpp
[7.256s] -- Up-to-date symlink: /home/pederba/sesasr_project_ws/install/turtlebot3_msgs/include/turtlebot3_msgs/turtlebot3_msgs/srv/detail/sound__traits.hpp
[7.256s] -- Up-to-date symlink: /home/pederba/sesasr_project_ws/install/turtlebot3_msgs/include/turtlebot3_msgs/turtlebot3_msgs/srv/dqn.hpp
[7.256s] -- Up-to-date symlink: /home/pederba/sesasr_project_ws/install/turtlebot3_msgs/include/turtlebot3_msgs/turtlebot3_msgs/srv/sound.hpp
[7.257s] -- Up-to-date symlink: /home/pederba/sesasr_project_ws/install/turtlebot3_msgs/include/turtlebot3_msgs/turtlebot3_msgs/action/detail/patrol__rosidl_typesupport_fastrtps_cpp.hpp
[7.257s] -- Up-to-date symlink: /home/pederba/sesasr_project_ws/install/turtlebot3_msgs/include/turtlebot3_msgs/turtlebot3_msgs/msg/detail/sensor_state__rosidl_typesupport_fastrtps_cpp.hpp
[7.257s] -- Up-to-date symlink: /home/pederba/sesasr_project_ws/install/turtlebot3_msgs/include/turtlebot3_msgs/turtlebot3_msgs/msg/detail/sound__rosidl_typesupport_fastrtps_cpp.hpp
[7.261s] -- Up-to-date symlink: /home/pederba/sesasr_project_ws/install/turtlebot3_msgs/include/turtlebot3_msgs/turtlebot3_msgs/msg/detail/version_info__rosidl_typesupport_fastrtps_cpp.hpp
[7.262s] -- Up-to-date symlink: /home/pederba/sesasr_project_ws/install/turtlebot3_msgs/include/turtlebot3_msgs/turtlebot3_msgs/msg/rosidl_typesupport_fastrtps_cpp__visibility_control.h
[7.262s] -- Up-to-date symlink: /home/pederba/sesasr_project_ws/install/turtlebot3_msgs/include/turtlebot3_msgs/turtlebot3_msgs/srv/detail/dqn__rosidl_typesupport_fastrtps_cpp.hpp
[7.262s] -- Up-to-date symlink: /home/pederba/sesasr_project_ws/install/turtlebot3_msgs/include/turtlebot3_msgs/turtlebot3_msgs/srv/detail/sound__rosidl_typesupport_fastrtps_cpp.hpp
[7.262s] -- Up-to-date symlink: /home/pederba/sesasr_project_ws/install/turtlebot3_msgs/include/turtlebot3_msgs/turtlebot3_msgs/action/detail/patrol__rosidl_typesupport_introspection_c.h
[7.263s] -- Up-to-date symlink: /home/pederba/sesasr_project_ws/install/turtlebot3_msgs/include/turtlebot3_msgs/turtlebot3_msgs/msg/detail/sensor_state__rosidl_typesupport_introspection_c.h
[7.263s] -- Up-to-date symlink: /home/pederba/sesasr_project_ws/install/turtlebot3_msgs/include/turtlebot3_msgs/turtlebot3_msgs/msg/detail/sound__rosidl_typesupport_introspection_c.h
[7.263s] -- Up-to-date symlink: /home/pederba/sesasr_project_ws/install/turtlebot3_msgs/include/turtlebot3_msgs/turtlebot3_msgs/msg/detail/version_info__rosidl_typesupport_introspection_c.h
[7.263s] -- Up-to-date symlink: /home/pederba/sesasr_project_ws/install/turtlebot3_msgs/include/turtlebot3_msgs/turtlebot3_msgs/msg/rosidl_typesupport_introspection_c__visibility_control.h
[7.263s] -- Up-to-date symlink: /home/pederba/sesasr_project_ws/install/turtlebot3_msgs/include/turtlebot3_msgs/turtlebot3_msgs/srv/detail/dqn__rosidl_typesupport_introspection_c.h
[7.263s] -- Up-to-date symlink: /home/pederba/sesasr_project_ws/install/turtlebot3_msgs/include/turtlebot3_msgs/turtlebot3_msgs/srv/detail/sound__rosidl_typesupport_introspection_c.h
[7.264s] -- Up-to-date symlink: /home/pederba/sesasr_project_ws/install/turtlebot3_msgs/include/turtlebot3_msgs/turtlebot3_msgs/action/detail/patrol__rosidl_typesupport_introspection_cpp.hpp
[7.264s] -- Up-to-date symlink: /home/pederba/sesasr_project_ws/install/turtlebot3_msgs/include/turtlebot3_msgs/turtlebot3_msgs/msg/detail/sensor_state__rosidl_typesupport_introspection_cpp.hpp
[7.264s] -- Up-to-date symlink: /home/pederba/sesasr_project_ws/install/turtlebot3_msgs/include/turtlebot3_msgs/turtlebot3_msgs/msg/detail/sound__rosidl_typesupport_introspection_cpp.hpp
[7.264s] -- Up-to-date symlink: /home/pederba/sesasr_project_ws/install/turtlebot3_msgs/include/turtlebot3_msgs/turtlebot3_msgs/msg/detail/version_info__rosidl_typesupport_introspection_cpp.hpp
[7.264s] -- Up-to-date symlink: /home/pederba/sesasr_project_ws/install/turtlebot3_msgs/include/turtlebot3_msgs/turtlebot3_msgs/srv/detail/dqn__rosidl_typesupport_introspection_cpp.hpp
[7.264s] -- Up-to-date symlink: /home/pederba/sesasr_project_ws/install/turtlebot3_msgs/include/turtlebot3_msgs/turtlebot3_msgs/srv/detail/sound__rosidl_typesupport_introspection_cpp.hpp
[7.265s] -- Up-to-date symlink: /home/pederba/sesasr_project_ws/install/turtlebot3_msgs/share/turtlebot3_msgs/environment/pythonpath.sh
[7.265s] -- Up-to-date symlink: /home/pederba/sesasr_project_ws/install/turtlebot3_msgs/share/turtlebot3_msgs/environment/pythonpath.dsv
[7.265s] -- Up-to-date symlink: /home/pederba/sesasr_project_ws/install/turtlebot3_msgs/local/lib/python3.10/dist-packages/turtlebot3_msgs-2.2.3-py3.10.egg-info/PKG-INFO
[7.265s] -- Up-to-date symlink: /home/pederba/sesasr_project_ws/install/turtlebot3_msgs/local/lib/python3.10/dist-packages/turtlebot3_msgs-2.2.3-py3.10.egg-info/SOURCES.txt
[7.265s] -- Up-to-date symlink: /home/pederba/sesasr_project_ws/install/turtlebot3_msgs/local/lib/python3.10/dist-packages/turtlebot3_msgs-2.2.3-py3.10.egg-info/dependency_links.txt
[7.265s] -- Up-to-date symlink: /home/pederba/sesasr_project_ws/install/turtlebot3_msgs/local/lib/python3.10/dist-packages/turtlebot3_msgs-2.2.3-py3.10.egg-info/top_level.txt
[7.266s] -- Up-to-date symlink: /home/pederba/sesasr_project_ws/install/turtlebot3_msgs/local/lib/python3.10/dist-packages/turtlebot3_msgs/__init__.py
[7.266s] -- Up-to-date symlink: /home/pederba/sesasr_project_ws/install/turtlebot3_msgs/local/lib/python3.10/dist-packages/turtlebot3_msgs/_turtlebot3_msgs_s.ep.rosidl_typesupport_c.c
[7.266s] -- Up-to-date symlink: /home/pederba/sesasr_project_ws/install/turtlebot3_msgs/local/lib/python3.10/dist-packages/turtlebot3_msgs/_turtlebot3_msgs_s.ep.rosidl_typesupport_fastrtps_c.c
[7.266s] -- Up-to-date symlink: /home/pederba/sesasr_project_ws/install/turtlebot3_msgs/local/lib/python3.10/dist-packages/turtlebot3_msgs/_turtlebot3_msgs_s.ep.rosidl_typesupport_introspection_c.c
[7.266s] -- Up-to-date symlink: /home/pederba/sesasr_project_ws/install/turtlebot3_msgs/local/lib/python3.10/dist-packages/turtlebot3_msgs/action/__init__.py
[7.266s] -- Up-to-date symlink: /home/pederba/sesasr_project_ws/install/turtlebot3_msgs/local/lib/python3.10/dist-packages/turtlebot3_msgs/action/_patrol.py
[7.266s] -- Up-to-date symlink: /home/pederba/sesasr_project_ws/install/turtlebot3_msgs/local/lib/python3.10/dist-packages/turtlebot3_msgs/action/_patrol_s.c
[7.267s] -- Up-to-date symlink: /home/pederba/sesasr_project_ws/install/turtlebot3_msgs/local/lib/python3.10/dist-packages/turtlebot3_msgs/libturtlebot3_msgs__rosidl_generator_py.so
[7.267s] -- Up-to-date symlink: /home/pederba/sesasr_project_ws/install/turtlebot3_msgs/local/lib/python3.10/dist-packages/turtlebot3_msgs/msg/__init__.py
[7.267s] -- Up-to-date symlink: /home/pederba/sesasr_project_ws/install/turtlebot3_msgs/local/lib/python3.10/dist-packages/turtlebot3_msgs/msg/_sensor_state.py
[7.267s] -- Up-to-date symlink: /home/pederba/sesasr_project_ws/install/turtlebot3_msgs/local/lib/python3.10/dist-packages/turtlebot3_msgs/msg/_sensor_state_s.c
[7.268s] -- Up-to-date symlink: /home/pederba/sesasr_project_ws/install/turtlebot3_msgs/local/lib/python3.10/dist-packages/turtlebot3_msgs/msg/_sound.py
[7.269s] -- Up-to-date symlink: /home/pederba/sesasr_project_ws/install/turtlebot3_msgs/local/lib/python3.10/dist-packages/turtlebot3_msgs/msg/_sound_s.c
[7.270s] -- Up-to-date symlink: /home/pederba/sesasr_project_ws/install/turtlebot3_msgs/local/lib/python3.10/dist-packages/turtlebot3_msgs/msg/_version_info.py
[7.270s] -- Up-to-date symlink: /home/pederba/sesasr_project_ws/install/turtlebot3_msgs/local/lib/python3.10/dist-packages/turtlebot3_msgs/msg/_version_info_s.c
[7.270s] -- Up-to-date symlink: /home/pederba/sesasr_project_ws/install/turtlebot3_msgs/local/lib/python3.10/dist-packages/turtlebot3_msgs/srv/__init__.py
[7.270s] -- Up-to-date symlink: /home/pederba/sesasr_project_ws/install/turtlebot3_msgs/local/lib/python3.10/dist-packages/turtlebot3_msgs/srv/_dqn.py
[7.271s] -- Up-to-date symlink: /home/pederba/sesasr_project_ws/install/turtlebot3_msgs/local/lib/python3.10/dist-packages/turtlebot3_msgs/srv/_dqn_s.c
[7.271s] -- Up-to-date symlink: /home/pederba/sesasr_project_ws/install/turtlebot3_msgs/local/lib/python3.10/dist-packages/turtlebot3_msgs/srv/_sound.py
[7.271s] -- Up-to-date symlink: /home/pederba/sesasr_project_ws/install/turtlebot3_msgs/local/lib/python3.10/dist-packages/turtlebot3_msgs/srv/_sound_s.c
[7.271s] -- Up-to-date symlink: /home/pederba/sesasr_project_ws/install/turtlebot3_msgs/local/lib/python3.10/dist-packages/turtlebot3_msgs/turtlebot3_msgs_s__rosidl_typesupport_c.cpython-310-x86_64-linux-gnu.so
[7.288s] -- Up-to-date symlink: /home/pederba/sesasr_project_ws/install/turtlebot3_msgs/local/lib/python3.10/dist-packages/turtlebot3_msgs/turtlebot3_msgs_s__rosidl_typesupport_fastrtps_c.cpython-310-x86_64-linux-gnu.so
[7.289s] -- Up-to-date symlink: /home/pederba/sesasr_project_ws/install/turtlebot3_msgs/local/lib/python3.10/dist-packages/turtlebot3_msgs/turtlebot3_msgs_s__rosidl_typesupport_introspection_c.cpython-310-x86_64-linux-gnu.so
[7.289s] -- Up-to-date symlink: /home/pederba/sesasr_project_ws/install/turtlebot3_msgs/local/lib/python3.10/dist-packages/turtlebot3_msgs/turtlebot3_msgs_s__rosidl_typesupport_fastrtps_c.cpython-310-x86_64-linux-gnu.so
[7.304s] -- Up-to-date symlink: /home/pederba/sesasr_project_ws/install/turtlebot3_msgs/local/lib/python3.10/dist-packages/turtlebot3_msgs/turtlebot3_msgs_s__rosidl_typesupport_introspection_c.cpython-310-x86_64-linux-gnu.so
[7.304s] -- Up-to-date symlink: /home/pederba/sesasr_project_ws/install/turtlebot3_msgs/local/lib/python3.10/dist-packages/turtlebot3_msgs/turtlebot3_msgs_s__rosidl_typesupport_c.cpython-310-x86_64-linux-gnu.so
[7.305s] -- Up-to-date symlink: /home/pederba/sesasr_project_ws/install/turtlebot3_msgs/share/turtlebot3_msgs/msg/SensorState.idl
[7.305s] -- Up-to-date symlink: /home/pederba/sesasr_project_ws/install/turtlebot3_msgs/share/turtlebot3_msgs/msg/Sound.idl
[7.305s] -- Up-to-date symlink: /home/pederba/sesasr_project_ws/install/turtlebot3_msgs/share/turtlebot3_msgs/msg/VersionInfo.idl
[7.305s] -- Up-to-date symlink: /home/pederba/sesasr_project_ws/install/turtlebot3_msgs/share/turtlebot3_msgs/srv/Sound.idl
[7.315s] -- Up-to-date symlink: /home/pederba/sesasr_project_ws/install/turtlebot3_msgs/share/turtlebot3_msgs/srv/Dqn.idl
[7.317s] -- Up-to-date symlink: /home/pederba/sesasr_project_ws/install/turtlebot3_msgs/share/turtlebot3_msgs/action/Patrol.idl
[7.318s] -- Up-to-date symlink: /home/pederba/sesasr_project_ws/install/turtlebot3_msgs/share/turtlebot3_msgs/msg/SensorState.msg
[7.318s] -- Up-to-date symlink: /home/pederba/sesasr_project_ws/install/turtlebot3_msgs/share/turtlebot3_msgs/msg/Sound.msg
[7.318s] -- Up-to-date symlink: /home/pederba/sesasr_project_ws/install/turtlebot3_msgs/share/turtlebot3_msgs/msg/VersionInfo.msg
[7.318s] -- Up-to-date symlink: /home/pederba/sesasr_project_ws/install/turtlebot3_msgs/share/turtlebot3_msgs/srv/Sound.srv
[7.318s] -- Up-to-date symlink: /home/pederba/sesasr_project_ws/install/turtlebot3_msgs/share/turtlebot3_msgs/srv/Sound_Request.msg
[7.319s] -- Up-to-date symlink: /home/pederba/sesasr_project_ws/install/turtlebot3_msgs/share/turtlebot3_msgs/srv/Sound_Response.msg
[7.319s] -- Up-to-date symlink: /home/pederba/sesasr_project_ws/install/turtlebot3_msgs/share/turtlebot3_msgs/srv/Dqn.srv
[7.319s] -- Up-to-date symlink: /home/pederba/sesasr_project_ws/install/turtlebot3_msgs/share/turtlebot3_msgs/srv/Dqn_Request.msg
[7.319s] -- Up-to-date symlink: /home/pederba/sesasr_project_ws/install/turtlebot3_msgs/share/turtlebot3_msgs/srv/Dqn_Response.msg
[7.319s] -- Up-to-date symlink: /home/pederba/sesasr_project_ws/install/turtlebot3_msgs/share/turtlebot3_msgs/action/Patrol.action
[7.319s] -- Up-to-date symlink: /home/pederba/sesasr_project_ws/install/turtlebot3_msgs/share/ament_index/resource_index/package_run_dependencies/turtlebot3_msgs
[7.320s] -- Up-to-date symlink: /home/pederba/sesasr_project_ws/install/turtlebot3_msgs/share/ament_index/resource_index/parent_prefix_path/turtlebot3_msgs
[7.320s] -- Up-to-date symlink: /home/pederba/sesasr_project_ws/install/turtlebot3_msgs/share/turtlebot3_msgs/environment/ament_prefix_path.sh
[7.320s] -- Up-to-date symlink: /home/pederba/sesasr_project_ws/install/turtlebot3_msgs/share/turtlebot3_msgs/environment/ament_prefix_path.dsv
[7.320s] -- Up-to-date symlink: /home/pederba/sesasr_project_ws/install/turtlebot3_msgs/share/turtlebot3_msgs/environment/path.sh
[7.320s] -- Up-to-date symlink: /home/pederba/sesasr_project_ws/install/turtlebot3_msgs/share/turtlebot3_msgs/environment/path.dsv
[7.321s] -- Up-to-date symlink: /home/pederba/sesasr_project_ws/install/turtlebot3_msgs/share/turtlebot3_msgs/local_setup.bash
[7.322s] -- Up-to-date symlink: /home/pederba/sesasr_project_ws/install/turtlebot3_msgs/share/turtlebot3_msgs/local_setup.sh
[7.324s] -- Up-to-date symlink: /home/pederba/sesasr_project_ws/install/turtlebot3_msgs/share/turtlebot3_msgs/local_setup.zsh
[7.324s] -- Up-to-date symlink: /home/pederba/sesasr_project_ws/install/turtlebot3_msgs/share/turtlebot3_msgs/local_setup.dsv
[7.329s] -- Symlinking: /home/pederba/sesasr_project_ws/install/turtlebot3_msgs/share/turtlebot3_msgs/package.dsv
[7.329s] -- Up-to-date symlink: /home/pederba/sesasr_project_ws/install/turtlebot3_msgs/share/ament_index/resource_index/packages/turtlebot3_msgs
[7.330s] -- Up-to-date symlink: /home/pederba/sesasr_project_ws/install/turtlebot3_msgs/share/turtlebot3_msgs/cmake/rosidl_cmake-extras.cmake
[7.330s] -- Up-to-date symlink: /home/pederba/sesasr_project_ws/install/turtlebot3_msgs/share/turtlebot3_msgs/cmake/ament_cmake_export_dependencies-extras.cmake
[7.330s] -- Up-to-date symlink: /home/pederba/sesasr_project_ws/install/turtlebot3_msgs/share/turtlebot3_msgs/cmake/ament_cmake_export_include_directories-extras.cmake
[7.330s] -- Up-to-date symlink: /home/pederba/sesasr_project_ws/install/turtlebot3_msgs/share/turtlebot3_msgs/cmake/ament_cmake_export_libraries-extras.cmake
[7.330s] -- Up-to-date symlink: /home/pederba/sesasr_project_ws/install/turtlebot3_msgs/share/turtlebot3_msgs/cmake/ament_cmake_export_targets-extras.cmake
[7.331s] -- Up-to-date symlink: /home/pederba/sesasr_project_ws/install/turtlebot3_msgs/share/turtlebot3_msgs/cmake/rosidl_cmake_export_typesupport_targets-extras.cmake
[7.331s] -- Up-to-date symlink: /home/pederba/sesasr_project_ws/install/turtlebot3_msgs/share/turtlebot3_msgs/cmake/rosidl_cmake_export_typesupport_libraries-extras.cmake
[7.331s] -- Up-to-date symlink: /home/pederba/sesasr_project_ws/install/turtlebot3_msgs/share/turtlebot3_msgs/cmake/turtlebot3_msgsConfig.cmake
[7.331s] -- Up-to-date symlink: /home/pederba/sesasr_project_ws/install/turtlebot3_msgs/share/turtlebot3_msgs/cmake/turtlebot3_msgsConfig-version.cmake
[7.331s] -- Up-to-date symlink: /home/pederba/sesasr_project_ws/install/turtlebot3_msgs/share/turtlebot3_msgs/package.xml
[7.332s] -- Up-to-date: /home/pederba/sesasr_project_ws/install/turtlebot3_msgs/lib/libturtlebot3_msgs__rosidl_generator_c.so
[7.332s] -- Up-to-date: /home/pederba/sesasr_project_ws/install/turtlebot3_msgs/lib/libturtlebot3_msgs__rosidl_typesupport_fastrtps_c.so
[7.332s] -- Up-to-date: /home/pederba/sesasr_project_ws/install/turtlebot3_msgs/lib/libturtlebot3_msgs__rosidl_typesupport_fastrtps_cpp.so
[7.332s] -- Up-to-date: /home/pederba/sesasr_project_ws/install/turtlebot3_msgs/lib/libturtlebot3_msgs__rosidl_typesupport_introspection_c.so
[7.332s] -- Up-to-date: /home/pederba/sesasr_project_ws/install/turtlebot3_msgs/lib/libturtlebot3_msgs__rosidl_typesupport_c.so
[7.332s] -- Up-to-date: /home/pederba/sesasr_project_ws/install/turtlebot3_msgs/lib/libturtlebot3_msgs__rosidl_typesupport_introspection_cpp.so
[7.333s] -- Up-to-date: /home/pederba/sesasr_project_ws/install/turtlebot3_msgs/lib/libturtlebot3_msgs__rosidl_typesupport_cpp.so
[7.398s] Listing '/home/pederba/sesasr_project_ws/install/turtlebot3_msgs/local/lib/python3.10/dist-packages/turtlebot3_msgs'...
[7.398s] Listing '/home/pederba/sesasr_project_ws/install/turtlebot3_msgs/local/lib/python3.10/dist-packages/turtlebot3_msgs/action'...
[7.398s] Listing '/home/pederba/sesasr_project_ws/install/turtlebot3_msgs/local/lib/python3.10/dist-packages/turtlebot3_msgs/msg'...
[7.398s] Listing '/home/pederba/sesasr_project_ws/install/turtlebot3_msgs/local/lib/python3.10/dist-packages/turtlebot3_msgs/srv'...
[7.434s] -- Up-to-date: /home/pederba/sesasr_project_ws/install/turtlebot3_msgs/lib/libturtlebot3_msgs__rosidl_generator_py.so
[7.441s] -- Up-to-date: /home/pederba/sesasr_project_ws/install/turtlebot3_msgs/share/turtlebot3_msgs/cmake/export_turtlebot3_msgs__rosidl_generator_cExport.cmake
[7.441s] -- Up-to-date: /home/pederba/sesasr_project_ws/install/turtlebot3_msgs/share/turtlebot3_msgs/cmake/export_turtlebot3_msgs__rosidl_generator_cExport-noconfig.cmake
[7.441s] -- Up-to-date: /home/pederba/sesasr_project_ws/install/turtlebot3_msgs/share/turtlebot3_msgs/cmake/export_turtlebot3_msgs__rosidl_typesupport_fastrtps_cExport.cmake
[7.441s] -- Up-to-date: /home/pederba/sesasr_project_ws/install/turtlebot3_msgs/share/turtlebot3_msgs/cmake/export_turtlebot3_msgs__rosidl_typesupport_fastrtps_cExport-noconfig.cmake
[7.441s] -- Up-to-date: /home/pederba/sesasr_project_ws/install/turtlebot3_msgs/share/turtlebot3_msgs/cmake/export_turtlebot3_msgs__rosidl_generator_cppExport.cmake
[7.441s] -- Up-to-date: /home/pederba/sesasr_project_ws/install/turtlebot3_msgs/share/turtlebot3_msgs/cmake/export_turtlebot3_msgs__rosidl_typesupport_fastrtps_cppExport.cmake
[7.442s] -- Up-to-date: /home/pederba/sesasr_project_ws/install/turtlebot3_msgs/share/turtlebot3_msgs/cmake/export_turtlebot3_msgs__rosidl_typesupport_fastrtps_cppExport-noconfig.cmake
[7.442s] -- Up-to-date: /home/pederba/sesasr_project_ws/install/turtlebot3_msgs/share/turtlebot3_msgs/cmake/turtlebot3_msgs__rosidl_typesupport_introspection_cExport.cmake
[7.442s] -- Up-to-date: /home/pederba/sesasr_project_ws/install/turtlebot3_msgs/share/turtlebot3_msgs/cmake/turtlebot3_msgs__rosidl_typesupport_introspection_cExport-noconfig.cmake
[7.442s] -- Up-to-date: /home/pederba/sesasr_project_ws/install/turtlebot3_msgs/share/turtlebot3_msgs/cmake/turtlebot3_msgs__rosidl_typesupport_cExport.cmake
[7.442s] -- Up-to-date: /home/pederba/sesasr_project_ws/install/turtlebot3_msgs/share/turtlebot3_msgs/cmake/turtlebot3_msgs__rosidl_typesupport_cExport-noconfig.cmake
[7.442s] -- Up-to-date: /home/pederba/sesasr_project_ws/install/turtlebot3_msgs/share/turtlebot3_msgs/cmake/turtlebot3_msgs__rosidl_typesupport_introspection_cppExport.cmake
[7.442s] -- Up-to-date: /home/pederba/sesasr_project_ws/install/turtlebot3_msgs/share/turtlebot3_msgs/cmake/turtlebot3_msgs__rosidl_typesupport_introspection_cppExport-noconfig.cmake
[7.442s] -- Up-to-date: /home/pederba/sesasr_project_ws/install/turtlebot3_msgs/share/turtlebot3_msgs/cmake/turtlebot3_msgs__rosidl_typesupport_cppExport.cmake
[7.443s] -- Up-to-date: /home/pederba/sesasr_project_ws/install/turtlebot3_msgs/share/turtlebot3_msgs/cmake/turtlebot3_msgs__rosidl_typesupport_cppExport-noconfig.cmake
[7.443s] -- Up-to-date: /home/pederba/sesasr_project_ws/install/turtlebot3_msgs/share/turtlebot3_msgs/cmake/export_turtlebot3_msgs__rosidl_generator_pyExport.cmake
[7.443s] -- Up-to-date: /home/pederba/sesasr_project_ws/install/turtlebot3_msgs/share/turtlebot3_msgs/cmake/export_turtlebot3_msgs__rosidl_generator_pyExport-noconfig.cmake
[8.070s] Invoked command in '/home/pederba/sesasr_project_ws/build/turtlebot3_msgs' returned '0': CMAKE_PREFIX_PATH=${CMAKE_PREFIX_PATH}:/home/pederba/sesasr_project_ws/install/turtlebot3_teleop:/home/pederba/sesasr_project_ws/install/turtlebot3_example:/home/pederba/sesasr_project_ws/install/project_pkg:/opt/ros/humble /usr/bin/cmake --install /home/pederba/sesasr_project_ws/build/turtlebot3_msgs
