[5.390s] Invoking command in '/home/pederba/sesasr_project_ws/src/project_pkg': PYTHONPATH=/home/pederba/sesasr_project_ws/build/project_pkg/prefix_override:/home/pederba/sesasr_project_ws/install/project_pkg/lib/python3.10/site-packages:${PYTHONPATH} /usr/bin/python3 setup.py egg_info --egg-base ../../build/project_pkg build --build-base /home/pederba/sesasr_project_ws/build/project_pkg/build install --record /home/pederba/sesasr_project_ws/build/project_pkg/install.log --single-version-externally-managed
[6.997s] /home/pederba/.local/lib/python3.10/site-packages/setuptools/command/install.py:34: SetuptoolsDeprecationWarning: setup.py install is deprecated. Use build and pip and other standards-based tools.
[6.997s]   warnings.warn(
[6.998s] running egg_info
[6.998s] writing ../../build/project_pkg/project_pkg.egg-info/PKG-INFO
[6.998s] writing dependency_links to ../../build/project_pkg/project_pkg.egg-info/dependency_links.txt
[6.998s] writing entry points to ../../build/project_pkg/project_pkg.egg-info/entry_points.txt
[6.998s] writing requirements to ../../build/project_pkg/project_pkg.egg-info/requires.txt
[6.999s] writing top-level names to ../../build/project_pkg/project_pkg.egg-info/top_level.txt
[6.999s] reading manifest file '../../build/project_pkg/project_pkg.egg-info/SOURCES.txt'
[6.999s] writing manifest file '../../build/project_pkg/project_pkg.egg-info/SOURCES.txt'
[6.999s] running build
[6.999s] running build_py
[6.999s] running install
[7.000s] running install_lib
[7.000s] running install_data
[7.000s] copying launch/localization.launch.py -> /home/pederba/sesasr_project_ws/install/project_pkg/share/project_pkg/launch
[7.000s] running install_egg_info
[7.000s] removing '/home/pederba/sesasr_project_ws/install/project_pkg/lib/python3.10/site-packages/project_pkg-0.0.0-py3.10.egg-info' (and everything under it)
[7.000s] Copying ../../build/project_pkg/project_pkg.egg-info to /home/pederba/sesasr_project_ws/install/project_pkg/lib/python3.10/site-packages/project_pkg-0.0.0-py3.10.egg-info
[7.001s] running install_scripts
[7.016s] Installing localization_node script to /home/pederba/sesasr_project_ws/install/project_pkg/lib/project_pkg
[7.017s] Installing recorder script to /home/pederba/sesasr_project_ws/install/project_pkg/lib/project_pkg
[7.019s] writing list of installed files to '/home/pederba/sesasr_project_ws/build/project_pkg/install.log'
[7.512s] Invoked command in '/home/pederba/sesasr_project_ws/src/project_pkg' returned '0': PYTHONPATH=/home/pederba/sesasr_project_ws/build/project_pkg/prefix_override:/home/pederba/sesasr_project_ws/install/project_pkg/lib/python3.10/site-packages:${PYTHONPATH} /usr/bin/python3 setup.py egg_info --egg-base ../../build/project_pkg build --build-base /home/pederba/sesasr_project_ws/build/project_pkg/build install --record /home/pederba/sesasr_project_ws/build/project_pkg/install.log --single-version-externally-managed
