[1.304s] Invoking command in '/home/pederba/sesasr_project_ws/build/turtlebot3_bringup': AMENT_PREFIX_PATH=/home/pederba/sesasr_project_ws/install/turtlebot3_description:${AMENT_PREFIX_PATH} CMAKE_PREFIX_PATH=/home/pederba/sesasr_project_ws/install/turtlebot3_description:/opt/ros/humble /usr/bin/cmake /home/pederba/sesasr_project_ws/src/turtlebot3/turtlebot3_bringup -DCMAKE_INSTALL_PREFIX=/home/pederba/sesasr_project_ws/install/turtlebot3_bringup
[1.342s] -- Found ament_cmake: 1.3.6 (/opt/ros/humble/share/ament_cmake/cmake)
[1.782s] -- Override CMake install command with custom implementation using symlinks instead of copying resources
[1.998s] -- Configuring done
[2.011s] -- Generating done
[2.013s] -- Build files have been written to: /home/pederba/sesasr_project_ws/build/turtlebot3_bringup
[2.054s] Invoked command in '/home/pederba/sesasr_project_ws/build/turtlebot3_bringup' returned '0': AMENT_PREFIX_PATH=/home/pederba/sesasr_project_ws/install/turtlebot3_description:${AMENT_PREFIX_PATH} CMAKE_PREFIX_PATH=/home/pederba/sesasr_project_ws/install/turtlebot3_description:/opt/ros/humble /usr/bin/cmake /home/pederba/sesasr_project_ws/src/turtlebot3/turtlebot3_bringup -DCMAKE_INSTALL_PREFIX=/home/pederba/sesasr_project_ws/install/turtlebot3_bringup
[2.055s] Invoking command in '/home/pederba/sesasr_project_ws/build/turtlebot3_bringup': AMENT_PREFIX_PATH=/home/pederba/sesasr_project_ws/install/turtlebot3_description:${AMENT_PREFIX_PATH} CMAKE_PREFIX_PATH=/home/pederba/sesasr_project_ws/install/turtlebot3_description:/opt/ros/humble /usr/bin/cmake --build /home/pederba/sesasr_project_ws/build/turtlebot3_bringup -- -j8 -l8
[2.263s] Invoked command in '/home/pederba/sesasr_project_ws/build/turtlebot3_bringup' returned '0': AMENT_PREFIX_PATH=/home/pederba/sesasr_project_ws/install/turtlebot3_description:${AMENT_PREFIX_PATH} CMAKE_PREFIX_PATH=/home/pederba/sesasr_project_ws/install/turtlebot3_description:/opt/ros/humble /usr/bin/cmake --build /home/pederba/sesasr_project_ws/build/turtlebot3_bringup -- -j8 -l8
[2.605s] Invoking command in '/home/pederba/sesasr_project_ws/build/turtlebot3_bringup': AMENT_PREFIX_PATH=/home/pederba/sesasr_project_ws/install/turtlebot3_description:${AMENT_PREFIX_PATH} CMAKE_PREFIX_PATH=/home/pederba/sesasr_project_ws/install/turtlebot3_description:/opt/ros/humble /usr/bin/cmake --install /home/pederba/sesasr_project_ws/build/turtlebot3_bringup
[2.626s] -- Install configuration: ""
[2.626s] -- Execute custom install script
[2.626s] -- Up-to-date symlink: /home/pederba/sesasr_project_ws/install/turtlebot3_bringup/share/turtlebot3_bringup/launch/base.launch.py
[2.626s] -- Up-to-date symlink: /home/pederba/sesasr_project_ws/install/turtlebot3_bringup/share/turtlebot3_bringup/launch/fake.launch.py
[2.626s] -- Up-to-date symlink: /home/pederba/sesasr_project_ws/install/turtlebot3_bringup/share/turtlebot3_bringup/launch/gazebo.launch.py
[2.626s] -- Up-to-date symlink: /home/pederba/sesasr_project_ws/install/turtlebot3_bringup/share/turtlebot3_bringup/launch/hardware.launch.py
[2.627s] -- Up-to-date symlink: /home/pederba/sesasr_project_ws/install/turtlebot3_bringup/share/turtlebot3_bringup/launch/lab03.launch.py
[2.627s] -- Up-to-date symlink: /home/pederba/sesasr_project_ws/install/turtlebot3_bringup/share/turtlebot3_bringup/config/burger/gazebo_controller_manager.yaml
[2.627s] -- Up-to-date symlink: /home/pederba/sesasr_project_ws/install/turtlebot3_bringup/share/turtlebot3_bringup/config/burger/hardware_controller_manager.yaml
[2.628s] -- Up-to-date symlink: /home/pederba/sesasr_project_ws/install/turtlebot3_bringup/share/turtlebot3_bringup/config/burger/twist_mux.yaml
[2.628s] -- Up-to-date symlink: /home/pederba/sesasr_project_ws/install/turtlebot3_bringup/share/turtlebot3_bringup/config/waffle_pi/gazebo_controller_manager.yaml
[2.629s] -- Up-to-date symlink: /home/pederba/sesasr_project_ws/install/turtlebot3_bringup/share/turtlebot3_bringup/config/waffle_pi/hardware_controller_manager.yaml
[2.629s] -- Up-to-date symlink: /home/pederba/sesasr_project_ws/install/turtlebot3_bringup/share/turtlebot3_bringup/config/waffle_pi/twist_mux.yaml
[2.630s] -- Up-to-date symlink: /home/pederba/sesasr_project_ws/install/turtlebot3_bringup/share/turtlebot3_bringup/script/99-turtlebot3-cdc.rules
[2.630s] -- Up-to-date symlink: /home/pederba/sesasr_project_ws/install/turtlebot3_bringup/share/turtlebot3_bringup/script/create_udev_rules
[2.631s] -- Up-to-date symlink: /home/pederba/sesasr_project_ws/install/turtlebot3_bringup/share/turtlebot3_bringup/worlds/empty_world.model
[2.631s] -- Up-to-date symlink: /home/pederba/sesasr_project_ws/install/turtlebot3_bringup/share/turtlebot3_bringup/worlds/lab03.world
[2.631s] -- Up-to-date symlink: /home/pederba/sesasr_project_ws/install/turtlebot3_bringup/share/turtlebot3_bringup/worlds/turtlebot3_world.model
[2.632s] -- Up-to-date symlink: /home/pederba/sesasr_project_ws/install/turtlebot3_bringup/share/turtlebot3_bringup/worlds/turtlebot3_world/meshes/hexagon.dae
[2.634s] -- Up-to-date symlink: /home/pederba/sesasr_project_ws/install/turtlebot3_bringup/share/turtlebot3_bringup/worlds/turtlebot3_world/meshes/wall.dae
[2.634s] -- Up-to-date symlink: /home/pederba/sesasr_project_ws/install/turtlebot3_bringup/share/turtlebot3_bringup/worlds/turtlebot3_world/model-1_4.sdf
[2.634s] -- Up-to-date symlink: /home/pederba/sesasr_project_ws/install/turtlebot3_bringup/share/turtlebot3_bringup/worlds/turtlebot3_world/model.config
[2.634s] -- Up-to-date symlink: /home/pederba/sesasr_project_ws/install/turtlebot3_bringup/share/turtlebot3_bringup/worlds/turtlebot3_world/model.sdf
[2.634s] -- Up-to-date symlink: /home/pederba/sesasr_project_ws/install/turtlebot3_bringup/share/turtlebot3_bringup/rviz/turtlebot3.rviz
[2.634s] -- Up-to-date symlink: /home/pederba/sesasr_project_ws/install/turtlebot3_bringup/share/turtlebot3_bringup/environment/turtlebot3_bringup.dsv
[2.635s] -- Up-to-date symlink: /home/pederba/sesasr_project_ws/install/turtlebot3_bringup/share/ament_index/resource_index/package_run_dependencies/turtlebot3_bringup
[2.635s] -- Up-to-date symlink: /home/pederba/sesasr_project_ws/install/turtlebot3_bringup/share/ament_index/resource_index/parent_prefix_path/turtlebot3_bringup
[2.635s] -- Up-to-date symlink: /home/pederba/sesasr_project_ws/install/turtlebot3_bringup/share/turtlebot3_bringup/environment/ament_prefix_path.sh
[2.636s] -- Up-to-date symlink: /home/pederba/sesasr_project_ws/install/turtlebot3_bringup/share/turtlebot3_bringup/environment/ament_prefix_path.dsv
[2.636s] -- Up-to-date symlink: /home/pederba/sesasr_project_ws/install/turtlebot3_bringup/share/turtlebot3_bringup/environment/path.sh
[2.636s] -- Up-to-date symlink: /home/pederba/sesasr_project_ws/install/turtlebot3_bringup/share/turtlebot3_bringup/environment/path.dsv
[2.637s] -- Up-to-date symlink: /home/pederba/sesasr_project_ws/install/turtlebot3_bringup/share/turtlebot3_bringup/local_setup.bash
[2.637s] -- Up-to-date symlink: /home/pederba/sesasr_project_ws/install/turtlebot3_bringup/share/turtlebot3_bringup/local_setup.sh
[2.638s] -- Up-to-date symlink: /home/pederba/sesasr_project_ws/install/turtlebot3_bringup/share/turtlebot3_bringup/local_setup.zsh
[2.639s] -- Up-to-date symlink: /home/pederba/sesasr_project_ws/install/turtlebot3_bringup/share/turtlebot3_bringup/local_setup.dsv
[2.639s] -- Symlinking: /home/pederba/sesasr_project_ws/install/turtlebot3_bringup/share/turtlebot3_bringup/package.dsv
[2.688s] -- Up-to-date symlink: /home/pederba/sesasr_project_ws/install/turtlebot3_bringup/share/ament_index/resource_index/packages/turtlebot3_bringup
[2.688s] -- Up-to-date symlink: /home/pederba/sesasr_project_ws/install/turtlebot3_bringup/share/turtlebot3_bringup/cmake/turtlebot3_bringupConfig.cmake
[2.688s] -- Up-to-date symlink: /home/pederba/sesasr_project_ws/install/turtlebot3_bringup/share/turtlebot3_bringup/cmake/turtlebot3_bringupConfig-version.cmake
[2.689s] -- Up-to-date symlink: /home/pederba/sesasr_project_ws/install/turtlebot3_bringup/share/turtlebot3_bringup/package.xml
[2.693s] Invoked command in '/home/pederba/sesasr_project_ws/build/turtlebot3_bringup' returned '0': AMENT_PREFIX_PATH=/home/pederba/sesasr_project_ws/install/turtlebot3_description:${AMENT_PREFIX_PATH} CMAKE_PREFIX_PATH=/home/pederba/sesasr_project_ws/install/turtlebot3_description:/opt/ros/humble /usr/bin/cmake --install /home/pederba/sesasr_project_ws/build/turtlebot3_bringup
