[4.011s] Invoking command in '/home/pederba/sesasr_project_ws/src/project_pkg': PYTHONPATH=/home/pederba/sesasr_project_ws/build/project_pkg/prefix_override:/home/pederba/sesasr_project_ws/install/project_pkg/lib/python3.10/site-packages:${PYTHONPATH} /usr/bin/python3 setup.py egg_info --egg-base ../../build/project_pkg build --build-base /home/pederba/sesasr_project_ws/build/project_pkg/build install --record /home/pederba/sesasr_project_ws/build/project_pkg/install.log --single-version-externally-managed
[4.884s] /home/pederba/.local/lib/python3.10/site-packages/setuptools/command/install.py:34: SetuptoolsDeprecationWarning: setup.py install is deprecated. Use build and pip and other standards-based tools.
[4.885s]   warnings.warn(
[4.885s] running egg_info
[4.885s] writing ../../build/project_pkg/project_pkg.egg-info/PKG-INFO
[4.888s] writing dependency_links to ../../build/project_pkg/project_pkg.egg-info/dependency_links.txt
[4.888s] writing entry points to ../../build/project_pkg/project_pkg.egg-info/entry_points.txt
[4.888s] writing requirements to ../../build/project_pkg/project_pkg.egg-info/requires.txt
[4.888s] writing top-level names to ../../build/project_pkg/project_pkg.egg-info/top_level.txt
[4.889s] reading manifest file '../../build/project_pkg/project_pkg.egg-info/SOURCES.txt'
[4.889s] writing manifest file '../../build/project_pkg/project_pkg.egg-info/SOURCES.txt'
[4.889s] running build
[4.889s] running build_py
[4.889s] running install
[4.889s] running install_lib
[4.921s] running install_data
[4.962s] running install_egg_info
[5.005s] removing '/home/pederba/sesasr_project_ws/install/project_pkg/lib/python3.10/site-packages/project_pkg-0.0.0-py3.10.egg-info' (and everything under it)
[5.005s] Copying ../../build/project_pkg/project_pkg.egg-info to /home/pederba/sesasr_project_ws/install/project_pkg/lib/python3.10/site-packages/project_pkg-0.0.0-py3.10.egg-info
[5.008s] running install_scripts
[5.142s] Installing localization_node script to /home/pederba/sesasr_project_ws/install/project_pkg/lib/project_pkg
[5.142s] Installing recorder script to /home/pederba/sesasr_project_ws/install/project_pkg/lib/project_pkg
[5.143s] writing list of installed files to '/home/pederba/sesasr_project_ws/build/project_pkg/install.log'
[5.652s] Invoked command in '/home/pederba/sesasr_project_ws/src/project_pkg' returned '0': PYTHONPATH=/home/pederba/sesasr_project_ws/build/project_pkg/prefix_override:/home/pederba/sesasr_project_ws/install/project_pkg/lib/python3.10/site-packages:${PYTHONPATH} /usr/bin/python3 setup.py egg_info --egg-base ../../build/project_pkg build --build-base /home/pederba/sesasr_project_ws/build/project_pkg/build install --record /home/pederba/sesasr_project_ws/build/project_pkg/install.log --single-version-externally-managed
