[2.157s] Invoking command in '/home/pederba/sesasr_project_ws/src/project_pkg': PYTHONPATH=/home/pederba/sesasr_project_ws/build/project_pkg/prefix_override:/home/pederba/sesasr_project_ws/install/project_pkg/lib/python3.10/site-packages:${PYTHONPATH} /usr/bin/python3 setup.py egg_info --egg-base ../../build/project_pkg build --build-base /home/pederba/sesasr_project_ws/build/project_pkg/build install --record /home/pederba/sesasr_project_ws/build/project_pkg/install.log --single-version-externally-managed
[2.926s] running egg_info
[2.961s] writing ../../build/project_pkg/project_pkg.egg-info/PKG-INFO
[2.961s] writing dependency_links to ../../build/project_pkg/project_pkg.egg-info/dependency_links.txt
[2.961s] writing entry points to ../../build/project_pkg/project_pkg.egg-info/entry_points.txt
[2.962s] writing requirements to ../../build/project_pkg/project_pkg.egg-info/requires.txt
[2.962s] writing top-level names to ../../build/project_pkg/project_pkg.egg-info/top_level.txt
[3.028s] reading manifest file '../../build/project_pkg/project_pkg.egg-info/SOURCES.txt'
[3.030s] writing manifest file '../../build/project_pkg/project_pkg.egg-info/SOURCES.txt'
[3.030s] running build
[3.030s] running build_py
[3.030s] copying project_pkg/plotter.py -> /home/pederba/sesasr_project_ws/build/project_pkg/build/lib/project_pkg
[3.031s] running install
[3.032s] /home/pederba/.local/lib/python3.10/site-packages/setuptools/command/install.py:34: SetuptoolsDeprecationWarning: setup.py install is deprecated. Use build and pip and other standards-based tools.
[3.032s]   warnings.warn(
[3.041s] running install_lib
[3.071s] copying /home/pederba/sesasr_project_ws/build/project_pkg/build/lib/project_pkg/plotter.py -> /home/pederba/sesasr_project_ws/install/project_pkg/lib/python3.10/site-packages/project_pkg
[3.073s] byte-compiling /home/pederba/sesasr_project_ws/install/project_pkg/lib/python3.10/site-packages/project_pkg/plotter.py to plotter.cpython-310.pyc
[3.074s] running install_data
[3.104s] copying launch/localization.launch.py -> /home/pederba/sesasr_project_ws/install/project_pkg/share/project_pkg/launch
[3.104s] running install_egg_info
[3.138s] removing '/home/pederba/sesasr_project_ws/install/project_pkg/lib/python3.10/site-packages/project_pkg-0.0.0-py3.10.egg-info' (and everything under it)
[3.139s] Copying ../../build/project_pkg/project_pkg.egg-info to /home/pederba/sesasr_project_ws/install/project_pkg/lib/python3.10/site-packages/project_pkg-0.0.0-py3.10.egg-info
[3.141s] running install_scripts
[3.278s] Installing localization_node script to /home/pederba/sesasr_project_ws/install/project_pkg/lib/project_pkg
[3.279s] Installing recorder script to /home/pederba/sesasr_project_ws/install/project_pkg/lib/project_pkg
[3.280s] writing list of installed files to '/home/pederba/sesasr_project_ws/build/project_pkg/install.log'
[3.398s] Invoked command in '/home/pederba/sesasr_project_ws/src/project_pkg' returned '0': PYTHONPATH=/home/pederba/sesasr_project_ws/build/project_pkg/prefix_override:/home/pederba/sesasr_project_ws/install/project_pkg/lib/python3.10/site-packages:${PYTHONPATH} /usr/bin/python3 setup.py egg_info --egg-base ../../build/project_pkg build --build-base /home/pederba/sesasr_project_ws/build/project_pkg/build install --record /home/pederba/sesasr_project_ws/build/project_pkg/install.log --single-version-externally-managed
