[1.307s] Invoking command in '/home/pederba/sesasr_project_ws/build/turtlebot3_fake_node': CMAKE_PREFIX_PATH=/home/pederba/sesasr_project_ws/install/turtlebot3_msgs:/home/pederba/sesasr_project_ws/install/turtlebot3:/home/pederba/sesasr_project_ws/install/turtlebot3_simulations:/home/pederba/sesasr_project_ws/install/turtlebot3_navigation2:/home/pederba/sesasr_project_ws/install/turtlebot3_fake_node:/home/pederba/sesasr_project_ws/install/turtlebot3_hardware:/home/pederba/sesasr_project_ws/install/turtlebot3_gazebo:/home/pederba/sesasr_project_ws/install/turtlebot3_bringup:/home/pederba/sesasr_project_ws/install/turtlebot3_description:/home/pederba/sesasr_project_ws/install/turtlebot3_cartographer:/home/pederba/sesasr_project_ws/install/dynamixel_sdk_examples:/home/pederba/sesasr_project_ws/install/dynamixel_sdk_custom_interfaces:/home/pederba/sesasr_project_ws/install/dynamixel_sdk:/home/pederba/sesasr_project_ws/install/turtlebot3_teleop:/home/pederba/sesasr_project_ws/install/turtlebot3_example:/home/pederba/sesasr_project_ws/install/project_pkg:/opt/ros/humble /usr/bin/cmake --build /home/pederba/sesasr_project_ws/build/turtlebot3_fake_node -- -j8 -l8
[1.427s] [100%] Built target turtlebot3_fake_node
[1.557s] Invoked command in '/home/pederba/sesasr_project_ws/build/turtlebot3_fake_node' returned '0': CMAKE_PREFIX_PATH=/home/pederba/sesasr_project_ws/install/turtlebot3_msgs:/home/pederba/sesasr_project_ws/install/turtlebot3:/home/pederba/sesasr_project_ws/install/turtlebot3_simulations:/home/pederba/sesasr_project_ws/install/turtlebot3_navigation2:/home/pederba/sesasr_project_ws/install/turtlebot3_fake_node:/home/pederba/sesasr_project_ws/install/turtlebot3_hardware:/home/pederba/sesasr_project_ws/install/turtlebot3_gazebo:/home/pederba/sesasr_project_ws/install/turtlebot3_bringup:/home/pederba/sesasr_project_ws/install/turtlebot3_description:/home/pederba/sesasr_project_ws/install/turtlebot3_cartographer:/home/pederba/sesasr_project_ws/install/dynamixel_sdk_examples:/home/pederba/sesasr_project_ws/install/dynamixel_sdk_custom_interfaces:/home/pederba/sesasr_project_ws/install/dynamixel_sdk:/home/pederba/sesasr_project_ws/install/turtlebot3_teleop:/home/pederba/sesasr_project_ws/install/turtlebot3_example:/home/pederba/sesasr_project_ws/install/project_pkg:/opt/ros/humble /usr/bin/cmake --build /home/pederba/sesasr_project_ws/build/turtlebot3_fake_node -- -j8 -l8
[1.624s] Invoking command in '/home/pederba/sesasr_project_ws/build/turtlebot3_fake_node': CMAKE_PREFIX_PATH=/home/pederba/sesasr_project_ws/install/turtlebot3_msgs:/home/pederba/sesasr_project_ws/install/turtlebot3:/home/pederba/sesasr_project_ws/install/turtlebot3_simulations:/home/pederba/sesasr_project_ws/install/turtlebot3_navigation2:/home/pederba/sesasr_project_ws/install/turtlebot3_fake_node:/home/pederba/sesasr_project_ws/install/turtlebot3_hardware:/home/pederba/sesasr_project_ws/install/turtlebot3_gazebo:/home/pederba/sesasr_project_ws/install/turtlebot3_bringup:/home/pederba/sesasr_project_ws/install/turtlebot3_description:/home/pederba/sesasr_project_ws/install/turtlebot3_cartographer:/home/pederba/sesasr_project_ws/install/dynamixel_sdk_examples:/home/pederba/sesasr_project_ws/install/dynamixel_sdk_custom_interfaces:/home/pederba/sesasr_project_ws/install/dynamixel_sdk:/home/pederba/sesasr_project_ws/install/turtlebot3_teleop:/home/pederba/sesasr_project_ws/install/turtlebot3_example:/home/pederba/sesasr_project_ws/install/project_pkg:/opt/ros/humble /usr/bin/cmake --install /home/pederba/sesasr_project_ws/build/turtlebot3_fake_node
[1.640s] -- Install configuration: ""
[1.640s] -- Execute custom install script
[1.644s] -- Up-to-date symlink: /home/pederba/sesasr_project_ws/install/turtlebot3_fake_node/lib/turtlebot3_fake_node/turtlebot3_fake_node
[1.644s] -- Up-to-date symlink: /home/pederba/sesasr_project_ws/install/turtlebot3_fake_node/share/turtlebot3_fake_node/launch/rviz2.launch.py
[1.645s] -- Up-to-date symlink: /home/pederba/sesasr_project_ws/install/turtlebot3_fake_node/share/turtlebot3_fake_node/launch/turtlebot3_fake_node.launch.py
[1.645s] -- Up-to-date symlink: /home/pederba/sesasr_project_ws/install/turtlebot3_fake_node/share/turtlebot3_fake_node/param/burger.yaml
[1.645s] -- Up-to-date symlink: /home/pederba/sesasr_project_ws/install/turtlebot3_fake_node/share/turtlebot3_fake_node/param/waffle.yaml
[1.645s] -- Up-to-date symlink: /home/pederba/sesasr_project_ws/install/turtlebot3_fake_node/share/turtlebot3_fake_node/param/waffle_pi.yaml
[1.646s] -- Up-to-date symlink: /home/pederba/sesasr_project_ws/install/turtlebot3_fake_node/include//turtlebot3_fake_node/turtlebot3_fake_node.hpp
[1.646s] -- Up-to-date symlink: /home/pederba/sesasr_project_ws/install/turtlebot3_fake_node/share/ament_index/resource_index/package_run_dependencies/turtlebot3_fake_node
[1.647s] -- Up-to-date symlink: /home/pederba/sesasr_project_ws/install/turtlebot3_fake_node/share/ament_index/resource_index/parent_prefix_path/turtlebot3_fake_node
[1.647s] -- Up-to-date symlink: /home/pederba/sesasr_project_ws/install/turtlebot3_fake_node/share/turtlebot3_fake_node/environment/ament_prefix_path.sh
[1.647s] -- Up-to-date symlink: /home/pederba/sesasr_project_ws/install/turtlebot3_fake_node/share/turtlebot3_fake_node/environment/ament_prefix_path.dsv
[1.647s] -- Up-to-date symlink: /home/pederba/sesasr_project_ws/install/turtlebot3_fake_node/share/turtlebot3_fake_node/environment/path.sh
[1.647s] -- Up-to-date symlink: /home/pederba/sesasr_project_ws/install/turtlebot3_fake_node/share/turtlebot3_fake_node/environment/path.dsv
[1.648s] -- Up-to-date symlink: /home/pederba/sesasr_project_ws/install/turtlebot3_fake_node/share/turtlebot3_fake_node/local_setup.bash
[1.648s] -- Up-to-date symlink: /home/pederba/sesasr_project_ws/install/turtlebot3_fake_node/share/turtlebot3_fake_node/local_setup.sh
[1.648s] -- Up-to-date symlink: /home/pederba/sesasr_project_ws/install/turtlebot3_fake_node/share/turtlebot3_fake_node/local_setup.zsh
[1.648s] -- Up-to-date symlink: /home/pederba/sesasr_project_ws/install/turtlebot3_fake_node/share/turtlebot3_fake_node/local_setup.dsv
[1.648s] -- Symlinking: /home/pederba/sesasr_project_ws/install/turtlebot3_fake_node/share/turtlebot3_fake_node/package.dsv
[1.666s] -- Up-to-date symlink: /home/pederba/sesasr_project_ws/install/turtlebot3_fake_node/share/ament_index/resource_index/packages/turtlebot3_fake_node
[1.666s] -- Up-to-date symlink: /home/pederba/sesasr_project_ws/install/turtlebot3_fake_node/share/turtlebot3_fake_node/cmake/ament_cmake_export_include_directories-extras.cmake
[1.666s] -- Up-to-date symlink: /home/pederba/sesasr_project_ws/install/turtlebot3_fake_node/share/turtlebot3_fake_node/cmake/ament_cmake_export_dependencies-extras.cmake
[1.667s] -- Up-to-date symlink: /home/pederba/sesasr_project_ws/install/turtlebot3_fake_node/share/turtlebot3_fake_node/cmake/turtlebot3_fake_nodeConfig.cmake
[1.668s] -- Up-to-date symlink: /home/pederba/sesasr_project_ws/install/turtlebot3_fake_node/share/turtlebot3_fake_node/cmake/turtlebot3_fake_nodeConfig-version.cmake
[1.668s] -- Up-to-date symlink: /home/pederba/sesasr_project_ws/install/turtlebot3_fake_node/share/turtlebot3_fake_node/package.xml
[1.844s] Invoked command in '/home/pederba/sesasr_project_ws/build/turtlebot3_fake_node' returned '0': CMAKE_PREFIX_PATH=/home/pederba/sesasr_project_ws/install/turtlebot3_msgs:/home/pederba/sesasr_project_ws/install/turtlebot3:/home/pederba/sesasr_project_ws/install/turtlebot3_simulations:/home/pederba/sesasr_project_ws/install/turtlebot3_navigation2:/home/pederba/sesasr_project_ws/install/turtlebot3_fake_node:/home/pederba/sesasr_project_ws/install/turtlebot3_hardware:/home/pederba/sesasr_project_ws/install/turtlebot3_gazebo:/home/pederba/sesasr_project_ws/install/turtlebot3_bringup:/home/pederba/sesasr_project_ws/install/turtlebot3_description:/home/pederba/sesasr_project_ws/install/turtlebot3_cartographer:/home/pederba/sesasr_project_ws/install/dynamixel_sdk_examples:/home/pederba/sesasr_project_ws/install/dynamixel_sdk_custom_interfaces:/home/pederba/sesasr_project_ws/install/dynamixel_sdk:/home/pederba/sesasr_project_ws/install/turtlebot3_teleop:/home/pederba/sesasr_project_ws/install/turtlebot3_example:/home/pederba/sesasr_project_ws/install/project_pkg:/opt/ros/humble /usr/bin/cmake --install /home/pederba/sesasr_project_ws/build/turtlebot3_fake_node
