[0.344s] Invoking command in '/home/pederba/sesasr_project_ws/build/turtlebot3_navigation2': CMAKE_PREFIX_PATH=${CMAKE_PREFIX_PATH}:/home/pederba/sesasr_project_ws/install/turtlebot3_teleop:/home/pederba/sesasr_project_ws/install/turtlebot3_example:/home/pederba/sesasr_project_ws/install/project_pkg:/opt/ros/humble /usr/bin/cmake --build /home/pederba/sesasr_project_ws/build/turtlebot3_navigation2 -- -j8 -l8
[1.427s] Invoked command in '/home/pederba/sesasr_project_ws/build/turtlebot3_navigation2' returned '0': CMAKE_PREFIX_PATH=${CMAKE_PREFIX_PATH}:/home/pederba/sesasr_project_ws/install/turtlebot3_teleop:/home/pederba/sesasr_project_ws/install/turtlebot3_example:/home/pederba/sesasr_project_ws/install/project_pkg:/opt/ros/humble /usr/bin/cmake --build /home/pederba/sesasr_project_ws/build/turtlebot3_navigation2 -- -j8 -l8
[1.509s] Invoking command in '/home/pederba/sesasr_project_ws/build/turtlebot3_navigation2': CMAKE_PREFIX_PATH=${CMAKE_PREFIX_PATH}:/home/pederba/sesasr_project_ws/install/turtlebot3_teleop:/home/pederba/sesasr_project_ws/install/turtlebot3_example:/home/pederba/sesasr_project_ws/install/project_pkg:/opt/ros/humble /usr/bin/cmake --install /home/pederba/sesasr_project_ws/build/turtlebot3_navigation2
[1.531s] -- Install configuration: ""
[1.532s] -- Execute custom install script
[1.533s] -- Up-to-date symlink: /home/pederba/sesasr_project_ws/install/turtlebot3_navigation2/share/turtlebot3_navigation2/launch/navigation2.launch.py
[1.533s] -- Up-to-date symlink: /home/pederba/sesasr_project_ws/install/turtlebot3_navigation2/share/turtlebot3_navigation2/launch/navigation2_use_sim_time.launch.py
[1.534s] -- Up-to-date symlink: /home/pederba/sesasr_project_ws/install/turtlebot3_navigation2/share/turtlebot3_navigation2/map/turtlebot3_world.pgm
[1.534s] -- Up-to-date symlink: /home/pederba/sesasr_project_ws/install/turtlebot3_navigation2/share/turtlebot3_navigation2/map/turtlebot3_world.yaml
[1.535s] -- Up-to-date symlink: /home/pederba/sesasr_project_ws/install/turtlebot3_navigation2/share/turtlebot3_navigation2/param/burger.yaml
[1.535s] -- Up-to-date symlink: /home/pederba/sesasr_project_ws/install/turtlebot3_navigation2/share/turtlebot3_navigation2/param/burger_use_sim_time.yaml
[1.535s] -- Up-to-date symlink: /home/pederba/sesasr_project_ws/install/turtlebot3_navigation2/share/turtlebot3_navigation2/param/waffle_pi.yaml
[1.536s] -- Up-to-date symlink: /home/pederba/sesasr_project_ws/install/turtlebot3_navigation2/share/turtlebot3_navigation2/param/waffle_pi_use_sim_time.yaml
[1.537s] -- Up-to-date symlink: /home/pederba/sesasr_project_ws/install/turtlebot3_navigation2/share/turtlebot3_navigation2/rviz/navigation2.rviz
[1.537s] -- Up-to-date symlink: /home/pederba/sesasr_project_ws/install/turtlebot3_navigation2/share/ament_index/resource_index/package_run_dependencies/turtlebot3_navigation2
[1.537s] -- Up-to-date symlink: /home/pederba/sesasr_project_ws/install/turtlebot3_navigation2/share/ament_index/resource_index/parent_prefix_path/turtlebot3_navigation2
[1.538s] -- Up-to-date symlink: /home/pederba/sesasr_project_ws/install/turtlebot3_navigation2/share/turtlebot3_navigation2/environment/ament_prefix_path.sh
[1.538s] -- Up-to-date symlink: /home/pederba/sesasr_project_ws/install/turtlebot3_navigation2/share/turtlebot3_navigation2/environment/ament_prefix_path.dsv
[1.539s] -- Up-to-date symlink: /home/pederba/sesasr_project_ws/install/turtlebot3_navigation2/share/turtlebot3_navigation2/environment/path.sh
[1.539s] -- Up-to-date symlink: /home/pederba/sesasr_project_ws/install/turtlebot3_navigation2/share/turtlebot3_navigation2/environment/path.dsv
[1.540s] -- Up-to-date symlink: /home/pederba/sesasr_project_ws/install/turtlebot3_navigation2/share/turtlebot3_navigation2/local_setup.bash
[1.540s] -- Up-to-date symlink: /home/pederba/sesasr_project_ws/install/turtlebot3_navigation2/share/turtlebot3_navigation2/local_setup.sh
[1.540s] -- Up-to-date symlink: /home/pederba/sesasr_project_ws/install/turtlebot3_navigation2/share/turtlebot3_navigation2/local_setup.zsh
[1.541s] -- Up-to-date symlink: /home/pederba/sesasr_project_ws/install/turtlebot3_navigation2/share/turtlebot3_navigation2/local_setup.dsv
[1.541s] -- Symlinking: /home/pederba/sesasr_project_ws/install/turtlebot3_navigation2/share/turtlebot3_navigation2/package.dsv
[1.574s] -- Up-to-date symlink: /home/pederba/sesasr_project_ws/install/turtlebot3_navigation2/share/ament_index/resource_index/packages/turtlebot3_navigation2
[1.574s] -- Up-to-date symlink: /home/pederba/sesasr_project_ws/install/turtlebot3_navigation2/share/turtlebot3_navigation2/cmake/turtlebot3_navigation2Config.cmake
[1.574s] -- Up-to-date symlink: /home/pederba/sesasr_project_ws/install/turtlebot3_navigation2/share/turtlebot3_navigation2/cmake/turtlebot3_navigation2Config-version.cmake
[1.574s] -- Up-to-date symlink: /home/pederba/sesasr_project_ws/install/turtlebot3_navigation2/share/turtlebot3_navigation2/package.xml
[1.740s] Invoked command in '/home/pederba/sesasr_project_ws/build/turtlebot3_navigation2' returned '0': CMAKE_PREFIX_PATH=${CMAKE_PREFIX_PATH}:/home/pederba/sesasr_project_ws/install/turtlebot3_teleop:/home/pederba/sesasr_project_ws/install/turtlebot3_example:/home/pederba/sesasr_project_ws/install/project_pkg:/opt/ros/humble /usr/bin/cmake --install /home/pederba/sesasr_project_ws/build/turtlebot3_navigation2
