[1.019s] Invoking command in '/home/pederba/sesasr_project_ws/build/dynamixel_sdk': CMAKE_PREFIX_PATH=${CMAKE_PREFIX_PATH}:/home/pederba/sesasr_project_ws/install/turtlebot3_teleop:/home/pederba/sesasr_project_ws/install/turtlebot3_example:/home/pederba/sesasr_project_ws/install/project_pkg:/opt/ros/humble /usr/bin/cmake --build /home/pederba/sesasr_project_ws/build/dynamixel_sdk -- -j8 -l8
[1.177s] [100%] Built target dynamixel_sdk
[2.109s] Invoked command in '/home/pederba/sesasr_project_ws/build/dynamixel_sdk' returned '0': CMAKE_PREFIX_PATH=${CMAKE_PREFIX_PATH}:/home/pederba/sesasr_project_ws/install/turtlebot3_teleop:/home/pederba/sesasr_project_ws/install/turtlebot3_example:/home/pederba/sesasr_project_ws/install/project_pkg:/opt/ros/humble /usr/bin/cmake --build /home/pederba/sesasr_project_ws/build/dynamixel_sdk -- -j8 -l8
[2.678s] Invoking command in '/home/pederba/sesasr_project_ws/build/dynamixel_sdk': CMAKE_PREFIX_PATH=${CMAKE_PREFIX_PATH}:/home/pederba/sesasr_project_ws/install/turtlebot3_teleop:/home/pederba/sesasr_project_ws/install/turtlebot3_example:/home/pederba/sesasr_project_ws/install/project_pkg:/opt/ros/humble /usr/bin/cmake --install /home/pederba/sesasr_project_ws/build/dynamixel_sdk
[2.826s] -- Install configuration: ""
[2.827s] -- Execute custom install script
[2.827s] -- Up-to-date symlink: /home/pederba/sesasr_project_ws/install/dynamixel_sdk/include//dynamixel_sdk/dynamixel_sdk.h
[2.828s] -- Up-to-date symlink: /home/pederba/sesasr_project_ws/install/dynamixel_sdk/include//dynamixel_sdk/group_bulk_read.h
[2.828s] -- Up-to-date symlink: /home/pederba/sesasr_project_ws/install/dynamixel_sdk/include//dynamixel_sdk/group_bulk_write.h
[2.828s] -- Up-to-date symlink: /home/pederba/sesasr_project_ws/install/dynamixel_sdk/include//dynamixel_sdk/group_sync_read.h
[2.829s] -- Up-to-date symlink: /home/pederba/sesasr_project_ws/install/dynamixel_sdk/include//dynamixel_sdk/group_sync_write.h
[2.829s] -- Up-to-date symlink: /home/pederba/sesasr_project_ws/install/dynamixel_sdk/include//dynamixel_sdk/packet_handler.h
[2.830s] -- Up-to-date symlink: /home/pederba/sesasr_project_ws/install/dynamixel_sdk/include//dynamixel_sdk/port_handler.h
[2.830s] -- Up-to-date symlink: /home/pederba/sesasr_project_ws/install/dynamixel_sdk/include//dynamixel_sdk/port_handler_arduino.h
[2.830s] -- Up-to-date symlink: /home/pederba/sesasr_project_ws/install/dynamixel_sdk/include//dynamixel_sdk/port_handler_linux.h
[2.830s] -- Up-to-date symlink: /home/pederba/sesasr_project_ws/install/dynamixel_sdk/include//dynamixel_sdk/port_handler_mac.h
[2.830s] -- Up-to-date symlink: /home/pederba/sesasr_project_ws/install/dynamixel_sdk/include//dynamixel_sdk/port_handler_windows.h
[2.830s] -- Up-to-date symlink: /home/pederba/sesasr_project_ws/install/dynamixel_sdk/include//dynamixel_sdk/protocol1_packet_handler.h
[2.831s] -- Up-to-date symlink: /home/pederba/sesasr_project_ws/install/dynamixel_sdk/include//dynamixel_sdk/protocol2_packet_handler.h
[2.831s] -- Up-to-date symlink: /home/pederba/sesasr_project_ws/install/dynamixel_sdk/lib/libdynamixel_sdk.so
[2.831s] -- Up-to-date symlink: /home/pederba/sesasr_project_ws/install/dynamixel_sdk/share/dynamixel_sdk/environment/library_path.sh
[2.831s] -- Up-to-date symlink: /home/pederba/sesasr_project_ws/install/dynamixel_sdk/share/dynamixel_sdk/environment/library_path.dsv
[2.831s] -- Up-to-date symlink: /home/pederba/sesasr_project_ws/install/dynamixel_sdk/share/ament_index/resource_index/package_run_dependencies/dynamixel_sdk
[2.831s] -- Up-to-date symlink: /home/pederba/sesasr_project_ws/install/dynamixel_sdk/share/ament_index/resource_index/parent_prefix_path/dynamixel_sdk
[2.831s] -- Up-to-date symlink: /home/pederba/sesasr_project_ws/install/dynamixel_sdk/share/dynamixel_sdk/environment/ament_prefix_path.sh
[2.831s] -- Up-to-date symlink: /home/pederba/sesasr_project_ws/install/dynamixel_sdk/share/dynamixel_sdk/environment/ament_prefix_path.dsv
[2.832s] -- Up-to-date symlink: /home/pederba/sesasr_project_ws/install/dynamixel_sdk/share/dynamixel_sdk/environment/path.sh
[2.832s] -- Up-to-date symlink: /home/pederba/sesasr_project_ws/install/dynamixel_sdk/share/dynamixel_sdk/environment/path.dsv
[2.832s] -- Up-to-date symlink: /home/pederba/sesasr_project_ws/install/dynamixel_sdk/share/dynamixel_sdk/local_setup.bash
[2.832s] -- Up-to-date symlink: /home/pederba/sesasr_project_ws/install/dynamixel_sdk/share/dynamixel_sdk/local_setup.sh
[2.832s] -- Up-to-date symlink: /home/pederba/sesasr_project_ws/install/dynamixel_sdk/share/dynamixel_sdk/local_setup.zsh
[2.832s] -- Up-to-date symlink: /home/pederba/sesasr_project_ws/install/dynamixel_sdk/share/dynamixel_sdk/local_setup.dsv
[2.833s] -- Symlinking: /home/pederba/sesasr_project_ws/install/dynamixel_sdk/share/dynamixel_sdk/package.dsv
[2.833s] -- Up-to-date symlink: /home/pederba/sesasr_project_ws/install/dynamixel_sdk/share/ament_index/resource_index/packages/dynamixel_sdk
[2.833s] -- Up-to-date symlink: /home/pederba/sesasr_project_ws/install/dynamixel_sdk/share/dynamixel_sdk/cmake/ament_cmake_export_include_directories-extras.cmake
[2.833s] -- Up-to-date symlink: /home/pederba/sesasr_project_ws/install/dynamixel_sdk/share/dynamixel_sdk/cmake/ament_cmake_export_libraries-extras.cmake
[2.833s] -- Up-to-date symlink: /home/pederba/sesasr_project_ws/install/dynamixel_sdk/share/dynamixel_sdk/cmake/dynamixel_sdkConfig.cmake
[2.833s] -- Up-to-date symlink: /home/pederba/sesasr_project_ws/install/dynamixel_sdk/share/dynamixel_sdk/cmake/dynamixel_sdkConfig-version.cmake
[2.833s] -- Up-to-date symlink: /home/pederba/sesasr_project_ws/install/dynamixel_sdk/share/dynamixel_sdk/package.xml
[3.266s] Invoked command in '/home/pederba/sesasr_project_ws/build/dynamixel_sdk' returned '0': CMAKE_PREFIX_PATH=${CMAKE_PREFIX_PATH}:/home/pederba/sesasr_project_ws/install/turtlebot3_teleop:/home/pederba/sesasr_project_ws/install/turtlebot3_example:/home/pederba/sesasr_project_ws/install/project_pkg:/opt/ros/humble /usr/bin/cmake --install /home/pederba/sesasr_project_ws/build/dynamixel_sdk
