[4.166s] Invoking command in '/home/pederba/sesasr_project_ws/src/project_pkg': PYTHONPATH=/home/pederba/sesasr_project_ws/build/project_pkg/prefix_override:/home/pederba/sesasr_project_ws/install/project_pkg/lib/python3.10/site-packages:${PYTHONPATH} /usr/bin/python3 setup.py egg_info --egg-base ../../build/project_pkg build --build-base /home/pederba/sesasr_project_ws/build/project_pkg/build install --record /home/pederba/sesasr_project_ws/build/project_pkg/install.log --single-version-externally-managed
[5.274s] /home/pederba/.local/lib/python3.10/site-packages/setuptools/command/install.py:34: SetuptoolsDeprecationWarning: setup.py install is deprecated. Use build and pip and other standards-based tools.
[5.274s]   warnings.warn(
[5.274s] running egg_info
[5.275s] writing ../../build/project_pkg/project_pkg.egg-info/PKG-INFO
[5.275s] writing dependency_links to ../../build/project_pkg/project_pkg.egg-info/dependency_links.txt
[5.275s] writing requirements to ../../build/project_pkg/project_pkg.egg-info/requires.txt
[5.275s] writing top-level names to ../../build/project_pkg/project_pkg.egg-info/top_level.txt
[5.275s] reading manifest file '../../build/project_pkg/project_pkg.egg-info/SOURCES.txt'
[5.275s] writing manifest file '../../build/project_pkg/project_pkg.egg-info/SOURCES.txt'
[5.276s] running build
[5.276s] running build_py
[5.278s] copying project_pkg/measurement_model.py -> /home/pederba/sesasr_project_ws/build/project_pkg/build/lib/project_pkg
[5.278s] copying project_pkg/ekf.py -> /home/pederba/sesasr_project_ws/build/project_pkg/build/lib/project_pkg
[5.278s] copying project_pkg/localization_node.py -> /home/pederba/sesasr_project_ws/build/project_pkg/build/lib/project_pkg
[5.278s] copying project_pkg/motion_models.py -> /home/pederba/sesasr_project_ws/build/project_pkg/build/lib/project_pkg
[5.278s] running install
[5.278s] running install_lib
[5.279s] copying /home/pederba/sesasr_project_ws/build/project_pkg/build/lib/project_pkg/measurement_model.py -> /home/pederba/sesasr_project_ws/install/project_pkg/lib/python3.10/site-packages/project_pkg
[5.279s] copying /home/pederba/sesasr_project_ws/build/project_pkg/build/lib/project_pkg/ekf.py -> /home/pederba/sesasr_project_ws/install/project_pkg/lib/python3.10/site-packages/project_pkg
[5.279s] copying /home/pederba/sesasr_project_ws/build/project_pkg/build/lib/project_pkg/localization_node.py -> /home/pederba/sesasr_project_ws/install/project_pkg/lib/python3.10/site-packages/project_pkg
[5.279s] copying /home/pederba/sesasr_project_ws/build/project_pkg/build/lib/project_pkg/motion_models.py -> /home/pederba/sesasr_project_ws/install/project_pkg/lib/python3.10/site-packages/project_pkg
[5.279s] byte-compiling /home/pederba/sesasr_project_ws/install/project_pkg/lib/python3.10/site-packages/project_pkg/measurement_model.py to measurement_model.cpython-310.pyc
[5.279s] byte-compiling /home/pederba/sesasr_project_ws/install/project_pkg/lib/python3.10/site-packages/project_pkg/ekf.py to ekf.cpython-310.pyc
[5.280s] byte-compiling /home/pederba/sesasr_project_ws/install/project_pkg/lib/python3.10/site-packages/project_pkg/localization_node.py to localization_node.cpython-310.pyc
[5.280s]   File "/home/pederba/sesasr_project_ws/install/project_pkg/lib/python3.10/site-packages/project_pkg/localization_node.py", line 42
[5.280s]     self.ekf_period_s
[5.280s]     ^^^^^^^^^^^^^
[5.280s] SyntaxError: invalid syntax. Perhaps you forgot a comma?
[5.280s] 
[5.281s] byte-compiling /home/pederba/sesasr_project_ws/install/project_pkg/lib/python3.10/site-packages/project_pkg/motion_models.py to motion_models.cpython-310.pyc
[5.281s] running install_data
[5.319s] copying package.xml -> /home/pederba/sesasr_project_ws/install/project_pkg/share/project_pkg
[5.319s] running install_egg_info
[5.356s] removing '/home/pederba/sesasr_project_ws/install/project_pkg/lib/python3.10/site-packages/project_pkg-0.0.0-py3.10.egg-info' (and everything under it)
[5.357s] Copying ../../build/project_pkg/project_pkg.egg-info to /home/pederba/sesasr_project_ws/install/project_pkg/lib/python3.10/site-packages/project_pkg-0.0.0-py3.10.egg-info
[5.359s] running install_scripts
[5.538s] writing list of installed files to '/home/pederba/sesasr_project_ws/build/project_pkg/install.log'
[5.804s] Invoked command in '/home/pederba/sesasr_project_ws/src/project_pkg' returned '0': PYTHONPATH=/home/pederba/sesasr_project_ws/build/project_pkg/prefix_override:/home/pederba/sesasr_project_ws/install/project_pkg/lib/python3.10/site-packages:${PYTHONPATH} /usr/bin/python3 setup.py egg_info --egg-base ../../build/project_pkg build --build-base /home/pederba/sesasr_project_ws/build/project_pkg/build install --record /home/pederba/sesasr_project_ws/build/project_pkg/install.log --single-version-externally-managed
