[2.668s] Invoking command in '/home/pederba/sesasr_project_ws/src/project_pkg': PYTHONPATH=/home/pederba/sesasr_project_ws/build/project_pkg/prefix_override:/home/pederba/sesasr_project_ws/install/project_pkg/lib/python3.10/site-packages:${PYTHONPATH} /usr/bin/python3 setup.py egg_info --egg-base ../../build/project_pkg build --build-base /home/pederba/sesasr_project_ws/build/project_pkg/build install --record /home/pederba/sesasr_project_ws/build/project_pkg/install.log --single-version-externally-managed
[3.576s] running egg_info
[3.613s] writing ../../build/project_pkg/project_pkg.egg-info/PKG-INFO
[3.613s] writing dependency_links to ../../build/project_pkg/project_pkg.egg-info/dependency_links.txt
[3.613s] writing entry points to ../../build/project_pkg/project_pkg.egg-info/entry_points.txt
[3.614s] writing requirements to ../../build/project_pkg/project_pkg.egg-info/requires.txt
[3.614s] writing top-level names to ../../build/project_pkg/project_pkg.egg-info/top_level.txt
[3.697s] reading manifest file '../../build/project_pkg/project_pkg.egg-info/SOURCES.txt'
[3.699s] writing manifest file '../../build/project_pkg/project_pkg.egg-info/SOURCES.txt'
[3.699s] running build
[3.700s] running build_py
[3.700s] copying project_pkg/ekf.py -> /home/pederba/sesasr_project_ws/build/project_pkg/build/lib/project_pkg
[3.701s] running install
[3.701s] /home/pederba/.local/lib/python3.10/site-packages/setuptools/command/install.py:34: SetuptoolsDeprecationWarning: setup.py install is deprecated. Use build and pip and other standards-based tools.
[3.701s]   warnings.warn(
[3.711s] running install_lib
[3.750s] copying /home/pederba/sesasr_project_ws/build/project_pkg/build/lib/project_pkg/ekf.py -> /home/pederba/sesasr_project_ws/install/project_pkg/lib/python3.10/site-packages/project_pkg
[3.751s] byte-compiling /home/pederba/sesasr_project_ws/install/project_pkg/lib/python3.10/site-packages/project_pkg/ekf.py to ekf.cpython-310.pyc
[3.753s] running install_data
[3.791s] running install_egg_info
[3.829s] removing '/home/pederba/sesasr_project_ws/install/project_pkg/lib/python3.10/site-packages/project_pkg-0.0.0-py3.10.egg-info' (and everything under it)
[3.829s] Copying ../../build/project_pkg/project_pkg.egg-info to /home/pederba/sesasr_project_ws/install/project_pkg/lib/python3.10/site-packages/project_pkg-0.0.0-py3.10.egg-info
[3.831s] running install_scripts
[3.979s] Installing localization_node script to /home/pederba/sesasr_project_ws/install/project_pkg/lib/project_pkg
[3.980s] writing list of installed files to '/home/pederba/sesasr_project_ws/build/project_pkg/install.log'
[4.080s] Invoked command in '/home/pederba/sesasr_project_ws/src/project_pkg' returned '0': PYTHONPATH=/home/pederba/sesasr_project_ws/build/project_pkg/prefix_override:/home/pederba/sesasr_project_ws/install/project_pkg/lib/python3.10/site-packages:${PYTHONPATH} /usr/bin/python3 setup.py egg_info --egg-base ../../build/project_pkg build --build-base /home/pederba/sesasr_project_ws/build/project_pkg/build install --record /home/pederba/sesasr_project_ws/build/project_pkg/install.log --single-version-externally-managed
