[2.077s] Invoking command in '/home/pederba/sesasr_project_ws/src/project_pkg': PYTHONPATH=/home/pederba/sesasr_project_ws/build/project_pkg/prefix_override:/home/pederba/sesasr_project_ws/install/project_pkg/lib/python3.10/site-packages:${PYTHONPATH} /usr/bin/python3 setup.py egg_info --egg-base ../../build/project_pkg build --build-base /home/pederba/sesasr_project_ws/build/project_pkg/build install --record /home/pederba/sesasr_project_ws/build/project_pkg/install.log --single-version-externally-managed
[2.703s] running egg_info
[2.731s] writing ../../build/project_pkg/project_pkg.egg-info/PKG-INFO
[2.732s] writing dependency_links to ../../build/project_pkg/project_pkg.egg-info/dependency_links.txt
[2.732s] writing entry points to ../../build/project_pkg/project_pkg.egg-info/entry_points.txt
[2.732s] writing requirements to ../../build/project_pkg/project_pkg.egg-info/requires.txt
[2.733s] writing top-level names to ../../build/project_pkg/project_pkg.egg-info/top_level.txt
[2.787s] reading manifest file '../../build/project_pkg/project_pkg.egg-info/SOURCES.txt'
[2.789s] writing manifest file '../../build/project_pkg/project_pkg.egg-info/SOURCES.txt'
[2.789s] running build
[2.789s] running build_py
[2.789s] copying project_pkg/measurement_model.py -> /home/pederba/sesasr_project_ws/build/project_pkg/build/lib/project_pkg
[2.790s] copying project_pkg/localization_node.py -> /home/pederba/sesasr_project_ws/build/project_pkg/build/lib/project_pkg
[2.790s] copying project_pkg/motion_models.py -> /home/pederba/sesasr_project_ws/build/project_pkg/build/lib/project_pkg
[2.790s] running install
[2.790s] /home/pederba/.local/lib/python3.10/site-packages/setuptools/command/install.py:34: SetuptoolsDeprecationWarning: setup.py install is deprecated. Use build and pip and other standards-based tools.
[2.790s]   warnings.warn(
[2.797s] running install_lib
[2.826s] copying /home/pederba/sesasr_project_ws/build/project_pkg/build/lib/project_pkg/measurement_model.py -> /home/pederba/sesasr_project_ws/install/project_pkg/lib/python3.10/site-packages/project_pkg
[2.826s] copying /home/pederba/sesasr_project_ws/build/project_pkg/build/lib/project_pkg/localization_node.py -> /home/pederba/sesasr_project_ws/install/project_pkg/lib/python3.10/site-packages/project_pkg
[2.826s] copying /home/pederba/sesasr_project_ws/build/project_pkg/build/lib/project_pkg/motion_models.py -> /home/pederba/sesasr_project_ws/install/project_pkg/lib/python3.10/site-packages/project_pkg
[2.827s] byte-compiling /home/pederba/sesasr_project_ws/install/project_pkg/lib/python3.10/site-packages/project_pkg/measurement_model.py to measurement_model.cpython-310.pyc
[2.828s] byte-compiling /home/pederba/sesasr_project_ws/install/project_pkg/lib/python3.10/site-packages/project_pkg/localization_node.py to localization_node.cpython-310.pyc
[2.830s] byte-compiling /home/pederba/sesasr_project_ws/install/project_pkg/lib/python3.10/site-packages/project_pkg/motion_models.py to motion_models.cpython-310.pyc
[2.831s] running install_data
[2.861s] running install_egg_info
[2.893s] removing '/home/pederba/sesasr_project_ws/install/project_pkg/lib/python3.10/site-packages/project_pkg-0.0.0-py3.10.egg-info' (and everything under it)
[2.893s] Copying ../../build/project_pkg/project_pkg.egg-info to /home/pederba/sesasr_project_ws/install/project_pkg/lib/python3.10/site-packages/project_pkg-0.0.0-py3.10.egg-info
[2.894s] running install_scripts
[3.007s] Installing localization_node script to /home/pederba/sesasr_project_ws/install/project_pkg/lib/project_pkg
[3.008s] writing list of installed files to '/home/pederba/sesasr_project_ws/build/project_pkg/install.log'
[3.088s] Invoked command in '/home/pederba/sesasr_project_ws/src/project_pkg' returned '0': PYTHONPATH=/home/pederba/sesasr_project_ws/build/project_pkg/prefix_override:/home/pederba/sesasr_project_ws/install/project_pkg/lib/python3.10/site-packages:${PYTHONPATH} /usr/bin/python3 setup.py egg_info --egg-base ../../build/project_pkg build --build-base /home/pederba/sesasr_project_ws/build/project_pkg/build install --record /home/pederba/sesasr_project_ws/build/project_pkg/install.log --single-version-externally-managed
