[1.264s] Invoking command in '/home/pederba/sesasr_project_ws/build/turtlebot3_bringup': CMAKE_PREFIX_PATH=/home/pederba/sesasr_project_ws/install/turtlebot3_description:/home/pederba/sesasr_project_ws/install/turtlebot3:/home/pederba/sesasr_project_ws/install/turtlebot3_simulations:/home/pederba/sesasr_project_ws/install/turtlebot3_navigation2:/home/pederba/sesasr_project_ws/install/turtlebot3_fake_node:/home/pederba/sesasr_project_ws/install/turtlebot3_msgs:/home/pederba/sesasr_project_ws/install/turtlebot3_hardware:/home/pederba/sesasr_project_ws/install/turtlebot3_gazebo:/home/pederba/sesasr_project_ws/install/turtlebot3_bringup:/home/pederba/sesasr_project_ws/install/turtlebot3_cartographer:/home/pederba/sesasr_project_ws/install/dynamixel_sdk_examples:/home/pederba/sesasr_project_ws/install/dynamixel_sdk_custom_interfaces:/home/pederba/sesasr_project_ws/install/dynamixel_sdk:/home/pederba/sesasr_project_ws/install/turtlebot3_teleop:/home/pederba/sesasr_project_ws/install/turtlebot3_example:/home/pederba/sesasr_project_ws/install/project_pkg:/opt/ros/humble /usr/bin/cmake --build /home/pederba/sesasr_project_ws/build/turtlebot3_bringup -- -j8 -l8
[2.897s] Invoked command in '/home/pederba/sesasr_project_ws/build/turtlebot3_bringup' returned '0': CMAKE_PREFIX_PATH=/home/pederba/sesasr_project_ws/install/turtlebot3_description:/home/pederba/sesasr_project_ws/install/turtlebot3:/home/pederba/sesasr_project_ws/install/turtlebot3_simulations:/home/pederba/sesasr_project_ws/install/turtlebot3_navigation2:/home/pederba/sesasr_project_ws/install/turtlebot3_fake_node:/home/pederba/sesasr_project_ws/install/turtlebot3_msgs:/home/pederba/sesasr_project_ws/install/turtlebot3_hardware:/home/pederba/sesasr_project_ws/install/turtlebot3_gazebo:/home/pederba/sesasr_project_ws/install/turtlebot3_bringup:/home/pederba/sesasr_project_ws/install/turtlebot3_cartographer:/home/pederba/sesasr_project_ws/install/dynamixel_sdk_examples:/home/pederba/sesasr_project_ws/install/dynamixel_sdk_custom_interfaces:/home/pederba/sesasr_project_ws/install/dynamixel_sdk:/home/pederba/sesasr_project_ws/install/turtlebot3_teleop:/home/pederba/sesasr_project_ws/install/turtlebot3_example:/home/pederba/sesasr_project_ws/install/project_pkg:/opt/ros/humble /usr/bin/cmake --build /home/pederba/sesasr_project_ws/build/turtlebot3_bringup -- -j8 -l8
[3.243s] Invoking command in '/home/pederba/sesasr_project_ws/build/turtlebot3_bringup': CMAKE_PREFIX_PATH=/home/pederba/sesasr_project_ws/install/turtlebot3_description:/home/pederba/sesasr_project_ws/install/turtlebot3:/home/pederba/sesasr_project_ws/install/turtlebot3_simulations:/home/pederba/sesasr_project_ws/install/turtlebot3_navigation2:/home/pederba/sesasr_project_ws/install/turtlebot3_fake_node:/home/pederba/sesasr_project_ws/install/turtlebot3_msgs:/home/pederba/sesasr_project_ws/install/turtlebot3_hardware:/home/pederba/sesasr_project_ws/install/turtlebot3_gazebo:/home/pederba/sesasr_project_ws/install/turtlebot3_bringup:/home/pederba/sesasr_project_ws/install/turtlebot3_cartographer:/home/pederba/sesasr_project_ws/install/dynamixel_sdk_examples:/home/pederba/sesasr_project_ws/install/dynamixel_sdk_custom_interfaces:/home/pederba/sesasr_project_ws/install/dynamixel_sdk:/home/pederba/sesasr_project_ws/install/turtlebot3_teleop:/home/pederba/sesasr_project_ws/install/turtlebot3_example:/home/pederba/sesasr_project_ws/install/project_pkg:/opt/ros/humble /usr/bin/cmake --install /home/pederba/sesasr_project_ws/build/turtlebot3_bringup
[3.502s] -- Install configuration: ""
[3.502s] -- Execute custom install script
[3.503s] -- Up-to-date symlink: /home/pederba/sesasr_project_ws/install/turtlebot3_bringup/share/turtlebot3_bringup/launch/base.launch.py
[3.503s] -- Up-to-date symlink: /home/pederba/sesasr_project_ws/install/turtlebot3_bringup/share/turtlebot3_bringup/launch/fake.launch.py
[3.503s] -- Up-to-date symlink: /home/pederba/sesasr_project_ws/install/turtlebot3_bringup/share/turtlebot3_bringup/launch/gazebo.launch.py
[3.504s] -- Up-to-date symlink: /home/pederba/sesasr_project_ws/install/turtlebot3_bringup/share/turtlebot3_bringup/launch/hardware.launch.py
[3.504s] -- Up-to-date symlink: /home/pederba/sesasr_project_ws/install/turtlebot3_bringup/share/turtlebot3_bringup/launch/lab03.launch.py
[3.504s] -- Up-to-date symlink: /home/pederba/sesasr_project_ws/install/turtlebot3_bringup/share/turtlebot3_bringup/config/burger/gazebo_controller_manager.yaml
[3.504s] -- Up-to-date symlink: /home/pederba/sesasr_project_ws/install/turtlebot3_bringup/share/turtlebot3_bringup/config/burger/hardware_controller_manager.yaml
[3.504s] -- Up-to-date symlink: /home/pederba/sesasr_project_ws/install/turtlebot3_bringup/share/turtlebot3_bringup/config/burger/twist_mux.yaml
[3.505s] -- Up-to-date symlink: /home/pederba/sesasr_project_ws/install/turtlebot3_bringup/share/turtlebot3_bringup/config/waffle_pi/gazebo_controller_manager.yaml
[3.505s] -- Up-to-date symlink: /home/pederba/sesasr_project_ws/install/turtlebot3_bringup/share/turtlebot3_bringup/config/waffle_pi/hardware_controller_manager.yaml
[3.505s] -- Up-to-date symlink: /home/pederba/sesasr_project_ws/install/turtlebot3_bringup/share/turtlebot3_bringup/config/waffle_pi/twist_mux.yaml
[3.505s] -- Up-to-date symlink: /home/pederba/sesasr_project_ws/install/turtlebot3_bringup/share/turtlebot3_bringup/script/99-turtlebot3-cdc.rules
[3.505s] -- Up-to-date symlink: /home/pederba/sesasr_project_ws/install/turtlebot3_bringup/share/turtlebot3_bringup/script/create_udev_rules
[3.505s] -- Up-to-date symlink: /home/pederba/sesasr_project_ws/install/turtlebot3_bringup/share/turtlebot3_bringup/worlds/empty_world.model
[3.505s] -- Up-to-date symlink: /home/pederba/sesasr_project_ws/install/turtlebot3_bringup/share/turtlebot3_bringup/worlds/lab03.world
[3.506s] -- Up-to-date symlink: /home/pederba/sesasr_project_ws/install/turtlebot3_bringup/share/turtlebot3_bringup/worlds/turtlebot3_world.model
[3.506s] -- Up-to-date symlink: /home/pederba/sesasr_project_ws/install/turtlebot3_bringup/share/turtlebot3_bringup/worlds/turtlebot3_world/meshes/hexagon.dae
[3.506s] -- Up-to-date symlink: /home/pederba/sesasr_project_ws/install/turtlebot3_bringup/share/turtlebot3_bringup/worlds/turtlebot3_world/meshes/wall.dae
[3.506s] -- Up-to-date symlink: /home/pederba/sesasr_project_ws/install/turtlebot3_bringup/share/turtlebot3_bringup/worlds/turtlebot3_world/model-1_4.sdf
[3.506s] -- Up-to-date symlink: /home/pederba/sesasr_project_ws/install/turtlebot3_bringup/share/turtlebot3_bringup/worlds/turtlebot3_world/model.config
[3.506s] -- Up-to-date symlink: /home/pederba/sesasr_project_ws/install/turtlebot3_bringup/share/turtlebot3_bringup/worlds/turtlebot3_world/model.sdf
[3.506s] -- Up-to-date symlink: /home/pederba/sesasr_project_ws/install/turtlebot3_bringup/share/turtlebot3_bringup/rviz/turtlebot3.rviz
[3.507s] -- Up-to-date symlink: /home/pederba/sesasr_project_ws/install/turtlebot3_bringup/share/turtlebot3_bringup/environment/turtlebot3_bringup.dsv
[3.507s] -- Up-to-date symlink: /home/pederba/sesasr_project_ws/install/turtlebot3_bringup/share/ament_index/resource_index/package_run_dependencies/turtlebot3_bringup
[3.507s] -- Up-to-date symlink: /home/pederba/sesasr_project_ws/install/turtlebot3_bringup/share/ament_index/resource_index/parent_prefix_path/turtlebot3_bringup
[3.507s] -- Up-to-date symlink: /home/pederba/sesasr_project_ws/install/turtlebot3_bringup/share/turtlebot3_bringup/environment/ament_prefix_path.sh
[3.507s] -- Up-to-date symlink: /home/pederba/sesasr_project_ws/install/turtlebot3_bringup/share/turtlebot3_bringup/environment/ament_prefix_path.dsv
[3.507s] -- Up-to-date symlink: /home/pederba/sesasr_project_ws/install/turtlebot3_bringup/share/turtlebot3_bringup/environment/path.sh
[3.507s] -- Up-to-date symlink: /home/pederba/sesasr_project_ws/install/turtlebot3_bringup/share/turtlebot3_bringup/environment/path.dsv
[3.508s] -- Up-to-date symlink: /home/pederba/sesasr_project_ws/install/turtlebot3_bringup/share/turtlebot3_bringup/local_setup.bash
[3.508s] -- Up-to-date symlink: /home/pederba/sesasr_project_ws/install/turtlebot3_bringup/share/turtlebot3_bringup/local_setup.sh
[3.508s] -- Up-to-date symlink: /home/pederba/sesasr_project_ws/install/turtlebot3_bringup/share/turtlebot3_bringup/local_setup.zsh
[3.508s] -- Up-to-date symlink: /home/pederba/sesasr_project_ws/install/turtlebot3_bringup/share/turtlebot3_bringup/local_setup.dsv
[3.508s] -- Symlinking: /home/pederba/sesasr_project_ws/install/turtlebot3_bringup/share/turtlebot3_bringup/package.dsv
[3.508s] -- Up-to-date symlink: /home/pederba/sesasr_project_ws/install/turtlebot3_bringup/share/ament_index/resource_index/packages/turtlebot3_bringup
[3.508s] -- Up-to-date symlink: /home/pederba/sesasr_project_ws/install/turtlebot3_bringup/share/turtlebot3_bringup/cmake/turtlebot3_bringupConfig.cmake
[3.509s] -- Up-to-date symlink: /home/pederba/sesasr_project_ws/install/turtlebot3_bringup/share/turtlebot3_bringup/cmake/turtlebot3_bringupConfig-version.cmake
[3.509s] -- Up-to-date symlink: /home/pederba/sesasr_project_ws/install/turtlebot3_bringup/share/turtlebot3_bringup/package.xml
[3.714s] Invoked command in '/home/pederba/sesasr_project_ws/build/turtlebot3_bringup' returned '0': CMAKE_PREFIX_PATH=/home/pederba/sesasr_project_ws/install/turtlebot3_description:/home/pederba/sesasr_project_ws/install/turtlebot3:/home/pederba/sesasr_project_ws/install/turtlebot3_simulations:/home/pederba/sesasr_project_ws/install/turtlebot3_navigation2:/home/pederba/sesasr_project_ws/install/turtlebot3_fake_node:/home/pederba/sesasr_project_ws/install/turtlebot3_msgs:/home/pederba/sesasr_project_ws/install/turtlebot3_hardware:/home/pederba/sesasr_project_ws/install/turtlebot3_gazebo:/home/pederba/sesasr_project_ws/install/turtlebot3_bringup:/home/pederba/sesasr_project_ws/install/turtlebot3_cartographer:/home/pederba/sesasr_project_ws/install/dynamixel_sdk_examples:/home/pederba/sesasr_project_ws/install/dynamixel_sdk_custom_interfaces:/home/pederba/sesasr_project_ws/install/dynamixel_sdk:/home/pederba/sesasr_project_ws/install/turtlebot3_teleop:/home/pederba/sesasr_project_ws/install/turtlebot3_example:/home/pederba/sesasr_project_ws/install/project_pkg:/opt/ros/humble /usr/bin/cmake --install /home/pederba/sesasr_project_ws/build/turtlebot3_bringup
