[6.682s] Invoking command in '/home/pederba/sesasr_project_ws/src/project_pkg': PYTHONPATH=/home/pederba/sesasr_project_ws/build/project_pkg/prefix_override:/home/pederba/sesasr_project_ws/install/project_pkg/lib/python3.10/site-packages:${PYTHONPATH} /usr/bin/python3 setup.py egg_info --egg-base ../../build/project_pkg build --build-base /home/pederba/sesasr_project_ws/build/project_pkg/build install --record /home/pederba/sesasr_project_ws/build/project_pkg/install.log --single-version-externally-managed
[7.965s] running egg_info
[8.022s] writing ../../build/project_pkg/project_pkg.egg-info/PKG-INFO
[8.023s] writing dependency_links to ../../build/project_pkg/project_pkg.egg-info/dependency_links.txt
[8.024s] writing entry points to ../../build/project_pkg/project_pkg.egg-info/entry_points.txt
[8.025s] writing requirements to ../../build/project_pkg/project_pkg.egg-info/requires.txt
[8.025s] writing top-level names to ../../build/project_pkg/project_pkg.egg-info/top_level.txt
[8.138s] reading manifest file '../../build/project_pkg/project_pkg.egg-info/SOURCES.txt'
[8.141s] writing manifest file '../../build/project_pkg/project_pkg.egg-info/SOURCES.txt'
[8.143s] running build
[8.143s] running build_py
[8.143s] running install
[8.144s] /home/pederba/.local/lib/python3.10/site-packages/setuptools/command/install.py:34: SetuptoolsDeprecationWarning: setup.py install is deprecated. Use build and pip and other standards-based tools.
[8.144s]   warnings.warn(
[8.158s] running install_lib
[8.232s] running install_data
[8.287s] copying config/localization_params.yaml -> /home/pederba/sesasr_project_ws/install/project_pkg/share/project_pkg/config
[8.288s] running install_egg_info
[8.361s] removing '/home/pederba/sesasr_project_ws/install/project_pkg/lib/python3.10/site-packages/project_pkg-0.0.0-py3.10.egg-info' (and everything under it)
[8.365s] Copying ../../build/project_pkg/project_pkg.egg-info to /home/pederba/sesasr_project_ws/install/project_pkg/lib/python3.10/site-packages/project_pkg-0.0.0-py3.10.egg-info
[8.368s] running install_scripts
[8.611s] Installing localization_node script to /home/pederba/sesasr_project_ws/install/project_pkg/lib/project_pkg
[8.611s] Installing recorder script to /home/pederba/sesasr_project_ws/install/project_pkg/lib/project_pkg
[8.613s] writing list of installed files to '/home/pederba/sesasr_project_ws/build/project_pkg/install.log'
[8.843s] Invoked command in '/home/pederba/sesasr_project_ws/src/project_pkg' returned '0': PYTHONPATH=/home/pederba/sesasr_project_ws/build/project_pkg/prefix_override:/home/pederba/sesasr_project_ws/install/project_pkg/lib/python3.10/site-packages:${PYTHONPATH} /usr/bin/python3 setup.py egg_info --egg-base ../../build/project_pkg build --build-base /home/pederba/sesasr_project_ws/build/project_pkg/build install --record /home/pederba/sesasr_project_ws/build/project_pkg/install.log --single-version-externally-managed
