[0.424s] Invoking command in '/home/pederba/sesasr_project_ws/build/turtlebot3_navigation2': CMAKE_PREFIX_PATH=${CMAKE_PREFIX_PATH}:/home/pederba/install/lab02_pkg:/home/pederba/ros2_ws/install/lab02_pkg_test:/home/pederba/ros2_ws/install/turtlebot3_teleop:/home/pederba/ros2_ws/install/turtlebot3_example:/home/pederba/ros2_ws/install/py_pubsub:/home/pederba/ros2_ws/install/lab05_pkg:/home/pederba/ros2_ws/install/lab03_pkg:/home/pederba/ros2_ws/install/lab01_pkg:/opt/ros/humble /usr/bin/cmake --build /home/pederba/sesasr_project_ws/build/turtlebot3_navigation2 -- -j8 -l8
[1.921s] Invoked command in '/home/pederba/sesasr_project_ws/build/turtlebot3_navigation2' returned '0': CMAKE_PREFIX_PATH=${CMAKE_PREFIX_PATH}:/home/pederba/install/lab02_pkg:/home/pederba/ros2_ws/install/lab02_pkg_test:/home/pederba/ros2_ws/install/turtlebot3_teleop:/home/pederba/ros2_ws/install/turtlebot3_example:/home/pederba/ros2_ws/install/py_pubsub:/home/pederba/ros2_ws/install/lab05_pkg:/home/pederba/ros2_ws/install/lab03_pkg:/home/pederba/ros2_ws/install/lab01_pkg:/opt/ros/humble /usr/bin/cmake --build /home/pederba/sesasr_project_ws/build/turtlebot3_navigation2 -- -j8 -l8
[2.121s] Invoking command in '/home/pederba/sesasr_project_ws/build/turtlebot3_navigation2': CMAKE_PREFIX_PATH=${CMAKE_PREFIX_PATH}:/home/pederba/install/lab02_pkg:/home/pederba/ros2_ws/install/lab02_pkg_test:/home/pederba/ros2_ws/install/turtlebot3_teleop:/home/pederba/ros2_ws/install/turtlebot3_example:/home/pederba/ros2_ws/install/py_pubsub:/home/pederba/ros2_ws/install/lab05_pkg:/home/pederba/ros2_ws/install/lab03_pkg:/home/pederba/ros2_ws/install/lab01_pkg:/opt/ros/humble /usr/bin/cmake --install /home/pederba/sesasr_project_ws/build/turtlebot3_navigation2
[2.147s] -- Install configuration: ""
[2.147s] -- Execute custom install script
[2.148s] -- Up-to-date symlink: /home/pederba/sesasr_project_ws/install/turtlebot3_navigation2/share/turtlebot3_navigation2/launch/navigation2.launch.py
[2.148s] -- Up-to-date symlink: /home/pederba/sesasr_project_ws/install/turtlebot3_navigation2/share/turtlebot3_navigation2/launch/navigation2_use_sim_time.launch.py
[2.165s] -- Up-to-date symlink: /home/pederba/sesasr_project_ws/install/turtlebot3_navigation2/share/turtlebot3_navigation2/map/turtlebot3_world.pgm
[2.165s] -- Up-to-date symlink: /home/pederba/sesasr_project_ws/install/turtlebot3_navigation2/share/turtlebot3_navigation2/map/turtlebot3_world.yaml
[2.167s] -- Up-to-date symlink: /home/pederba/sesasr_project_ws/install/turtlebot3_navigation2/share/turtlebot3_navigation2/param/burger.yaml
[2.167s] -- Up-to-date symlink: /home/pederba/sesasr_project_ws/install/turtlebot3_navigation2/share/turtlebot3_navigation2/param/burger_use_sim_time.yaml
[2.167s] -- Up-to-date symlink: /home/pederba/sesasr_project_ws/install/turtlebot3_navigation2/share/turtlebot3_navigation2/param/waffle_pi.yaml
[2.167s] -- Up-to-date symlink: /home/pederba/sesasr_project_ws/install/turtlebot3_navigation2/share/turtlebot3_navigation2/param/waffle_pi_use_sim_time.yaml
[2.167s] -- Up-to-date symlink: /home/pederba/sesasr_project_ws/install/turtlebot3_navigation2/share/turtlebot3_navigation2/rviz/navigation2.rviz
[2.168s] -- Up-to-date symlink: /home/pederba/sesasr_project_ws/install/turtlebot3_navigation2/share/ament_index/resource_index/package_run_dependencies/turtlebot3_navigation2
[2.168s] -- Up-to-date symlink: /home/pederba/sesasr_project_ws/install/turtlebot3_navigation2/share/ament_index/resource_index/parent_prefix_path/turtlebot3_navigation2
[2.168s] -- Up-to-date symlink: /home/pederba/sesasr_project_ws/install/turtlebot3_navigation2/share/turtlebot3_navigation2/environment/ament_prefix_path.sh
[2.168s] -- Up-to-date symlink: /home/pederba/sesasr_project_ws/install/turtlebot3_navigation2/share/turtlebot3_navigation2/environment/ament_prefix_path.dsv
[2.169s] -- Up-to-date symlink: /home/pederba/sesasr_project_ws/install/turtlebot3_navigation2/share/turtlebot3_navigation2/environment/path.sh
[2.169s] -- Up-to-date symlink: /home/pederba/sesasr_project_ws/install/turtlebot3_navigation2/share/turtlebot3_navigation2/environment/path.dsv
[2.169s] -- Up-to-date symlink: /home/pederba/sesasr_project_ws/install/turtlebot3_navigation2/share/turtlebot3_navigation2/local_setup.bash
[2.169s] -- Up-to-date symlink: /home/pederba/sesasr_project_ws/install/turtlebot3_navigation2/share/turtlebot3_navigation2/local_setup.sh
[2.169s] -- Up-to-date symlink: /home/pederba/sesasr_project_ws/install/turtlebot3_navigation2/share/turtlebot3_navigation2/local_setup.zsh
[2.170s] -- Up-to-date symlink: /home/pederba/sesasr_project_ws/install/turtlebot3_navigation2/share/turtlebot3_navigation2/local_setup.dsv
[2.170s] -- Symlinking: /home/pederba/sesasr_project_ws/install/turtlebot3_navigation2/share/turtlebot3_navigation2/package.dsv
[2.199s] -- Up-to-date symlink: /home/pederba/sesasr_project_ws/install/turtlebot3_navigation2/share/ament_index/resource_index/packages/turtlebot3_navigation2
[2.199s] -- Up-to-date symlink: /home/pederba/sesasr_project_ws/install/turtlebot3_navigation2/share/turtlebot3_navigation2/cmake/turtlebot3_navigation2Config.cmake
[2.199s] -- Up-to-date symlink: /home/pederba/sesasr_project_ws/install/turtlebot3_navigation2/share/turtlebot3_navigation2/cmake/turtlebot3_navigation2Config-version.cmake
[2.199s] -- Up-to-date symlink: /home/pederba/sesasr_project_ws/install/turtlebot3_navigation2/share/turtlebot3_navigation2/package.xml
[2.206s] Invoked command in '/home/pederba/sesasr_project_ws/build/turtlebot3_navigation2' returned '0': CMAKE_PREFIX_PATH=${CMAKE_PREFIX_PATH}:/home/pederba/install/lab02_pkg:/home/pederba/ros2_ws/install/lab02_pkg_test:/home/pederba/ros2_ws/install/turtlebot3_teleop:/home/pederba/ros2_ws/install/turtlebot3_example:/home/pederba/ros2_ws/install/py_pubsub:/home/pederba/ros2_ws/install/lab05_pkg:/home/pederba/ros2_ws/install/lab03_pkg:/home/pederba/ros2_ws/install/lab01_pkg:/opt/ros/humble /usr/bin/cmake --install /home/pederba/sesasr_project_ws/build/turtlebot3_navigation2
