[0.312s] Invoking command in '/home/pederba/sesasr_project_ws/build/turtlebot3_hardware': AMENT_PREFIX_PATH=/home/pederba/sesasr_project_ws/install/dynamixel_sdk:${AMENT_PREFIX_PATH} CMAKE_PREFIX_PATH=/home/pederba/sesasr_project_ws/install/dynamixel_sdk:/opt/ros/humble LD_LIBRARY_PATH=/home/pederba/sesasr_project_ws/install/dynamixel_sdk/lib:${LD_LIBRARY_PATH} /usr/bin/cmake /home/pederba/sesasr_project_ws/src/turtlebot3/turtlebot3_hardware -DAMENT_CMAKE_SYMLINK_INSTALL=1 -DCMAKE_INSTALL_PREFIX=/home/pederba/sesasr_project_ws/install/turtlebot3_hardware
[0.755s] -- The C compiler identification is GNU 11.4.0
[1.036s] -- The CXX compiler identification is GNU 11.4.0
[1.075s] -- Detecting C compiler ABI info
[1.651s] -- Detecting C compiler ABI info - done
[1.671s] -- Check for working C compiler: /usr/bin/cc - skipped
[1.678s] -- Detecting C compile features
[1.688s] -- Detecting C compile features - done
[1.696s] -- Detecting CXX compiler ABI info
[2.365s] -- Detecting CXX compiler ABI info - done
[2.391s] -- Check for working CXX compiler: /usr/bin/c++ - skipped
[2.392s] -- Detecting CXX compile features
[2.394s] -- Detecting CXX compile features - done
[2.406s] -- Found ament_cmake: 1.3.6 (/opt/ros/humble/share/ament_cmake/cmake)
[5.203s] -- Found Python3: /usr/bin/python3.10 (found version "3.10.12") found components: Interpreter 
[5.526s] -- Override CMake install command with custom implementation using symlinks instead of copying resources
[5.664s] -- Found dynamixel_sdk: 3.7.60 (/home/pederba/sesasr_project_ws/install/dynamixel_sdk/share/dynamixel_sdk/cmake)
[5.681s] -- Found hardware_interface: 2.35.0 (/opt/ros/humble/share/hardware_interface/cmake)
[5.930s] -- Found rosidl_generator_c: 3.1.5 (/opt/ros/humble/share/rosidl_generator_c/cmake)
[5.961s] -- Found rosidl_adapter: 3.1.5 (/opt/ros/humble/share/rosidl_adapter/cmake)
[5.985s] -- Found rosidl_generator_cpp: 3.1.5 (/opt/ros/humble/share/rosidl_generator_cpp/cmake)
[6.024s] -- Using all available rosidl_typesupport_c: rosidl_typesupport_fastrtps_c;rosidl_typesupport_introspection_c
[6.117s] -- Using all available rosidl_typesupport_cpp: rosidl_typesupport_fastrtps_cpp;rosidl_typesupport_introspection_cpp
[9.593s] -- Found rmw_implementation_cmake: 6.1.1 (/opt/ros/humble/share/rmw_implementation_cmake/cmake)
[9.605s] -- Found rmw_fastrtps_cpp: 6.2.5 (/opt/ros/humble/share/rmw_fastrtps_cpp/cmake)
[9.740s] -- Found TinyXML2 via Config file: TinyXML2_DIR-NOTFOUND
[10.272s] -- Found OpenSSL: /usr/lib/x86_64-linux-gnu/libcrypto.so (found version "3.0.2")  
[10.281s] -- Found TinyXML2 via Config file: TinyXML2_DIR-NOTFOUND
[10.371s] -- Found FastRTPS: /opt/ros/humble/include  
[10.428s] -- Found TinyXML2 via Config file: TinyXML2_DIR-NOTFOUND
[10.463s] -- Found TinyXML2 via Config file: TinyXML2_DIR-NOTFOUND
[10.525s] -- Using RMW implementation 'rmw_fastrtps_cpp' as default
[10.584s] -- Looking for pthread.h
[11.147s] -- Looking for pthread.h - found
[11.153s] -- Performing Test CMAKE_HAVE_LIBC_PTHREAD
[11.455s] -- Performing Test CMAKE_HAVE_LIBC_PTHREAD - Success
[11.459s] -- Found Threads: TRUE  
[12.343s] -- Configuring done
[12.451s] -- Generating done
[12.456s] -- Build files have been written to: /home/pederba/sesasr_project_ws/build/turtlebot3_hardware
[12.488s] Invoked command in '/home/pederba/sesasr_project_ws/build/turtlebot3_hardware' returned '0': AMENT_PREFIX_PATH=/home/pederba/sesasr_project_ws/install/dynamixel_sdk:${AMENT_PREFIX_PATH} CMAKE_PREFIX_PATH=/home/pederba/sesasr_project_ws/install/dynamixel_sdk:/opt/ros/humble LD_LIBRARY_PATH=/home/pederba/sesasr_project_ws/install/dynamixel_sdk/lib:${LD_LIBRARY_PATH} /usr/bin/cmake /home/pederba/sesasr_project_ws/src/turtlebot3/turtlebot3_hardware -DAMENT_CMAKE_SYMLINK_INSTALL=1 -DCMAKE_INSTALL_PREFIX=/home/pederba/sesasr_project_ws/install/turtlebot3_hardware
[12.492s] Invoking command in '/home/pederba/sesasr_project_ws/build/turtlebot3_hardware': AMENT_PREFIX_PATH=/home/pederba/sesasr_project_ws/install/dynamixel_sdk:${AMENT_PREFIX_PATH} CMAKE_PREFIX_PATH=/home/pederba/sesasr_project_ws/install/dynamixel_sdk:/opt/ros/humble LD_LIBRARY_PATH=/home/pederba/sesasr_project_ws/install/dynamixel_sdk/lib:${LD_LIBRARY_PATH} /usr/bin/cmake --build /home/pederba/sesasr_project_ws/build/turtlebot3_hardware -- -j8 -l8
[12.600s] [ 50%] [32mBuilding CXX object CMakeFiles/turtlebot3_hardware.dir/src/dynamixel_sdk_wrapper.cpp.o[0m
[12.601s] [ 50%] [32mBuilding CXX object CMakeFiles/turtlebot3_hardware.dir/src/opencr.cpp.o[0m
[12.610s] [ 75%] [32mBuilding CXX object CMakeFiles/turtlebot3_hardware.dir/src/turtlebot3_system.cpp.o[0m
[22.123s] [100%] [32m[1mLinking CXX shared library libturtlebot3_hardware.so[0m
[22.837s] [100%] Built target turtlebot3_hardware
[22.871s] Invoked command in '/home/pederba/sesasr_project_ws/build/turtlebot3_hardware' returned '0': AMENT_PREFIX_PATH=/home/pederba/sesasr_project_ws/install/dynamixel_sdk:${AMENT_PREFIX_PATH} CMAKE_PREFIX_PATH=/home/pederba/sesasr_project_ws/install/dynamixel_sdk:/opt/ros/humble LD_LIBRARY_PATH=/home/pederba/sesasr_project_ws/install/dynamixel_sdk/lib:${LD_LIBRARY_PATH} /usr/bin/cmake --build /home/pederba/sesasr_project_ws/build/turtlebot3_hardware -- -j8 -l8
[22.971s] Invoking command in '/home/pederba/sesasr_project_ws/build/turtlebot3_hardware': AMENT_PREFIX_PATH=/home/pederba/sesasr_project_ws/install/dynamixel_sdk:${AMENT_PREFIX_PATH} CMAKE_PREFIX_PATH=/home/pederba/sesasr_project_ws/install/dynamixel_sdk:/opt/ros/humble LD_LIBRARY_PATH=/home/pederba/sesasr_project_ws/install/dynamixel_sdk/lib:${LD_LIBRARY_PATH} /usr/bin/cmake --install /home/pederba/sesasr_project_ws/build/turtlebot3_hardware
[22.989s] -- Install configuration: ""
[22.991s] -- Execute custom install script
[22.992s] -- Symlinking: /home/pederba/sesasr_project_ws/install/turtlebot3_hardware/share/turtlebot3_hardware//turtlebot3_hardware.xml
[23.031s] -- Symlinking: /home/pederba/sesasr_project_ws/install/turtlebot3_hardware/include/turtlebot3_hardware/dynamixel_sdk_wrapper.hpp
[23.067s] -- Symlinking: /home/pederba/sesasr_project_ws/install/turtlebot3_hardware/include/turtlebot3_hardware/opencr.hpp
[23.102s] -- Symlinking: /home/pederba/sesasr_project_ws/install/turtlebot3_hardware/include/turtlebot3_hardware/opencr_control_table.hpp
[23.140s] -- Symlinking: /home/pederba/sesasr_project_ws/install/turtlebot3_hardware/include/turtlebot3_hardware/opencr_definitions.hpp
[23.166s] -- Symlinking: /home/pederba/sesasr_project_ws/install/turtlebot3_hardware/include/turtlebot3_hardware/turtlebot3_system.hpp
[23.191s] -- Symlinking: /home/pederba/sesasr_project_ws/install/turtlebot3_hardware/include/turtlebot3_hardware/visibility_control.h
[23.236s] -- Symlinking: /home/pederba/sesasr_project_ws/install/turtlebot3_hardware/lib/libturtlebot3_hardware.so
[23.261s] -- Symlinking: /home/pederba/sesasr_project_ws/install/turtlebot3_hardware/share/turtlebot3_hardware/environment/library_path.sh
[23.292s] -- Symlinking: /home/pederba/sesasr_project_ws/install/turtlebot3_hardware/share/turtlebot3_hardware/environment/library_path.dsv
[23.319s] -- Symlinking: /home/pederba/sesasr_project_ws/install/turtlebot3_hardware/share/ament_index/resource_index/package_run_dependencies/turtlebot3_hardware
[23.358s] -- Symlinking: /home/pederba/sesasr_project_ws/install/turtlebot3_hardware/share/ament_index/resource_index/parent_prefix_path/turtlebot3_hardware
[23.379s] -- Symlinking: /home/pederba/sesasr_project_ws/install/turtlebot3_hardware/share/turtlebot3_hardware/environment/ament_prefix_path.sh
[23.408s] -- Symlinking: /home/pederba/sesasr_project_ws/install/turtlebot3_hardware/share/turtlebot3_hardware/environment/ament_prefix_path.dsv
[23.444s] -- Symlinking: /home/pederba/sesasr_project_ws/install/turtlebot3_hardware/share/turtlebot3_hardware/environment/path.sh
[23.475s] -- Symlinking: /home/pederba/sesasr_project_ws/install/turtlebot3_hardware/share/turtlebot3_hardware/environment/path.dsv
[23.501s] -- Symlinking: /home/pederba/sesasr_project_ws/install/turtlebot3_hardware/share/turtlebot3_hardware/local_setup.bash
[23.523s] -- Symlinking: /home/pederba/sesasr_project_ws/install/turtlebot3_hardware/share/turtlebot3_hardware/local_setup.sh
[23.558s] -- Symlinking: /home/pederba/sesasr_project_ws/install/turtlebot3_hardware/share/turtlebot3_hardware/local_setup.zsh
[23.587s] -- Symlinking: /home/pederba/sesasr_project_ws/install/turtlebot3_hardware/share/turtlebot3_hardware/local_setup.dsv
[23.608s] -- Symlinking: /home/pederba/sesasr_project_ws/install/turtlebot3_hardware/share/turtlebot3_hardware/package.dsv
[23.634s] -- Symlinking: /home/pederba/sesasr_project_ws/install/turtlebot3_hardware/share/ament_index/resource_index/packages/turtlebot3_hardware
[23.654s] -- Symlinking: /home/pederba/sesasr_project_ws/install/turtlebot3_hardware/share/ament_index/resource_index/hardware_interface__pluginlib__plugin/turtlebot3_hardware
[23.679s] -- Symlinking: /home/pederba/sesasr_project_ws/install/turtlebot3_hardware/share/turtlebot3_hardware/cmake/ament_cmake_export_include_directories-extras.cmake
[23.706s] -- Symlinking: /home/pederba/sesasr_project_ws/install/turtlebot3_hardware/share/turtlebot3_hardware/cmake/ament_cmake_export_libraries-extras.cmake
[23.743s] -- Symlinking: /home/pederba/sesasr_project_ws/install/turtlebot3_hardware/share/turtlebot3_hardware/cmake/ament_cmake_export_dependencies-extras.cmake
[23.773s] -- Symlinking: /home/pederba/sesasr_project_ws/install/turtlebot3_hardware/share/turtlebot3_hardware/cmake/turtlebot3_hardwareConfig.cmake
[23.803s] -- Symlinking: /home/pederba/sesasr_project_ws/install/turtlebot3_hardware/share/turtlebot3_hardware/cmake/turtlebot3_hardwareConfig-version.cmake
[23.825s] -- Symlinking: /home/pederba/sesasr_project_ws/install/turtlebot3_hardware/share/turtlebot3_hardware/package.xml
[23.872s] Invoked command in '/home/pederba/sesasr_project_ws/build/turtlebot3_hardware' returned '0': AMENT_PREFIX_PATH=/home/pederba/sesasr_project_ws/install/dynamixel_sdk:${AMENT_PREFIX_PATH} CMAKE_PREFIX_PATH=/home/pederba/sesasr_project_ws/install/dynamixel_sdk:/opt/ros/humble LD_LIBRARY_PATH=/home/pederba/sesasr_project_ws/install/dynamixel_sdk/lib:${LD_LIBRARY_PATH} /usr/bin/cmake --install /home/pederba/sesasr_project_ws/build/turtlebot3_hardware
