[4.447s] Invoking command in '/home/pederba/sesasr_project_ws/src/turtlebot3/turtlebot3_teleop': PYTHONPATH=/home/pederba/sesasr_project_ws/build/turtlebot3_teleop/prefix_override:/home/pederba/sesasr_project_ws/install/turtlebot3_teleop/lib/python3.10/site-packages:${PYTHONPATH} /usr/bin/python3 setup.py egg_info --egg-base ../../../build/turtlebot3_teleop build --build-base /home/pederba/sesasr_project_ws/build/turtlebot3_teleop/build install --record /home/pederba/sesasr_project_ws/build/turtlebot3_teleop/install.log --single-version-externally-managed
[5.514s] running egg_info
[5.566s] writing ../../../build/turtlebot3_teleop/turtlebot3_teleop.egg-info/PKG-INFO
[5.567s] writing dependency_links to ../../../build/turtlebot3_teleop/turtlebot3_teleop.egg-info/dependency_links.txt
[5.569s] writing entry points to ../../../build/turtlebot3_teleop/turtlebot3_teleop.egg-info/entry_points.txt
[5.570s] writing requirements to ../../../build/turtlebot3_teleop/turtlebot3_teleop.egg-info/requires.txt
[5.571s] writing top-level names to ../../../build/turtlebot3_teleop/turtlebot3_teleop.egg-info/top_level.txt
[5.675s] reading manifest file '../../../build/turtlebot3_teleop/turtlebot3_teleop.egg-info/SOURCES.txt'
[5.677s] writing manifest file '../../../build/turtlebot3_teleop/turtlebot3_teleop.egg-info/SOURCES.txt'
[5.677s] running build
[5.677s] running build_py
[5.679s] running install
[5.680s] /home/pederba/.local/lib/python3.10/site-packages/setuptools/command/install.py:34: SetuptoolsDeprecationWarning: setup.py install is deprecated. Use build and pip and other standards-based tools.
[5.680s]   warnings.warn(
[5.690s] running install_lib
[5.733s] running install_data
[5.774s] running install_egg_info
[5.821s] removing '/home/pederba/sesasr_project_ws/install/turtlebot3_teleop/lib/python3.10/site-packages/turtlebot3_teleop-2.1.5-py3.10.egg-info' (and everything under it)
[5.822s] Copying ../../../build/turtlebot3_teleop/turtlebot3_teleop.egg-info to /home/pederba/sesasr_project_ws/install/turtlebot3_teleop/lib/python3.10/site-packages/turtlebot3_teleop-2.1.5-py3.10.egg-info
[5.824s] running install_scripts
[5.990s] Installing teleop_keyboard script to /home/pederba/sesasr_project_ws/install/turtlebot3_teleop/lib/turtlebot3_teleop
[5.990s] writing list of installed files to '/home/pederba/sesasr_project_ws/build/turtlebot3_teleop/install.log'
[6.672s] Invoked command in '/home/pederba/sesasr_project_ws/src/turtlebot3/turtlebot3_teleop' returned '0': PYTHONPATH=/home/pederba/sesasr_project_ws/build/turtlebot3_teleop/prefix_override:/home/pederba/sesasr_project_ws/install/turtlebot3_teleop/lib/python3.10/site-packages:${PYTHONPATH} /usr/bin/python3 setup.py egg_info --egg-base ../../../build/turtlebot3_teleop build --build-base /home/pederba/sesasr_project_ws/build/turtlebot3_teleop/build install --record /home/pederba/sesasr_project_ws/build/turtlebot3_teleop/install.log --single-version-externally-managed
