[2.499s] Invoking command in '/home/pederba/sesasr_project_ws/src/project_pkg': PYTHONPATH=/home/pederba/sesasr_project_ws/build/project_pkg/prefix_override:/home/pederba/sesasr_project_ws/install/project_pkg/lib/python3.10/site-packages:${PYTHONPATH} /usr/bin/python3 setup.py egg_info --egg-base ../../build/project_pkg build --build-base /home/pederba/sesasr_project_ws/build/project_pkg/build install --record /home/pederba/sesasr_project_ws/build/project_pkg/install.log --single-version-externally-managed
[3.320s] running egg_info
[3.357s] writing ../../build/project_pkg/project_pkg.egg-info/PKG-INFO
[3.357s] writing dependency_links to ../../build/project_pkg/project_pkg.egg-info/dependency_links.txt
[3.358s] writing entry points to ../../build/project_pkg/project_pkg.egg-info/entry_points.txt
[3.358s] writing requirements to ../../build/project_pkg/project_pkg.egg-info/requires.txt
[3.358s] writing top-level names to ../../build/project_pkg/project_pkg.egg-info/top_level.txt
[3.428s] reading manifest file '../../build/project_pkg/project_pkg.egg-info/SOURCES.txt'
[3.430s] writing manifest file '../../build/project_pkg/project_pkg.egg-info/SOURCES.txt'
[3.431s] running build
[3.431s] running build_py
[3.432s] running install
[3.432s] /home/pederba/.local/lib/python3.10/site-packages/setuptools/command/install.py:34: SetuptoolsDeprecationWarning: setup.py install is deprecated. Use build and pip and other standards-based tools.
[3.433s]   warnings.warn(
[3.443s] running install_lib
[3.478s] running install_data
[3.513s] copying config/localization_params.yaml -> /home/pederba/sesasr_project_ws/install/project_pkg/share/project_pkg/config
[3.513s] running install_egg_info
[3.553s] removing '/home/pederba/sesasr_project_ws/install/project_pkg/lib/python3.10/site-packages/project_pkg-0.0.0-py3.10.egg-info' (and everything under it)
[3.554s] Copying ../../build/project_pkg/project_pkg.egg-info to /home/pederba/sesasr_project_ws/install/project_pkg/lib/python3.10/site-packages/project_pkg-0.0.0-py3.10.egg-info
[3.556s] running install_scripts
[3.690s] Installing localization_node script to /home/pederba/sesasr_project_ws/install/project_pkg/lib/project_pkg
[3.690s] Installing recorder script to /home/pederba/sesasr_project_ws/install/project_pkg/lib/project_pkg
[3.691s] writing list of installed files to '/home/pederba/sesasr_project_ws/build/project_pkg/install.log'
[3.804s] Invoked command in '/home/pederba/sesasr_project_ws/src/project_pkg' returned '0': PYTHONPATH=/home/pederba/sesasr_project_ws/build/project_pkg/prefix_override:/home/pederba/sesasr_project_ws/install/project_pkg/lib/python3.10/site-packages:${PYTHONPATH} /usr/bin/python3 setup.py egg_info --egg-base ../../build/project_pkg build --build-base /home/pederba/sesasr_project_ws/build/project_pkg/build install --record /home/pederba/sesasr_project_ws/build/project_pkg/install.log --single-version-externally-managed
