[2.577s] Invoking command in '/home/pederba/sesasr_project_ws/src/project_pkg': PYTHONPATH=/home/pederba/sesasr_project_ws/build/project_pkg/prefix_override:/home/pederba/sesasr_project_ws/install/project_pkg/lib/python3.10/site-packages:${PYTHONPATH} /usr/bin/python3 setup.py egg_info --egg-base ../../build/project_pkg build --build-base /home/pederba/sesasr_project_ws/build/project_pkg/build install --record /home/pederba/sesasr_project_ws/build/project_pkg/install.log --single-version-externally-managed
[3.420s] running egg_info
[3.466s] writing ../../build/project_pkg/project_pkg.egg-info/PKG-INFO
[3.466s] writing dependency_links to ../../build/project_pkg/project_pkg.egg-info/dependency_links.txt
[3.466s] writing entry points to ../../build/project_pkg/project_pkg.egg-info/entry_points.txt
[3.466s] writing requirements to ../../build/project_pkg/project_pkg.egg-info/requires.txt
[3.467s] writing top-level names to ../../build/project_pkg/project_pkg.egg-info/top_level.txt
[3.542s] reading manifest file '../../build/project_pkg/project_pkg.egg-info/SOURCES.txt'
[3.544s] writing manifest file '../../build/project_pkg/project_pkg.egg-info/SOURCES.txt'
[3.544s] running build
[3.544s] running build_py
[3.544s] copying project_pkg/localization_node.py -> /home/pederba/sesasr_project_ws/build/project_pkg/build/lib/project_pkg
[3.545s] running install
[3.546s] /home/pederba/.local/lib/python3.10/site-packages/setuptools/command/install.py:34: SetuptoolsDeprecationWarning: setup.py install is deprecated. Use build and pip and other standards-based tools.
[3.546s]   warnings.warn(
[3.557s] running install_lib
[3.591s] copying /home/pederba/sesasr_project_ws/build/project_pkg/build/lib/project_pkg/localization_node.py -> /home/pederba/sesasr_project_ws/install/project_pkg/lib/python3.10/site-packages/project_pkg
[3.592s] byte-compiling /home/pederba/sesasr_project_ws/install/project_pkg/lib/python3.10/site-packages/project_pkg/localization_node.py to localization_node.cpython-310.pyc
[3.595s] running install_data
[3.631s] running install_egg_info
[3.670s] removing '/home/pederba/sesasr_project_ws/install/project_pkg/lib/python3.10/site-packages/project_pkg-0.0.0-py3.10.egg-info' (and everything under it)
[3.670s] Copying ../../build/project_pkg/project_pkg.egg-info to /home/pederba/sesasr_project_ws/install/project_pkg/lib/python3.10/site-packages/project_pkg-0.0.0-py3.10.egg-info
[3.672s] running install_scripts
[3.814s] Installing localization_node script to /home/pederba/sesasr_project_ws/install/project_pkg/lib/project_pkg
[3.815s] Installing recorder script to /home/pederba/sesasr_project_ws/install/project_pkg/lib/project_pkg
[3.815s] writing list of installed files to '/home/pederba/sesasr_project_ws/build/project_pkg/install.log'
[3.926s] Invoked command in '/home/pederba/sesasr_project_ws/src/project_pkg' returned '0': PYTHONPATH=/home/pederba/sesasr_project_ws/build/project_pkg/prefix_override:/home/pederba/sesasr_project_ws/install/project_pkg/lib/python3.10/site-packages:${PYTHONPATH} /usr/bin/python3 setup.py egg_info --egg-base ../../build/project_pkg build --build-base /home/pederba/sesasr_project_ws/build/project_pkg/build install --record /home/pederba/sesasr_project_ws/build/project_pkg/install.log --single-version-externally-managed
