[2.107s] Invoking command in '/home/pederba/sesasr_project_ws/src/project_pkg': PYTHONPATH=/home/pederba/sesasr_project_ws/build/project_pkg/prefix_override:/home/pederba/sesasr_project_ws/install/project_pkg/lib/python3.10/site-packages:${PYTHONPATH} /usr/bin/python3 setup.py egg_info --egg-base ../../build/project_pkg build --build-base /home/pederba/sesasr_project_ws/build/project_pkg/build install --record /home/pederba/sesasr_project_ws/build/project_pkg/install.log --single-version-externally-managed
[2.776s] running egg_info
[2.803s] writing ../../build/project_pkg/project_pkg.egg-info/PKG-INFO
[2.804s] writing dependency_links to ../../build/project_pkg/project_pkg.egg-info/dependency_links.txt
[2.804s] writing entry points to ../../build/project_pkg/project_pkg.egg-info/entry_points.txt
[2.804s] writing requirements to ../../build/project_pkg/project_pkg.egg-info/requires.txt
[2.804s] writing top-level names to ../../build/project_pkg/project_pkg.egg-info/top_level.txt
[2.865s] reading manifest file '../../build/project_pkg/project_pkg.egg-info/SOURCES.txt'
[2.866s] writing manifest file '../../build/project_pkg/project_pkg.egg-info/SOURCES.txt'
[2.867s] running build
[2.867s] running build_py
[2.867s] copying project_pkg/recorder.py -> /home/pederba/sesasr_project_ws/build/project_pkg/build/lib/project_pkg
[2.868s] running install
[2.868s] /home/pederba/.local/lib/python3.10/site-packages/setuptools/command/install.py:34: SetuptoolsDeprecationWarning: setup.py install is deprecated. Use build and pip and other standards-based tools.
[2.868s]   warnings.warn(
[2.875s] running install_lib
[2.902s] copying /home/pederba/sesasr_project_ws/build/project_pkg/build/lib/project_pkg/recorder.py -> /home/pederba/sesasr_project_ws/install/project_pkg/lib/python3.10/site-packages/project_pkg
[2.903s] byte-compiling /home/pederba/sesasr_project_ws/install/project_pkg/lib/python3.10/site-packages/project_pkg/recorder.py to recorder.cpython-310.pyc
[2.904s] running install_data
[2.935s] running install_egg_info
[2.968s] removing '/home/pederba/sesasr_project_ws/install/project_pkg/lib/python3.10/site-packages/project_pkg-0.0.0-py3.10.egg-info' (and everything under it)
[2.969s] Copying ../../build/project_pkg/project_pkg.egg-info to /home/pederba/sesasr_project_ws/install/project_pkg/lib/python3.10/site-packages/project_pkg-0.0.0-py3.10.egg-info
[2.970s] running install_scripts
[3.084s] Installing localization_node script to /home/pederba/sesasr_project_ws/install/project_pkg/lib/project_pkg
[3.084s] Installing recorder script to /home/pederba/sesasr_project_ws/install/project_pkg/lib/project_pkg
[3.085s] writing list of installed files to '/home/pederba/sesasr_project_ws/build/project_pkg/install.log'
[3.165s] Invoked command in '/home/pederba/sesasr_project_ws/src/project_pkg' returned '0': PYTHONPATH=/home/pederba/sesasr_project_ws/build/project_pkg/prefix_override:/home/pederba/sesasr_project_ws/install/project_pkg/lib/python3.10/site-packages:${PYTHONPATH} /usr/bin/python3 setup.py egg_info --egg-base ../../build/project_pkg build --build-base /home/pederba/sesasr_project_ws/build/project_pkg/build install --record /home/pederba/sesasr_project_ws/build/project_pkg/install.log --single-version-externally-managed
