[0.380s] Invoking command in '/home/pederba/sesasr_project_ws/build/turtlebot3_gazebo': CMAKE_PREFIX_PATH=/opt/ros/humble /usr/bin/cmake --build /home/pederba/sesasr_project_ws/build/turtlebot3_gazebo -- -j8 -l8
[0.621s] [ 25%] Built target turtlebot3_drive
[0.653s] [ 50%] Built target obstacle1
[0.674s] [ 75%] Built target obstacle2
[0.719s] [100%] Built target obstacles
[1.534s] Invoked command in '/home/pederba/sesasr_project_ws/build/turtlebot3_gazebo' returned '0': CMAKE_PREFIX_PATH=/opt/ros/humble /usr/bin/cmake --build /home/pederba/sesasr_project_ws/build/turtlebot3_gazebo -- -j8 -l8
[1.630s] Invoking command in '/home/pederba/sesasr_project_ws/build/turtlebot3_gazebo': CMAKE_PREFIX_PATH=/opt/ros/humble /usr/bin/cmake --install /home/pederba/sesasr_project_ws/build/turtlebot3_gazebo
[1.665s] -- Install configuration: ""
[1.691s] -- Execute custom install script
[1.691s] -- Up-to-date symlink: /home/pederba/sesasr_project_ws/install/turtlebot3_gazebo/lib/turtlebot3_gazebo/turtlebot3_drive
[1.692s] -- Up-to-date symlink: /home/pederba/sesasr_project_ws/install/turtlebot3_gazebo/share/turtlebot3_gazebo//launch/empty_world.launch.py
[1.692s] -- Up-to-date symlink: /home/pederba/sesasr_project_ws/install/turtlebot3_gazebo/share/turtlebot3_gazebo//launch/robot_state_publisher.launch.py
[1.693s] -- Up-to-date symlink: /home/pederba/sesasr_project_ws/install/turtlebot3_gazebo/share/turtlebot3_gazebo//launch/spawn_turtlebot3.launch.py
[1.693s] -- Up-to-date symlink: /home/pederba/sesasr_project_ws/install/turtlebot3_gazebo/share/turtlebot3_gazebo//launch/turtlebot3_dqn_stage1.launch.py
[1.694s] -- Up-to-date symlink: /home/pederba/sesasr_project_ws/install/turtlebot3_gazebo/share/turtlebot3_gazebo//launch/turtlebot3_dqn_stage2.launch.py
[1.694s] -- Up-to-date symlink: /home/pederba/sesasr_project_ws/install/turtlebot3_gazebo/share/turtlebot3_gazebo//launch/turtlebot3_dqn_stage3.launch.py
[1.695s] -- Up-to-date symlink: /home/pederba/sesasr_project_ws/install/turtlebot3_gazebo/share/turtlebot3_gazebo//launch/turtlebot3_dqn_stage4.launch.py
[1.695s] -- Up-to-date symlink: /home/pederba/sesasr_project_ws/install/turtlebot3_gazebo/share/turtlebot3_gazebo//launch/turtlebot3_house.launch.py
[1.696s] -- Up-to-date symlink: /home/pederba/sesasr_project_ws/install/turtlebot3_gazebo/share/turtlebot3_gazebo//launch/turtlebot3_world.launch.py
[1.696s] -- Up-to-date symlink: /home/pederba/sesasr_project_ws/install/turtlebot3_gazebo/share/turtlebot3_gazebo//models/turtlebot3_burger/model-1_4.sdf
[1.697s] -- Up-to-date symlink: /home/pederba/sesasr_project_ws/install/turtlebot3_gazebo/share/turtlebot3_gazebo//models/turtlebot3_burger/model.config
[1.697s] -- Up-to-date symlink: /home/pederba/sesasr_project_ws/install/turtlebot3_gazebo/share/turtlebot3_gazebo//models/turtlebot3_burger/model.sdf
[1.698s] -- Up-to-date symlink: /home/pederba/sesasr_project_ws/install/turtlebot3_gazebo/share/turtlebot3_gazebo//models/turtlebot3_common/meshes/burger_base.dae
[1.703s] -- Up-to-date symlink: /home/pederba/sesasr_project_ws/install/turtlebot3_gazebo/share/turtlebot3_gazebo//models/turtlebot3_common/meshes/lds.dae
[1.706s] -- Up-to-date symlink: /home/pederba/sesasr_project_ws/install/turtlebot3_gazebo/share/turtlebot3_gazebo//models/turtlebot3_common/meshes/r200.dae
[1.706s] -- Up-to-date symlink: /home/pederba/sesasr_project_ws/install/turtlebot3_gazebo/share/turtlebot3_gazebo//models/turtlebot3_common/meshes/tire.dae
[1.712s] -- Up-to-date symlink: /home/pederba/sesasr_project_ws/install/turtlebot3_gazebo/share/turtlebot3_gazebo//models/turtlebot3_common/meshes/waffle_base.dae
[1.712s] -- Up-to-date symlink: /home/pederba/sesasr_project_ws/install/turtlebot3_gazebo/share/turtlebot3_gazebo//models/turtlebot3_common/meshes/waffle_pi_base.dae
[1.713s] -- Up-to-date symlink: /home/pederba/sesasr_project_ws/install/turtlebot3_gazebo/share/turtlebot3_gazebo//models/turtlebot3_common/model.config
[1.713s] -- Up-to-date symlink: /home/pederba/sesasr_project_ws/install/turtlebot3_gazebo/share/turtlebot3_gazebo//models/turtlebot3_dqn_world/goal_box/model.config
[1.718s] -- Up-to-date symlink: /home/pederba/sesasr_project_ws/install/turtlebot3_gazebo/share/turtlebot3_gazebo//models/turtlebot3_dqn_world/goal_box/model.sdf
[1.742s] -- Up-to-date symlink: /home/pederba/sesasr_project_ws/install/turtlebot3_gazebo/share/turtlebot3_gazebo//models/turtlebot3_dqn_world/inner_walls/model.config
[1.745s] -- Up-to-date symlink: /home/pederba/sesasr_project_ws/install/turtlebot3_gazebo/share/turtlebot3_gazebo//models/turtlebot3_dqn_world/inner_walls/model.sdf
[1.746s] -- Up-to-date symlink: /home/pederba/sesasr_project_ws/install/turtlebot3_gazebo/share/turtlebot3_gazebo//models/turtlebot3_dqn_world/model.config
[1.746s] -- Up-to-date symlink: /home/pederba/sesasr_project_ws/install/turtlebot3_gazebo/share/turtlebot3_gazebo//models/turtlebot3_dqn_world/model.sdf
[1.747s] -- Up-to-date symlink: /home/pederba/sesasr_project_ws/install/turtlebot3_gazebo/share/turtlebot3_gazebo//models/turtlebot3_dqn_world/obstacle1/model.config
[1.747s] -- Up-to-date symlink: /home/pederba/sesasr_project_ws/install/turtlebot3_gazebo/share/turtlebot3_gazebo//models/turtlebot3_dqn_world/obstacle1/model.sdf
[1.747s] -- Up-to-date symlink: /home/pederba/sesasr_project_ws/install/turtlebot3_gazebo/share/turtlebot3_gazebo//models/turtlebot3_dqn_world/obstacle2/model.config
[1.748s] -- Up-to-date symlink: /home/pederba/sesasr_project_ws/install/turtlebot3_gazebo/share/turtlebot3_gazebo//models/turtlebot3_dqn_world/obstacle2/model.sdf
[1.748s] -- Up-to-date symlink: /home/pederba/sesasr_project_ws/install/turtlebot3_gazebo/share/turtlebot3_gazebo//models/turtlebot3_dqn_world/obstacle_plugin/CMakeLists.txt
[1.748s] -- Up-to-date symlink: /home/pederba/sesasr_project_ws/install/turtlebot3_gazebo/share/turtlebot3_gazebo//models/turtlebot3_dqn_world/obstacle_plugin/obstacle1.cc
[1.748s] -- Up-to-date symlink: /home/pederba/sesasr_project_ws/install/turtlebot3_gazebo/share/turtlebot3_gazebo//models/turtlebot3_dqn_world/obstacle_plugin/obstacle2.cc
[1.749s] -- Up-to-date symlink: /home/pederba/sesasr_project_ws/install/turtlebot3_gazebo/share/turtlebot3_gazebo//models/turtlebot3_dqn_world/obstacle_plugin/obstacles.cc
[1.749s] -- Up-to-date symlink: /home/pederba/sesasr_project_ws/install/turtlebot3_gazebo/share/turtlebot3_gazebo//models/turtlebot3_dqn_world/obstacles/model.config
[1.750s] -- Up-to-date symlink: /home/pederba/sesasr_project_ws/install/turtlebot3_gazebo/share/turtlebot3_gazebo//models/turtlebot3_dqn_world/obstacles/model.sdf
[1.750s] -- Up-to-date symlink: /home/pederba/sesasr_project_ws/install/turtlebot3_gazebo/share/turtlebot3_gazebo//models/turtlebot3_house/model.config
[1.750s] -- Up-to-date symlink: /home/pederba/sesasr_project_ws/install/turtlebot3_gazebo/share/turtlebot3_gazebo//models/turtlebot3_house/model.sdf
[1.750s] -- Up-to-date symlink: /home/pederba/sesasr_project_ws/install/turtlebot3_gazebo/share/turtlebot3_gazebo//models/turtlebot3_waffle/model-1_4.sdf
[1.752s] -- Up-to-date symlink: /home/pederba/sesasr_project_ws/install/turtlebot3_gazebo/share/turtlebot3_gazebo//models/turtlebot3_waffle/model.config
[1.753s] -- Up-to-date symlink: /home/pederba/sesasr_project_ws/install/turtlebot3_gazebo/share/turtlebot3_gazebo//models/turtlebot3_waffle/model.sdf
[1.760s] -- Up-to-date symlink: /home/pederba/sesasr_project_ws/install/turtlebot3_gazebo/share/turtlebot3_gazebo//models/turtlebot3_waffle_pi/model-1_4_.sdf
[1.760s] -- Up-to-date symlink: /home/pederba/sesasr_project_ws/install/turtlebot3_gazebo/share/turtlebot3_gazebo//models/turtlebot3_waffle_pi/model.config
[1.760s] -- Up-to-date symlink: /home/pederba/sesasr_project_ws/install/turtlebot3_gazebo/share/turtlebot3_gazebo//models/turtlebot3_waffle_pi/model.sdf
[1.760s] -- Up-to-date symlink: /home/pederba/sesasr_project_ws/install/turtlebot3_gazebo/share/turtlebot3_gazebo//models/turtlebot3_world/meshes/hexagon.dae
[1.761s] -- Up-to-date symlink: /home/pederba/sesasr_project_ws/install/turtlebot3_gazebo/share/turtlebot3_gazebo//models/turtlebot3_world/meshes/wall.dae
[1.761s] -- Up-to-date symlink: /home/pederba/sesasr_project_ws/install/turtlebot3_gazebo/share/turtlebot3_gazebo//models/turtlebot3_world/model-1_4.sdf
[1.761s] -- Up-to-date symlink: /home/pederba/sesasr_project_ws/install/turtlebot3_gazebo/share/turtlebot3_gazebo//models/turtlebot3_world/model.config
[1.761s] -- Up-to-date symlink: /home/pederba/sesasr_project_ws/install/turtlebot3_gazebo/share/turtlebot3_gazebo//models/turtlebot3_world/model.sdf
[1.761s] -- Up-to-date symlink: /home/pederba/sesasr_project_ws/install/turtlebot3_gazebo/share/turtlebot3_gazebo//rviz/tb3_gazebo.rviz
[1.761s] -- Up-to-date symlink: /home/pederba/sesasr_project_ws/install/turtlebot3_gazebo/share/turtlebot3_gazebo//urdf/common_properties.urdf
[1.761s] -- Up-to-date symlink: /home/pederba/sesasr_project_ws/install/turtlebot3_gazebo/share/turtlebot3_gazebo//urdf/turtlebot3_burger.urdf
[1.761s] -- Up-to-date symlink: /home/pederba/sesasr_project_ws/install/turtlebot3_gazebo/share/turtlebot3_gazebo//urdf/turtlebot3_waffle.urdf
[1.762s] -- Up-to-date symlink: /home/pederba/sesasr_project_ws/install/turtlebot3_gazebo/share/turtlebot3_gazebo//urdf/turtlebot3_waffle_pi.urdf
[1.762s] -- Up-to-date symlink: /home/pederba/sesasr_project_ws/install/turtlebot3_gazebo/share/turtlebot3_gazebo//worlds/empty_world.world
[1.762s] -- Up-to-date symlink: /home/pederba/sesasr_project_ws/install/turtlebot3_gazebo/share/turtlebot3_gazebo//worlds/turtlebot3_dqn_stage1.world
[1.762s] -- Up-to-date symlink: /home/pederba/sesasr_project_ws/install/turtlebot3_gazebo/share/turtlebot3_gazebo//worlds/turtlebot3_dqn_stage2.world
[1.762s] -- Up-to-date symlink: /home/pederba/sesasr_project_ws/install/turtlebot3_gazebo/share/turtlebot3_gazebo//worlds/turtlebot3_dqn_stage3.world
[1.762s] -- Up-to-date symlink: /home/pederba/sesasr_project_ws/install/turtlebot3_gazebo/share/turtlebot3_gazebo//worlds/turtlebot3_dqn_stage4.world
[1.762s] -- Up-to-date symlink: /home/pederba/sesasr_project_ws/install/turtlebot3_gazebo/share/turtlebot3_gazebo//worlds/turtlebot3_house.world
[1.763s] -- Up-to-date symlink: /home/pederba/sesasr_project_ws/install/turtlebot3_gazebo/share/turtlebot3_gazebo//worlds/turtlebot3_world.world
[1.763s] -- Up-to-date symlink: /home/pederba/sesasr_project_ws/install/turtlebot3_gazebo/include//turtlebot3_gazebo/turtlebot3_drive.hpp
[1.763s] -- Up-to-date symlink: /home/pederba/sesasr_project_ws/install/turtlebot3_gazebo/share/ament_index/resource_index/package_run_dependencies/turtlebot3_gazebo
[1.763s] -- Up-to-date symlink: /home/pederba/sesasr_project_ws/install/turtlebot3_gazebo/share/ament_index/resource_index/parent_prefix_path/turtlebot3_gazebo
[1.763s] -- Up-to-date symlink: /home/pederba/sesasr_project_ws/install/turtlebot3_gazebo/share/turtlebot3_gazebo/environment/ament_prefix_path.sh
[1.764s] -- Up-to-date symlink: /home/pederba/sesasr_project_ws/install/turtlebot3_gazebo/share/turtlebot3_gazebo/environment/ament_prefix_path.dsv
[1.764s] -- Up-to-date symlink: /home/pederba/sesasr_project_ws/install/turtlebot3_gazebo/share/turtlebot3_gazebo/environment/path.sh
[1.764s] -- Up-to-date symlink: /home/pederba/sesasr_project_ws/install/turtlebot3_gazebo/share/turtlebot3_gazebo/environment/path.dsv
[1.764s] -- Up-to-date symlink: /home/pederba/sesasr_project_ws/install/turtlebot3_gazebo/share/turtlebot3_gazebo/local_setup.bash
[1.765s] -- Up-to-date symlink: /home/pederba/sesasr_project_ws/install/turtlebot3_gazebo/share/turtlebot3_gazebo/local_setup.sh
[1.765s] -- Up-to-date symlink: /home/pederba/sesasr_project_ws/install/turtlebot3_gazebo/share/turtlebot3_gazebo/local_setup.zsh
[1.765s] -- Up-to-date symlink: /home/pederba/sesasr_project_ws/install/turtlebot3_gazebo/share/turtlebot3_gazebo/local_setup.dsv
[1.765s] -- Symlinking: /home/pederba/sesasr_project_ws/install/turtlebot3_gazebo/share/turtlebot3_gazebo/package.dsv
[1.793s] -- Up-to-date symlink: /home/pederba/sesasr_project_ws/install/turtlebot3_gazebo/share/ament_index/resource_index/packages/turtlebot3_gazebo
[1.794s] -- Up-to-date symlink: /home/pederba/sesasr_project_ws/install/turtlebot3_gazebo/share/turtlebot3_gazebo/cmake/ament_cmake_export_include_directories-extras.cmake
[1.795s] -- Up-to-date symlink: /home/pederba/sesasr_project_ws/install/turtlebot3_gazebo/share/turtlebot3_gazebo/cmake/ament_cmake_export_dependencies-extras.cmake
[1.796s] -- Up-to-date symlink: /home/pederba/sesasr_project_ws/install/turtlebot3_gazebo/share/turtlebot3_gazebo/cmake/turtlebot3_gazeboConfig.cmake
[1.798s] -- Up-to-date symlink: /home/pederba/sesasr_project_ws/install/turtlebot3_gazebo/share/turtlebot3_gazebo/cmake/turtlebot3_gazeboConfig-version.cmake
[1.798s] -- Up-to-date symlink: /home/pederba/sesasr_project_ws/install/turtlebot3_gazebo/share/turtlebot3_gazebo/package.xml
[2.206s] Invoked command in '/home/pederba/sesasr_project_ws/build/turtlebot3_gazebo' returned '0': CMAKE_PREFIX_PATH=/opt/ros/humble /usr/bin/cmake --install /home/pederba/sesasr_project_ws/build/turtlebot3_gazebo
