[0.595s] Invoking command in '/home/pederba/sesasr_project_ws/build/turtlebot3_cartographer': CMAKE_PREFIX_PATH=${CMAKE_PREFIX_PATH}:/home/pederba/sesasr_project_ws/install/turtlebot3_teleop:/home/pederba/sesasr_project_ws/install/turtlebot3_example:/home/pederba/sesasr_project_ws/install/project_pkg:/opt/ros/humble /usr/bin/cmake --build /home/pederba/sesasr_project_ws/build/turtlebot3_cartographer -- -j8 -l8
[1.665s] Invoked command in '/home/pederba/sesasr_project_ws/build/turtlebot3_cartographer' returned '0': CMAKE_PREFIX_PATH=${CMAKE_PREFIX_PATH}:/home/pederba/sesasr_project_ws/install/turtlebot3_teleop:/home/pederba/sesasr_project_ws/install/turtlebot3_example:/home/pederba/sesasr_project_ws/install/project_pkg:/opt/ros/humble /usr/bin/cmake --build /home/pederba/sesasr_project_ws/build/turtlebot3_cartographer -- -j8 -l8
[1.751s] Invoking command in '/home/pederba/sesasr_project_ws/build/turtlebot3_cartographer': CMAKE_PREFIX_PATH=${CMAKE_PREFIX_PATH}:/home/pederba/sesasr_project_ws/install/turtlebot3_teleop:/home/pederba/sesasr_project_ws/install/turtlebot3_example:/home/pederba/sesasr_project_ws/install/project_pkg:/opt/ros/humble /usr/bin/cmake --install /home/pederba/sesasr_project_ws/build/turtlebot3_cartographer
[1.780s] -- Install configuration: ""
[1.780s] -- Execute custom install script
[1.780s] -- Up-to-date symlink: /home/pederba/sesasr_project_ws/install/turtlebot3_cartographer/share/turtlebot3_cartographer/config/turtlebot3_2d.lua
[1.780s] -- Up-to-date symlink: /home/pederba/sesasr_project_ws/install/turtlebot3_cartographer/share/turtlebot3_cartographer/launch/cartographer.launch.py
[1.783s] -- Up-to-date symlink: /home/pederba/sesasr_project_ws/install/turtlebot3_cartographer/share/turtlebot3_cartographer/rviz/cartographer.rviz
[1.783s] -- Up-to-date symlink: /home/pederba/sesasr_project_ws/install/turtlebot3_cartographer/share/ament_index/resource_index/package_run_dependencies/turtlebot3_cartographer
[1.784s] -- Up-to-date symlink: /home/pederba/sesasr_project_ws/install/turtlebot3_cartographer/share/ament_index/resource_index/parent_prefix_path/turtlebot3_cartographer
[1.784s] -- Up-to-date symlink: /home/pederba/sesasr_project_ws/install/turtlebot3_cartographer/share/turtlebot3_cartographer/environment/ament_prefix_path.sh
[1.784s] -- Up-to-date symlink: /home/pederba/sesasr_project_ws/install/turtlebot3_cartographer/share/turtlebot3_cartographer/environment/ament_prefix_path.dsv
[1.784s] -- Up-to-date symlink: /home/pederba/sesasr_project_ws/install/turtlebot3_cartographer/share/turtlebot3_cartographer/environment/path.sh
[1.784s] -- Up-to-date symlink: /home/pederba/sesasr_project_ws/install/turtlebot3_cartographer/share/turtlebot3_cartographer/environment/path.dsv
[1.785s] -- Up-to-date symlink: /home/pederba/sesasr_project_ws/install/turtlebot3_cartographer/share/turtlebot3_cartographer/local_setup.bash
[1.785s] -- Up-to-date symlink: /home/pederba/sesasr_project_ws/install/turtlebot3_cartographer/share/turtlebot3_cartographer/local_setup.sh
[1.785s] -- Up-to-date symlink: /home/pederba/sesasr_project_ws/install/turtlebot3_cartographer/share/turtlebot3_cartographer/local_setup.zsh
[1.785s] -- Up-to-date symlink: /home/pederba/sesasr_project_ws/install/turtlebot3_cartographer/share/turtlebot3_cartographer/local_setup.dsv
[1.785s] -- Symlinking: /home/pederba/sesasr_project_ws/install/turtlebot3_cartographer/share/turtlebot3_cartographer/package.dsv
[1.803s] -- Up-to-date symlink: /home/pederba/sesasr_project_ws/install/turtlebot3_cartographer/share/ament_index/resource_index/packages/turtlebot3_cartographer
[1.805s] -- Up-to-date symlink: /home/pederba/sesasr_project_ws/install/turtlebot3_cartographer/share/turtlebot3_cartographer/cmake/turtlebot3_cartographerConfig.cmake
[1.806s] -- Up-to-date symlink: /home/pederba/sesasr_project_ws/install/turtlebot3_cartographer/share/turtlebot3_cartographer/cmake/turtlebot3_cartographerConfig-version.cmake
[1.809s] -- Up-to-date symlink: /home/pederba/sesasr_project_ws/install/turtlebot3_cartographer/share/turtlebot3_cartographer/package.xml
[2.110s] Invoked command in '/home/pederba/sesasr_project_ws/build/turtlebot3_cartographer' returned '0': CMAKE_PREFIX_PATH=${CMAKE_PREFIX_PATH}:/home/pederba/sesasr_project_ws/install/turtlebot3_teleop:/home/pederba/sesasr_project_ws/install/turtlebot3_example:/home/pederba/sesasr_project_ws/install/project_pkg:/opt/ros/humble /usr/bin/cmake --install /home/pederba/sesasr_project_ws/build/turtlebot3_cartographer
