[2.260s] Invoking command in '/home/pederba/sesasr_project_ws/src/project_pkg': PYTHONPATH=/home/pederba/sesasr_project_ws/build/project_pkg/prefix_override:/home/pederba/sesasr_project_ws/install/project_pkg/lib/python3.10/site-packages:${PYTHONPATH} /usr/bin/python3 setup.py egg_info --egg-base ../../build/project_pkg build --build-base /home/pederba/sesasr_project_ws/build/project_pkg/build install --record /home/pederba/sesasr_project_ws/build/project_pkg/install.log --single-version-externally-managed
[2.967s] running egg_info
[3.003s] writing ../../build/project_pkg/project_pkg.egg-info/PKG-INFO
[3.003s] writing dependency_links to ../../build/project_pkg/project_pkg.egg-info/dependency_links.txt
[3.004s] writing entry points to ../../build/project_pkg/project_pkg.egg-info/entry_points.txt
[3.004s] writing requirements to ../../build/project_pkg/project_pkg.egg-info/requires.txt
[3.004s] writing top-level names to ../../build/project_pkg/project_pkg.egg-info/top_level.txt
[3.068s] reading manifest file '../../build/project_pkg/project_pkg.egg-info/SOURCES.txt'
[3.070s] writing manifest file '../../build/project_pkg/project_pkg.egg-info/SOURCES.txt'
[3.070s] running build
[3.070s] running build_py
[3.071s] running install
[3.071s] /home/pederba/.local/lib/python3.10/site-packages/setuptools/command/install.py:34: SetuptoolsDeprecationWarning: setup.py install is deprecated. Use build and pip and other standards-based tools.
[3.071s]   warnings.warn(
[3.080s] running install_lib
[3.111s] running install_data
[3.142s] copying launch/localization.launch.py -> /home/pederba/sesasr_project_ws/install/project_pkg/share/project_pkg/launch
[3.142s] running install_egg_info
[3.175s] removing '/home/pederba/sesasr_project_ws/install/project_pkg/lib/python3.10/site-packages/project_pkg-0.0.0-py3.10.egg-info' (and everything under it)
[3.176s] Copying ../../build/project_pkg/project_pkg.egg-info to /home/pederba/sesasr_project_ws/install/project_pkg/lib/python3.10/site-packages/project_pkg-0.0.0-py3.10.egg-info
[3.178s] running install_scripts
[3.294s] Installing localization_node script to /home/pederba/sesasr_project_ws/install/project_pkg/lib/project_pkg
[3.294s] Installing recorder script to /home/pederba/sesasr_project_ws/install/project_pkg/lib/project_pkg
[3.295s] writing list of installed files to '/home/pederba/sesasr_project_ws/build/project_pkg/install.log'
[3.399s] Invoked command in '/home/pederba/sesasr_project_ws/src/project_pkg' returned '0': PYTHONPATH=/home/pederba/sesasr_project_ws/build/project_pkg/prefix_override:/home/pederba/sesasr_project_ws/install/project_pkg/lib/python3.10/site-packages:${PYTHONPATH} /usr/bin/python3 setup.py egg_info --egg-base ../../build/project_pkg build --build-base /home/pederba/sesasr_project_ws/build/project_pkg/build install --record /home/pederba/sesasr_project_ws/build/project_pkg/install.log --single-version-externally-managed
