[1.022s] Invoking command in '/home/pederba/sesasr_project_ws/build/turtlebot3_description': CMAKE_PREFIX_PATH=${CMAKE_PREFIX_PATH}:/home/pederba/install/lab02_pkg:/home/pederba/ros2_ws/install/lab02_pkg_test:/home/pederba/ros2_ws/install/turtlebot3_teleop:/home/pederba/ros2_ws/install/turtlebot3_example:/home/pederba/ros2_ws/install/py_pubsub:/home/pederba/ros2_ws/install/lab05_pkg:/home/pederba/ros2_ws/install/lab03_pkg:/home/pederba/ros2_ws/install/lab01_pkg:/opt/ros/humble /usr/bin/cmake --build /home/pederba/sesasr_project_ws/build/turtlebot3_description -- -j8 -l8
[2.553s] Invoked command in '/home/pederba/sesasr_project_ws/build/turtlebot3_description' returned '0': CMAKE_PREFIX_PATH=${CMAKE_PREFIX_PATH}:/home/pederba/install/lab02_pkg:/home/pederba/ros2_ws/install/lab02_pkg_test:/home/pederba/ros2_ws/install/turtlebot3_teleop:/home/pederba/ros2_ws/install/turtlebot3_example:/home/pederba/ros2_ws/install/py_pubsub:/home/pederba/ros2_ws/install/lab05_pkg:/home/pederba/ros2_ws/install/lab03_pkg:/home/pederba/ros2_ws/install/lab01_pkg:/opt/ros/humble /usr/bin/cmake --build /home/pederba/sesasr_project_ws/build/turtlebot3_description -- -j8 -l8
[2.805s] Invoking command in '/home/pederba/sesasr_project_ws/build/turtlebot3_description': CMAKE_PREFIX_PATH=${CMAKE_PREFIX_PATH}:/home/pederba/install/lab02_pkg:/home/pederba/ros2_ws/install/lab02_pkg_test:/home/pederba/ros2_ws/install/turtlebot3_teleop:/home/pederba/ros2_ws/install/turtlebot3_example:/home/pederba/ros2_ws/install/py_pubsub:/home/pederba/ros2_ws/install/lab05_pkg:/home/pederba/ros2_ws/install/lab03_pkg:/home/pederba/ros2_ws/install/lab01_pkg:/opt/ros/humble /usr/bin/cmake --install /home/pederba/sesasr_project_ws/build/turtlebot3_description
[2.859s] -- Install configuration: ""
[2.861s] -- Execute custom install script
[2.862s] -- Up-to-date symlink: /home/pederba/sesasr_project_ws/install/turtlebot3_description/share/turtlebot3_description/launch/model.launch.py
[2.862s] -- Up-to-date symlink: /home/pederba/sesasr_project_ws/install/turtlebot3_description/share/turtlebot3_description/rviz/model.rviz
[2.863s] -- Up-to-date symlink: /home/pederba/sesasr_project_ws/install/turtlebot3_description/share/turtlebot3_description/urdf/burger.urdf.xacro
[2.864s] -- Up-to-date symlink: /home/pederba/sesasr_project_ws/install/turtlebot3_description/share/turtlebot3_description/urdf/burger_camera.urdf.xacro
[2.864s] -- Up-to-date symlink: /home/pederba/sesasr_project_ws/install/turtlebot3_description/share/turtlebot3_description/urdf/turtlebot3_burger.urdf.xacro
[2.865s] -- Up-to-date symlink: /home/pederba/sesasr_project_ws/install/turtlebot3_description/share/turtlebot3_description/urdf/turtlebot3_waffle_pi.urdf.xacro
[2.866s] -- Up-to-date symlink: /home/pederba/sesasr_project_ws/install/turtlebot3_description/share/turtlebot3_description/urdf/waffle_pi.urdf.xacro
[2.867s] -- Up-to-date symlink: /home/pederba/sesasr_project_ws/install/turtlebot3_description/share/turtlebot3_description/gazebo/burger.gazebo.xacro
[2.867s] -- Up-to-date symlink: /home/pederba/sesasr_project_ws/install/turtlebot3_description/share/turtlebot3_description/gazebo/materials.xacro
[2.868s] -- Up-to-date symlink: /home/pederba/sesasr_project_ws/install/turtlebot3_description/share/turtlebot3_description/gazebo/waffle_pi.gazebo.xacro
[2.869s] -- Up-to-date symlink: /home/pederba/sesasr_project_ws/install/turtlebot3_description/share/turtlebot3_description/meshes/burger/base.stl
[2.870s] -- Up-to-date symlink: /home/pederba/sesasr_project_ws/install/turtlebot3_description/share/turtlebot3_description/meshes/burger/ladar.stl
[2.870s] -- Up-to-date symlink: /home/pederba/sesasr_project_ws/install/turtlebot3_description/share/turtlebot3_description/meshes/burger/left_tire.stl
[2.871s] -- Up-to-date symlink: /home/pederba/sesasr_project_ws/install/turtlebot3_description/share/turtlebot3_description/meshes/burger/right_tire.stl
[2.871s] -- Up-to-date symlink: /home/pederba/sesasr_project_ws/install/turtlebot3_description/share/turtlebot3_description/meshes/waffle_pi/base.stl
[2.871s] -- Up-to-date symlink: /home/pederba/sesasr_project_ws/install/turtlebot3_description/share/turtlebot3_description/meshes/waffle_pi/ladar.stl
[2.872s] -- Up-to-date symlink: /home/pederba/sesasr_project_ws/install/turtlebot3_description/share/turtlebot3_description/meshes/waffle_pi/left_tire.stl
[2.872s] -- Up-to-date symlink: /home/pederba/sesasr_project_ws/install/turtlebot3_description/share/turtlebot3_description/meshes/waffle_pi/right_tire.stl
[2.872s] -- Up-to-date symlink: /home/pederba/sesasr_project_ws/install/turtlebot3_description/share/turtlebot3_description/ros2_control/turtlebot3_system.ros2_control.xacro
[2.872s] -- Up-to-date symlink: /home/pederba/sesasr_project_ws/install/turtlebot3_description/share/turtlebot3_description/environment/turtlebot3_description.dsv
[2.873s] -- Up-to-date symlink: /home/pederba/sesasr_project_ws/install/turtlebot3_description/share/ament_index/resource_index/package_run_dependencies/turtlebot3_description
[2.874s] -- Up-to-date symlink: /home/pederba/sesasr_project_ws/install/turtlebot3_description/share/ament_index/resource_index/parent_prefix_path/turtlebot3_description
[2.874s] -- Up-to-date symlink: /home/pederba/sesasr_project_ws/install/turtlebot3_description/share/turtlebot3_description/environment/ament_prefix_path.sh
[2.874s] -- Up-to-date symlink: /home/pederba/sesasr_project_ws/install/turtlebot3_description/share/turtlebot3_description/environment/ament_prefix_path.dsv
[2.874s] -- Up-to-date symlink: /home/pederba/sesasr_project_ws/install/turtlebot3_description/share/turtlebot3_description/environment/path.sh
[2.875s] -- Up-to-date symlink: /home/pederba/sesasr_project_ws/install/turtlebot3_description/share/turtlebot3_description/environment/path.dsv
[2.875s] -- Up-to-date symlink: /home/pederba/sesasr_project_ws/install/turtlebot3_description/share/turtlebot3_description/local_setup.bash
[2.876s] -- Up-to-date symlink: /home/pederba/sesasr_project_ws/install/turtlebot3_description/share/turtlebot3_description/local_setup.sh
[2.876s] -- Up-to-date symlink: /home/pederba/sesasr_project_ws/install/turtlebot3_description/share/turtlebot3_description/local_setup.zsh
[2.878s] -- Up-to-date symlink: /home/pederba/sesasr_project_ws/install/turtlebot3_description/share/turtlebot3_description/local_setup.dsv
[2.878s] -- Symlinking: /home/pederba/sesasr_project_ws/install/turtlebot3_description/share/turtlebot3_description/package.dsv
[2.912s] -- Up-to-date symlink: /home/pederba/sesasr_project_ws/install/turtlebot3_description/share/ament_index/resource_index/packages/turtlebot3_description
[2.913s] -- Up-to-date symlink: /home/pederba/sesasr_project_ws/install/turtlebot3_description/share/turtlebot3_description/cmake/turtlebot3_descriptionConfig.cmake
[2.913s] -- Up-to-date symlink: /home/pederba/sesasr_project_ws/install/turtlebot3_description/share/turtlebot3_description/cmake/turtlebot3_descriptionConfig-version.cmake
[2.914s] -- Up-to-date symlink: /home/pederba/sesasr_project_ws/install/turtlebot3_description/share/turtlebot3_description/package.xml
[3.109s] Invoked command in '/home/pederba/sesasr_project_ws/build/turtlebot3_description' returned '0': CMAKE_PREFIX_PATH=${CMAKE_PREFIX_PATH}:/home/pederba/install/lab02_pkg:/home/pederba/ros2_ws/install/lab02_pkg_test:/home/pederba/ros2_ws/install/turtlebot3_teleop:/home/pederba/ros2_ws/install/turtlebot3_example:/home/pederba/ros2_ws/install/py_pubsub:/home/pederba/ros2_ws/install/lab05_pkg:/home/pederba/ros2_ws/install/lab03_pkg:/home/pederba/ros2_ws/install/lab01_pkg:/opt/ros/humble /usr/bin/cmake --install /home/pederba/sesasr_project_ws/build/turtlebot3_description
