[5.470s] Invoking command in '/home/pederba/sesasr_project_ws/src/project_pkg': PYTHONPATH=/home/pederba/sesasr_project_ws/build/project_pkg/prefix_override:/home/pederba/sesasr_project_ws/install/project_pkg/lib/python3.10/site-packages:${PYTHONPATH} /usr/bin/python3 setup.py egg_info --egg-base ../../build/project_pkg build --build-base /home/pederba/sesasr_project_ws/build/project_pkg/build install --record /home/pederba/sesasr_project_ws/build/project_pkg/install.log --single-version-externally-managed
[6.369s] running egg_info
[6.413s] writing ../../build/project_pkg/project_pkg.egg-info/PKG-INFO
[6.415s] writing dependency_links to ../../build/project_pkg/project_pkg.egg-info/dependency_links.txt
[6.416s] writing entry points to ../../build/project_pkg/project_pkg.egg-info/entry_points.txt
[6.416s] writing requirements to ../../build/project_pkg/project_pkg.egg-info/requires.txt
[6.416s] writing top-level names to ../../build/project_pkg/project_pkg.egg-info/top_level.txt
[6.493s] reading manifest file '../../build/project_pkg/project_pkg.egg-info/SOURCES.txt'
[6.494s] writing manifest file '../../build/project_pkg/project_pkg.egg-info/SOURCES.txt'
[6.495s] running build
[6.496s] running build_py
[6.496s] running install
[6.496s] /home/pederba/.local/lib/python3.10/site-packages/setuptools/command/install.py:34: SetuptoolsDeprecationWarning: setup.py install is deprecated. Use build and pip and other standards-based tools.
[6.497s]   warnings.warn(
[6.507s] running install_lib
[6.546s] running install_data
[6.590s] running install_egg_info
[6.641s] removing '/home/pederba/sesasr_project_ws/install/project_pkg/lib/python3.10/site-packages/project_pkg-0.0.0-py3.10.egg-info' (and everything under it)
[6.642s] Copying ../../build/project_pkg/project_pkg.egg-info to /home/pederba/sesasr_project_ws/install/project_pkg/lib/python3.10/site-packages/project_pkg-0.0.0-py3.10.egg-info
[6.651s] running install_scripts
[6.829s] Installing localization_node script to /home/pederba/sesasr_project_ws/install/project_pkg/lib/project_pkg
[6.832s] Installing recorder script to /home/pederba/sesasr_project_ws/install/project_pkg/lib/project_pkg
[6.835s] writing list of installed files to '/home/pederba/sesasr_project_ws/build/project_pkg/install.log'
[7.264s] Invoked command in '/home/pederba/sesasr_project_ws/src/project_pkg' returned '0': PYTHONPATH=/home/pederba/sesasr_project_ws/build/project_pkg/prefix_override:/home/pederba/sesasr_project_ws/install/project_pkg/lib/python3.10/site-packages:${PYTHONPATH} /usr/bin/python3 setup.py egg_info --egg-base ../../build/project_pkg build --build-base /home/pederba/sesasr_project_ws/build/project_pkg/build install --record /home/pederba/sesasr_project_ws/build/project_pkg/install.log --single-version-externally-managed
