[0.402s] Invoking command in '/home/pederba/sesasr_project_ws/build/turtlebot3_navigation2': CMAKE_PREFIX_PATH=${CMAKE_PREFIX_PATH}:/home/pederba/sesasr_project_ws/install/turtlebot3_teleop:/home/pederba/sesasr_project_ws/install/turtlebot3_example:/home/pederba/sesasr_project_ws/install/project_pkg:/opt/ros/humble /usr/bin/cmake --build /home/pederba/sesasr_project_ws/build/turtlebot3_navigation2 -- -j8 -l8
[1.506s] Invoked command in '/home/pederba/sesasr_project_ws/build/turtlebot3_navigation2' returned '0': CMAKE_PREFIX_PATH=${CMAKE_PREFIX_PATH}:/home/pederba/sesasr_project_ws/install/turtlebot3_teleop:/home/pederba/sesasr_project_ws/install/turtlebot3_example:/home/pederba/sesasr_project_ws/install/project_pkg:/opt/ros/humble /usr/bin/cmake --build /home/pederba/sesasr_project_ws/build/turtlebot3_navigation2 -- -j8 -l8
[1.604s] Invoking command in '/home/pederba/sesasr_project_ws/build/turtlebot3_navigation2': CMAKE_PREFIX_PATH=${CMAKE_PREFIX_PATH}:/home/pederba/sesasr_project_ws/install/turtlebot3_teleop:/home/pederba/sesasr_project_ws/install/turtlebot3_example:/home/pederba/sesasr_project_ws/install/project_pkg:/opt/ros/humble /usr/bin/cmake --install /home/pederba/sesasr_project_ws/build/turtlebot3_navigation2
[1.644s] -- Install configuration: ""
[1.645s] -- Execute custom install script
[1.653s] -- Up-to-date symlink: /home/pederba/sesasr_project_ws/install/turtlebot3_navigation2/share/turtlebot3_navigation2/launch/navigation2.launch.py
[1.653s] -- Up-to-date symlink: /home/pederba/sesasr_project_ws/install/turtlebot3_navigation2/share/turtlebot3_navigation2/launch/navigation2_use_sim_time.launch.py
[1.658s] -- Up-to-date symlink: /home/pederba/sesasr_project_ws/install/turtlebot3_navigation2/share/turtlebot3_navigation2/map/turtlebot3_world.pgm
[1.660s] -- Up-to-date symlink: /home/pederba/sesasr_project_ws/install/turtlebot3_navigation2/share/turtlebot3_navigation2/map/turtlebot3_world.yaml
[1.661s] -- Up-to-date symlink: /home/pederba/sesasr_project_ws/install/turtlebot3_navigation2/share/turtlebot3_navigation2/param/burger.yaml
[1.661s] -- Up-to-date symlink: /home/pederba/sesasr_project_ws/install/turtlebot3_navigation2/share/turtlebot3_navigation2/param/burger_use_sim_time.yaml
[1.662s] -- Up-to-date symlink: /home/pederba/sesasr_project_ws/install/turtlebot3_navigation2/share/turtlebot3_navigation2/param/waffle_pi.yaml
[1.662s] -- Up-to-date symlink: /home/pederba/sesasr_project_ws/install/turtlebot3_navigation2/share/turtlebot3_navigation2/param/waffle_pi_use_sim_time.yaml
[1.663s] -- Up-to-date symlink: /home/pederba/sesasr_project_ws/install/turtlebot3_navigation2/share/turtlebot3_navigation2/rviz/navigation2.rviz
[1.664s] -- Up-to-date symlink: /home/pederba/sesasr_project_ws/install/turtlebot3_navigation2/share/ament_index/resource_index/package_run_dependencies/turtlebot3_navigation2
[1.664s] -- Up-to-date symlink: /home/pederba/sesasr_project_ws/install/turtlebot3_navigation2/share/ament_index/resource_index/parent_prefix_path/turtlebot3_navigation2
[1.666s] -- Up-to-date symlink: /home/pederba/sesasr_project_ws/install/turtlebot3_navigation2/share/turtlebot3_navigation2/environment/ament_prefix_path.sh
[1.666s] -- Up-to-date symlink: /home/pederba/sesasr_project_ws/install/turtlebot3_navigation2/share/turtlebot3_navigation2/environment/ament_prefix_path.dsv
[1.667s] -- Up-to-date symlink: /home/pederba/sesasr_project_ws/install/turtlebot3_navigation2/share/turtlebot3_navigation2/environment/path.sh
[1.668s] -- Up-to-date symlink: /home/pederba/sesasr_project_ws/install/turtlebot3_navigation2/share/turtlebot3_navigation2/environment/path.dsv
[1.668s] -- Up-to-date symlink: /home/pederba/sesasr_project_ws/install/turtlebot3_navigation2/share/turtlebot3_navigation2/local_setup.bash
[1.668s] -- Up-to-date symlink: /home/pederba/sesasr_project_ws/install/turtlebot3_navigation2/share/turtlebot3_navigation2/local_setup.sh
[1.669s] -- Up-to-date symlink: /home/pederba/sesasr_project_ws/install/turtlebot3_navigation2/share/turtlebot3_navigation2/local_setup.zsh
[1.669s] -- Up-to-date symlink: /home/pederba/sesasr_project_ws/install/turtlebot3_navigation2/share/turtlebot3_navigation2/local_setup.dsv
[1.669s] -- Symlinking: /home/pederba/sesasr_project_ws/install/turtlebot3_navigation2/share/turtlebot3_navigation2/package.dsv
[1.718s] -- Up-to-date symlink: /home/pederba/sesasr_project_ws/install/turtlebot3_navigation2/share/ament_index/resource_index/packages/turtlebot3_navigation2
[1.718s] -- Up-to-date symlink: /home/pederba/sesasr_project_ws/install/turtlebot3_navigation2/share/turtlebot3_navigation2/cmake/turtlebot3_navigation2Config.cmake
[1.718s] -- Up-to-date symlink: /home/pederba/sesasr_project_ws/install/turtlebot3_navigation2/share/turtlebot3_navigation2/cmake/turtlebot3_navigation2Config-version.cmake
[1.719s] -- Up-to-date symlink: /home/pederba/sesasr_project_ws/install/turtlebot3_navigation2/share/turtlebot3_navigation2/package.xml
[1.891s] Invoked command in '/home/pederba/sesasr_project_ws/build/turtlebot3_navigation2' returned '0': CMAKE_PREFIX_PATH=${CMAKE_PREFIX_PATH}:/home/pederba/sesasr_project_ws/install/turtlebot3_teleop:/home/pederba/sesasr_project_ws/install/turtlebot3_example:/home/pederba/sesasr_project_ws/install/project_pkg:/opt/ros/humble /usr/bin/cmake --install /home/pederba/sesasr_project_ws/build/turtlebot3_navigation2
