[1.142s] Invoking command in '/home/pederba/sesasr_project_ws/build/turtlebot3_msgs': CMAKE_PREFIX_PATH=${CMAKE_PREFIX_PATH}:/home/pederba/sesasr_project_ws/install/turtlebot3_teleop:/home/pederba/sesasr_project_ws/install/turtlebot3_example:/home/pederba/sesasr_project_ws/install/project_pkg:/opt/ros/humble /usr/bin/cmake --build /home/pederba/sesasr_project_ws/build/turtlebot3_msgs -- -j8 -l8
[1.287s] [  1%] Built target turtlebot3_msgs__cpp
[1.300s] [ 12%] Built target turtlebot3_msgs__rosidl_generator_c
[1.360s] [ 12%] Built target ament_cmake_python_symlink_turtlebot3_msgs
[1.421s] [ 25%] Built target turtlebot3_msgs__rosidl_typesupport_fastrtps_cpp
[1.431s] [ 35%] Built target turtlebot3_msgs__rosidl_typesupport_cpp
[1.471s] [ 46%] Built target turtlebot3_msgs__rosidl_typesupport_introspection_cpp
[1.481s] [ 57%] Built target turtlebot3_msgs__rosidl_typesupport_fastrtps_c
[1.488s] [ 69%] Built target turtlebot3_msgs__rosidl_typesupport_introspection_c
[1.491s] [ 80%] Built target turtlebot3_msgs__rosidl_typesupport_c
[1.536s] [ 80%] Built target turtlebot3_msgs
[1.585s] [ 81%] Built target turtlebot3_msgs__py
[1.648s] [ 91%] Built target turtlebot3_msgs__rosidl_generator_py
[1.715s] [ 94%] Built target turtlebot3_msgs__rosidl_typesupport_fastrtps_c__pyext
[1.720s] [ 97%] Built target turtlebot3_msgs__rosidl_typesupport_c__pyext
[1.724s] [100%] Built target turtlebot3_msgs__rosidl_typesupport_introspection_c__pyext
[2.209s] running egg_info
[2.246s] writing turtlebot3_msgs.egg-info/PKG-INFO
[2.247s] writing dependency_links to turtlebot3_msgs.egg-info/dependency_links.txt
[2.249s] writing top-level names to turtlebot3_msgs.egg-info/top_level.txt
[2.436s] reading manifest file 'turtlebot3_msgs.egg-info/SOURCES.txt'
[2.437s] writing manifest file 'turtlebot3_msgs.egg-info/SOURCES.txt'
[2.528s] [100%] Built target ament_cmake_python_build_turtlebot3_msgs_egg
[2.950s] Invoked command in '/home/pederba/sesasr_project_ws/build/turtlebot3_msgs' returned '0': CMAKE_PREFIX_PATH=${CMAKE_PREFIX_PATH}:/home/pederba/sesasr_project_ws/install/turtlebot3_teleop:/home/pederba/sesasr_project_ws/install/turtlebot3_example:/home/pederba/sesasr_project_ws/install/project_pkg:/opt/ros/humble /usr/bin/cmake --build /home/pederba/sesasr_project_ws/build/turtlebot3_msgs -- -j8 -l8
[4.318s] Invoking command in '/home/pederba/sesasr_project_ws/build/turtlebot3_msgs': CMAKE_PREFIX_PATH=${CMAKE_PREFIX_PATH}:/home/pederba/sesasr_project_ws/install/turtlebot3_teleop:/home/pederba/sesasr_project_ws/install/turtlebot3_example:/home/pederba/sesasr_project_ws/install/project_pkg:/opt/ros/humble /usr/bin/cmake --install /home/pederba/sesasr_project_ws/build/turtlebot3_msgs
[5.415s] -- Install configuration: ""
[5.416s] -- Execute custom install script
[5.417s] -- Up-to-date symlink: /home/pederba/sesasr_project_ws/install/turtlebot3_msgs/share/ament_index/resource_index/rosidl_interfaces/turtlebot3_msgs
[5.418s] -- Up-to-date symlink: /home/pederba/sesasr_project_ws/install/turtlebot3_msgs/include/turtlebot3_msgs/turtlebot3_msgs/action/detail/patrol__functions.h
[5.418s] -- Up-to-date symlink: /home/pederba/sesasr_project_ws/install/turtlebot3_msgs/include/turtlebot3_msgs/turtlebot3_msgs/action/detail/patrol__struct.h
[5.418s] -- Up-to-date symlink: /home/pederba/sesasr_project_ws/install/turtlebot3_msgs/include/turtlebot3_msgs/turtlebot3_msgs/action/detail/patrol__type_support.h
[5.418s] -- Up-to-date symlink: /home/pederba/sesasr_project_ws/install/turtlebot3_msgs/include/turtlebot3_msgs/turtlebot3_msgs/action/patrol.h
[5.418s] -- Up-to-date symlink: /home/pederba/sesasr_project_ws/install/turtlebot3_msgs/include/turtlebot3_msgs/turtlebot3_msgs/msg/detail/sensor_state__functions.h
[5.419s] -- Up-to-date symlink: /home/pederba/sesasr_project_ws/install/turtlebot3_msgs/include/turtlebot3_msgs/turtlebot3_msgs/msg/detail/sensor_state__struct.h
[5.419s] -- Up-to-date symlink: /home/pederba/sesasr_project_ws/install/turtlebot3_msgs/include/turtlebot3_msgs/turtlebot3_msgs/msg/detail/sensor_state__type_support.h
[5.419s] -- Up-to-date symlink: /home/pederba/sesasr_project_ws/install/turtlebot3_msgs/include/turtlebot3_msgs/turtlebot3_msgs/msg/detail/sound__functions.h
[5.419s] -- Up-to-date symlink: /home/pederba/sesasr_project_ws/install/turtlebot3_msgs/include/turtlebot3_msgs/turtlebot3_msgs/msg/detail/sound__struct.h
[5.420s] -- Up-to-date symlink: /home/pederba/sesasr_project_ws/install/turtlebot3_msgs/include/turtlebot3_msgs/turtlebot3_msgs/msg/detail/sound__type_support.h
[5.420s] -- Up-to-date symlink: /home/pederba/sesasr_project_ws/install/turtlebot3_msgs/include/turtlebot3_msgs/turtlebot3_msgs/msg/detail/version_info__functions.h
[5.420s] -- Up-to-date symlink: /home/pederba/sesasr_project_ws/install/turtlebot3_msgs/include/turtlebot3_msgs/turtlebot3_msgs/msg/detail/version_info__struct.h
[5.420s] -- Up-to-date symlink: /home/pederba/sesasr_project_ws/install/turtlebot3_msgs/include/turtlebot3_msgs/turtlebot3_msgs/msg/detail/version_info__type_support.h
[5.420s] -- Up-to-date symlink: /home/pederba/sesasr_project_ws/install/turtlebot3_msgs/include/turtlebot3_msgs/turtlebot3_msgs/msg/rosidl_generator_c__visibility_control.h
[5.420s] -- Up-to-date symlink: /home/pederba/sesasr_project_ws/install/turtlebot3_msgs/include/turtlebot3_msgs/turtlebot3_msgs/msg/sensor_state.h
[5.420s] -- Up-to-date symlink: /home/pederba/sesasr_project_ws/install/turtlebot3_msgs/include/turtlebot3_msgs/turtlebot3_msgs/msg/sound.h
[5.421s] -- Up-to-date symlink: /home/pederba/sesasr_project_ws/install/turtlebot3_msgs/include/turtlebot3_msgs/turtlebot3_msgs/msg/version_info.h
[5.421s] -- Up-to-date symlink: /home/pederba/sesasr_project_ws/install/turtlebot3_msgs/include/turtlebot3_msgs/turtlebot3_msgs/srv/detail/dqn__functions.h
[5.421s] -- Up-to-date symlink: /home/pederba/sesasr_project_ws/install/turtlebot3_msgs/include/turtlebot3_msgs/turtlebot3_msgs/srv/detail/dqn__struct.h
[5.421s] -- Up-to-date symlink: /home/pederba/sesasr_project_ws/install/turtlebot3_msgs/include/turtlebot3_msgs/turtlebot3_msgs/srv/detail/dqn__type_support.h
[5.421s] -- Up-to-date symlink: /home/pederba/sesasr_project_ws/install/turtlebot3_msgs/include/turtlebot3_msgs/turtlebot3_msgs/srv/detail/sound__functions.h
[5.421s] -- Up-to-date symlink: /home/pederba/sesasr_project_ws/install/turtlebot3_msgs/include/turtlebot3_msgs/turtlebot3_msgs/srv/detail/sound__struct.h
[5.421s] -- Up-to-date symlink: /home/pederba/sesasr_project_ws/install/turtlebot3_msgs/include/turtlebot3_msgs/turtlebot3_msgs/srv/detail/sound__type_support.h
[5.422s] -- Up-to-date symlink: /home/pederba/sesasr_project_ws/install/turtlebot3_msgs/include/turtlebot3_msgs/turtlebot3_msgs/srv/dqn.h
[5.422s] -- Up-to-date symlink: /home/pederba/sesasr_project_ws/install/turtlebot3_msgs/include/turtlebot3_msgs/turtlebot3_msgs/srv/sound.h
[5.422s] -- Up-to-date symlink: /home/pederba/sesasr_project_ws/install/turtlebot3_msgs/share/turtlebot3_msgs/environment/library_path.sh
[5.422s] -- Up-to-date symlink: /home/pederba/sesasr_project_ws/install/turtlebot3_msgs/share/turtlebot3_msgs/environment/library_path.dsv
[5.422s] -- Up-to-date symlink: /home/pederba/sesasr_project_ws/install/turtlebot3_msgs/include/turtlebot3_msgs/turtlebot3_msgs/action/detail/patrol__rosidl_typesupport_fastrtps_c.h
[5.422s] -- Up-to-date symlink: /home/pederba/sesasr_project_ws/install/turtlebot3_msgs/include/turtlebot3_msgs/turtlebot3_msgs/msg/detail/sensor_state__rosidl_typesupport_fastrtps_c.h
[5.422s] -- Up-to-date symlink: /home/pederba/sesasr_project_ws/install/turtlebot3_msgs/include/turtlebot3_msgs/turtlebot3_msgs/msg/detail/sound__rosidl_typesupport_fastrtps_c.h
[5.423s] -- Up-to-date symlink: /home/pederba/sesasr_project_ws/install/turtlebot3_msgs/include/turtlebot3_msgs/turtlebot3_msgs/msg/detail/version_info__rosidl_typesupport_fastrtps_c.h
[5.423s] -- Up-to-date symlink: /home/pederba/sesasr_project_ws/install/turtlebot3_msgs/include/turtlebot3_msgs/turtlebot3_msgs/msg/rosidl_typesupport_fastrtps_c__visibility_control.h
[5.423s] -- Up-to-date symlink: /home/pederba/sesasr_project_ws/install/turtlebot3_msgs/include/turtlebot3_msgs/turtlebot3_msgs/srv/detail/dqn__rosidl_typesupport_fastrtps_c.h
[5.424s] -- Up-to-date symlink: /home/pederba/sesasr_project_ws/install/turtlebot3_msgs/include/turtlebot3_msgs/turtlebot3_msgs/srv/detail/sound__rosidl_typesupport_fastrtps_c.h
[5.424s] -- Up-to-date symlink: /home/pederba/sesasr_project_ws/install/turtlebot3_msgs/include/turtlebot3_msgs/turtlebot3_msgs/action/detail/patrol__builder.hpp
[5.424s] -- Up-to-date symlink: /home/pederba/sesasr_project_ws/install/turtlebot3_msgs/include/turtlebot3_msgs/turtlebot3_msgs/action/detail/patrol__struct.hpp
[5.424s] -- Up-to-date symlink: /home/pederba/sesasr_project_ws/install/turtlebot3_msgs/include/turtlebot3_msgs/turtlebot3_msgs/action/detail/patrol__traits.hpp
[5.424s] -- Up-to-date symlink: /home/pederba/sesasr_project_ws/install/turtlebot3_msgs/include/turtlebot3_msgs/turtlebot3_msgs/action/patrol.hpp
[5.424s] -- Up-to-date symlink: /home/pederba/sesasr_project_ws/install/turtlebot3_msgs/include/turtlebot3_msgs/turtlebot3_msgs/msg/detail/sensor_state__builder.hpp
[5.424s] -- Up-to-date symlink: /home/pederba/sesasr_project_ws/install/turtlebot3_msgs/include/turtlebot3_msgs/turtlebot3_msgs/msg/detail/sensor_state__struct.hpp
[5.425s] -- Up-to-date symlink: /home/pederba/sesasr_project_ws/install/turtlebot3_msgs/include/turtlebot3_msgs/turtlebot3_msgs/msg/detail/sensor_state__traits.hpp
[5.425s] -- Up-to-date symlink: /home/pederba/sesasr_project_ws/install/turtlebot3_msgs/include/turtlebot3_msgs/turtlebot3_msgs/msg/detail/sound__builder.hpp
[5.425s] -- Up-to-date symlink: /home/pederba/sesasr_project_ws/install/turtlebot3_msgs/include/turtlebot3_msgs/turtlebot3_msgs/msg/detail/sound__struct.hpp
[5.425s] -- Up-to-date symlink: /home/pederba/sesasr_project_ws/install/turtlebot3_msgs/include/turtlebot3_msgs/turtlebot3_msgs/msg/detail/sound__traits.hpp
[5.426s] -- Up-to-date symlink: /home/pederba/sesasr_project_ws/install/turtlebot3_msgs/include/turtlebot3_msgs/turtlebot3_msgs/msg/detail/version_info__builder.hpp
[5.426s] -- Up-to-date symlink: /home/pederba/sesasr_project_ws/install/turtlebot3_msgs/include/turtlebot3_msgs/turtlebot3_msgs/msg/detail/version_info__struct.hpp
[5.426s] -- Up-to-date symlink: /home/pederba/sesasr_project_ws/install/turtlebot3_msgs/include/turtlebot3_msgs/turtlebot3_msgs/msg/detail/version_info__traits.hpp
[5.426s] -- Up-to-date symlink: /home/pederba/sesasr_project_ws/install/turtlebot3_msgs/include/turtlebot3_msgs/turtlebot3_msgs/msg/sensor_state.hpp
[5.426s] -- Up-to-date symlink: /home/pederba/sesasr_project_ws/install/turtlebot3_msgs/include/turtlebot3_msgs/turtlebot3_msgs/msg/sound.hpp
[5.427s] -- Up-to-date symlink: /home/pederba/sesasr_project_ws/install/turtlebot3_msgs/include/turtlebot3_msgs/turtlebot3_msgs/msg/version_info.hpp
[5.427s] -- Up-to-date symlink: /home/pederba/sesasr_project_ws/install/turtlebot3_msgs/include/turtlebot3_msgs/turtlebot3_msgs/srv/detail/dqn__builder.hpp
[5.427s] -- Up-to-date symlink: /home/pederba/sesasr_project_ws/install/turtlebot3_msgs/include/turtlebot3_msgs/turtlebot3_msgs/srv/detail/dqn__struct.hpp
[5.434s] -- Up-to-date symlink: /home/pederba/sesasr_project_ws/install/turtlebot3_msgs/include/turtlebot3_msgs/turtlebot3_msgs/srv/detail/dqn__traits.hpp
[5.434s] -- Up-to-date symlink: /home/pederba/sesasr_project_ws/install/turtlebot3_msgs/include/turtlebot3_msgs/turtlebot3_msgs/srv/detail/sound__builder.hpp
[5.435s] -- Up-to-date symlink: /home/pederba/sesasr_project_ws/install/turtlebot3_msgs/include/turtlebot3_msgs/turtlebot3_msgs/srv/detail/sound__struct.hpp
[5.435s] -- Up-to-date symlink: /home/pederba/sesasr_project_ws/install/turtlebot3_msgs/include/turtlebot3_msgs/turtlebot3_msgs/srv/detail/sound__traits.hpp
[5.436s] -- Up-to-date symlink: /home/pederba/sesasr_project_ws/install/turtlebot3_msgs/include/turtlebot3_msgs/turtlebot3_msgs/srv/dqn.hpp
[5.437s] -- Up-to-date symlink: /home/pederba/sesasr_project_ws/install/turtlebot3_msgs/include/turtlebot3_msgs/turtlebot3_msgs/srv/sound.hpp
[5.438s] -- Up-to-date symlink: /home/pederba/sesasr_project_ws/install/turtlebot3_msgs/include/turtlebot3_msgs/turtlebot3_msgs/action/detail/patrol__rosidl_typesupport_fastrtps_cpp.hpp
[5.438s] -- Up-to-date symlink: /home/pederba/sesasr_project_ws/install/turtlebot3_msgs/include/turtlebot3_msgs/turtlebot3_msgs/msg/detail/sensor_state__rosidl_typesupport_fastrtps_cpp.hpp
[5.438s] -- Up-to-date symlink: /home/pederba/sesasr_project_ws/install/turtlebot3_msgs/include/turtlebot3_msgs/turtlebot3_msgs/msg/detail/sound__rosidl_typesupport_fastrtps_cpp.hpp
[5.438s] -- Up-to-date symlink: /home/pederba/sesasr_project_ws/install/turtlebot3_msgs/include/turtlebot3_msgs/turtlebot3_msgs/msg/detail/version_info__rosidl_typesupport_fastrtps_cpp.hpp
[5.438s] -- Up-to-date symlink: /home/pederba/sesasr_project_ws/install/turtlebot3_msgs/include/turtlebot3_msgs/turtlebot3_msgs/msg/rosidl_typesupport_fastrtps_cpp__visibility_control.h
[5.439s] -- Up-to-date symlink: /home/pederba/sesasr_project_ws/install/turtlebot3_msgs/include/turtlebot3_msgs/turtlebot3_msgs/srv/detail/dqn__rosidl_typesupport_fastrtps_cpp.hpp
[5.439s] -- Up-to-date symlink: /home/pederba/sesasr_project_ws/install/turtlebot3_msgs/include/turtlebot3_msgs/turtlebot3_msgs/srv/detail/sound__rosidl_typesupport_fastrtps_cpp.hpp
[5.440s] -- Up-to-date symlink: /home/pederba/sesasr_project_ws/install/turtlebot3_msgs/include/turtlebot3_msgs/turtlebot3_msgs/action/detail/patrol__rosidl_typesupport_introspection_c.h
[5.440s] -- Up-to-date symlink: /home/pederba/sesasr_project_ws/install/turtlebot3_msgs/include/turtlebot3_msgs/turtlebot3_msgs/msg/detail/sensor_state__rosidl_typesupport_introspection_c.h
[5.440s] -- Up-to-date symlink: /home/pederba/sesasr_project_ws/install/turtlebot3_msgs/include/turtlebot3_msgs/turtlebot3_msgs/msg/detail/sound__rosidl_typesupport_introspection_c.h
[5.440s] -- Up-to-date symlink: /home/pederba/sesasr_project_ws/install/turtlebot3_msgs/include/turtlebot3_msgs/turtlebot3_msgs/msg/detail/version_info__rosidl_typesupport_introspection_c.h
[5.441s] -- Up-to-date symlink: /home/pederba/sesasr_project_ws/install/turtlebot3_msgs/include/turtlebot3_msgs/turtlebot3_msgs/msg/rosidl_typesupport_introspection_c__visibility_control.h
[5.442s] -- Up-to-date symlink: /home/pederba/sesasr_project_ws/install/turtlebot3_msgs/include/turtlebot3_msgs/turtlebot3_msgs/srv/detail/dqn__rosidl_typesupport_introspection_c.h
[5.442s] -- Up-to-date symlink: /home/pederba/sesasr_project_ws/install/turtlebot3_msgs/include/turtlebot3_msgs/turtlebot3_msgs/srv/detail/sound__rosidl_typesupport_introspection_c.h
[5.442s] -- Up-to-date symlink: /home/pederba/sesasr_project_ws/install/turtlebot3_msgs/include/turtlebot3_msgs/turtlebot3_msgs/action/detail/patrol__rosidl_typesupport_introspection_cpp.hpp
[5.443s] -- Up-to-date symlink: /home/pederba/sesasr_project_ws/install/turtlebot3_msgs/include/turtlebot3_msgs/turtlebot3_msgs/msg/detail/sensor_state__rosidl_typesupport_introspection_cpp.hpp
[5.443s] -- Up-to-date symlink: /home/pederba/sesasr_project_ws/install/turtlebot3_msgs/include/turtlebot3_msgs/turtlebot3_msgs/msg/detail/sound__rosidl_typesupport_introspection_cpp.hpp
[5.444s] -- Up-to-date symlink: /home/pederba/sesasr_project_ws/install/turtlebot3_msgs/include/turtlebot3_msgs/turtlebot3_msgs/msg/detail/version_info__rosidl_typesupport_introspection_cpp.hpp
[5.444s] -- Up-to-date symlink: /home/pederba/sesasr_project_ws/install/turtlebot3_msgs/include/turtlebot3_msgs/turtlebot3_msgs/srv/detail/dqn__rosidl_typesupport_introspection_cpp.hpp
[5.444s] -- Up-to-date symlink: /home/pederba/sesasr_project_ws/install/turtlebot3_msgs/include/turtlebot3_msgs/turtlebot3_msgs/srv/detail/sound__rosidl_typesupport_introspection_cpp.hpp
[5.444s] -- Up-to-date symlink: /home/pederba/sesasr_project_ws/install/turtlebot3_msgs/share/turtlebot3_msgs/environment/pythonpath.sh
[5.444s] -- Up-to-date symlink: /home/pederba/sesasr_project_ws/install/turtlebot3_msgs/share/turtlebot3_msgs/environment/pythonpath.dsv
[5.444s] -- Up-to-date symlink: /home/pederba/sesasr_project_ws/install/turtlebot3_msgs/local/lib/python3.10/dist-packages/turtlebot3_msgs-2.2.3-py3.10.egg-info/PKG-INFO
[5.445s] -- Up-to-date symlink: /home/pederba/sesasr_project_ws/install/turtlebot3_msgs/local/lib/python3.10/dist-packages/turtlebot3_msgs-2.2.3-py3.10.egg-info/SOURCES.txt
[5.445s] -- Up-to-date symlink: /home/pederba/sesasr_project_ws/install/turtlebot3_msgs/local/lib/python3.10/dist-packages/turtlebot3_msgs-2.2.3-py3.10.egg-info/dependency_links.txt
[5.445s] -- Up-to-date symlink: /home/pederba/sesasr_project_ws/install/turtlebot3_msgs/local/lib/python3.10/dist-packages/turtlebot3_msgs-2.2.3-py3.10.egg-info/top_level.txt
[5.445s] -- Up-to-date symlink: /home/pederba/sesasr_project_ws/install/turtlebot3_msgs/local/lib/python3.10/dist-packages/turtlebot3_msgs/__init__.py
[5.445s] -- Up-to-date symlink: /home/pederba/sesasr_project_ws/install/turtlebot3_msgs/local/lib/python3.10/dist-packages/turtlebot3_msgs/_turtlebot3_msgs_s.ep.rosidl_typesupport_c.c
[5.446s] -- Up-to-date symlink: /home/pederba/sesasr_project_ws/install/turtlebot3_msgs/local/lib/python3.10/dist-packages/turtlebot3_msgs/_turtlebot3_msgs_s.ep.rosidl_typesupport_fastrtps_c.c
[5.446s] -- Up-to-date symlink: /home/pederba/sesasr_project_ws/install/turtlebot3_msgs/local/lib/python3.10/dist-packages/turtlebot3_msgs/_turtlebot3_msgs_s.ep.rosidl_typesupport_introspection_c.c
[5.447s] -- Up-to-date symlink: /home/pederba/sesasr_project_ws/install/turtlebot3_msgs/local/lib/python3.10/dist-packages/turtlebot3_msgs/action/__init__.py
[5.447s] -- Up-to-date symlink: /home/pederba/sesasr_project_ws/install/turtlebot3_msgs/local/lib/python3.10/dist-packages/turtlebot3_msgs/action/_patrol.py
[5.447s] -- Up-to-date symlink: /home/pederba/sesasr_project_ws/install/turtlebot3_msgs/local/lib/python3.10/dist-packages/turtlebot3_msgs/action/_patrol_s.c
[5.447s] -- Up-to-date symlink: /home/pederba/sesasr_project_ws/install/turtlebot3_msgs/local/lib/python3.10/dist-packages/turtlebot3_msgs/libturtlebot3_msgs__rosidl_generator_py.so
[5.447s] -- Up-to-date symlink: /home/pederba/sesasr_project_ws/install/turtlebot3_msgs/local/lib/python3.10/dist-packages/turtlebot3_msgs/msg/__init__.py
[5.448s] -- Up-to-date symlink: /home/pederba/sesasr_project_ws/install/turtlebot3_msgs/local/lib/python3.10/dist-packages/turtlebot3_msgs/msg/_sensor_state.py
[5.448s] -- Up-to-date symlink: /home/pederba/sesasr_project_ws/install/turtlebot3_msgs/local/lib/python3.10/dist-packages/turtlebot3_msgs/msg/_sensor_state_s.c
[5.448s] -- Up-to-date symlink: /home/pederba/sesasr_project_ws/install/turtlebot3_msgs/local/lib/python3.10/dist-packages/turtlebot3_msgs/msg/_sound.py
[5.448s] -- Up-to-date symlink: /home/pederba/sesasr_project_ws/install/turtlebot3_msgs/local/lib/python3.10/dist-packages/turtlebot3_msgs/msg/_sound_s.c
[5.448s] -- Up-to-date symlink: /home/pederba/sesasr_project_ws/install/turtlebot3_msgs/local/lib/python3.10/dist-packages/turtlebot3_msgs/msg/_version_info.py
[5.449s] -- Up-to-date symlink: /home/pederba/sesasr_project_ws/install/turtlebot3_msgs/local/lib/python3.10/dist-packages/turtlebot3_msgs/msg/_version_info_s.c
[5.449s] -- Up-to-date symlink: /home/pederba/sesasr_project_ws/install/turtlebot3_msgs/local/lib/python3.10/dist-packages/turtlebot3_msgs/srv/__init__.py
[5.449s] -- Up-to-date symlink: /home/pederba/sesasr_project_ws/install/turtlebot3_msgs/local/lib/python3.10/dist-packages/turtlebot3_msgs/srv/_dqn.py
[5.449s] -- Up-to-date symlink: /home/pederba/sesasr_project_ws/install/turtlebot3_msgs/local/lib/python3.10/dist-packages/turtlebot3_msgs/srv/_dqn_s.c
[5.450s] -- Up-to-date symlink: /home/pederba/sesasr_project_ws/install/turtlebot3_msgs/local/lib/python3.10/dist-packages/turtlebot3_msgs/srv/_sound.py
[5.450s] -- Up-to-date symlink: /home/pederba/sesasr_project_ws/install/turtlebot3_msgs/local/lib/python3.10/dist-packages/turtlebot3_msgs/srv/_sound_s.c
[5.450s] -- Up-to-date symlink: /home/pederba/sesasr_project_ws/install/turtlebot3_msgs/local/lib/python3.10/dist-packages/turtlebot3_msgs/turtlebot3_msgs_s__rosidl_typesupport_c.cpython-310-x86_64-linux-gnu.so
[5.450s] -- Up-to-date symlink: /home/pederba/sesasr_project_ws/install/turtlebot3_msgs/local/lib/python3.10/dist-packages/turtlebot3_msgs/turtlebot3_msgs_s__rosidl_typesupport_fastrtps_c.cpython-310-x86_64-linux-gnu.so
[5.452s] -- Up-to-date symlink: /home/pederba/sesasr_project_ws/install/turtlebot3_msgs/local/lib/python3.10/dist-packages/turtlebot3_msgs/turtlebot3_msgs_s__rosidl_typesupport_introspection_c.cpython-310-x86_64-linux-gnu.so
[5.453s] -- Up-to-date symlink: /home/pederba/sesasr_project_ws/install/turtlebot3_msgs/local/lib/python3.10/dist-packages/turtlebot3_msgs/turtlebot3_msgs_s__rosidl_typesupport_fastrtps_c.cpython-310-x86_64-linux-gnu.so
[5.453s] -- Up-to-date symlink: /home/pederba/sesasr_project_ws/install/turtlebot3_msgs/local/lib/python3.10/dist-packages/turtlebot3_msgs/turtlebot3_msgs_s__rosidl_typesupport_introspection_c.cpython-310-x86_64-linux-gnu.so
[5.453s] -- Up-to-date symlink: /home/pederba/sesasr_project_ws/install/turtlebot3_msgs/local/lib/python3.10/dist-packages/turtlebot3_msgs/turtlebot3_msgs_s__rosidl_typesupport_c.cpython-310-x86_64-linux-gnu.so
[5.453s] -- Up-to-date symlink: /home/pederba/sesasr_project_ws/install/turtlebot3_msgs/share/turtlebot3_msgs/msg/SensorState.idl
[5.454s] -- Up-to-date symlink: /home/pederba/sesasr_project_ws/install/turtlebot3_msgs/share/turtlebot3_msgs/msg/Sound.idl
[5.454s] -- Up-to-date symlink: /home/pederba/sesasr_project_ws/install/turtlebot3_msgs/share/turtlebot3_msgs/msg/VersionInfo.idl
[5.454s] -- Up-to-date symlink: /home/pederba/sesasr_project_ws/install/turtlebot3_msgs/share/turtlebot3_msgs/srv/Sound.idl
[5.454s] -- Up-to-date symlink: /home/pederba/sesasr_project_ws/install/turtlebot3_msgs/share/turtlebot3_msgs/srv/Dqn.idl
[5.463s] -- Up-to-date symlink: /home/pederba/sesasr_project_ws/install/turtlebot3_msgs/share/turtlebot3_msgs/action/Patrol.idl
[5.463s] -- Up-to-date symlink: /home/pederba/sesasr_project_ws/install/turtlebot3_msgs/share/turtlebot3_msgs/msg/SensorState.msg
[5.464s] -- Up-to-date symlink: /home/pederba/sesasr_project_ws/install/turtlebot3_msgs/share/turtlebot3_msgs/msg/Sound.msg
[5.465s] -- Up-to-date symlink: /home/pederba/sesasr_project_ws/install/turtlebot3_msgs/share/turtlebot3_msgs/msg/VersionInfo.msg
[5.465s] -- Up-to-date symlink: /home/pederba/sesasr_project_ws/install/turtlebot3_msgs/share/turtlebot3_msgs/srv/Sound.srv
[5.466s] -- Up-to-date symlink: /home/pederba/sesasr_project_ws/install/turtlebot3_msgs/share/turtlebot3_msgs/srv/Sound_Request.msg
[5.466s] -- Up-to-date symlink: /home/pederba/sesasr_project_ws/install/turtlebot3_msgs/share/turtlebot3_msgs/srv/Sound_Response.msg
[5.466s] -- Up-to-date symlink: /home/pederba/sesasr_project_ws/install/turtlebot3_msgs/share/turtlebot3_msgs/srv/Dqn.srv
[5.467s] -- Up-to-date symlink: /home/pederba/sesasr_project_ws/install/turtlebot3_msgs/share/turtlebot3_msgs/srv/Dqn_Request.msg
[5.468s] -- Up-to-date symlink: /home/pederba/sesasr_project_ws/install/turtlebot3_msgs/share/turtlebot3_msgs/srv/Dqn_Response.msg
[5.468s] -- Up-to-date symlink: /home/pederba/sesasr_project_ws/install/turtlebot3_msgs/share/turtlebot3_msgs/action/Patrol.action
[5.469s] -- Up-to-date symlink: /home/pederba/sesasr_project_ws/install/turtlebot3_msgs/share/ament_index/resource_index/package_run_dependencies/turtlebot3_msgs
[5.469s] -- Up-to-date symlink: /home/pederba/sesasr_project_ws/install/turtlebot3_msgs/share/ament_index/resource_index/parent_prefix_path/turtlebot3_msgs
[5.469s] -- Up-to-date symlink: /home/pederba/sesasr_project_ws/install/turtlebot3_msgs/share/turtlebot3_msgs/environment/ament_prefix_path.sh
[5.470s] -- Up-to-date symlink: /home/pederba/sesasr_project_ws/install/turtlebot3_msgs/share/turtlebot3_msgs/environment/ament_prefix_path.dsv
[5.470s] -- Up-to-date symlink: /home/pederba/sesasr_project_ws/install/turtlebot3_msgs/share/turtlebot3_msgs/environment/path.sh
[5.470s] -- Up-to-date symlink: /home/pederba/sesasr_project_ws/install/turtlebot3_msgs/share/turtlebot3_msgs/environment/path.dsv
[5.471s] -- Up-to-date symlink: /home/pederba/sesasr_project_ws/install/turtlebot3_msgs/share/turtlebot3_msgs/local_setup.bash
[5.472s] -- Up-to-date symlink: /home/pederba/sesasr_project_ws/install/turtlebot3_msgs/share/turtlebot3_msgs/local_setup.sh
[5.472s] -- Up-to-date symlink: /home/pederba/sesasr_project_ws/install/turtlebot3_msgs/share/turtlebot3_msgs/local_setup.zsh
[5.474s] -- Up-to-date symlink: /home/pederba/sesasr_project_ws/install/turtlebot3_msgs/share/turtlebot3_msgs/local_setup.dsv
[5.474s] -- Symlinking: /home/pederba/sesasr_project_ws/install/turtlebot3_msgs/share/turtlebot3_msgs/package.dsv
[5.485s] -- Up-to-date symlink: /home/pederba/sesasr_project_ws/install/turtlebot3_msgs/share/ament_index/resource_index/packages/turtlebot3_msgs
[5.485s] -- Up-to-date symlink: /home/pederba/sesasr_project_ws/install/turtlebot3_msgs/share/turtlebot3_msgs/cmake/rosidl_cmake-extras.cmake
[5.485s] -- Up-to-date symlink: /home/pederba/sesasr_project_ws/install/turtlebot3_msgs/share/turtlebot3_msgs/cmake/ament_cmake_export_dependencies-extras.cmake
[5.486s] -- Up-to-date symlink: /home/pederba/sesasr_project_ws/install/turtlebot3_msgs/share/turtlebot3_msgs/cmake/ament_cmake_export_include_directories-extras.cmake
[5.486s] -- Up-to-date symlink: /home/pederba/sesasr_project_ws/install/turtlebot3_msgs/share/turtlebot3_msgs/cmake/ament_cmake_export_libraries-extras.cmake
[5.486s] -- Up-to-date symlink: /home/pederba/sesasr_project_ws/install/turtlebot3_msgs/share/turtlebot3_msgs/cmake/ament_cmake_export_targets-extras.cmake
[5.486s] -- Up-to-date symlink: /home/pederba/sesasr_project_ws/install/turtlebot3_msgs/share/turtlebot3_msgs/cmake/rosidl_cmake_export_typesupport_targets-extras.cmake
[5.487s] -- Up-to-date symlink: /home/pederba/sesasr_project_ws/install/turtlebot3_msgs/share/turtlebot3_msgs/cmake/rosidl_cmake_export_typesupport_libraries-extras.cmake
[5.487s] -- Up-to-date symlink: /home/pederba/sesasr_project_ws/install/turtlebot3_msgs/share/turtlebot3_msgs/cmake/turtlebot3_msgsConfig.cmake
[5.488s] -- Up-to-date symlink: /home/pederba/sesasr_project_ws/install/turtlebot3_msgs/share/turtlebot3_msgs/cmake/turtlebot3_msgsConfig-version.cmake
[5.488s] -- Up-to-date symlink: /home/pederba/sesasr_project_ws/install/turtlebot3_msgs/share/turtlebot3_msgs/package.xml
[5.488s] -- Up-to-date: /home/pederba/sesasr_project_ws/install/turtlebot3_msgs/lib/libturtlebot3_msgs__rosidl_generator_c.so
[5.488s] -- Up-to-date: /home/pederba/sesasr_project_ws/install/turtlebot3_msgs/lib/libturtlebot3_msgs__rosidl_typesupport_fastrtps_c.so
[5.488s] -- Up-to-date: /home/pederba/sesasr_project_ws/install/turtlebot3_msgs/lib/libturtlebot3_msgs__rosidl_typesupport_fastrtps_cpp.so
[5.489s] -- Up-to-date: /home/pederba/sesasr_project_ws/install/turtlebot3_msgs/lib/libturtlebot3_msgs__rosidl_typesupport_introspection_c.so
[5.489s] -- Up-to-date: /home/pederba/sesasr_project_ws/install/turtlebot3_msgs/lib/libturtlebot3_msgs__rosidl_typesupport_c.so
[5.491s] -- Up-to-date: /home/pederba/sesasr_project_ws/install/turtlebot3_msgs/lib/libturtlebot3_msgs__rosidl_typesupport_introspection_cpp.so
[5.491s] -- Up-to-date: /home/pederba/sesasr_project_ws/install/turtlebot3_msgs/lib/libturtlebot3_msgs__rosidl_typesupport_cpp.so
[5.555s] Listing '/home/pederba/sesasr_project_ws/install/turtlebot3_msgs/local/lib/python3.10/dist-packages/turtlebot3_msgs'...
[5.555s] Listing '/home/pederba/sesasr_project_ws/install/turtlebot3_msgs/local/lib/python3.10/dist-packages/turtlebot3_msgs/action'...
[5.555s] Listing '/home/pederba/sesasr_project_ws/install/turtlebot3_msgs/local/lib/python3.10/dist-packages/turtlebot3_msgs/msg'...
[5.555s] Listing '/home/pederba/sesasr_project_ws/install/turtlebot3_msgs/local/lib/python3.10/dist-packages/turtlebot3_msgs/srv'...
[5.570s] -- Up-to-date: /home/pederba/sesasr_project_ws/install/turtlebot3_msgs/lib/libturtlebot3_msgs__rosidl_generator_py.so
[5.570s] -- Up-to-date: /home/pederba/sesasr_project_ws/install/turtlebot3_msgs/share/turtlebot3_msgs/cmake/export_turtlebot3_msgs__rosidl_generator_cExport.cmake
[5.571s] -- Up-to-date: /home/pederba/sesasr_project_ws/install/turtlebot3_msgs/share/turtlebot3_msgs/cmake/export_turtlebot3_msgs__rosidl_generator_cExport-noconfig.cmake
[5.571s] -- Up-to-date: /home/pederba/sesasr_project_ws/install/turtlebot3_msgs/share/turtlebot3_msgs/cmake/export_turtlebot3_msgs__rosidl_typesupport_fastrtps_cExport.cmake
[5.572s] -- Up-to-date: /home/pederba/sesasr_project_ws/install/turtlebot3_msgs/share/turtlebot3_msgs/cmake/export_turtlebot3_msgs__rosidl_typesupport_fastrtps_cExport-noconfig.cmake
[5.572s] -- Up-to-date: /home/pederba/sesasr_project_ws/install/turtlebot3_msgs/share/turtlebot3_msgs/cmake/export_turtlebot3_msgs__rosidl_generator_cppExport.cmake
[5.572s] -- Up-to-date: /home/pederba/sesasr_project_ws/install/turtlebot3_msgs/share/turtlebot3_msgs/cmake/export_turtlebot3_msgs__rosidl_typesupport_fastrtps_cppExport.cmake
[5.572s] -- Up-to-date: /home/pederba/sesasr_project_ws/install/turtlebot3_msgs/share/turtlebot3_msgs/cmake/export_turtlebot3_msgs__rosidl_typesupport_fastrtps_cppExport-noconfig.cmake
[5.573s] -- Up-to-date: /home/pederba/sesasr_project_ws/install/turtlebot3_msgs/share/turtlebot3_msgs/cmake/turtlebot3_msgs__rosidl_typesupport_introspection_cExport.cmake
[5.573s] -- Up-to-date: /home/pederba/sesasr_project_ws/install/turtlebot3_msgs/share/turtlebot3_msgs/cmake/turtlebot3_msgs__rosidl_typesupport_introspection_cExport-noconfig.cmake
[5.573s] -- Up-to-date: /home/pederba/sesasr_project_ws/install/turtlebot3_msgs/share/turtlebot3_msgs/cmake/turtlebot3_msgs__rosidl_typesupport_cExport.cmake
[5.573s] -- Up-to-date: /home/pederba/sesasr_project_ws/install/turtlebot3_msgs/share/turtlebot3_msgs/cmake/turtlebot3_msgs__rosidl_typesupport_cExport-noconfig.cmake
[5.574s] -- Up-to-date: /home/pederba/sesasr_project_ws/install/turtlebot3_msgs/share/turtlebot3_msgs/cmake/turtlebot3_msgs__rosidl_typesupport_introspection_cppExport.cmake
[5.574s] -- Up-to-date: /home/pederba/sesasr_project_ws/install/turtlebot3_msgs/share/turtlebot3_msgs/cmake/turtlebot3_msgs__rosidl_typesupport_introspection_cppExport-noconfig.cmake
[5.575s] -- Up-to-date: /home/pederba/sesasr_project_ws/install/turtlebot3_msgs/share/turtlebot3_msgs/cmake/turtlebot3_msgs__rosidl_typesupport_cppExport.cmake
[5.577s] -- Up-to-date: /home/pederba/sesasr_project_ws/install/turtlebot3_msgs/share/turtlebot3_msgs/cmake/turtlebot3_msgs__rosidl_typesupport_cppExport-noconfig.cmake
[5.577s] -- Up-to-date: /home/pederba/sesasr_project_ws/install/turtlebot3_msgs/share/turtlebot3_msgs/cmake/export_turtlebot3_msgs__rosidl_generator_pyExport.cmake
[5.578s] -- Up-to-date: /home/pederba/sesasr_project_ws/install/turtlebot3_msgs/share/turtlebot3_msgs/cmake/export_turtlebot3_msgs__rosidl_generator_pyExport-noconfig.cmake
[5.926s] Invoked command in '/home/pederba/sesasr_project_ws/build/turtlebot3_msgs' returned '0': CMAKE_PREFIX_PATH=${CMAKE_PREFIX_PATH}:/home/pederba/sesasr_project_ws/install/turtlebot3_teleop:/home/pederba/sesasr_project_ws/install/turtlebot3_example:/home/pederba/sesasr_project_ws/install/project_pkg:/opt/ros/humble /usr/bin/cmake --install /home/pederba/sesasr_project_ws/build/turtlebot3_msgs
