[0.880s] Invoking command in '/home/pederba/sesasr_project_ws/build/dynamixel_sdk_custom_interfaces': CMAKE_PREFIX_PATH=${CMAKE_PREFIX_PATH}:/home/pederba/sesasr_project_ws/install/turtlebot3_teleop:/home/pederba/sesasr_project_ws/install/turtlebot3_example:/home/pederba/sesasr_project_ws/install/project_pkg:/opt/ros/humble /usr/bin/cmake --build /home/pederba/sesasr_project_ws/build/dynamixel_sdk_custom_interfaces -- -j8 -l8
[1.045s] [  2%] Built target dynamixel_sdk_custom_interfaces__cpp
[1.079s] [ 12%] Built target dynamixel_sdk_custom_interfaces__rosidl_generator_c
[1.115s] [ 12%] Built target ament_cmake_python_symlink_dynamixel_sdk_custom_interfaces
[1.163s] [ 23%] Built target dynamixel_sdk_custom_interfaces__rosidl_typesupport_cpp
[1.208s] [ 33%] Built target dynamixel_sdk_custom_interfaces__rosidl_typesupport_introspection_cpp
[1.215s] [ 43%] Built target dynamixel_sdk_custom_interfaces__rosidl_typesupport_fastrtps_c
[1.232s] [ 53%] Built target dynamixel_sdk_custom_interfaces__rosidl_typesupport_c
[1.238s] [ 64%] Built target dynamixel_sdk_custom_interfaces__rosidl_typesupport_introspection_c
[1.263s] [ 74%] Built target dynamixel_sdk_custom_interfaces__rosidl_typesupport_fastrtps_cpp
[1.317s] [ 74%] Built target dynamixel_sdk_custom_interfaces
[1.382s] [ 76%] Built target dynamixel_sdk_custom_interfaces__py
[1.453s] [ 84%] Built target dynamixel_sdk_custom_interfaces__rosidl_generator_py
[1.543s] [ 89%] Built target dynamixel_sdk_custom_interfaces__rosidl_typesupport_fastrtps_c__pyext
[1.551s] [ 94%] Built target dynamixel_sdk_custom_interfaces__rosidl_typesupport_introspection_c__pyext
[1.591s] [100%] Built target dynamixel_sdk_custom_interfaces__rosidl_typesupport_c__pyext
[2.183s] running egg_info
[2.232s] writing dynamixel_sdk_custom_interfaces.egg-info/PKG-INFO
[2.233s] writing dependency_links to dynamixel_sdk_custom_interfaces.egg-info/dependency_links.txt
[2.236s] writing top-level names to dynamixel_sdk_custom_interfaces.egg-info/top_level.txt
[2.429s] reading manifest file 'dynamixel_sdk_custom_interfaces.egg-info/SOURCES.txt'
[2.431s] writing manifest file 'dynamixel_sdk_custom_interfaces.egg-info/SOURCES.txt'
[2.625s] [100%] Built target ament_cmake_python_build_dynamixel_sdk_custom_interfaces_egg
[3.219s] Invoked command in '/home/pederba/sesasr_project_ws/build/dynamixel_sdk_custom_interfaces' returned '0': CMAKE_PREFIX_PATH=${CMAKE_PREFIX_PATH}:/home/pederba/sesasr_project_ws/install/turtlebot3_teleop:/home/pederba/sesasr_project_ws/install/turtlebot3_example:/home/pederba/sesasr_project_ws/install/project_pkg:/opt/ros/humble /usr/bin/cmake --build /home/pederba/sesasr_project_ws/build/dynamixel_sdk_custom_interfaces -- -j8 -l8
[4.839s] Invoking command in '/home/pederba/sesasr_project_ws/build/dynamixel_sdk_custom_interfaces': CMAKE_PREFIX_PATH=${CMAKE_PREFIX_PATH}:/home/pederba/sesasr_project_ws/install/turtlebot3_teleop:/home/pederba/sesasr_project_ws/install/turtlebot3_example:/home/pederba/sesasr_project_ws/install/project_pkg:/opt/ros/humble /usr/bin/cmake --install /home/pederba/sesasr_project_ws/build/dynamixel_sdk_custom_interfaces
[5.061s] -- Install configuration: ""
[5.061s] -- Execute custom install script
[5.062s] -- Up-to-date symlink: /home/pederba/sesasr_project_ws/install/dynamixel_sdk_custom_interfaces/share/ament_index/resource_index/rosidl_interfaces/dynamixel_sdk_custom_interfaces
[5.063s] -- Up-to-date symlink: /home/pederba/sesasr_project_ws/install/dynamixel_sdk_custom_interfaces/include/dynamixel_sdk_custom_interfaces/dynamixel_sdk_custom_interfaces/msg/detail/set_position__functions.h
[5.064s] -- Up-to-date symlink: /home/pederba/sesasr_project_ws/install/dynamixel_sdk_custom_interfaces/include/dynamixel_sdk_custom_interfaces/dynamixel_sdk_custom_interfaces/msg/detail/set_position__struct.h
[5.069s] -- Up-to-date symlink: /home/pederba/sesasr_project_ws/install/dynamixel_sdk_custom_interfaces/include/dynamixel_sdk_custom_interfaces/dynamixel_sdk_custom_interfaces/msg/detail/set_position__type_support.h
[5.069s] -- Up-to-date symlink: /home/pederba/sesasr_project_ws/install/dynamixel_sdk_custom_interfaces/include/dynamixel_sdk_custom_interfaces/dynamixel_sdk_custom_interfaces/msg/rosidl_generator_c__visibility_control.h
[5.069s] -- Up-to-date symlink: /home/pederba/sesasr_project_ws/install/dynamixel_sdk_custom_interfaces/include/dynamixel_sdk_custom_interfaces/dynamixel_sdk_custom_interfaces/msg/set_position.h
[5.070s] -- Up-to-date symlink: /home/pederba/sesasr_project_ws/install/dynamixel_sdk_custom_interfaces/include/dynamixel_sdk_custom_interfaces/dynamixel_sdk_custom_interfaces/srv/detail/get_position__functions.h
[5.070s] -- Up-to-date symlink: /home/pederba/sesasr_project_ws/install/dynamixel_sdk_custom_interfaces/include/dynamixel_sdk_custom_interfaces/dynamixel_sdk_custom_interfaces/srv/detail/get_position__struct.h
[5.070s] -- Up-to-date symlink: /home/pederba/sesasr_project_ws/install/dynamixel_sdk_custom_interfaces/include/dynamixel_sdk_custom_interfaces/dynamixel_sdk_custom_interfaces/srv/detail/get_position__type_support.h
[5.070s] -- Up-to-date symlink: /home/pederba/sesasr_project_ws/install/dynamixel_sdk_custom_interfaces/include/dynamixel_sdk_custom_interfaces/dynamixel_sdk_custom_interfaces/srv/get_position.h
[5.070s] -- Up-to-date symlink: /home/pederba/sesasr_project_ws/install/dynamixel_sdk_custom_interfaces/share/dynamixel_sdk_custom_interfaces/environment/library_path.sh
[5.070s] -- Up-to-date symlink: /home/pederba/sesasr_project_ws/install/dynamixel_sdk_custom_interfaces/share/dynamixel_sdk_custom_interfaces/environment/library_path.dsv
[5.071s] -- Up-to-date symlink: /home/pederba/sesasr_project_ws/install/dynamixel_sdk_custom_interfaces/include/dynamixel_sdk_custom_interfaces/dynamixel_sdk_custom_interfaces/msg/detail/set_position__rosidl_typesupport_fastrtps_c.h
[5.071s] -- Up-to-date symlink: /home/pederba/sesasr_project_ws/install/dynamixel_sdk_custom_interfaces/include/dynamixel_sdk_custom_interfaces/dynamixel_sdk_custom_interfaces/msg/rosidl_typesupport_fastrtps_c__visibility_control.h
[5.072s] -- Up-to-date symlink: /home/pederba/sesasr_project_ws/install/dynamixel_sdk_custom_interfaces/include/dynamixel_sdk_custom_interfaces/dynamixel_sdk_custom_interfaces/srv/detail/get_position__rosidl_typesupport_fastrtps_c.h
[5.072s] -- Up-to-date symlink: /home/pederba/sesasr_project_ws/install/dynamixel_sdk_custom_interfaces/include/dynamixel_sdk_custom_interfaces/dynamixel_sdk_custom_interfaces/msg/detail/set_position__builder.hpp
[5.074s] -- Up-to-date symlink: /home/pederba/sesasr_project_ws/install/dynamixel_sdk_custom_interfaces/include/dynamixel_sdk_custom_interfaces/dynamixel_sdk_custom_interfaces/msg/detail/set_position__struct.hpp
[5.074s] -- Up-to-date symlink: /home/pederba/sesasr_project_ws/install/dynamixel_sdk_custom_interfaces/include/dynamixel_sdk_custom_interfaces/dynamixel_sdk_custom_interfaces/msg/detail/set_position__traits.hpp
[5.075s] -- Up-to-date symlink: /home/pederba/sesasr_project_ws/install/dynamixel_sdk_custom_interfaces/include/dynamixel_sdk_custom_interfaces/dynamixel_sdk_custom_interfaces/msg/set_position.hpp
[5.076s] -- Up-to-date symlink: /home/pederba/sesasr_project_ws/install/dynamixel_sdk_custom_interfaces/include/dynamixel_sdk_custom_interfaces/dynamixel_sdk_custom_interfaces/srv/detail/get_position__builder.hpp
[5.076s] -- Up-to-date symlink: /home/pederba/sesasr_project_ws/install/dynamixel_sdk_custom_interfaces/include/dynamixel_sdk_custom_interfaces/dynamixel_sdk_custom_interfaces/srv/detail/get_position__struct.hpp
[5.076s] -- Up-to-date symlink: /home/pederba/sesasr_project_ws/install/dynamixel_sdk_custom_interfaces/include/dynamixel_sdk_custom_interfaces/dynamixel_sdk_custom_interfaces/srv/detail/get_position__traits.hpp
[5.077s] -- Up-to-date symlink: /home/pederba/sesasr_project_ws/install/dynamixel_sdk_custom_interfaces/include/dynamixel_sdk_custom_interfaces/dynamixel_sdk_custom_interfaces/srv/get_position.hpp
[5.077s] -- Up-to-date symlink: /home/pederba/sesasr_project_ws/install/dynamixel_sdk_custom_interfaces/include/dynamixel_sdk_custom_interfaces/dynamixel_sdk_custom_interfaces/msg/detail/set_position__rosidl_typesupport_fastrtps_cpp.hpp
[5.078s] -- Up-to-date symlink: /home/pederba/sesasr_project_ws/install/dynamixel_sdk_custom_interfaces/include/dynamixel_sdk_custom_interfaces/dynamixel_sdk_custom_interfaces/msg/rosidl_typesupport_fastrtps_cpp__visibility_control.h
[5.078s] -- Up-to-date symlink: /home/pederba/sesasr_project_ws/install/dynamixel_sdk_custom_interfaces/include/dynamixel_sdk_custom_interfaces/dynamixel_sdk_custom_interfaces/srv/detail/get_position__rosidl_typesupport_fastrtps_cpp.hpp
[5.078s] -- Up-to-date symlink: /home/pederba/sesasr_project_ws/install/dynamixel_sdk_custom_interfaces/include/dynamixel_sdk_custom_interfaces/dynamixel_sdk_custom_interfaces/msg/detail/set_position__rosidl_typesupport_introspection_c.h
[5.079s] -- Up-to-date symlink: /home/pederba/sesasr_project_ws/install/dynamixel_sdk_custom_interfaces/include/dynamixel_sdk_custom_interfaces/dynamixel_sdk_custom_interfaces/msg/rosidl_typesupport_introspection_c__visibility_control.h
[5.079s] -- Up-to-date symlink: /home/pederba/sesasr_project_ws/install/dynamixel_sdk_custom_interfaces/include/dynamixel_sdk_custom_interfaces/dynamixel_sdk_custom_interfaces/srv/detail/get_position__rosidl_typesupport_introspection_c.h
[5.079s] -- Up-to-date symlink: /home/pederba/sesasr_project_ws/install/dynamixel_sdk_custom_interfaces/include/dynamixel_sdk_custom_interfaces/dynamixel_sdk_custom_interfaces/msg/detail/set_position__rosidl_typesupport_introspection_cpp.hpp
[5.079s] -- Up-to-date symlink: /home/pederba/sesasr_project_ws/install/dynamixel_sdk_custom_interfaces/include/dynamixel_sdk_custom_interfaces/dynamixel_sdk_custom_interfaces/srv/detail/get_position__rosidl_typesupport_introspection_cpp.hpp
[5.079s] -- Up-to-date symlink: /home/pederba/sesasr_project_ws/install/dynamixel_sdk_custom_interfaces/share/dynamixel_sdk_custom_interfaces/environment/pythonpath.sh
[5.079s] -- Up-to-date symlink: /home/pederba/sesasr_project_ws/install/dynamixel_sdk_custom_interfaces/share/dynamixel_sdk_custom_interfaces/environment/pythonpath.dsv
[5.079s] -- Up-to-date symlink: /home/pederba/sesasr_project_ws/install/dynamixel_sdk_custom_interfaces/local/lib/python3.10/dist-packages/dynamixel_sdk_custom_interfaces-3.7.60-py3.10.egg-info/PKG-INFO
[5.080s] -- Up-to-date symlink: /home/pederba/sesasr_project_ws/install/dynamixel_sdk_custom_interfaces/local/lib/python3.10/dist-packages/dynamixel_sdk_custom_interfaces-3.7.60-py3.10.egg-info/SOURCES.txt
[5.080s] -- Up-to-date symlink: /home/pederba/sesasr_project_ws/install/dynamixel_sdk_custom_interfaces/local/lib/python3.10/dist-packages/dynamixel_sdk_custom_interfaces-3.7.60-py3.10.egg-info/dependency_links.txt
[5.080s] -- Up-to-date symlink: /home/pederba/sesasr_project_ws/install/dynamixel_sdk_custom_interfaces/local/lib/python3.10/dist-packages/dynamixel_sdk_custom_interfaces-3.7.60-py3.10.egg-info/top_level.txt
[5.080s] -- Up-to-date symlink: /home/pederba/sesasr_project_ws/install/dynamixel_sdk_custom_interfaces/local/lib/python3.10/dist-packages/dynamixel_sdk_custom_interfaces/__init__.py
[5.080s] -- Up-to-date symlink: /home/pederba/sesasr_project_ws/install/dynamixel_sdk_custom_interfaces/local/lib/python3.10/dist-packages/dynamixel_sdk_custom_interfaces/_dynamixel_sdk_custom_interfaces_s.ep.rosidl_typesupport_c.c
[5.080s] -- Up-to-date symlink: /home/pederba/sesasr_project_ws/install/dynamixel_sdk_custom_interfaces/local/lib/python3.10/dist-packages/dynamixel_sdk_custom_interfaces/_dynamixel_sdk_custom_interfaces_s.ep.rosidl_typesupport_fastrtps_c.c
[5.080s] -- Up-to-date symlink: /home/pederba/sesasr_project_ws/install/dynamixel_sdk_custom_interfaces/local/lib/python3.10/dist-packages/dynamixel_sdk_custom_interfaces/_dynamixel_sdk_custom_interfaces_s.ep.rosidl_typesupport_introspection_c.c
[5.081s] -- Up-to-date symlink: /home/pederba/sesasr_project_ws/install/dynamixel_sdk_custom_interfaces/local/lib/python3.10/dist-packages/dynamixel_sdk_custom_interfaces/dynamixel_sdk_custom_interfaces_s__rosidl_typesupport_c.cpython-310-x86_64-linux-gnu.so
[5.081s] -- Up-to-date symlink: /home/pederba/sesasr_project_ws/install/dynamixel_sdk_custom_interfaces/local/lib/python3.10/dist-packages/dynamixel_sdk_custom_interfaces/dynamixel_sdk_custom_interfaces_s__rosidl_typesupport_fastrtps_c.cpython-310-x86_64-linux-gnu.so
[5.081s] -- Up-to-date symlink: /home/pederba/sesasr_project_ws/install/dynamixel_sdk_custom_interfaces/local/lib/python3.10/dist-packages/dynamixel_sdk_custom_interfaces/dynamixel_sdk_custom_interfaces_s__rosidl_typesupport_introspection_c.cpython-310-x86_64-linux-gnu.so
[5.081s] -- Up-to-date symlink: /home/pederba/sesasr_project_ws/install/dynamixel_sdk_custom_interfaces/local/lib/python3.10/dist-packages/dynamixel_sdk_custom_interfaces/libdynamixel_sdk_custom_interfaces__rosidl_generator_py.so
[5.081s] -- Up-to-date symlink: /home/pederba/sesasr_project_ws/install/dynamixel_sdk_custom_interfaces/local/lib/python3.10/dist-packages/dynamixel_sdk_custom_interfaces/msg/__init__.py
[5.081s] -- Up-to-date symlink: /home/pederba/sesasr_project_ws/install/dynamixel_sdk_custom_interfaces/local/lib/python3.10/dist-packages/dynamixel_sdk_custom_interfaces/msg/_set_position.py
[5.081s] -- Up-to-date symlink: /home/pederba/sesasr_project_ws/install/dynamixel_sdk_custom_interfaces/local/lib/python3.10/dist-packages/dynamixel_sdk_custom_interfaces/msg/_set_position_s.c
[5.082s] -- Up-to-date symlink: /home/pederba/sesasr_project_ws/install/dynamixel_sdk_custom_interfaces/local/lib/python3.10/dist-packages/dynamixel_sdk_custom_interfaces/srv/__init__.py
[5.082s] -- Up-to-date symlink: /home/pederba/sesasr_project_ws/install/dynamixel_sdk_custom_interfaces/local/lib/python3.10/dist-packages/dynamixel_sdk_custom_interfaces/srv/_get_position.py
[5.082s] -- Up-to-date symlink: /home/pederba/sesasr_project_ws/install/dynamixel_sdk_custom_interfaces/local/lib/python3.10/dist-packages/dynamixel_sdk_custom_interfaces/srv/_get_position_s.c
[5.083s] -- Up-to-date symlink: /home/pederba/sesasr_project_ws/install/dynamixel_sdk_custom_interfaces/local/lib/python3.10/dist-packages/dynamixel_sdk_custom_interfaces/dynamixel_sdk_custom_interfaces_s__rosidl_typesupport_fastrtps_c.cpython-310-x86_64-linux-gnu.so
[5.083s] -- Up-to-date symlink: /home/pederba/sesasr_project_ws/install/dynamixel_sdk_custom_interfaces/local/lib/python3.10/dist-packages/dynamixel_sdk_custom_interfaces/dynamixel_sdk_custom_interfaces_s__rosidl_typesupport_introspection_c.cpython-310-x86_64-linux-gnu.so
[5.084s] -- Up-to-date symlink: /home/pederba/sesasr_project_ws/install/dynamixel_sdk_custom_interfaces/local/lib/python3.10/dist-packages/dynamixel_sdk_custom_interfaces/dynamixel_sdk_custom_interfaces_s__rosidl_typesupport_c.cpython-310-x86_64-linux-gnu.so
[5.084s] -- Up-to-date symlink: /home/pederba/sesasr_project_ws/install/dynamixel_sdk_custom_interfaces/share/dynamixel_sdk_custom_interfaces/msg/SetPosition.idl
[5.084s] -- Up-to-date symlink: /home/pederba/sesasr_project_ws/install/dynamixel_sdk_custom_interfaces/share/dynamixel_sdk_custom_interfaces/srv/GetPosition.idl
[5.085s] -- Up-to-date symlink: /home/pederba/sesasr_project_ws/install/dynamixel_sdk_custom_interfaces/share/dynamixel_sdk_custom_interfaces/msg/SetPosition.msg
[5.085s] -- Up-to-date symlink: /home/pederba/sesasr_project_ws/install/dynamixel_sdk_custom_interfaces/share/dynamixel_sdk_custom_interfaces/srv/GetPosition.srv
[5.086s] -- Up-to-date symlink: /home/pederba/sesasr_project_ws/install/dynamixel_sdk_custom_interfaces/share/dynamixel_sdk_custom_interfaces/srv/GetPosition_Request.msg
[5.086s] -- Up-to-date symlink: /home/pederba/sesasr_project_ws/install/dynamixel_sdk_custom_interfaces/share/dynamixel_sdk_custom_interfaces/srv/GetPosition_Response.msg
[5.088s] -- Up-to-date symlink: /home/pederba/sesasr_project_ws/install/dynamixel_sdk_custom_interfaces/share/ament_index/resource_index/package_run_dependencies/dynamixel_sdk_custom_interfaces
[5.088s] -- Up-to-date symlink: /home/pederba/sesasr_project_ws/install/dynamixel_sdk_custom_interfaces/share/ament_index/resource_index/parent_prefix_path/dynamixel_sdk_custom_interfaces
[5.089s] -- Up-to-date symlink: /home/pederba/sesasr_project_ws/install/dynamixel_sdk_custom_interfaces/share/dynamixel_sdk_custom_interfaces/environment/ament_prefix_path.sh
[5.090s] -- Up-to-date symlink: /home/pederba/sesasr_project_ws/install/dynamixel_sdk_custom_interfaces/share/dynamixel_sdk_custom_interfaces/environment/ament_prefix_path.dsv
[5.090s] -- Up-to-date symlink: /home/pederba/sesasr_project_ws/install/dynamixel_sdk_custom_interfaces/share/dynamixel_sdk_custom_interfaces/environment/path.sh
[5.091s] -- Up-to-date symlink: /home/pederba/sesasr_project_ws/install/dynamixel_sdk_custom_interfaces/share/dynamixel_sdk_custom_interfaces/environment/path.dsv
[5.091s] -- Up-to-date symlink: /home/pederba/sesasr_project_ws/install/dynamixel_sdk_custom_interfaces/share/dynamixel_sdk_custom_interfaces/local_setup.bash
[5.092s] -- Up-to-date symlink: /home/pederba/sesasr_project_ws/install/dynamixel_sdk_custom_interfaces/share/dynamixel_sdk_custom_interfaces/local_setup.sh
[5.092s] -- Up-to-date symlink: /home/pederba/sesasr_project_ws/install/dynamixel_sdk_custom_interfaces/share/dynamixel_sdk_custom_interfaces/local_setup.zsh
[5.092s] -- Up-to-date symlink: /home/pederba/sesasr_project_ws/install/dynamixel_sdk_custom_interfaces/share/dynamixel_sdk_custom_interfaces/local_setup.dsv
[5.093s] -- Symlinking: /home/pederba/sesasr_project_ws/install/dynamixel_sdk_custom_interfaces/share/dynamixel_sdk_custom_interfaces/package.dsv
[5.093s] -- Up-to-date symlink: /home/pederba/sesasr_project_ws/install/dynamixel_sdk_custom_interfaces/share/ament_index/resource_index/packages/dynamixel_sdk_custom_interfaces
[5.094s] -- Up-to-date symlink: /home/pederba/sesasr_project_ws/install/dynamixel_sdk_custom_interfaces/share/dynamixel_sdk_custom_interfaces/cmake/rosidl_cmake-extras.cmake
[5.094s] -- Up-to-date symlink: /home/pederba/sesasr_project_ws/install/dynamixel_sdk_custom_interfaces/share/dynamixel_sdk_custom_interfaces/cmake/ament_cmake_export_dependencies-extras.cmake
[5.094s] -- Up-to-date symlink: /home/pederba/sesasr_project_ws/install/dynamixel_sdk_custom_interfaces/share/dynamixel_sdk_custom_interfaces/cmake/ament_cmake_export_include_directories-extras.cmake
[5.094s] -- Up-to-date symlink: /home/pederba/sesasr_project_ws/install/dynamixel_sdk_custom_interfaces/share/dynamixel_sdk_custom_interfaces/cmake/ament_cmake_export_libraries-extras.cmake
[5.094s] -- Up-to-date symlink: /home/pederba/sesasr_project_ws/install/dynamixel_sdk_custom_interfaces/share/dynamixel_sdk_custom_interfaces/cmake/ament_cmake_export_targets-extras.cmake
[5.095s] -- Up-to-date symlink: /home/pederba/sesasr_project_ws/install/dynamixel_sdk_custom_interfaces/share/dynamixel_sdk_custom_interfaces/cmake/rosidl_cmake_export_typesupport_targets-extras.cmake
[5.095s] -- Up-to-date symlink: /home/pederba/sesasr_project_ws/install/dynamixel_sdk_custom_interfaces/share/dynamixel_sdk_custom_interfaces/cmake/rosidl_cmake_export_typesupport_libraries-extras.cmake
[5.095s] -- Up-to-date symlink: /home/pederba/sesasr_project_ws/install/dynamixel_sdk_custom_interfaces/share/dynamixel_sdk_custom_interfaces/cmake/dynamixel_sdk_custom_interfacesConfig.cmake
[5.096s] -- Up-to-date symlink: /home/pederba/sesasr_project_ws/install/dynamixel_sdk_custom_interfaces/share/dynamixel_sdk_custom_interfaces/cmake/dynamixel_sdk_custom_interfacesConfig-version.cmake
[5.096s] -- Up-to-date symlink: /home/pederba/sesasr_project_ws/install/dynamixel_sdk_custom_interfaces/share/dynamixel_sdk_custom_interfaces/package.xml
[5.096s] -- Up-to-date: /home/pederba/sesasr_project_ws/install/dynamixel_sdk_custom_interfaces/lib/libdynamixel_sdk_custom_interfaces__rosidl_generator_c.so
[5.096s] -- Up-to-date: /home/pederba/sesasr_project_ws/install/dynamixel_sdk_custom_interfaces/lib/libdynamixel_sdk_custom_interfaces__rosidl_typesupport_fastrtps_c.so
[5.097s] -- Up-to-date: /home/pederba/sesasr_project_ws/install/dynamixel_sdk_custom_interfaces/lib/libdynamixel_sdk_custom_interfaces__rosidl_typesupport_fastrtps_cpp.so
[5.100s] -- Up-to-date: /home/pederba/sesasr_project_ws/install/dynamixel_sdk_custom_interfaces/lib/libdynamixel_sdk_custom_interfaces__rosidl_typesupport_introspection_c.so
[5.101s] -- Up-to-date: /home/pederba/sesasr_project_ws/install/dynamixel_sdk_custom_interfaces/lib/libdynamixel_sdk_custom_interfaces__rosidl_typesupport_c.so
[5.101s] -- Up-to-date: /home/pederba/sesasr_project_ws/install/dynamixel_sdk_custom_interfaces/lib/libdynamixel_sdk_custom_interfaces__rosidl_typesupport_introspection_cpp.so
[5.101s] -- Up-to-date: /home/pederba/sesasr_project_ws/install/dynamixel_sdk_custom_interfaces/lib/libdynamixel_sdk_custom_interfaces__rosidl_typesupport_cpp.so
[5.101s] Listing '/home/pederba/sesasr_project_ws/install/dynamixel_sdk_custom_interfaces/local/lib/python3.10/dist-packages/dynamixel_sdk_custom_interfaces'...
[5.101s] Listing '/home/pederba/sesasr_project_ws/install/dynamixel_sdk_custom_interfaces/local/lib/python3.10/dist-packages/dynamixel_sdk_custom_interfaces/msg'...
[5.102s] Listing '/home/pederba/sesasr_project_ws/install/dynamixel_sdk_custom_interfaces/local/lib/python3.10/dist-packages/dynamixel_sdk_custom_interfaces/srv'...
[5.102s] -- Up-to-date: /home/pederba/sesasr_project_ws/install/dynamixel_sdk_custom_interfaces/lib/libdynamixel_sdk_custom_interfaces__rosidl_generator_py.so
[5.102s] -- Up-to-date: /home/pederba/sesasr_project_ws/install/dynamixel_sdk_custom_interfaces/share/dynamixel_sdk_custom_interfaces/cmake/export_dynamixel_sdk_custom_interfaces__rosidl_generator_cExport.cmake
[5.102s] -- Up-to-date: /home/pederba/sesasr_project_ws/install/dynamixel_sdk_custom_interfaces/share/dynamixel_sdk_custom_interfaces/cmake/export_dynamixel_sdk_custom_interfaces__rosidl_generator_cExport-noconfig.cmake
[5.102s] -- Up-to-date: /home/pederba/sesasr_project_ws/install/dynamixel_sdk_custom_interfaces/share/dynamixel_sdk_custom_interfaces/cmake/export_dynamixel_sdk_custom_interfaces__rosidl_typesupport_fastrtps_cExport.cmake
[5.102s] -- Up-to-date: /home/pederba/sesasr_project_ws/install/dynamixel_sdk_custom_interfaces/share/dynamixel_sdk_custom_interfaces/cmake/export_dynamixel_sdk_custom_interfaces__rosidl_typesupport_fastrtps_cExport-noconfig.cmake
[5.102s] -- Up-to-date: /home/pederba/sesasr_project_ws/install/dynamixel_sdk_custom_interfaces/share/dynamixel_sdk_custom_interfaces/cmake/export_dynamixel_sdk_custom_interfaces__rosidl_generator_cppExport.cmake
[5.102s] -- Up-to-date: /home/pederba/sesasr_project_ws/install/dynamixel_sdk_custom_interfaces/share/dynamixel_sdk_custom_interfaces/cmake/export_dynamixel_sdk_custom_interfaces__rosidl_typesupport_fastrtps_cppExport.cmake
[5.103s] -- Up-to-date: /home/pederba/sesasr_project_ws/install/dynamixel_sdk_custom_interfaces/share/dynamixel_sdk_custom_interfaces/cmake/export_dynamixel_sdk_custom_interfaces__rosidl_typesupport_fastrtps_cppExport-noconfig.cmake
[5.104s] -- Up-to-date: /home/pederba/sesasr_project_ws/install/dynamixel_sdk_custom_interfaces/share/dynamixel_sdk_custom_interfaces/cmake/dynamixel_sdk_custom_interfaces__rosidl_typesupport_introspection_cExport.cmake
[5.105s] -- Up-to-date: /home/pederba/sesasr_project_ws/install/dynamixel_sdk_custom_interfaces/share/dynamixel_sdk_custom_interfaces/cmake/dynamixel_sdk_custom_interfaces__rosidl_typesupport_introspection_cExport-noconfig.cmake
[5.105s] -- Up-to-date: /home/pederba/sesasr_project_ws/install/dynamixel_sdk_custom_interfaces/share/dynamixel_sdk_custom_interfaces/cmake/dynamixel_sdk_custom_interfaces__rosidl_typesupport_cExport.cmake
[5.105s] -- Up-to-date: /home/pederba/sesasr_project_ws/install/dynamixel_sdk_custom_interfaces/share/dynamixel_sdk_custom_interfaces/cmake/dynamixel_sdk_custom_interfaces__rosidl_typesupport_cExport-noconfig.cmake
[5.105s] -- Up-to-date: /home/pederba/sesasr_project_ws/install/dynamixel_sdk_custom_interfaces/share/dynamixel_sdk_custom_interfaces/cmake/dynamixel_sdk_custom_interfaces__rosidl_typesupport_introspection_cppExport.cmake
[5.105s] -- Up-to-date: /home/pederba/sesasr_project_ws/install/dynamixel_sdk_custom_interfaces/share/dynamixel_sdk_custom_interfaces/cmake/dynamixel_sdk_custom_interfaces__rosidl_typesupport_introspection_cppExport-noconfig.cmake
[5.105s] -- Up-to-date: /home/pederba/sesasr_project_ws/install/dynamixel_sdk_custom_interfaces/share/dynamixel_sdk_custom_interfaces/cmake/dynamixel_sdk_custom_interfaces__rosidl_typesupport_cppExport.cmake
[5.105s] -- Up-to-date: /home/pederba/sesasr_project_ws/install/dynamixel_sdk_custom_interfaces/share/dynamixel_sdk_custom_interfaces/cmake/dynamixel_sdk_custom_interfaces__rosidl_typesupport_cppExport-noconfig.cmake
[5.106s] -- Up-to-date: /home/pederba/sesasr_project_ws/install/dynamixel_sdk_custom_interfaces/share/dynamixel_sdk_custom_interfaces/cmake/export_dynamixel_sdk_custom_interfaces__rosidl_generator_pyExport.cmake
[5.108s] -- Up-to-date: /home/pederba/sesasr_project_ws/install/dynamixel_sdk_custom_interfaces/share/dynamixel_sdk_custom_interfaces/cmake/export_dynamixel_sdk_custom_interfaces__rosidl_generator_pyExport-noconfig.cmake
[7.106s] Invoked command in '/home/pederba/sesasr_project_ws/build/dynamixel_sdk_custom_interfaces' returned '0': CMAKE_PREFIX_PATH=${CMAKE_PREFIX_PATH}:/home/pederba/sesasr_project_ws/install/turtlebot3_teleop:/home/pederba/sesasr_project_ws/install/turtlebot3_example:/home/pederba/sesasr_project_ws/install/project_pkg:/opt/ros/humble /usr/bin/cmake --install /home/pederba/sesasr_project_ws/build/dynamixel_sdk_custom_interfaces
