[4.005s] Invoking command in '/home/pederba/sesasr_project_ws/src/project_pkg': PYTHONPATH=/home/pederba/sesasr_project_ws/build/project_pkg/prefix_override:/home/pederba/sesasr_project_ws/install/project_pkg/lib/python3.10/site-packages:${PYTHONPATH} /usr/bin/python3 setup.py egg_info --egg-base ../../build/project_pkg build --build-base /home/pederba/sesasr_project_ws/build/project_pkg/build install --record /home/pederba/sesasr_project_ws/build/project_pkg/install.log --single-version-externally-managed
[4.869s] /home/pederba/.local/lib/python3.10/site-packages/setuptools/command/install.py:34: SetuptoolsDeprecationWarning: setup.py install is deprecated. Use build and pip and other standards-based tools.
[4.869s]   warnings.warn(
[4.870s] running egg_info
[4.870s] writing ../../build/project_pkg/project_pkg.egg-info/PKG-INFO
[4.870s] writing dependency_links to ../../build/project_pkg/project_pkg.egg-info/dependency_links.txt
[4.871s] writing requirements to ../../build/project_pkg/project_pkg.egg-info/requires.txt
[4.871s] writing top-level names to ../../build/project_pkg/project_pkg.egg-info/top_level.txt
[4.872s] reading manifest file '../../build/project_pkg/project_pkg.egg-info/SOURCES.txt'
[4.872s] writing manifest file '../../build/project_pkg/project_pkg.egg-info/SOURCES.txt'
[4.872s] running build
[4.873s] running build_py
[4.873s] copying project_pkg/localization_node.py -> /home/pederba/sesasr_project_ws/build/project_pkg/build/lib/project_pkg
[4.873s] running install
[4.873s] running install_lib
[4.874s] copying /home/pederba/sesasr_project_ws/build/project_pkg/build/lib/project_pkg/localization_node.py -> /home/pederba/sesasr_project_ws/install/project_pkg/lib/python3.10/site-packages/project_pkg
[4.874s] byte-compiling /home/pederba/sesasr_project_ws/install/project_pkg/lib/python3.10/site-packages/project_pkg/localization_node.py to localization_node.cpython-310.pyc
[4.874s] running install_data
[4.875s] running install_egg_info
[4.909s] removing '/home/pederba/sesasr_project_ws/install/project_pkg/lib/python3.10/site-packages/project_pkg-0.0.0-py3.10.egg-info' (and everything under it)
[4.910s] Copying ../../build/project_pkg/project_pkg.egg-info to /home/pederba/sesasr_project_ws/install/project_pkg/lib/python3.10/site-packages/project_pkg-0.0.0-py3.10.egg-info
[4.914s] running install_scripts
[5.030s] writing list of installed files to '/home/pederba/sesasr_project_ws/build/project_pkg/install.log'
[5.309s] Invoked command in '/home/pederba/sesasr_project_ws/src/project_pkg' returned '0': PYTHONPATH=/home/pederba/sesasr_project_ws/build/project_pkg/prefix_override:/home/pederba/sesasr_project_ws/install/project_pkg/lib/python3.10/site-packages:${PYTHONPATH} /usr/bin/python3 setup.py egg_info --egg-base ../../build/project_pkg build --build-base /home/pederba/sesasr_project_ws/build/project_pkg/build install --record /home/pederba/sesasr_project_ws/build/project_pkg/install.log --single-version-externally-managed
